Execute Anonymous

================================

System.debug( Math.mod(-1,12));

================================

31.0 APEX_CODE,DEBUG;APEX_PROFILING,DEBUG;CALLOUT,INFO;DB,INFO;VALIDATION,INFO;WORKFLOW,INFO
Execute Anonymous: System.debug( Math.mod(-1,12));
08:38:54.038 (38482206)|EXECUTION_STARTED
08:38:54.038 (38492249)|CODE_UNIT_STARTED|[EXTERNAL]|execute_anonymous_apex
08:38:54.039 (39343331)|USER_DEBUG|[1]|DEBUG|-1
08:38:54.955 (39391686)|CUMULATIVE_LIMIT_USAGE
08:38:54.955|LIMIT_USAGE_FOR_NS|(default)|
  Number of SOQL queries: 0 out of 100
  Number of query rows: 0 out of 50000
  Number of SOSL queries: 0 out of 20
  Number of DML statements: 0 out of 150
  Number of DML rows: 0 out of 10000
  Maximum CPU time: 0 out of 10000
  Maximum heap size: 0 out of 6000000
  Number of callouts: 0 out of 100
  Number of Email Invocations: 0 out of 10
  Number of future calls: 0 out of 50
  Number of queueable jobs added to the queue: 0 out of 50
  Number of Mobile Apex push calls: 0 out of 10

08:38:54.955|CUMULATIVE_LIMIT_USAGE_END

08:38:54.039 (39420565)|CODE_UNIT_FINISHED|execute_anonymous_apex
08:38:54.040 (40642783)|EXECUTION_FINISHED