Execute Anonymous

================================

AggregateResult[] allDonations = [SELECT COUNT(TeamRaiser_Registration__c), SUM(Amount), calendar_month(CloseDate), calendar_year(CloseDate)
                                FROM Opportunity 
                                WHERE TeamRaiser_Registration__c='a0jo0000001I18l'
                                GROUP BY calendar_month(CloseDate), calendar_year(CloseDate)];

System.debug(allDonations[0]);

================================

31.0 APEX_CODE,DEBUG;APEX_PROFILING,DEBUG;CALLOUT,INFO;DB,INFO;VALIDATION,INFO;WORKFLOW,INFO
Execute Anonymous: AggregateResult[] allDonations = [SELECT COUNT(TeamRaiser_Registration__c), SUM(Amount), calendar_month(CloseDate), calendar_year(CloseDate)
Execute Anonymous:                                 FROM Opportunity 
Execute Anonymous:                                 WHERE TeamRaiser_Registration__c='a0jo0000001I18l'
Execute Anonymous:                                 GROUP BY calendar_month(CloseDate), calendar_year(CloseDate)];
Execute Anonymous: 
Execute Anonymous: System.debug(allDonations[0]);
14:36:24.041 (41491233)|EXECUTION_STARTED
14:36:24.041 (41502551)|CODE_UNIT_STARTED|[EXTERNAL]|execute_anonymous_apex
14:36:24.042 (42463719)|SOQL_EXECUTE_BEGIN|[1]|Aggregations:0|SELECT COUNT(TeamRaiser_Registration__c), SUM(Amount), CALENDAR_MONTH(CloseDate), CALENDAR_YEAR(CloseDate) FROM Opportunity WHERE TeamRaiser_Registration__c = 'a0jo0000001I18l' GROUP BY CALENDAR_MONTH(CloseDate), CALENDAR_YEAR(CloseDate)
14:36:24.064 (64539723)|SOQL_EXECUTE_END|[1]|Rows:5
14:36:24.064 (64760720)|USER_DEBUG|[6]|DEBUG|AggregateResult:{expr0=1, expr3=2014, expr1=134.0, expr2=3}
14:36:24.723 (64807486)|CUMULATIVE_LIMIT_USAGE
14:36:24.723|LIMIT_USAGE_FOR_NS|(default)|
  Number of SOQL queries: 1 out of 100
  Number of query rows: 7 out of 50000
  Number of SOSL queries: 0 out of 20
  Number of DML statements: 0 out of 150
  Number of DML rows: 0 out of 10000
  Maximum CPU time: 0 out of 10000
  Maximum heap size: 0 out of 6000000
  Number of callouts: 0 out of 100
  Number of Email Invocations: 0 out of 10
  Number of future calls: 0 out of 50
  Number of queueable jobs added to the queue: 0 out of 50
  Number of Mobile Apex push calls: 0 out of 10

14:36:24.723|CUMULATIVE_LIMIT_USAGE_END

14:36:24.064 (64829814)|CODE_UNIT_FINISHED|execute_anonymous_apex
14:36:24.066 (66080126)|EXECUTION_FINISHED