Execute Anonymous

================================

String pledgeHTML = '<label for="searchOwner_sidebar">Limit to items I own </label>'
+'<label for="Name"><span class="requiredMark">*</span>Pledge Name</label>'
+'<label for="00Nj0000002D7T1"><span class="requiredMark">*</span>Donation Type</label>'
+'<label for="CF00Nj0000002D7SJ"><span class="requiredMark">*</span>Account</label>'
+'<label for="00Nj0000002D7Sz">Transaction Type</label>'
+'<label for="CF00Nj0000002D7SO"><span class="requiredMark">*</span>Donor</label>'
+'<label for="00Nj0000002D7Sx"><span class="requiredMark">*</span>Start Date</label>'
+'<label for="00Nj0000002D7Sd">Original Pledge Amount</label>'
+'<label for="00Nj0000002D7Sl">Pledge Status</label>'
+'<label for="CF00Nj0000002D7T0">Tribute</label>'
+'<label for="00Nj0000002D7Si"><span class="requiredMark">*</span>Pledge Amount</label>'
+'<label for="CF00Nj0000002D7Sf">Parent Donation</label>'
+'<label for="00Nj0000002D7SM">Benefit Value</label>'
+'<label for="00Nj0000002D7Sn">Posted</label>'
+'<label for="00Nj0000002D7Sc"><span class="requiredMark">*</span>Number of Payments</label>'
+'<label for="00Nj0000002D7Sm">Posted Date</label>'
+'<label for="CF00Nj0000002D7SN"><span class="requiredMark">*</span>Campaign ID</label>'
+'<label for="00Nj0000002D7Sw">Reversed</label>'
+'<label for="CF00Nj0000002D7So">Primary Classification</label>'
+'<label for="00Nj0000002D7SQ">Description</label>'
+'<label for="00Nj0000002D7Xv">Payment Type</label>'
+'<label for="00Nj0000002D7Xo">Credit Card Type</label>'
+'<label for="00Nj0000002D7Xz">Last Payment Date</label>'
+'<label for="00Nj0000002D7Xr">Last Payment Amount</label>'
+'<label for="00Nj0000002D7Sb">Convio Luminate Online Next Payment Date</label>'
+'<label for="00Nj0000002D7Xt">Next Payment Amount</label>'
+'<label for="00Nj0000002D7Xs">Last Payment Status</label>'
+'<label for="00Nj0000002D7T3">Convio Luminate Online Gift Origin</label>'
+'<label for="00Nj0000002D7Sh">Payments Received</label>'
+'<label for="00Nj0000002D7SL">Amount Received</label>'
+'<label for="00Nj0000002D7T2">Write-In Designation</label>'
+'<label for="00Nj0000002D7Sa">Honor/Memorial Type</label>'
+'<label for="00Nj0000002D7ST">Honoree Name</label>'
+'<label for="00Nj0000002D7SY">Honor/Memorial Notification Method</label>'
+'<label for="00Nj0000002D7SZ">Honor/Memorial Person(s) to Notify</label>'
+'<label for="00Nj0000002D7SV">Honor/Memorial Notification Address</label>'
+'<label for="00Nj0000002D7SX">Honor/Memorial Notification Email</label>'
+'<label for="00Nj0000002D7SW">Honor/Memorial Notification Date</label>'
+'<label for="00Nj0000002D7SU">Honor/Memorial Message</label>';


UrlBuilder url = new UrlBuilder();

url.buildLabelToFieldMap(pledgeHTML);

System.debug(url.labelToField);
// for (String key : url.labelToField.keyset()){
//     System.debug(key + ' ' + url.labelToField.get(key));
// }








================================

31.0 APEX_CODE,DEBUG;APEX_PROFILING,DEBUG;CALLOUT,INFO;DB,INFO;VALIDATION,INFO;WORKFLOW,INFO
Execute Anonymous: String pledgeHTML = '<label for="searchOwner_sidebar">Limit to items I own </label>'
Execute Anonymous: +'<label for="Name"><span class="requiredMark">*</span>Pledge Name</label>'
Execute Anonymous: +'<label for="00Nj0000002D7T1"><span class="requiredMark">*</span>Donation Type</label>'
Execute Anonymous: +'<label for="CF00Nj0000002D7SJ"><span class="requiredMark">*</span>Account</label>'
Execute Anonymous: +'<label for="00Nj0000002D7Sz">Transaction Type</label>'
Execute Anonymous: +'<label for="CF00Nj0000002D7SO"><span class="requiredMark">*</span>Donor</label>'
Execute Anonymous: +'<label for="00Nj0000002D7Sx"><span class="requiredMark">*</span>Start Date</label>'
Execute Anonymous: +'<label for="00Nj0000002D7Sd">Original Pledge Amount</label>'
Execute Anonymous: +'<label for="00Nj0000002D7Sl">Pledge Status</label>'
Execute Anonymous: +'<label for="CF00Nj0000002D7T0">Tribute</label>'
Execute Anonymous: +'<label for="00Nj0000002D7Si"><span class="requiredMark">*</span>Pledge Amount</label>'
Execute Anonymous: +'<label for="CF00Nj0000002D7Sf">Parent Donation</label>'
Execute Anonymous: +'<label for="00Nj0000002D7SM">Benefit Value</label>'
Execute Anonymous: +'<label for="00Nj0000002D7Sn">Posted</label>'
Execute Anonymous: +'<label for="00Nj0000002D7Sc"><span class="requiredMark">*</span>Number of Payments</label>'
Execute Anonymous: +'<label for="00Nj0000002D7Sm">Posted Date</label>'
Execute Anonymous: +'<label for="CF00Nj0000002D7SN"><span class="requiredMark">*</span>Campaign ID</label>'
Execute Anonymous: +'<label for="00Nj0000002D7Sw">Reversed</label>'
Execute Anonymous: +'<label for="CF00Nj0000002D7So">Primary Classification</label>'
Execute Anonymous: +'<label for="00Nj0000002D7SQ">Description</label>'
Execute Anonymous: +'<label for="00Nj0000002D7Xv">Payment Type</label>'
Execute Anonymous: +'<label for="00Nj0000002D7Xo">Credit Card Type</label>'
Execute Anonymous: +'<label for="00Nj0000002D7Xz">Last Payment Date</label>'
Execute Anonymous: +'<label for="00Nj0000002D7Xr">Last Payment Amount</label>'
Execute Anonymous: +'<label for="00Nj0000002D7Sb">Convio Luminate Online Next Payment Date</label>'
Execute Anonymous: +'<label for="00Nj0000002D7Xt">Next Payment Amount</label>'
Execute Anonymous: +'<label for="00Nj0000002D7Xs">Last Payment Status</label>'
Execute Anonymous: +'<label for="00Nj0000002D7T3">Convio Luminate Online Gift Origin</label>'
Execute Anonymous: +'<label for="00Nj0000002D7Sh">Payments Received</label>'
Execute Anonymous: +'<label for="00Nj0000002D7SL">Amount Received</label>'
Execute Anonymous: +'<label for="00Nj0000002D7T2">Write-In Designation</label>'
Execute Anonymous: +'<label for="00Nj0000002D7Sa">Honor/Memorial Type</label>'
Execute Anonymous: +'<label for="00Nj0000002D7ST">Honoree Name</label>'
Execute Anonymous: +'<label for="00Nj0000002D7SY">Honor/Memorial Notification Method</label>'
Execute Anonymous: +'<label for="00Nj0000002D7SZ">Honor/Memorial Person(s) to Notify</label>'
Execute Anonymous: +'<label for="00Nj0000002D7SV">Honor/Memorial Notification Address</label>'
Execute Anonymous: +'<label for="00Nj0000002D7SX">Honor/Memorial Notification Email</label>'
Execute Anonymous: +'<label for="00Nj0000002D7SW">Honor/Memorial Notification Date</label>'
Execute Anonymous: +'<label for="00Nj0000002D7SU">Honor/Memorial Message</label>';
Execute Anonymous: 
Execute Anonymous: 
Execute Anonymous: UrlBuilder url = new UrlBuilder();
Execute Anonymous: 
Execute Anonymous: url.buildLabelToFieldMap(pledgeHTML);
Execute Anonymous: 
Execute Anonymous: System.debug(url.labelToField);
Execute Anonymous: // for (String key : url.labelToField.keyset()){
Execute Anonymous: //     System.debug(key + ' ' + url.labelToField.get(key));
Execute Anonymous: // }
Execute Anonymous: 
Execute Anonymous: 
Execute Anonymous: 
Execute Anonymous: 
Execute Anonymous: 
Execute Anonymous: 
11:49:13.005 (1005790561)|EXECUTION_STARTED
11:49:13.005 (1005800409)|CODE_UNIT_STARTED|[EXTERNAL]|execute_anonymous_apex
11:49:13.006 (1006387975)|METHOD_ENTRY|[1]|01po0000003RBmT|UrlBuilder.UrlBuilder()
11:49:13.006 (1006397504)|METHOD_EXIT|[1]|UrlBuilder
11:49:13.006 (1006513882)|CONSTRUCTOR_ENTRY|[42]|01po0000003RBmT|<init>()
11:49:13.006 (1006651822)|CONSTRUCTOR_EXIT|[42]|01po0000003RBmT|<init>()
11:49:13.006 (1006720206)|METHOD_ENTRY|[44]|01po0000003RBmT|UrlBuilder.buildLabelToFieldMap(String)
11:49:13.010 (1010094547)|METHOD_EXIT|[44]|01po0000003RBmT|UrlBuilder.buildLabelToFieldMap(String)
11:49:13.010 (1010183851)|USER_DEBUG|[46]|DEBUG|{Account=CF00Nj0000002D7SJ, Amount Received=00Nj0000002D7SL, Benefit Value=00Nj0000002D7SM, Campaign ID=CF00Nj0000002D7SN, Convio Luminate Online Gift Origin=00Nj0000002D7T3, Convio Luminate Online Next Payment Date=00Nj0000002D7Sb, Credit Card Type=00Nj0000002D7Xo, Description=00Nj0000002D7SQ, Donation Type=00Nj0000002D7T1, Donor=CF00Nj0000002D7SO, ...}
11:49:13.563 (1010236694)|CUMULATIVE_LIMIT_USAGE
11:49:13.563|LIMIT_USAGE_FOR_NS|(default)|
  Number of SOQL queries: 0 out of 100
  Number of query rows: 0 out of 50000
  Number of SOSL queries: 0 out of 20
  Number of DML statements: 0 out of 150
  Number of DML rows: 0 out of 10000
  Maximum CPU time: 0 out of 10000
  Maximum heap size: 0 out of 6000000
  Number of callouts: 0 out of 100
  Number of Email Invocations: 0 out of 10
  Number of future calls: 0 out of 50
  Number of queueable jobs added to the queue: 0 out of 50
  Number of Mobile Apex push calls: 0 out of 10

11:49:13.563|CUMULATIVE_LIMIT_USAGE_END

11:49:13.010 (1010265427)|CODE_UNIT_FINISHED|execute_anonymous_apex
11:49:13.011 (1011435308)|EXECUTION_FINISHED