Execute Anonymous

================================

TeamRaiserProgressWidgetController controller = new TeamRaiserProgressWidgetController();

controller.trRegId = 'a0jo0000001I2Qm'; 
controller.trReg = [SELECT Id, Total_Raised__c, Fundraising_Goal__c, Registration_Date__c, Extra_Gift__c
				FROM TeamRaiser_Registration__c 
				WHERE Id = 'a0jo0000001I2Qm'];
				
controller.generateData();
System.debug(controller.confirmedAmounts);

================================

31.0 APEX_CODE,DEBUG;APEX_PROFILING,DEBUG;CALLOUT,INFO;DB,INFO;VALIDATION,INFO;WORKFLOW,INFO
Execute Anonymous: TeamRaiserProgressWidgetController controller = new TeamRaiserProgressWidgetController();
Execute Anonymous: 
Execute Anonymous: controller.trRegId = 'a0jo0000001I2Qm'; 
Execute Anonymous: controller.trReg = [SELECT Id, Total_Raised__c, Fundraising_Goal__c, Registration_Date__c, Extra_Gift__c
Execute Anonymous: 				FROM TeamRaiser_Registration__c 
Execute Anonymous: 				WHERE Id = 'a0jo0000001I2Qm'];
Execute Anonymous: 				
Execute Anonymous: controller.generateData();
Execute Anonymous: System.debug(controller.confirmedAmounts);
08:33:55.155 (155021156)|EXECUTION_STARTED
08:33:55.155 (155041424)|CODE_UNIT_STARTED|[EXTERNAL]|execute_anonymous_apex
08:33:55.188 (188977815)|METHOD_ENTRY|[1]|01po0000003noZB|TeamRaiserProgressWidgetController.TeamRaiserProgressWidgetController()
08:33:55.189 (189106995)|METHOD_ENTRY|[6]|01po0000003QZvz|CurrencyFormatter.CurrencyFormatter()
08:33:55.189 (189118461)|METHOD_EXIT|[6]|CurrencyFormatter
08:33:55.189 (189158489)|METHOD_ENTRY|[5]|01po0000003QZvz|CurrencyFormatter.currencyOfUser(Boolean)
08:33:55.192 (192418420)|CONSTRUCTOR_ENTRY|[34]|01po0000003QZvz|<init>(String,String,Boolean)
08:33:55.192 (192550605)|CONSTRUCTOR_ENTRY|[14]|01po0000003QZvz|<init>(Integer,String)
08:33:55.192 (192758023)|CONSTRUCTOR_EXIT|[14]|01po0000003QZvz|<init>(Integer,String)
08:33:55.192 (192777039)|CONSTRUCTOR_ENTRY|[14]|01po0000003QZvz|<init>(Integer,String)
08:33:55.192 (192818902)|CONSTRUCTOR_EXIT|[14]|01po0000003QZvz|<init>(Integer,String)
08:33:55.192 (192834037)|CONSTRUCTOR_ENTRY|[14]|01po0000003QZvz|<init>(Integer,String)
08:33:55.192 (192871771)|CONSTRUCTOR_EXIT|[14]|01po0000003QZvz|<init>(Integer,String)
08:33:55.192 (192885969)|CONSTRUCTOR_ENTRY|[14]|01po0000003QZvz|<init>(Integer,String)
08:33:55.192 (192923135)|CONSTRUCTOR_EXIT|[14]|01po0000003QZvz|<init>(Integer,String)
08:33:55.192 (192969128)|METHOD_ENTRY|[25]|01po0000003QZvz|CurrencyFormatter.getDecimalSeparator()
08:33:55.193 (193137051)|METHOD_EXIT|[25]|01po0000003QZvz|CurrencyFormatter.getDecimalSeparator()
08:33:55.193 (193163830)|CONSTRUCTOR_EXIT|[34]|01po0000003QZvz|<init>(String,String,Boolean)
08:33:55.193 (193172538)|METHOD_EXIT|[5]|01po0000003QZvz|CurrencyFormatter.currencyOfUser(Boolean)
08:33:55.193 (193185619)|METHOD_EXIT|[1]|TeamRaiserProgressWidgetController
08:33:55.193 (193290536)|CONSTRUCTOR_ENTRY|[1]|01po0000003noZB|<init>()
08:33:55.193 (193320815)|CONSTRUCTOR_EXIT|[1]|01po0000003noZB|<init>()
08:33:55.193 (193728626)|SOQL_EXECUTE_BEGIN|[4]|Aggregations:0|SELECT Id, Total_Raised__c, Fundraising_Goal__c, Registration_Date__c, Extra_Gift__c FROM TeamRaiser_Registration__c WHERE Id = 'a0jo0000001I2Qm'
08:33:55.196 (196502809)|SOQL_EXECUTE_END|[4]|Rows:1
08:33:55.196 (196751906)|METHOD_ENTRY|[8]|01po0000003noZB|TeamRaiserProgressWidgetController.generateData()
08:33:55.196 (196788587)|METHOD_ENTRY|[65]|01po0000003noZB|TeamRaiserProgressWidgetController.getTotalAmountPerMonth()
08:33:55.197 (197449213)|SOQL_EXECUTE_BEGIN|[87]|Aggregations:0|SELECT SUM(Amount) totalAmount, CALENDAR_MONTH(CloseDate) month, CALENDAR_YEAR(CloseDate) year, StageName stage FROM Opportunity WHERE (TeamRaiser_Registration__c = :tmpVar1 AND (StageName = 'Received' OR StageName = 'Not Received')) GROUP BY CALENDAR_YEAR(CloseDate), CALENDAR_MONTH(CloseDate), StageName ORDER BY CALENDAR_YEAR(CloseDate) ASC NULLS FIRST, CALENDAR_MONTH(CloseDate) ASC NULLS FIRST
08:33:55.212 (212413704)|SOQL_EXECUTE_END|[87]|Rows:1
08:33:55.212 (212513362)|METHOD_EXIT|[65]|01po0000003noZB|TeamRaiserProgressWidgetController.getTotalAmountPerMonth()
08:33:55.212 (212553266)|METHOD_ENTRY|[66]|01po0000003noZB|TeamRaiserProgressWidgetController.convertAggregatesToDates(List<AggregateResult>)
08:33:55.212 (212982847)|METHOD_ENTRY|[101]|01po0000003noZB|TeamRaiserProgressWidgetController.aggregateResultToDate(AggregateResult)
08:33:55.213 (213209227)|METHOD_EXIT|[101]|01po0000003noZB|TeamRaiserProgressWidgetController.aggregateResultToDate(AggregateResult)
08:33:55.213 (213294278)|METHOD_EXIT|[66]|01po0000003noZB|TeamRaiserProgressWidgetController.convertAggregatesToDates(List<AggregateResult>)
08:33:55.213 (213406198)|METHOD_ENTRY|[71]|01po0000003noZB|TeamRaiserProgressWidgetController.getDisplayMonths(Date)
08:33:55.213 (213993628)|METHOD_EXIT|[71]|01po0000003noZB|TeamRaiserProgressWidgetController.getDisplayMonths(Date)
08:33:55.214 (214017692)|METHOD_ENTRY|[72]|01po0000003noZB|TeamRaiserProgressWidgetController.getFormattedMonths(List<Date>)
08:33:55.214 (214162709)|METHOD_ENTRY|[111]|01po0000003noZB|TeamRaiserProgressWidgetController.getFormattedDate(Date)
08:33:55.287 (287050158)|METHOD_ENTRY|[1]|01po0000000dllI|Utils.Utils()
08:33:55.287 (287894927)|METHOD_EXIT|[1]|Utils
08:33:55.287 (287923831)|METHOD_ENTRY|[127]|01po0000000dllI|Utils.getMonthStr(Integer)
08:33:55.287 (287948045)|METHOD_EXIT|[127]|01po0000000dllI|Utils.getMonthStr(Integer)
08:33:55.288 (288069061)|METHOD_EXIT|[111]|01po0000003noZB|TeamRaiserProgressWidgetController.getFormattedDate(Date)
08:33:55.288 (288130478)|METHOD_ENTRY|[111]|01po0000003noZB|TeamRaiserProgressWidgetController.getFormattedDate(Date)
08:33:55.288 (288163922)|METHOD_ENTRY|[127]|01po0000000dllI|Utils.getMonthStr(Integer)
08:33:55.288 (288181043)|METHOD_EXIT|[127]|01po0000000dllI|Utils.getMonthStr(Integer)
08:33:55.288 (288260001)|METHOD_EXIT|[111]|01po0000003noZB|TeamRaiserProgressWidgetController.getFormattedDate(Date)
08:33:55.288 (288306865)|METHOD_ENTRY|[111]|01po0000003noZB|TeamRaiserProgressWidgetController.getFormattedDate(Date)
08:33:55.288 (288336686)|METHOD_ENTRY|[127]|01po0000000dllI|Utils.getMonthStr(Integer)
08:33:55.288 (288348857)|METHOD_EXIT|[127]|01po0000000dllI|Utils.getMonthStr(Integer)
08:33:55.288 (288418390)|METHOD_EXIT|[111]|01po0000003noZB|TeamRaiserProgressWidgetController.getFormattedDate(Date)
08:33:55.288 (288457794)|METHOD_ENTRY|[111]|01po0000003noZB|TeamRaiserProgressWidgetController.getFormattedDate(Date)
08:33:55.288 (288485370)|METHOD_ENTRY|[127]|01po0000000dllI|Utils.getMonthStr(Integer)
08:33:55.288 (288497591)|METHOD_EXIT|[127]|01po0000000dllI|Utils.getMonthStr(Integer)
08:33:55.288 (288566463)|METHOD_EXIT|[111]|01po0000003noZB|TeamRaiserProgressWidgetController.getFormattedDate(Date)
08:33:55.288 (288604949)|METHOD_ENTRY|[111]|01po0000003noZB|TeamRaiserProgressWidgetController.getFormattedDate(Date)
08:33:55.288 (288632314)|METHOD_ENTRY|[127]|01po0000000dllI|Utils.getMonthStr(Integer)
08:33:55.288 (288644915)|METHOD_EXIT|[127]|01po0000000dllI|Utils.getMonthStr(Integer)
08:33:55.288 (288712622)|METHOD_EXIT|[111]|01po0000003noZB|TeamRaiserProgressWidgetController.getFormattedDate(Date)
08:33:55.288 (288771708)|METHOD_ENTRY|[111]|01po0000003noZB|TeamRaiserProgressWidgetController.getFormattedDate(Date)
08:33:55.288 (288819486)|METHOD_ENTRY|[127]|01po0000000dllI|Utils.getMonthStr(Integer)
08:33:55.288 (288849360)|METHOD_EXIT|[127]|01po0000000dllI|Utils.getMonthStr(Integer)
08:33:55.288 (288956710)|METHOD_EXIT|[111]|01po0000003noZB|TeamRaiserProgressWidgetController.getFormattedDate(Date)
08:33:55.288 (288997654)|METHOD_EXIT|[72]|01po0000003noZB|TeamRaiserProgressWidgetController.getFormattedMonths(List<Date>)
08:33:55.289 (289038381)|METHOD_ENTRY|[73]|01po0000003noZB|TeamRaiserProgressWidgetController.getRefundsPerDisplayMonth(List<Date>)
08:33:55.289 (289752993)|SOQL_EXECUTE_BEGIN|[210]|Aggregations:0|SELECT CALENDAR_YEAR(Refund_Date__c) year, CALENDAR_MONTH(Refund_Date__c) month, SUM(Amount) totalAmount, StageName stage FROM Opportunity WHERE (TeamRaiser_Registration__c = :tmpVar1 AND Refund_Date__c != NULL AND StageName = 'Refunded') GROUP BY CALENDAR_YEAR(Refund_Date__c), CALENDAR_MONTH(Refund_Date__c), StageName ORDER BY CALENDAR_YEAR(Refund_Date__c) ASC NULLS FIRST, CALENDAR_MONTH(Refund_Date__c) ASC NULLS FIRST
08:33:55.295 (295375070)|SOQL_EXECUTE_END|[210]|Rows:1
08:33:55.295 (295452671)|METHOD_ENTRY|[223]|01po0000003noZB|TeamRaiserProgressWidgetController.getAmountRaisedByDisplayMonth(List<AggregateResult>, List<Date>, String)
08:33:55.295 (295649985)|USER_DEBUG|[158]|DEBUG|RESULTS: (AggregateResult:{month=3, totalAmount=200.0, year=2015, stage=Refunded})
08:33:55.295 (295863815)|USER_DEBUG|[163]|DEBUG|Result: 200.0 Refunded
08:33:55.295 (295878537)|METHOD_ENTRY|[164]|01po0000003noZB|TeamRaiserProgressWidgetController.aggregateResultToDate(AggregateResult)
08:33:55.295 (295982041)|METHOD_EXIT|[164]|01po0000003noZB|TeamRaiserProgressWidgetController.aggregateResultToDate(AggregateResult)
08:33:55.296 (296261559)|USER_DEBUG|[163]|DEBUG|Result: 200.0 Refunded
08:33:55.296 (296275452)|METHOD_ENTRY|[164]|01po0000003noZB|TeamRaiserProgressWidgetController.aggregateResultToDate(AggregateResult)
08:33:55.296 (296358099)|METHOD_EXIT|[164]|01po0000003noZB|TeamRaiserProgressWidgetController.aggregateResultToDate(AggregateResult)
08:33:55.296 (296575347)|USER_DEBUG|[163]|DEBUG|Result: 200.0 Refunded
08:33:55.296 (296587789)|METHOD_ENTRY|[164]|01po0000003noZB|TeamRaiserProgressWidgetController.aggregateResultToDate(AggregateResult)
08:33:55.296 (296668349)|METHOD_EXIT|[164]|01po0000003noZB|TeamRaiserProgressWidgetController.aggregateResultToDate(AggregateResult)
08:33:55.296 (296882339)|USER_DEBUG|[163]|DEBUG|Result: 200.0 Refunded
08:33:55.296 (296894624)|METHOD_ENTRY|[164]|01po0000003noZB|TeamRaiserProgressWidgetController.aggregateResultToDate(AggregateResult)
08:33:55.296 (296974347)|METHOD_EXIT|[164]|01po0000003noZB|TeamRaiserProgressWidgetController.aggregateResultToDate(AggregateResult)
08:33:55.297 (297192502)|USER_DEBUG|[163]|DEBUG|Result: 200.0 Refunded
08:33:55.297 (297205890)|METHOD_ENTRY|[164]|01po0000003noZB|TeamRaiserProgressWidgetController.aggregateResultToDate(AggregateResult)
08:33:55.297 (297284864)|METHOD_EXIT|[164]|01po0000003noZB|TeamRaiserProgressWidgetController.aggregateResultToDate(AggregateResult)
08:33:55.297 (297377890)|METHOD_ENTRY|[177]|01po0000003noZB|TeamRaiserProgressWidgetController.sameStage(AggregateResult, String)
08:33:55.297 (297457283)|METHOD_EXIT|[177]|01po0000003noZB|TeamRaiserProgressWidgetController.sameStage(AggregateResult, String)
08:33:55.297 (297568328)|USER_DEBUG|[178]|DEBUG|Same month. Adding to cummulativeAmount 3 2015
08:33:55.297 (297801279)|USER_DEBUG|[163]|DEBUG|Result: 200.0 Refunded
08:33:55.297 (297813522)|METHOD_ENTRY|[164]|01po0000003noZB|TeamRaiserProgressWidgetController.aggregateResultToDate(AggregateResult)
08:33:55.297 (297900990)|METHOD_EXIT|[164]|01po0000003noZB|TeamRaiserProgressWidgetController.aggregateResultToDate(AggregateResult)
08:33:55.298 (298000969)|METHOD_EXIT|[223]|01po0000003noZB|TeamRaiserProgressWidgetController.getAmountRaisedByDisplayMonth(List<AggregateResult>, List<Date>, String)
08:33:55.298 (298010767)|METHOD_EXIT|[73]|01po0000003noZB|TeamRaiserProgressWidgetController.getRefundsPerDisplayMonth(List<Date>)
08:33:55.298 (298020610)|METHOD_ENTRY|[75]|01po0000003noZB|TeamRaiserProgressWidgetController.getAmountRaisedByDisplayMonth(List<AggregateResult>, List<Date>, String)
08:33:55.298 (298107227)|USER_DEBUG|[158]|DEBUG|RESULTS: (AggregateResult:{month=3, totalAmount=20.0, year=2015, stage=Received})
08:33:55.298 (298231870)|USER_DEBUG|[163]|DEBUG|Result: 20.0 Received
08:33:55.298 (298244179)|METHOD_ENTRY|[164]|01po0000003noZB|TeamRaiserProgressWidgetController.aggregateResultToDate(AggregateResult)
08:33:55.298 (298324196)|METHOD_EXIT|[164]|01po0000003noZB|TeamRaiserProgressWidgetController.aggregateResultToDate(AggregateResult)
08:33:55.298 (298535194)|USER_DEBUG|[163]|DEBUG|Result: 20.0 Received
08:33:55.298 (298547402)|METHOD_ENTRY|[164]|01po0000003noZB|TeamRaiserProgressWidgetController.aggregateResultToDate(AggregateResult)
08:33:55.298 (298625871)|METHOD_EXIT|[164]|01po0000003noZB|TeamRaiserProgressWidgetController.aggregateResultToDate(AggregateResult)
08:33:55.298 (298835498)|USER_DEBUG|[163]|DEBUG|Result: 20.0 Received
08:33:55.298 (298847235)|METHOD_ENTRY|[164]|01po0000003noZB|TeamRaiserProgressWidgetController.aggregateResultToDate(AggregateResult)
08:33:55.298 (298925240)|METHOD_EXIT|[164]|01po0000003noZB|TeamRaiserProgressWidgetController.aggregateResultToDate(AggregateResult)
08:33:55.299 (299139498)|USER_DEBUG|[163]|DEBUG|Result: 20.0 Received
08:33:55.299 (299157791)|METHOD_ENTRY|[164]|01po0000003noZB|TeamRaiserProgressWidgetController.aggregateResultToDate(AggregateResult)
08:33:55.299 (299238379)|METHOD_EXIT|[164]|01po0000003noZB|TeamRaiserProgressWidgetController.aggregateResultToDate(AggregateResult)
08:33:55.299 (299449255)|USER_DEBUG|[163]|DEBUG|Result: 20.0 Received
08:33:55.299 (299461138)|METHOD_ENTRY|[164]|01po0000003noZB|TeamRaiserProgressWidgetController.aggregateResultToDate(AggregateResult)
08:33:55.299 (299540345)|METHOD_EXIT|[164]|01po0000003noZB|TeamRaiserProgressWidgetController.aggregateResultToDate(AggregateResult)
08:33:55.299 (299625762)|METHOD_ENTRY|[177]|01po0000003noZB|TeamRaiserProgressWidgetController.sameStage(AggregateResult, String)
08:33:55.299 (299674279)|METHOD_EXIT|[177]|01po0000003noZB|TeamRaiserProgressWidgetController.sameStage(AggregateResult, String)
08:33:55.299 (299764143)|USER_DEBUG|[178]|DEBUG|Same month. Adding to cummulativeAmount 3 2015
08:33:55.299 (299944341)|USER_DEBUG|[163]|DEBUG|Result: 20.0 Received
08:33:55.299 (299955995)|METHOD_ENTRY|[164]|01po0000003noZB|TeamRaiserProgressWidgetController.aggregateResultToDate(AggregateResult)
08:33:55.300 (300034299)|METHOD_EXIT|[164]|01po0000003noZB|TeamRaiserProgressWidgetController.aggregateResultToDate(AggregateResult)
08:33:55.300 (300123809)|METHOD_EXIT|[75]|01po0000003noZB|TeamRaiserProgressWidgetController.getAmountRaisedByDisplayMonth(List<AggregateResult>, List<Date>, String)
08:33:55.300 (300160056)|METHOD_EXIT|[8]|01po0000003noZB|TeamRaiserProgressWidgetController.generateData()
08:33:55.300 (300310630)|USER_DEBUG|[9]|DEBUG|(0, 0, 0, 0, 20.0, 20.0)
08:33:55.833 (300356276)|CUMULATIVE_LIMIT_USAGE
08:33:55.833|LIMIT_USAGE_FOR_NS|(default)|
  Number of SOQL queries: 3 out of 100
  Number of query rows: 5 out of 50000
  Number of SOSL queries: 0 out of 20
  Number of DML statements: 0 out of 150
  Number of DML rows: 0 out of 10000
  Maximum CPU time: 0 out of 10000
  Maximum heap size: 0 out of 6000000
  Number of callouts: 0 out of 100
  Number of Email Invocations: 0 out of 10
  Number of future calls: 0 out of 50
  Number of queueable jobs added to the queue: 0 out of 50
  Number of Mobile Apex push calls: 0 out of 10

08:33:55.833|CUMULATIVE_LIMIT_USAGE_END

08:33:55.300 (300383001)|CODE_UNIT_FINISHED|execute_anonymous_apex
08:33:55.302 (302364038)|EXECUTION_FINISHED