Execute Anonymous

================================

TeamRaiserProgressWidgetController controller = new TeamRaiserProgressWidgetController();
List<AggregateResult> totalAmountPerMonth = 
			[SELECT SUM(Amount) totalRaised, 
				calendar_month(CloseDate) month, 
				calendar_year(CloseDate) year, 
				StageName stage
			FROM Opportunity 
			WHERE TeamRaiser_Registration__c='a0jo0000001I18l'
			GROUP BY calendar_year(CloseDate) , calendar_month(CloseDate), StageName
			ORDER BY calendar_year(CloseDate), calendar_month(CloseDate)];

List<Date> allMonths = TeamRaiserProgressWidgetController.convertAggregatesToDates(totalAmountPerMonth);
List<Date> displayMonths = TeamRaiserProgressWidgetController.getDisplayMonths(allMonths.get(allMonths.size()-1));
List<String> formattedDisplayMonths = TeamRaiserProgressWidgetController.getFormattedMonths(displayMonths);

System.debug(TeamRaiserProgressWidgetController.getAmountRaisedByDisplayMonth (totalAmountPerMonth, displayMonths, 'Received'));	


================================

31.0 APEX_CODE,DEBUG;APEX_PROFILING,DEBUG;CALLOUT,INFO;DB,INFO;VALIDATION,INFO;WORKFLOW,INFO
Execute Anonymous: TeamRaiserProgressWidgetController controller = new TeamRaiserProgressWidgetController();
Execute Anonymous: List<AggregateResult> totalAmountPerMonth = 
Execute Anonymous: 			[SELECT SUM(Amount) totalRaised, 
Execute Anonymous: 				calendar_month(CloseDate) month, 
Execute Anonymous: 				calendar_year(CloseDate) year, 
Execute Anonymous: 				StageName stage
Execute Anonymous: 			FROM Opportunity 
Execute Anonymous: 			WHERE TeamRaiser_Registration__c='a0jo0000001I18l'
Execute Anonymous: 			GROUP BY calendar_year(CloseDate) , calendar_month(CloseDate), StageName
Execute Anonymous: 			ORDER BY calendar_year(CloseDate), calendar_month(CloseDate)];
Execute Anonymous: 
Execute Anonymous: List<Date> allMonths = TeamRaiserProgressWidgetController.convertAggregatesToDates(totalAmountPerMonth);
Execute Anonymous: List<Date> displayMonths = TeamRaiserProgressWidgetController.getDisplayMonths(allMonths.get(allMonths.size()-1));
Execute Anonymous: List<String> formattedDisplayMonths = TeamRaiserProgressWidgetController.getFormattedMonths(displayMonths);
Execute Anonymous: 
Execute Anonymous: System.debug(TeamRaiserProgressWidgetController.getAmountRaisedByDisplayMonth (totalAmountPerMonth, displayMonths, 'Received'));	
15:10:41.150 (150749260)|EXECUTION_STARTED
15:10:41.150 (150761607)|CODE_UNIT_STARTED|[EXTERNAL]|execute_anonymous_apex
15:10:41.176 (176340545)|METHOD_ENTRY|[1]|01po0000003noZB|TeamRaiserProgressWidgetController.TeamRaiserProgressWidgetController()
15:10:41.176 (176457841)|METHOD_ENTRY|[6]|01po0000003QZvz|CurrencyFormatter.CurrencyFormatter()
15:10:41.176 (176473952)|METHOD_EXIT|[6]|CurrencyFormatter
15:10:41.176 (176510349)|METHOD_ENTRY|[5]|01po0000003QZvz|CurrencyFormatter.currencyOfUser(Boolean)
15:10:41.177 (177885343)|CONSTRUCTOR_ENTRY|[34]|01po0000003QZvz|<init>(String,String,Boolean)
15:10:41.177 (177986664)|CONSTRUCTOR_ENTRY|[14]|01po0000003QZvz|<init>(Integer,String)
15:10:41.178 (178184369)|CONSTRUCTOR_EXIT|[14]|01po0000003QZvz|<init>(Integer,String)
15:10:41.178 (178205439)|CONSTRUCTOR_ENTRY|[14]|01po0000003QZvz|<init>(Integer,String)
15:10:41.178 (178242554)|CONSTRUCTOR_EXIT|[14]|01po0000003QZvz|<init>(Integer,String)
15:10:41.178 (178257012)|CONSTRUCTOR_ENTRY|[14]|01po0000003QZvz|<init>(Integer,String)
15:10:41.178 (178289368)|CONSTRUCTOR_EXIT|[14]|01po0000003QZvz|<init>(Integer,String)
15:10:41.178 (178302370)|CONSTRUCTOR_ENTRY|[14]|01po0000003QZvz|<init>(Integer,String)
15:10:41.178 (178334276)|CONSTRUCTOR_EXIT|[14]|01po0000003QZvz|<init>(Integer,String)
15:10:41.178 (178379815)|METHOD_ENTRY|[25]|01po0000003QZvz|CurrencyFormatter.getDecimalSeparator()
15:10:41.178 (178540658)|METHOD_EXIT|[25]|01po0000003QZvz|CurrencyFormatter.getDecimalSeparator()
15:10:41.178 (178569954)|CONSTRUCTOR_EXIT|[34]|01po0000003QZvz|<init>(String,String,Boolean)
15:10:41.178 (178578059)|METHOD_EXIT|[5]|01po0000003QZvz|CurrencyFormatter.currencyOfUser(Boolean)
15:10:41.178 (178589896)|METHOD_EXIT|[1]|TeamRaiserProgressWidgetController
15:10:41.178 (178702178)|CONSTRUCTOR_ENTRY|[1]|01po0000003noZB|<init>()
15:10:41.178 (178729180)|CONSTRUCTOR_EXIT|[1]|01po0000003noZB|<init>()
15:10:41.179 (179281388)|SOQL_EXECUTE_BEGIN|[2]|Aggregations:0|SELECT SUM(Amount) totalRaised, CALENDAR_MONTH(CloseDate) month, CALENDAR_YEAR(CloseDate) year, StageName stage FROM Opportunity WHERE TeamRaiser_Registration__c = 'a0jo0000001I18l' GROUP BY CALENDAR_YEAR(CloseDate), CALENDAR_MONTH(CloseDate), StageName ORDER BY CALENDAR_YEAR(CloseDate) ASC NULLS FIRST, CALENDAR_MONTH(CloseDate) ASC NULLS FIRST
15:10:41.195 (195400321)|SOQL_EXECUTE_END|[2]|Rows:6
15:10:41.195 (195596245)|METHOD_ENTRY|[12]|01po0000003noZB|TeamRaiserProgressWidgetController.convertAggregatesToDates(List<AggregateResult>)
15:10:41.195 (195978939)|METHOD_ENTRY|[87]|01po0000003noZB|TeamRaiserProgressWidgetController.aggregateResultToDate(AggregateResult)
15:10:41.196 (196145652)|METHOD_EXIT|[87]|01po0000003noZB|TeamRaiserProgressWidgetController.aggregateResultToDate(AggregateResult)
15:10:41.196 (196209996)|METHOD_ENTRY|[87]|01po0000003noZB|TeamRaiserProgressWidgetController.aggregateResultToDate(AggregateResult)
15:10:41.196 (196295280)|METHOD_EXIT|[87]|01po0000003noZB|TeamRaiserProgressWidgetController.aggregateResultToDate(AggregateResult)
15:10:41.196 (196351597)|METHOD_ENTRY|[87]|01po0000003noZB|TeamRaiserProgressWidgetController.aggregateResultToDate(AggregateResult)
15:10:41.196 (196429080)|METHOD_EXIT|[87]|01po0000003noZB|TeamRaiserProgressWidgetController.aggregateResultToDate(AggregateResult)
15:10:41.196 (196483354)|METHOD_ENTRY|[87]|01po0000003noZB|TeamRaiserProgressWidgetController.aggregateResultToDate(AggregateResult)
15:10:41.196 (196564893)|METHOD_EXIT|[87]|01po0000003noZB|TeamRaiserProgressWidgetController.aggregateResultToDate(AggregateResult)
15:10:41.196 (196620285)|METHOD_ENTRY|[87]|01po0000003noZB|TeamRaiserProgressWidgetController.aggregateResultToDate(AggregateResult)
15:10:41.196 (196695885)|METHOD_EXIT|[87]|01po0000003noZB|TeamRaiserProgressWidgetController.aggregateResultToDate(AggregateResult)
15:10:41.196 (196750145)|METHOD_ENTRY|[87]|01po0000003noZB|TeamRaiserProgressWidgetController.aggregateResultToDate(AggregateResult)
15:10:41.196 (196825791)|METHOD_EXIT|[87]|01po0000003noZB|TeamRaiserProgressWidgetController.aggregateResultToDate(AggregateResult)
15:10:41.196 (196867288)|METHOD_EXIT|[12]|01po0000003noZB|TeamRaiserProgressWidgetController.convertAggregatesToDates(List<AggregateResult>)
15:10:41.196 (196953205)|METHOD_ENTRY|[13]|01po0000003noZB|TeamRaiserProgressWidgetController.getDisplayMonths(Date)
15:10:41.197 (197247450)|METHOD_EXIT|[13]|01po0000003noZB|TeamRaiserProgressWidgetController.getDisplayMonths(Date)
15:10:41.197 (197295529)|METHOD_ENTRY|[14]|01po0000003noZB|TeamRaiserProgressWidgetController.getFormattedMonths(List<Date>)
15:10:41.197 (197383812)|METHOD_ENTRY|[97]|01po0000003noZB|TeamRaiserProgressWidgetController.getFormattedDate(Date)
15:10:41.233 (233430978)|METHOD_ENTRY|[1]|01po0000000dllI|Utils.Utils()
15:10:41.238 (238234676)|METHOD_EXIT|[1]|Utils
15:10:41.238 (238266536)|METHOD_ENTRY|[113]|01po0000000dllI|Utils.getMonthStr(Integer)
15:10:41.238 (238290889)|METHOD_EXIT|[113]|01po0000000dllI|Utils.getMonthStr(Integer)
15:10:41.238 (238402253)|METHOD_EXIT|[97]|01po0000003noZB|TeamRaiserProgressWidgetController.getFormattedDate(Date)
15:10:41.238 (238461351)|METHOD_ENTRY|[97]|01po0000003noZB|TeamRaiserProgressWidgetController.getFormattedDate(Date)
15:10:41.238 (238489451)|METHOD_ENTRY|[113]|01po0000000dllI|Utils.getMonthStr(Integer)
15:10:41.238 (238505503)|METHOD_EXIT|[113]|01po0000000dllI|Utils.getMonthStr(Integer)
15:10:41.238 (238571227)|METHOD_EXIT|[97]|01po0000003noZB|TeamRaiserProgressWidgetController.getFormattedDate(Date)
15:10:41.238 (238612373)|METHOD_ENTRY|[97]|01po0000003noZB|TeamRaiserProgressWidgetController.getFormattedDate(Date)
15:10:41.238 (238636234)|METHOD_ENTRY|[113]|01po0000000dllI|Utils.getMonthStr(Integer)
15:10:41.238 (238647765)|METHOD_EXIT|[113]|01po0000000dllI|Utils.getMonthStr(Integer)
15:10:41.238 (238710777)|METHOD_EXIT|[97]|01po0000003noZB|TeamRaiserProgressWidgetController.getFormattedDate(Date)
15:10:41.238 (238751552)|METHOD_ENTRY|[97]|01po0000003noZB|TeamRaiserProgressWidgetController.getFormattedDate(Date)
15:10:41.238 (238775071)|METHOD_ENTRY|[113]|01po0000000dllI|Utils.getMonthStr(Integer)
15:10:41.238 (238787217)|METHOD_EXIT|[113]|01po0000000dllI|Utils.getMonthStr(Integer)
15:10:41.238 (238850713)|METHOD_EXIT|[97]|01po0000003noZB|TeamRaiserProgressWidgetController.getFormattedDate(Date)
15:10:41.238 (238890594)|METHOD_ENTRY|[97]|01po0000003noZB|TeamRaiserProgressWidgetController.getFormattedDate(Date)
15:10:41.238 (238913722)|METHOD_ENTRY|[113]|01po0000000dllI|Utils.getMonthStr(Integer)
15:10:41.238 (238925802)|METHOD_EXIT|[113]|01po0000000dllI|Utils.getMonthStr(Integer)
15:10:41.238 (238988654)|METHOD_EXIT|[97]|01po0000003noZB|TeamRaiserProgressWidgetController.getFormattedDate(Date)
15:10:41.239 (239027574)|METHOD_ENTRY|[97]|01po0000003noZB|TeamRaiserProgressWidgetController.getFormattedDate(Date)
15:10:41.239 (239051511)|METHOD_ENTRY|[113]|01po0000000dllI|Utils.getMonthStr(Integer)
15:10:41.239 (239064132)|METHOD_EXIT|[113]|01po0000000dllI|Utils.getMonthStr(Integer)
15:10:41.239 (239126753)|METHOD_EXIT|[97]|01po0000003noZB|TeamRaiserProgressWidgetController.getFormattedDate(Date)
15:10:41.239 (239167161)|METHOD_EXIT|[14]|01po0000003noZB|TeamRaiserProgressWidgetController.getFormattedMonths(List<Date>)
15:10:41.239 (239239588)|METHOD_ENTRY|[16]|01po0000003noZB|TeamRaiserProgressWidgetController.getAmountRaisedByDisplayMonth(List<AggregateResult>, List<Date>, String)
15:10:41.239 (239385874)|METHOD_ENTRY|[128]|01po0000003noZB|TeamRaiserProgressWidgetController.aggregateResultToDate(AggregateResult)
15:10:41.239 (239485843)|METHOD_EXIT|[128]|01po0000003noZB|TeamRaiserProgressWidgetController.aggregateResultToDate(AggregateResult)
15:10:41.239 (239684477)|METHOD_ENTRY|[128]|01po0000003noZB|TeamRaiserProgressWidgetController.aggregateResultToDate(AggregateResult)
15:10:41.239 (239760716)|METHOD_EXIT|[128]|01po0000003noZB|TeamRaiserProgressWidgetController.aggregateResultToDate(AggregateResult)
15:10:41.239 (239881597)|METHOD_ENTRY|[128]|01po0000003noZB|TeamRaiserProgressWidgetController.aggregateResultToDate(AggregateResult)
15:10:41.239 (239955027)|METHOD_EXIT|[128]|01po0000003noZB|TeamRaiserProgressWidgetController.aggregateResultToDate(AggregateResult)
15:10:41.240 (240072867)|METHOD_ENTRY|[128]|01po0000003noZB|TeamRaiserProgressWidgetController.aggregateResultToDate(AggregateResult)
15:10:41.240 (240146807)|METHOD_EXIT|[128]|01po0000003noZB|TeamRaiserProgressWidgetController.aggregateResultToDate(AggregateResult)
15:10:41.240 (240268722)|METHOD_ENTRY|[128]|01po0000003noZB|TeamRaiserProgressWidgetController.aggregateResultToDate(AggregateResult)
15:10:41.240 (240341695)|METHOD_EXIT|[128]|01po0000003noZB|TeamRaiserProgressWidgetController.aggregateResultToDate(AggregateResult)
15:10:41.240 (240476614)|METHOD_ENTRY|[128]|01po0000003noZB|TeamRaiserProgressWidgetController.aggregateResultToDate(AggregateResult)
15:10:41.240 (240549810)|METHOD_EXIT|[128]|01po0000003noZB|TeamRaiserProgressWidgetController.aggregateResultToDate(AggregateResult)
15:10:41.240 (240728773)|METHOD_ENTRY|[128]|01po0000003noZB|TeamRaiserProgressWidgetController.aggregateResultToDate(AggregateResult)
15:10:41.240 (240802916)|METHOD_EXIT|[128]|01po0000003noZB|TeamRaiserProgressWidgetController.aggregateResultToDate(AggregateResult)
15:10:41.240 (240910260)|METHOD_ENTRY|[128]|01po0000003noZB|TeamRaiserProgressWidgetController.aggregateResultToDate(AggregateResult)
15:10:41.240 (240981382)|METHOD_EXIT|[128]|01po0000003noZB|TeamRaiserProgressWidgetController.aggregateResultToDate(AggregateResult)
15:10:41.241 (241087944)|METHOD_ENTRY|[128]|01po0000003noZB|TeamRaiserProgressWidgetController.aggregateResultToDate(AggregateResult)
15:10:41.241 (241160020)|METHOD_EXIT|[128]|01po0000003noZB|TeamRaiserProgressWidgetController.aggregateResultToDate(AggregateResult)
15:10:41.241 (241315595)|METHOD_ENTRY|[128]|01po0000003noZB|TeamRaiserProgressWidgetController.aggregateResultToDate(AggregateResult)
15:10:41.241 (241387934)|METHOD_EXIT|[128]|01po0000003noZB|TeamRaiserProgressWidgetController.aggregateResultToDate(AggregateResult)
15:10:41.241 (241467772)|METHOD_EXIT|[16]|01po0000003noZB|TeamRaiserProgressWidgetController.getAmountRaisedByDisplayMonth(List<AggregateResult>, List<Date>, String)
15:10:41.241 (241526911)|USER_DEBUG|[16]|DEBUG|(10327.0, 10413.0, 10413.0, 10413.0, 11957.0, 11957.0)
15:10:41.289 (241577932)|CUMULATIVE_LIMIT_USAGE
15:10:41.289|LIMIT_USAGE_FOR_NS|(default)|
  Number of SOQL queries: 1 out of 100
  Number of query rows: 8 out of 50000
  Number of SOSL queries: 0 out of 20
  Number of DML statements: 0 out of 150
  Number of DML rows: 0 out of 10000
  Maximum CPU time: 0 out of 10000
  Maximum heap size: 0 out of 6000000
  Number of callouts: 0 out of 100
  Number of Email Invocations: 0 out of 10
  Number of future calls: 0 out of 50
  Number of queueable jobs added to the queue: 0 out of 50
  Number of Mobile Apex push calls: 0 out of 10

15:10:41.289|CUMULATIVE_LIMIT_USAGE_END

15:10:41.241 (241600154)|CODE_UNIT_FINISHED|execute_anonymous_apex
15:10:41.243 (243544980)|EXECUTION_FINISHED