Execute Anonymous

================================

System.debug(MetadataUtils.addNamespaceToCustomObjectLayout('TeamRaiser_Registration__c-TeamRaiser Registration Layout'));

================================

31.0 APEX_CODE,DEBUG;APEX_PROFILING,DEBUG;CALLOUT,INFO;DB,INFO;VALIDATION,INFO;WORKFLOW,INFO
Execute Anonymous: System.debug(MetadataUtils.addNamespaceToCustomObjectLayout('TeamRaiser_Registration__c-TeamRaiser Registration Layout'));
07:38:30.651 (1651986999)|EXECUTION_STARTED
07:38:30.651 (1651996360)|CODE_UNIT_STARTED|[EXTERNAL]|execute_anonymous_apex
07:38:31.035 (2035061855)|METHOD_ENTRY|[2]|01po0000003Oh7F|MetadataUtils.MetadataUtils()
07:38:31.035 (2035135388)|METHOD_EXIT|[2]|MetadataUtils
07:38:31.035 (2035176220)|METHOD_ENTRY|[1]|01po0000003Oh7F|MetadataUtils.addNamespaceToCustomObjectLayout(String)
07:38:31.081 (2081278134)|METHOD_ENTRY|[1]|01po0000000dllI|Utils.Utils()
07:38:31.092 (2092892700)|METHOD_EXIT|[1]|Utils
07:38:31.092 (2092927309)|METHOD_ENTRY|[581]|01po0000000dllI|Utils.addNamespace(String)
07:38:31.092 (2092970853)|METHOD_EXIT|[581]|01po0000000dllI|Utils.addNamespace(String)
07:38:31.092 (2092985701)|METHOD_ENTRY|[581]|01po0000000dllI|Utils.addNamespace(String)
07:38:31.092 (2092997144)|METHOD_EXIT|[581]|01po0000000dllI|Utils.addNamespace(String)
07:38:31.093 (2093009591)|METHOD_EXIT|[1]|01po0000003Oh7F|MetadataUtils.addNamespaceToCustomObjectLayout(String)
07:38:31.093 (2093036491)|USER_DEBUG|[1]|DEBUG|cv__TeamRaiser_Registration__c-cv__TeamRaiser Registration Layout
07:38:31.157 (2093075268)|CUMULATIVE_LIMIT_USAGE
07:38:31.157|LIMIT_USAGE_FOR_NS|(default)|
  Number of SOQL queries: 0 out of 100
  Number of query rows: 0 out of 50000
  Number of SOSL queries: 0 out of 20
  Number of DML statements: 0 out of 150
  Number of DML rows: 0 out of 10000
  Maximum CPU time: 0 out of 10000
  Maximum heap size: 0 out of 6000000
  Number of callouts: 0 out of 100
  Number of Email Invocations: 0 out of 10
  Number of future calls: 0 out of 50
  Number of queueable jobs added to the queue: 0 out of 50
  Number of Mobile Apex push calls: 0 out of 10

07:38:31.157|CUMULATIVE_LIMIT_USAGE_END

07:38:31.093 (2093097457)|CODE_UNIT_FINISHED|execute_anonymous_apex
07:38:31.095 (2095280674)|EXECUTION_FINISHED