Execute Anonymous

================================

MetadataService.MetadataPort service = MetadataUtils.createService();

List<String> layoutNames = new List<String>{
	Utils.addNamespace('TeamRaiser_Registration__c-TeamRaiser Registration Layout')};

List<MetadataService.Layout> requestedLayouts = (List<MetadataService.Layout>)service.readMetadata('Layout', layoutNames).getRecords();
MetadataService.Layout trLayout = requestedLayouts.get(0);

System.debug('requested layouts: ' + requestedLayouts);

MetadataService.LayoutItem item = new MetadataService.LayoutItem();
item.field = 'Fundraising_Goal__c';

MetadataUtils.addFieldsToLayout(trLayout, 'Information', new List<MetaDataService.LayoutItem>{item});

System.debug('Result layout: ' + trLayout);

================================

31.0 APEX_CODE,DEBUG;APEX_PROFILING,DEBUG;CALLOUT,INFO;DB,INFO;VALIDATION,INFO;WORKFLOW,INFO
Execute Anonymous: MetadataService.MetadataPort service = MetadataUtils.createService();
Execute Anonymous: 
Execute Anonymous: List<String> layoutNames = new List<String>{
Execute Anonymous: 	Utils.addNamespace('TeamRaiser_Registration__c-TeamRaiser Registration Layout')};
Execute Anonymous: 
Execute Anonymous: List<MetadataService.Layout> requestedLayouts = (List<MetadataService.Layout>)service.readMetadata('Layout', layoutNames).getRecords();
Execute Anonymous: MetadataService.Layout trLayout = requestedLayouts.get(0);
Execute Anonymous: 
Execute Anonymous: System.debug('requested layouts: ' + requestedLayouts);
Execute Anonymous: 
Execute Anonymous: MetadataService.LayoutItem item = new MetadataService.LayoutItem();
Execute Anonymous: item.field = 'Fundraising_Goal__c';
Execute Anonymous: 
Execute Anonymous: MetadataUtils.addFieldsToLayout(trLayout, 'Information', new List<MetaDataService.LayoutItem>{item});
Execute Anonymous: 
Execute Anonymous: System.debug('Result layout: ' + trLayout);
09:51:58.584 (584642486)|EXECUTION_STARTED
09:51:58.584 (584652401)|CODE_UNIT_STARTED|[EXTERNAL]|execute_anonymous_apex
09:51:58.748 (748801629)|METHOD_ENTRY|[2]|01po0000003Oh7F|MetadataUtils.MetadataUtils()
09:51:58.748 (748865812)|METHOD_EXIT|[2]|MetadataUtils
09:51:58.748 (748900747)|METHOD_ENTRY|[1]|01po0000003Oh7F|MetadataUtils.createService()
09:51:58.754 (754209831)|CONSTRUCTOR_ENTRY|[9]|01po0000003Oh7D|<init>()
09:51:58.754 (754719034)|CONSTRUCTOR_EXIT|[9]|01po0000003Oh7D|<init>()
09:51:58.754 (754752483)|CONSTRUCTOR_ENTRY|[11]|01po0000003Oh7D|<init>()
09:51:58.754 (754864739)|CONSTRUCTOR_EXIT|[11]|01po0000003Oh7D|<init>()
09:51:58.761 (761007938)|METHOD_EXIT|[1]|01po0000003Oh7F|MetadataUtils.createService()
09:51:58.787 (787391438)|METHOD_ENTRY|[1]|01po0000000dllI|Utils.Utils()
09:51:58.788 (788307435)|METHOD_EXIT|[1]|Utils
09:51:58.788 (788337804)|METHOD_ENTRY|[3]|01po0000000dllI|Utils.addNamespace(String)
09:51:58.791 (791479456)|METHOD_ENTRY|[1]|01po0000000dlkU|Constants.Constants()
09:51:58.811 (811944982)|METHOD_EXIT|[1]|Constants
09:51:58.811 (811970430)|METHOD_EXIT|[3]|01po0000000dllI|Utils.addNamespace(String)
09:51:58.812 (812074987)|METHOD_ENTRY|[6]|01po0000003Oh7D|MetadataService.MetadataPort.readMetadata(String, List<String>)
09:51:58.815 (815226999)|CONSTRUCTOR_ENTRY|[8871]|01po0000003Oh7D|<init>()
09:51:58.815 (815381015)|CONSTRUCTOR_EXIT|[8871]|01po0000003Oh7D|<init>()
09:51:58.821 (821682076)|CALLOUT_REQUEST|[8877]|<?xml version="1.0" encoding="UTF-8"?><env:Envelope xmlns:env="http://schemas.xmlsoap.org/soap/envelope/" xmlns:xsd="http://www.w3.org/2001/XMLSchema" xmlns:xsi="http://www.w3.org/2001/XMLSchema-instance"><env:Header><SessionHeader xmlns="http://soap.sforce.com/2006/04/metadata"><sessionId>00Do0000000HyRH!AQYAQEvTBxdD59kQcX68mhGCV.AL4gE8X6jl3quIKwOjC9Rt2VrlU0QOZSBkq8Sh0ajJETmfDsw7nTrO3tWtAr9pqj6HXf7I</sessionId></SessionHeader></env:Header><env:Body><readMetadata xmlns="http://soap.sforce.com/2006/04/metadata"><type>Layout</type><fullNames>TeamRaiser_Registration__c-TeamRaiser Registration Layout</fullNames></readMetadata></env:Body></env:Envelope>
09:51:58.821 (821730620)|CALLOUT_REQUEST|[8877]|readMetadata_element:[apex_schema_type_info=(http://soap.sforce.com/2006/04/metadata, true, false), field_order_type_info=(type_x, fullNames), fullNames=(TeamRaiser_Registration__c-TeamRaiser Registration Layout), fullNames_type_info=(fullNames, http://soap.sforce.com/2006/04/metadata, null, 0, -1, false), type_x=Layout, type_x_type_info=(type, http://soap.sforce.com/2006/04/metadata, null, 1, 1, false)]::SFDC_STACK_DEPTH=1 SOAPAction="" User-Agent=SFDC-Callout/33.0 Accept=text/xml Content-Type=text/xml; charset=UTF-8 
09:51:59.005 (1005926603)|CALLOUT_RESPONSE|[8877]|<?xml version="1.0" encoding="UTF-8"?><soapenv:Envelope xmlns:soapenv="http://schemas.xmlsoap.org/soap/envelope/" xmlns="http://soap.sforce.com/2006/04/metadata" xmlns:xsi="http://www.w3.org/2001/XMLSchema-instance"><soapenv:Body><readMetadataResponse><result><records xsi:type="Layout"><fullName>TeamRaiser_Registration__c-TeamRaiser Registration Layout</fullName><excludeButtons>Submit</excludeButtons><layoutSections><customLabel>true</customLabel><detailHeading>true</detailHeading><editHeading>true</editHeading><label>TeamRaiser Progress</label><layoutColumns><layoutItems><height>420</height><page>TeamRaiserProgressWidget</page><showLabel>false</showLabel><showScrollbars>false</showScrollbars><width>100%</width></layoutItems></layoutColumns><style>OneColumn</style></layoutSections><layoutSections><customLabel>false</customLabel><detailHeading>false</detailHeading><editHeading>true</editHeading><label>Information</label><layoutColumns><layoutItems><behavior>Required</behavior><field>Name</field></layoutItems><layoutItems><behavior>Required</behavior><field>Contact__c</field></layoutItems><layoutItems><behavior>Edit</behavior><field>Participation_Type__c</field></layoutItems><layoutItems><behavior>Edit</behavior><field>Participant_s_Home_Page__c</field></layoutItems><layoutItems><behavior>Edit</behavior><field>Registration_Date__c</field></layoutItems><layoutItems><behavior>Edit</behavior><field>Opportunity__c</field></layoutItems><layoutItems><behavior>Required</behavior><field>TeamRaiser_Participation_Type__c</field></layoutItems></layoutColumns><layoutColumns><layoutItems><behavior>Edit</behavior><field>Fundraising_Goal__c</field></layoutItems><layoutItems><behavior>Edit</behavior><field>Total_Raised__c</field></layoutItems><layoutItems><behavior>Required</behavior><field>Campaign__c</field></layoutItems><layoutItems><behavior>Edit</behavior><field>Team_Captain__c</field></layoutItems><layoutItems><behavior>Edit</behavior><field>Team__c</field></layoutItems></layoutColumns><style>TwoColumnsTopToBottom</style></layoutSections><layoutSections><customLabel>true</customLabel><detailHeading>false</detailHeading><editHeading>false</editHeading><label>Separator</label><layoutColumns><layoutItems><behavior>Required</behavior><field>Registration_Fee__c</field></layoutItems></layoutColumns><layoutColumns><layoutItems><behavior>Required</behavior><field>Extra_Gift__c</field></layoutItems><layoutItems><behavior>Edit</behavior><field>Upsell_Amount__c</field></layoutItems></layoutColumns><style>TwoColumnsLeftToRight</style></layoutSections><layoutSections><customLabel>false</customLabel><detailHeading>true</detailHeading><editHeading>true</editHeading><label>System Information</label><layoutColumns><layoutItems><behavior>Readonly</behavior><field>CreatedById</field></layoutItems></layoutColumns><layoutColumns><layoutItems><behavior>Readonly</behavior><field>LastModifiedById</field></layoutItems></layoutColumns><style>TwoColumnsTopToBottom</style></layoutSections><layoutSections><customLabel>true</customLabel><detailHeading>false</detailHeading><editHeading>false</editHeading><label>Custom Links</label><layoutColumns/><layoutColumns/><layoutColumns/><style>CustomLinks</style></layoutSections><relatedLists><fields>OPPORTUNITY.NAME</fields><fields>ACCOUNT.NAME</fields><fields>OPPORTUNITY.CLOSE_DATE</fields><fields>OPPORTUNITY.AMOUNT</fields><relatedList>Opportunity.TeamRaiser_Registration__c</relatedList></relatedLists><relatedLists><fields>NAME</fields><fields>Upsell_Item__c</fields><fields>Item_Price__c</fields><fields>Item_Quantity__c</fields><fields>Total_Amount__c</fields><fields>Date_Fulfilled__c</fields><relatedList>TeamRaiser_Registration_Upsell__c.TeamRaiser_Registration__c</relatedList></relatedLists><showEmailCheckbox>false</showEmailCheckbox><showHighlightsPanel>false</showHighlightsPanel><showInteractionLogPanel>false</showInteractionLogPanel><showRunAssignmentRulesCheckbox>false</showRunAssignmentRulesCheckbox><showSubmitAndAttachButton>false</showSubmitAndAttachButton><summaryLayout><masterLabel>00ho0000000pGUP</masterLabel><sizeX>4</sizeX><sizeY>0</sizeY><summaryLayoutStyle>Default</summaryLayoutStyle></summaryLayout></records></result></readMetadataResponse></soapenv:Body></soapenv:Envelope>
09:51:59.022 (1022530639)|CONSTRUCTOR_ENTRY|[4077]|01po0000003Oh7D|<init>()
09:51:59.022 (1022652797)|CONSTRUCTOR_EXIT|[4077]|01po0000003Oh7D|<init>()
09:51:59.037 (1037466142)|CALLOUT_RESPONSE|[8877]|
09:51:59.037 (1037626971)|METHOD_ENTRY|[8890]|01po0000003Oh7D|MetadataService.readLayoutResponse_element.getResult()
09:51:59.037 (1037654303)|METHOD_EXIT|[8890]|01po0000003Oh7D|MetadataService.readLayoutResponse_element.getResult()
09:51:59.037 (1037662373)|METHOD_EXIT|[6]|01po0000003Oh7D|MetadataService.MetadataPort.readMetadata(String, List<String>)
09:51:59.037 (1037726676)|METHOD_ENTRY|[6]|01po0000003Oh7D|MetadataService.ReadLayoutResult.getRecords()
09:51:59.037 (1037740817)|METHOD_EXIT|[6]|01po0000003Oh7D|MetadataService.ReadLayoutResult.getRecords()
09:51:59.039 (1039499631)|USER_DEBUG|[9]|DEBUG|requested layouts: (FullName: TeamRaiser_Registration__c-TeamRaiser Registration Layout
customButtons: null
headers: null
Sections: (LayoutColumn: customLabel: true &#124; label: TeamRaiser Progress &#124; detailHeading: true &#124; style: OneColumn &#124; layoutColumns: (
LayoutItems: (LayoutItem: page_x: TeamRaiserProgressWidget scontrol: null field: null)
) 
 , LayoutColumn: customLabel: false &#124; label: Information &#124; detailHeading: false &#124; style: TwoColumnsTopToBottom &#124; layoutColumns: (
LayoutItems: (LayoutItem: page_x: null scontrol: null field: Name, LayoutItem: page_x: null scontrol: null field: Contact__c, LayoutItem: page_x: null scontrol: null field: Participation_Type__c, LayoutItem: page_x: null scontrol: null field: Participant_s_Home_Page__c, LayoutItem: page_x: null scontrol: null field: Registration_Date__c, LayoutItem: page_x: null scontrol: null field: Opportunity__c, LayoutItem: page_x: null scontrol: null field: TeamRaiser_Participation_Type__c)
, 
LayoutItems: (LayoutItem: page_x: null scontrol: null field: Fundraising_Goal__c, LayoutItem: page_x: null scontrol: null field: Total_Raised__c, LayoutItem: page_x: null scontrol: null field: Campaign__c, LayoutItem: page_x: null scontrol: null field: Team_Captain__c, LayoutItem: page_x: null scontrol: null field: Team__c)
) 
 , LayoutColumn: customLabel: true &#124; label: Separator &#124; detailHeading: false &#124; style: TwoColumnsLeftToRight &#124; layoutColumns: (
LayoutItems: (LayoutItem: page_x: null scontrol: null field: Registration_Fee__c)
, 
LayoutItems: (LayoutItem: page_x: null scontrol: null field: Extra_Gift__c, LayoutItem: page_x: null scontrol: null field: Upsell_Amount__c)
) 
 , LayoutColumn: customLabel: false &#124; label: System Information &#124; detailHeading: true &#124; style: TwoColumnsTopToBottom &#124; layoutColumns: (
LayoutItems: (LayoutItem: page_x: null scontrol: null field: CreatedById)
, 
LayoutItems: (LayoutItem: page_x: null scontrol: null field: LastModifiedById)
) 
 , LayoutColumn: customLabel: true &#124; label: Custom Links &#124; detailHeading: false &#124; style: CustomLinks &#124; layoutColumns: (
LayoutItems: null
, 
LayoutItems: null
, 
LayoutItems: null
) 
 )
relatedObjects: null
relatedLists: (RelatedListItem:[apex_schema_type_info=(http://soap.sforce.com/2006/04/metadata, true, false), customButtons=null, customButtons_type_info=(customButtons, http://soap.sforce.com/2006/04/metadata, null, 0, -1, false), excludeButtons=null, excludeButtons_type_info=(excludeButtons, http://soap.sforce.com/2006/04/metadata, null, 0, -1, false), field_order_type_info=(customButtons, excludeButtons, fields, relatedList, sortField, sortOrder), fields=(OPPORTUNITY.NAME, ACCOUNT.NAME, OPPORTUNITY.CLOSE_DATE, OPPORTUNITY.AMOUNT), fields_type_info=(fields, http://soap.sforce.com/2006/04/metadata, null, 0, -1, false), relatedList=Opportunity.TeamRaiser_Registration__c, relatedList_type_info=(relatedList, http://soap.sforce.com/2006/04/metadata, null, 1, 1, false), sortField=null, sortField_type_info=(sortField, http://soap.sforce.com/2006/04/metadata, null, 0, 1, false), sortOrder=null, sortOrder_type_info=(sortOrder, http://soap.sforce.com/2006/04/metadata, null, 0, 1, false)], RelatedListItem:[apex_schema_type_info=(http://soap.sforce.com/2006/04/metadata, true, false), customButtons=null, customButtons_type_info=(customButtons, http://soap.sforce.com/2006/04/metadata, null, 0, -1, false), excludeButtons=null, excludeButtons_type_info=(excludeButtons, http://soap.sforce.com/2006/04/metadata, null, 0, -1, false), field_order_type_info=(customButtons, excludeButtons, fields, relatedList, sortField, sortOrder), fields=(NAME, Upsell_Item__c, Item_Price__c, Item_Quantity__c, Total_Amount__c, Date_Fulfilled__c), fields_type_info=(fields, http://soap.sforce.com/2006/04/metadata, null, 0, -1, false), relatedList=TeamRaiser_Registration_Upsell__c.TeamRaiser_Registration__c, relatedList_type_info=(relatedList, http://soap.sforce.com/2006/04/metadata, null, 1, 1, false), sortField=null, sortField_type_info=(sortField, http://soap.sforce.com/2006/04/metadata, null, 0, 1, false), sortOrder=null, sortOrder_type_info=(sortOrder, http://soap.sforce.com/2006/04/metadata, null, 0, 1, false)])
miniLayout null
)
09:51:59.039 (1039585300)|CONSTRUCTOR_ENTRY|[11]|01po0000003Oh7D|<init>()
09:51:59.039 (1039767063)|CONSTRUCTOR_EXIT|[11]|01po0000003Oh7D|<init>()
09:51:59.039 (1039867482)|METHOD_ENTRY|[14]|01po0000003Oh7F|MetadataUtils.addFieldsToLayout(MetadataService.Layout, String, List<MetadataService.LayoutItem>)
09:51:59.039 (1039888966)|METHOD_ENTRY|[370]|01po0000003Oh7F|MetadataUtils.getFieldsNotOnLayout(MetadataService.Layout, List<MetadataService.LayoutItem>)
09:51:59.040 (1040150294)|METHOD_ENTRY|[408]|01po0000003Oh7F|MetadataUtils.isFieldInLayout(String, MetadataService.Layout)
09:51:59.040 (1040802269)|METHOD_EXIT|[408]|01po0000003Oh7F|MetadataUtils.isFieldInLayout(String, MetadataService.Layout)
09:51:59.040 (1040838171)|METHOD_EXIT|[370]|01po0000003Oh7F|MetadataUtils.getFieldsNotOnLayout(MetadataService.Layout, List<MetadataService.LayoutItem>)
09:51:59.040 (1040854088)|CONSTRUCTOR_ENTRY|[372]|01po0000003Oh7D|<init>()
09:51:59.040 (1040951624)|CONSTRUCTOR_EXIT|[372]|01po0000003Oh7D|<init>()
09:51:59.040 (1040963896)|CONSTRUCTOR_ENTRY|[373]|01po0000003Oh7D|<init>()
09:51:59.041 (1041017732)|CONSTRUCTOR_EXIT|[373]|01po0000003Oh7D|<init>()
09:51:59.041 (1041227677)|METHOD_EXIT|[14]|01po0000003Oh7F|MetadataUtils.addFieldsToLayout(MetadataService.Layout, String, List<MetadataService.LayoutItem>)
09:51:59.042 (1042705232)|USER_DEBUG|[16]|DEBUG|Result layout: FullName: TeamRaiser_Registration__c-TeamRaiser Registration Layout
customButtons: null
headers: null
Sections: (LayoutColumn: customLabel: true &#124; label: TeamRaiser Progress &#124; detailHeading: true &#124; style: OneColumn &#124; layoutColumns: (
LayoutItems: (LayoutItem: page_x: TeamRaiserProgressWidget scontrol: null field: null)
) 
 , LayoutColumn: customLabel: false &#124; label: Information &#124; detailHeading: false &#124; style: TwoColumnsTopToBottom &#124; layoutColumns: (
LayoutItems: (LayoutItem: page_x: null scontrol: null field: Name, LayoutItem: page_x: null scontrol: null field: Contact__c, LayoutItem: page_x: null scontrol: null field: Participation_Type__c, LayoutItem: page_x: null scontrol: null field: Participant_s_Home_Page__c, LayoutItem: page_x: null scontrol: null field: Registration_Date__c, LayoutItem: page_x: null scontrol: null field: Opportunity__c, LayoutItem: page_x: null scontrol: null field: TeamRaiser_Participation_Type__c)
, 
LayoutItems: (LayoutItem: page_x: null scontrol: null field: Fundraising_Goal__c, LayoutItem: page_x: null scontrol: null field: Total_Raised__c, LayoutItem: page_x: null scontrol: null field: Campaign__c, LayoutItem: page_x: null scontrol: null field: Team_Captain__c, LayoutItem: page_x: null scontrol: null field: Team__c)
) 
 , LayoutColumn: customLabel: true &#124; label: Separator &#124; detailHeading: false &#124; style: TwoColumnsLeftToRight &#124; layoutColumns: (
LayoutItems: (LayoutItem: page_x: null scontrol: null field: Registration_Fee__c)
, 
LayoutItems: (LayoutItem: page_x: null scontrol: null field: Extra_Gift__c, LayoutItem: page_x: null scontrol: null field: Upsell_Amount__c)
) 
 , LayoutColumn: customLabel: false &#124; label: System Information &#124; detailHeading: true &#124; style: TwoColumnsTopToBottom &#124; layoutColumns: (
LayoutItems: (LayoutItem: page_x: null scontrol: null field: CreatedById)
, 
LayoutItems: (LayoutItem: page_x: null scontrol: null field: LastModifiedById)
) 
 , LayoutColumn: customLabel: true &#124; label: Custom Links &#124; detailHeading: false &#124; style: CustomLinks &#124; layoutColumns: (
LayoutItems: null
, 
LayoutItems: null
, 
LayoutItems: null
) 
 )
relatedObjects: null
relatedLists: (RelatedListItem:[apex_schema_type_info=(http://soap.sforce.com/2006/04/metadata, true, false), customButtons=null, customButtons_type_info=(customButtons, http://soap.sforce.com/2006/04/metadata, null, 0, -1, false), excludeButtons=null, excludeButtons_type_info=(excludeButtons, http://soap.sforce.com/2006/04/metadata, null, 0, -1, false), field_order_type_info=(customButtons, excludeButtons, fields, relatedList, sortField, sortOrder), fields=(OPPORTUNITY.NAME, ACCOUNT.NAME, OPPORTUNITY.CLOSE_DATE, OPPORTUNITY.AMOUNT), fields_type_info=(fields, http://soap.sforce.com/2006/04/metadata, null, 0, -1, false), relatedList=Opportunity.TeamRaiser_Registration__c, relatedList_type_info=(relatedList, http://soap.sforce.com/2006/04/metadata, null, 1, 1, false), sortField=null, sortField_type_info=(sortField, http://soap.sforce.com/2006/04/metadata, null, 0, 1, false), sortOrder=null, sortOrder_type_info=(sortOrder, http://soap.sforce.com/2006/04/metadata, null, 0, 1, false)], RelatedListItem:[apex_schema_type_info=(http://soap.sforce.com/2006/04/metadata, true, false), customButtons=null, customButtons_type_info=(customButtons, http://soap.sforce.com/2006/04/metadata, null, 0, -1, false), excludeButtons=null, excludeButtons_type_info=(excludeButtons, http://soap.sforce.com/2006/04/metadata, null, 0, -1, false), field_order_type_info=(customButtons, excludeButtons, fields, relatedList, sortField, sortOrder), fields=(NAME, Upsell_Item__c, Item_Price__c, Item_Quantity__c, Total_Amount__c, Date_Fulfilled__c), fields_type_info=(fields, http://soap.sforce.com/2006/04/metadata, null, 0, -1, false), relatedList=TeamRaiser_Registration_Upsell__c.TeamRaiser_Registration__c, relatedList_type_info=(relatedList, http://soap.sforce.com/2006/04/metadata, null, 1, 1, false), sortField=null, sortField_type_info=(sortField, http://soap.sforce.com/2006/04/metadata, null, 0, 1, false), sortOrder=null, sortOrder_type_info=(sortOrder, http://soap.sforce.com/2006/04/metadata, null, 0, 1, false)])
miniLayout null

09:51:59.127 (1045734095)|CUMULATIVE_LIMIT_USAGE
09:51:59.127|LIMIT_USAGE_FOR_NS|(default)|
  Number of SOQL queries: 0 out of 100
  Number of query rows: 0 out of 50000
  Number of SOSL queries: 0 out of 20
  Number of DML statements: 0 out of 150
  Number of DML rows: 0 out of 10000
  Maximum CPU time: 0 out of 10000
  Maximum heap size: 0 out of 6000000
  Number of callouts: 1 out of 100
  Number of Email Invocations: 0 out of 10
  Number of future calls: 0 out of 50
  Number of queueable jobs added to the queue: 0 out of 50
  Number of Mobile Apex push calls: 0 out of 10

09:51:59.127|CUMULATIVE_LIMIT_USAGE_END

09:51:59.045 (1045768440)|CODE_UNIT_FINISHED|execute_anonymous_apex
09:51:59.047 (1047166622)|EXECUTION_FINISHED