PrepopulateWork.cls

================================

Map<String, Schema.SObjectField> fieldMap = Schema.getGlobalDescribe().get('Recurring_Gift__c').getDescribe().fields.getMap();
Map<String, String> updatedFieldMap = new Map<String, String>();
for(String st: fieldMap.keySet()){
	updatedFieldmap.put(st, fieldMap.get(st).getDescribe().getLabel());
}

String prefix = Recurring_Gift__c.SObjectType.getDescribe().getKeyPrefix();
PageReference pageToLook = new PageReference(baseURL(prefix, null));
String html = pageToLook.getContent().toString();
Matcher m = Pattern.compile('<label for="(.*?)">(<span class="requiredMark">\\*</span>)?(.*?)</label>').matcher(html);
Map<String, String> labelToField = new Map<String, String>();

while(m.find()){
	System.debug(m.group(3) + ' ----> ' + m.group(1));
}

private static String baseUrl(String keyPrefix, Id recordTypeID){
	return '/' + keyPrefix + '/e?RecordType=' + (recordTypeID == null ? '' : recordTypeID);
}

================================

31.0 APEX_CODE,DEBUG;APEX_PROFILING,DEBUG;CALLOUT,INFO;DB,INFO;VALIDATION,INFO;WORKFLOW,INFO
Execute Anonymous: Map<String, Schema.SObjectField> fieldMap = Schema.getGlobalDescribe().get('Recurring_Gift__c').getDescribe().fields.getMap();
Execute Anonymous: Map<String, String> updatedFieldMap = new Map<String, String>();
Execute Anonymous: for(String st: fieldMap.keySet()){
Execute Anonymous: 	updatedFieldmap.put(st, fieldMap.get(st).getDescribe().getLabel());
Execute Anonymous: }
Execute Anonymous: 
Execute Anonymous: String prefix = Recurring_Gift__c.SObjectType.getDescribe().getKeyPrefix();
Execute Anonymous: PageReference pageToLook = new PageReference(baseURL(prefix, null));
Execute Anonymous: String html = pageToLook.getContent().toString();
Execute Anonymous: Matcher m = Pattern.compile('<label for="(.*?)">(<span class="requiredMark">\\*</span>)?(.*?)</label>').matcher(html);
Execute Anonymous: Map<String, String> labelToField = new Map<String, String>();
Execute Anonymous: 
Execute Anonymous: while(m.find()){
Execute Anonymous: 	System.debug(m.group(3) + ' ----> ' + m.group(1));
Execute Anonymous: }
Execute Anonymous: 
Execute Anonymous: private static String baseUrl(String keyPrefix, Id recordTypeID){
Execute Anonymous: 	return '/' + keyPrefix + '/e?RecordType=' + (recordTypeID == null ? '' : recordTypeID);
Execute Anonymous: }
07:11:50.065 (65571213)|EXECUTION_STARTED
07:11:50.065 (65578973)|CODE_UNIT_STARTED|[EXTERNAL]|execute_anonymous_apex
07:11:50.163 (163732025)|USER_DEBUG|[14]|DEBUG|Search ----> sbstr
07:11:50.163 (163862771)|USER_DEBUG|[14]|DEBUG|Limit to items I own  ----> searchOwner_sidebar
07:11:50.164 (164054278)|USER_DEBUG|[14]|DEBUG|Recurring Gift Name ----> Name
07:11:50.164 (164213254)|USER_DEBUG|[14]|DEBUG|Donation Type ----> 00No0000001b7B1
07:11:50.164 (164368500)|USER_DEBUG|[14]|DEBUG|Account ----> CF00No0000001b7AG
07:11:50.164 (164505834)|USER_DEBUG|[14]|DEBUG|Next Due Date ----> 00No0000001qxAy
07:11:50.164 (164690436)|USER_DEBUG|[14]|DEBUG|Donor ----> CF00No0000001b7AM
07:11:50.164 (164864136)|USER_DEBUG|[14]|DEBUG|Paid Through ----> 00No0000001qzio
07:11:50.165 (165088013)|USER_DEBUG|[14]|DEBUG|Start Date ----> 00No0000001b7Ay
07:11:50.165 (165198685)|USER_DEBUG|[14]|DEBUG|Recurrence Description ----> 00No0000001b7As
07:11:50.165 (165300169)|USER_DEBUG|[14]|DEBUG|Recurring Amount ----> 00No0000001b7Au
07:11:50.165 (165401398)|USER_DEBUG|[14]|DEBUG|Recurring Gift Status ----> 00No0000001b7Aw
07:11:50.165 (165501499)|USER_DEBUG|[14]|DEBUG|Tribute ----> CF00No0000001b7B0
07:11:50.165 (165690099)|USER_DEBUG|[14]|DEBUG|Campaign ID ----> CF00No0000001b7AJ
07:11:50.165 (165889788)|USER_DEBUG|[14]|DEBUG|Online Gift ----> 00No0000001b7B3
07:11:50.166 (166080202)|USER_DEBUG|[14]|DEBUG|Primary Classification ----> CF00No0000001b7Ak
07:11:50.166 (166291067)|USER_DEBUG|[14]|DEBUG|Payment Type ----> 00No0000001b7Ai
07:11:50.166 (166489236)|USER_DEBUG|[14]|DEBUG|Credit Card Type ----> 00No0000001b7AP
07:11:50.166 (166697171)|USER_DEBUG|[14]|DEBUG|Last Payment Date ----> 00No0000001b7Ab
07:11:50.166 (166947606)|USER_DEBUG|[14]|DEBUG|Last Payment Amount ----> 00No0000001b7Aa
07:11:50.167 (167151100)|USER_DEBUG|[14]|DEBUG|Last Payment Status ----> 00No0000001b7Ac
07:11:50.167 (167417184)|USER_DEBUG|[14]|DEBUG|Next Payment Amount ----> 00No0000001b7Ad
07:11:50.167 (167616637)|USER_DEBUG|[14]|DEBUG|Payments Received ----> 00No0000001b7Aj
07:11:50.167 (167826231)|USER_DEBUG|[14]|DEBUG|Amount Received ----> 00No0000001b7AH
07:11:50.168 (168027401)|USER_DEBUG|[14]|DEBUG|Recurring Amount (Rounded) ----> 00No0000001b7Av
07:11:50.168 (168237094)|USER_DEBUG|[14]|DEBUG|Write-In Designation ----> 00No0000001b7B2
07:11:50.168 (168439329)|USER_DEBUG|[14]|DEBUG|Honor/Memorial Type ----> 00No0000001b7AZ
07:11:50.168 (168634818)|USER_DEBUG|[14]|DEBUG|Honoree Name ----> 00No0000001b7AS
07:11:50.168 (168843621)|USER_DEBUG|[14]|DEBUG|Honor/Memorial Notification Method ----> 00No0000001b7AX
07:11:50.169 (169051625)|USER_DEBUG|[14]|DEBUG|Honor/Memorial Person(s) to Notify ----> 00No0000001b7AY
07:11:50.169 (169252145)|USER_DEBUG|[14]|DEBUG|Honor/Memorial Notification Address ----> 00No0000001b7AU
07:11:50.169 (169461755)|USER_DEBUG|[14]|DEBUG|Honor/Memorial Notification Email ----> 00No0000001b7AW
07:11:50.169 (169653885)|USER_DEBUG|[14]|DEBUG|Honor/Memorial Notification Date ----> 00No0000001b7AV
07:11:50.169 (169870981)|USER_DEBUG|[14]|DEBUG|Honor/Memorial Message ----> 00No0000001b7AT
07:11:51.126 (170024473)|CUMULATIVE_LIMIT_USAGE
07:11:51.126|LIMIT_USAGE_FOR_NS|(default)|
  Number of SOQL queries: 0 out of 100
  Number of query rows: 0 out of 50000
  Number of SOSL queries: 0 out of 20
  Number of DML statements: 0 out of 150
  Number of DML rows: 0 out of 10000
  Maximum CPU time: 0 out of 10000
  Maximum heap size: 0 out of 6000000
  Number of callouts: 0 out of 100
  Number of Email Invocations: 0 out of 10
  Number of future calls: 0 out of 50
  Number of queueable jobs added to the queue: 0 out of 50
  Number of Mobile Apex push calls: 0 out of 10

07:11:51.126|CUMULATIVE_LIMIT_USAGE_END

07:11:50.170 (170055859)|CODE_UNIT_FINISHED|execute_anonymous_apex
07:11:50.171 (171441939)|EXECUTION_FINISHED