Execute Anonymous

================================

VersionUpgrades.doUpgrades();

================================

31.0 APEX_CODE,DEBUG;APEX_PROFILING,DEBUG;CALLOUT,INFO;DB,INFO;VALIDATION,INFO;WORKFLOW,INFO
Execute Anonymous: VersionUpgrades.doUpgrades();
14:37:52.600 (600149580)|EXECUTION_STARTED
14:37:52.600 (600157999)|CODE_UNIT_STARTED|[EXTERNAL]|execute_anonymous_apex
14:37:52.605 (605404716)|METHOD_ENTRY|[1]|01po0000003QGLN|VersionUpgrades.VersionUpgrades()
14:37:52.609 (609380691)|METHOD_ENTRY|[4]|01po0000001fPRj|ProtectedSettingsUtils.ProtectedSettingsUtils()
14:37:52.609 (609413425)|METHOD_ENTRY|[9]|01po0000001fPRj|ProtectedSettingsUtils.mockProtectedSettingsOrgDefaults()
14:37:52.609 (609706148)|METHOD_EXIT|[9]|01po0000001fPRj|ProtectedSettingsUtils.mockProtectedSettingsOrgDefaults()
14:37:52.609 (609721115)|METHOD_EXIT|[4]|ProtectedSettingsUtils
14:37:52.609 (609732230)|METHOD_ENTRY|[6]|01po0000001fPRj|ProtectedSettingsUtils.getLastUpgradeRun()
14:37:52.610 (610693105)|METHOD_EXIT|[6]|01po0000001fPRj|ProtectedSettingsUtils.getLastUpgradeRun()
14:37:52.610 (610707658)|METHOD_EXIT|[1]|VersionUpgrades
14:37:52.610 (610724458)|METHOD_ENTRY|[1]|01po0000003QGLN|VersionUpgrades.doUpgrades()
14:37:52.610 (610751172)|METHOD_ENTRY|[9]|01po0000003QGLN|VersionUpgrades.doUpgrades12_7_2()
14:37:52.610 (610795369)|METHOD_EXIT|[9]|01po0000003QGLN|VersionUpgrades.doUpgrades12_7_2()
14:37:52.610 (610832852)|USER_DEBUG|[10]|DEBUG|Done with 12_7_2
14:37:52.610 (610846477)|METHOD_ENTRY|[11]|01po0000003QGLN|VersionUpgrades.doUpgrades12_9()
14:37:52.610 (610874810)|METHOD_ENTRY|[39]|01po0000003QGLN|VersionUpgrades.getLastUpgradeVersionIndex(String)
14:37:52.616 (616515661)|METHOD_ENTRY|[3]|01po0000000dll9|StringUtils.StringUtils()
14:37:52.616 (616685796)|METHOD_EXIT|[3]|StringUtils
14:37:52.616 (616712930)|METHOD_ENTRY|[76]|01po0000000dll9|StringUtils.getStringIndexInList(List<String>, String)
14:37:52.616 (616904966)|METHOD_EXIT|[76]|01po0000000dll9|StringUtils.getStringIndexInList(List<String>, String)
14:37:52.616 (616912678)|METHOD_EXIT|[39]|01po0000003QGLN|VersionUpgrades.getLastUpgradeVersionIndex(String)
14:37:52.616 (616920173)|METHOD_EXIT|[11]|01po0000003QGLN|VersionUpgrades.doUpgrades12_9()
14:37:52.616 (616953888)|USER_DEBUG|[12]|DEBUG|Done with 12_9
14:37:52.616 (616968814)|METHOD_ENTRY|[14]|01po0000003QGLN|VersionUpgrades.doUpgrades12_10()
14:37:52.616 (616994392)|METHOD_ENTRY|[46]|01po0000003QGLN|VersionUpgrades.getLastUpgradeVersionIndex(String)
14:37:52.617 (617009329)|METHOD_ENTRY|[76]|01po0000000dll9|StringUtils.getStringIndexInList(List<String>, String)
14:37:52.617 (617146339)|METHOD_EXIT|[76]|01po0000000dll9|StringUtils.getStringIndexInList(List<String>, String)
14:37:52.617 (617152855)|METHOD_EXIT|[46]|01po0000003QGLN|VersionUpgrades.getLastUpgradeVersionIndex(String)
14:37:52.617 (617159504)|METHOD_EXIT|[14]|01po0000003QGLN|VersionUpgrades.doUpgrades12_10()
14:37:52.617 (617181898)|USER_DEBUG|[15]|DEBUG|Done with 12_10
14:37:52.617 (617194686)|METHOD_ENTRY|[17]|01po0000003QGLN|VersionUpgrades.doUpgrades12_11()
14:37:52.617 (617218425)|METHOD_ENTRY|[53]|01po0000003QGLN|VersionUpgrades.getLastUpgradeVersionIndex(String)
14:37:52.617 (617233520)|METHOD_ENTRY|[76]|01po0000000dll9|StringUtils.getStringIndexInList(List<String>, String)
14:37:52.617 (617332539)|METHOD_EXIT|[76]|01po0000000dll9|StringUtils.getStringIndexInList(List<String>, String)
14:37:52.617 (617338195)|METHOD_EXIT|[53]|01po0000003QGLN|VersionUpgrades.getLastUpgradeVersionIndex(String)
14:37:52.617 (617344533)|METHOD_EXIT|[17]|01po0000003QGLN|VersionUpgrades.doUpgrades12_11()
14:37:52.617 (617364660)|USER_DEBUG|[18]|DEBUG|Done with 12_11
14:37:52.617 (617377253)|METHOD_ENTRY|[20]|01po0000003QGLN|VersionUpgrades.upsertLastUpgradeRun()
14:37:52.617 (617413563)|METHOD_ENTRY|[60]|01po0000001fPRj|ProtectedSettingsUtils.setLastUpgradeRun(String)
14:37:52.617 (617475843)|METHOD_ENTRY|[115]|01po0000000dll9|StringUtils.listContainsString(List<String>, String)
14:37:52.617 (617772243)|METHOD_EXIT|[115]|01po0000000dll9|StringUtils.listContainsString(List<String>, String)
14:37:52.617 (617781092)|METHOD_EXIT|[60]|01po0000001fPRj|ProtectedSettingsUtils.setLastUpgradeRun(String)
14:37:52.617 (617786793)|METHOD_EXIT|[20]|01po0000003QGLN|VersionUpgrades.upsertLastUpgradeRun()
14:37:52.617 (617796809)|METHOD_ENTRY|[21]|01po0000003QGLN|VersionUpgrades.getNeedUpgrades()
14:37:52.617 (617815953)|METHOD_ENTRY|[72]|01po0000001fPRj|ProtectedSettingsUtils.getLastUpgradeRun()
14:37:52.617 (617984165)|METHOD_EXIT|[72]|01po0000001fPRj|ProtectedSettingsUtils.getLastUpgradeRun()
14:37:52.617 (617992322)|METHOD_ENTRY|[72]|01po0000003QGLN|VersionUpgrades.getLastUpgradeVersionIndex(String)
14:37:52.618 (618002590)|METHOD_ENTRY|[76]|01po0000000dll9|StringUtils.getStringIndexInList(List<String>, String)
14:37:52.618 (618105151)|METHOD_EXIT|[76]|01po0000000dll9|StringUtils.getStringIndexInList(List<String>, String)
14:37:52.618 (618110821)|METHOD_EXIT|[72]|01po0000003QGLN|VersionUpgrades.getLastUpgradeVersionIndex(String)
14:37:52.618 (618127532)|METHOD_EXIT|[21]|01po0000003QGLN|VersionUpgrades.getNeedUpgrades()
14:37:52.618 (618132655)|METHOD_EXIT|[1]|01po0000003QGLN|VersionUpgrades.doUpgrades()
14:37:52.664 (618176554)|CUMULATIVE_LIMIT_USAGE
14:37:52.664|LIMIT_USAGE_FOR_NS|(default)|
  Number of SOQL queries: 0 out of 100
  Number of query rows: 0 out of 50000
  Number of SOSL queries: 0 out of 20
  Number of DML statements: 0 out of 150
  Number of DML rows: 0 out of 10000
  Maximum CPU time: 0 out of 10000
  Maximum heap size: 0 out of 6000000
  Number of callouts: 0 out of 100
  Number of Email Invocations: 0 out of 10
  Number of future calls: 0 out of 50
  Number of queueable jobs added to the queue: 0 out of 50
  Number of Mobile Apex push calls: 0 out of 10

14:37:52.664|CUMULATIVE_LIMIT_USAGE_END

14:37:52.618 (618199168)|CODE_UNIT_FINISHED|execute_anonymous_apex
14:37:52.619 (619963495)|EXECUTION_FINISHED