Execute Anonymous

================================

TeamRaiser_Registration__c[] regs = [SELECT Id, Fundraising_Goal__c FROM TeamRaiser_Registration__c];

System.debug('regs: ' + regs);


================================

31.0 APEX_CODE,DEBUG;APEX_PROFILING,DEBUG;CALLOUT,INFO;DB,INFO;VALIDATION,INFO;WORKFLOW,INFO
Execute Anonymous: TeamRaiser_Registration__c[] regs = [SELECT Id, Fundraising_Goal__c FROM TeamRaiser_Registration__c];
Execute Anonymous: 
Execute Anonymous: System.debug('regs: ' + regs);
06:54:55.124 (124213064)|EXECUTION_STARTED
06:54:55.124 (124230833)|CODE_UNIT_STARTED|[EXTERNAL]|execute_anonymous_apex
06:54:55.126 (126199705)|SOQL_EXECUTE_BEGIN|[1]|Aggregations:0|SELECT Id, Fundraising_Goal__c FROM TeamRaiser_Registration__c
06:54:55.151 (151051053)|SOQL_EXECUTE_END|[1]|Rows:2
06:54:55.151 (151289652)|USER_DEBUG|[3]|DEBUG|regs: (TeamRaiser_Registration__c:{Id=a0jo0000001I18lAAC}, TeamRaiser_Registration__c:{Id=a0jo0000001I1DCAA0})
06:54:55.884 (151344085)|CUMULATIVE_LIMIT_USAGE
06:54:55.884|LIMIT_USAGE_FOR_NS|(default)|
  Number of SOQL queries: 1 out of 100
  Number of query rows: 2 out of 50000
  Number of SOSL queries: 0 out of 20
  Number of DML statements: 0 out of 150
  Number of DML rows: 0 out of 10000
  Maximum CPU time: 0 out of 10000
  Maximum heap size: 0 out of 6000000
  Number of callouts: 0 out of 100
  Number of Email Invocations: 0 out of 10
  Number of future calls: 0 out of 50
  Number of queueable jobs added to the queue: 0 out of 50
  Number of Mobile Apex push calls: 0 out of 10

06:54:55.884|CUMULATIVE_LIMIT_USAGE_END

06:54:55.151 (151372356)|CODE_UNIT_FINISHED|execute_anonymous_apex
06:54:55.152 (152680160)|EXECUTION_FINISHED