Execute Anonymous

================================

FeatureUpgrades.doFeatureUpgrades12_11();

================================

31.0 APEX_CODE,DEBUG;APEX_PROFILING,DEBUG;CALLOUT,INFO;DB,INFO;VALIDATION,INFO;WORKFLOW,INFO
Execute Anonymous: FeatureUpgrades.doFeatureUpgrades12_11();
10:50:51.092 (1092695583)|EXECUTION_STARTED
10:50:51.092 (1092708909)|CODE_UNIT_STARTED|[EXTERNAL]|execute_anonymous_apex
10:50:51.212 (1212581001)|METHOD_ENTRY|[1]|01po0000003nulZ|FeatureUpgrades.FeatureUpgrades()
10:50:51.238 (1238776977)|METHOD_ENTRY|[2]|01po0000003Oh7F|MetadataUtils.MetadataUtils()
10:50:51.238 (1238861508)|METHOD_EXIT|[2]|MetadataUtils
10:50:51.238 (1238896738)|METHOD_ENTRY|[2]|01po0000003Oh7F|MetadataUtils.createService()
10:50:51.247 (1247557865)|CONSTRUCTOR_ENTRY|[9]|01po0000003Oh7D|<init>()
10:50:51.248 (1248026966)|CONSTRUCTOR_EXIT|[9]|01po0000003Oh7D|<init>()
10:50:51.248 (1248061026)|CONSTRUCTOR_ENTRY|[11]|01po0000003Oh7D|<init>()
10:50:51.248 (1248155594)|CONSTRUCTOR_EXIT|[11]|01po0000003Oh7D|<init>()
10:50:51.252 (1252949096)|METHOD_EXIT|[2]|01po0000003Oh7F|MetadataUtils.createService()
10:50:51.252 (1252977486)|METHOD_EXIT|[1]|FeatureUpgrades
10:50:51.253 (1253012616)|METHOD_ENTRY|[1]|01po0000003nulZ|FeatureUpgrades.doFeatureUpgrades12_11()
10:50:51.253 (1253270069)|METHOD_ENTRY|[10]|01po0000003Oh7F|MetadataUtils.addNamespaceToCustomObjectLayout(String)
10:50:51.287 (1287147054)|METHOD_ENTRY|[1]|01po0000000dllI|Utils.Utils()
10:50:51.291 (1291105051)|METHOD_EXIT|[1]|Utils
10:50:51.291 (1291136304)|METHOD_ENTRY|[600]|01po0000000dllI|Utils.addNamespace(String)
10:50:51.294 (1294388092)|METHOD_ENTRY|[1]|01po0000000dlkU|Constants.Constants()
10:50:51.350 (1350059731)|METHOD_EXIT|[1]|Constants
10:50:51.350 (1350093027)|METHOD_EXIT|[600]|01po0000000dllI|Utils.addNamespace(String)
10:50:51.350 (1350114341)|METHOD_ENTRY|[600]|01po0000000dllI|Utils.addNamespace(String)
10:50:51.350 (1350130830)|METHOD_EXIT|[600]|01po0000000dllI|Utils.addNamespace(String)
10:50:51.350 (1350144482)|METHOD_EXIT|[10]|01po0000003Oh7F|MetadataUtils.addNamespaceToCustomObjectLayout(String)
10:50:51.350 (1350197092)|METHOD_ENTRY|[11]|01po0000003Oh7D|MetadataService.MetadataPort.readMetadata(String, List<String>)
10:50:51.355 (1355167544)|CONSTRUCTOR_ENTRY|[8870]|01po0000003Oh7D|<init>()
10:50:51.355 (1355365841)|CONSTRUCTOR_EXIT|[8870]|01po0000003Oh7D|<init>()
10:50:51.403 (1403735358)|CALLOUT_REQUEST|[8876]|<?xml version="1.0" encoding="UTF-8"?><env:Envelope xmlns:env="http://schemas.xmlsoap.org/soap/envelope/" xmlns:xsd="http://www.w3.org/2001/XMLSchema" xmlns:xsi="http://www.w3.org/2001/XMLSchema-instance"><env:Header><SessionHeader xmlns="http://soap.sforce.com/2006/04/metadata"><sessionId>00Do0000000HyRH!AQYAQN8haRiIUPIy8IqJdQuuONXpAnNLoOdGuf7fuC3RKyMySkJ3eqSwsblo8.B5_Fi3Y0VDRwn5grPbtgdnJOZulbPGd23U</sessionId></SessionHeader></env:Header><env:Body><readMetadata xmlns="http://soap.sforce.com/2006/04/metadata"><type>Layout</type><fullNames>TeamRaiser_Registration__c-TeamRaiser Registration Layout</fullNames></readMetadata></env:Body></env:Envelope>
10:50:51.403 (1403793198)|CALLOUT_REQUEST|[8876]|readMetadata_element:[apex_schema_type_info=(http://soap.sforce.com/2006/04/metadata, true, false), field_order_type_info=(type_x, fullNames), fullNames=(TeamRaiser_Registration__c-TeamRaiser Registration Layout), fullNames_type_info=(fullNames, http://soap.sforce.com/2006/04/metadata, null, 0, -1, false), type_x=Layout, type_x_type_info=(type, http://soap.sforce.com/2006/04/metadata, null, 1, 1, false)]::SFDC_STACK_DEPTH=1 SOAPAction="" User-Agent=SFDC-Callout/33.0 Accept=text/xml Content-Type=text/xml; charset=UTF-8 
10:50:51.541 (1541353289)|CALLOUT_RESPONSE|[8876]|<?xml version="1.0" encoding="UTF-8"?><soapenv:Envelope xmlns:soapenv="http://schemas.xmlsoap.org/soap/envelope/" xmlns="http://soap.sforce.com/2006/04/metadata" xmlns:xsi="http://www.w3.org/2001/XMLSchema-instance"><soapenv:Body><readMetadataResponse><result><records xsi:type="Layout"><fullName>TeamRaiser_Registration__c-TeamRaiser Registration Layout</fullName><excludeButtons>Submit</excludeButtons><layoutSections><customLabel>false</customLabel><detailHeading>false</detailHeading><editHeading>true</editHeading><label>Information</label><layoutColumns><layoutItems><behavior>Required</behavior><field>Name</field></layoutItems><layoutItems><behavior>Required</behavior><field>Contact__c</field></layoutItems><layoutItems><behavior>Edit</behavior><field>Participation_Type__c</field></layoutItems><layoutItems><behavior>Edit</behavior><field>Participant_s_Home_Page__c</field></layoutItems><layoutItems><behavior>Edit</behavior><field>Registration_Date__c</field></layoutItems><layoutItems><behavior>Edit</behavior><field>Opportunity__c</field></layoutItems><layoutItems><behavior>Required</behavior><field>TeamRaiser_Participation_Type__c</field></layoutItems></layoutColumns><layoutColumns><layoutItems><behavior>Required</behavior><field>Campaign__c</field></layoutItems><layoutItems><behavior>Edit</behavior><field>Team_Captain__c</field></layoutItems><layoutItems><behavior>Edit</behavior><field>Team__c</field></layoutItems><layoutItems><behavior>Edit</behavior><field>Fundraising_Goal__c</field></layoutItems></layoutColumns><style>TwoColumnsTopToBottom</style></layoutSections><layoutSections><customLabel>true</customLabel><detailHeading>false</detailHeading><editHeading>false</editHeading><label>Separator</label><layoutColumns><layoutItems><behavior>Required</behavior><field>Registration_Fee__c</field></layoutItems><layoutItems><behavior>Edit</behavior><field>Total_Raised__c</field></layoutItems></layoutColumns><layoutColumns><layoutItems><behavior>Required</behavior><field>Extra_Gift__c</field></layoutItems><layoutItems><behavior>Edit</behavior><field>Upsell_Amount__c</field></layoutItems></layoutColumns><style>TwoColumnsLeftToRight</style></layoutSections><layoutSections><customLabel>false</customLabel><detailHeading>true</detailHeading><editHeading>true</editHeading><label>System Information</label><layoutColumns><layoutItems><behavior>Readonly</behavior><field>CreatedById</field></layoutItems></layoutColumns><layoutColumns><layoutItems><behavior>Readonly</behavior><field>LastModifiedById</field></layoutItems></layoutColumns><style>TwoColumnsTopToBottom</style></layoutSections><layoutSections><customLabel>true</customLabel><detailHeading>false</detailHeading><editHeading>false</editHeading><label>Custom Links</label><layoutColumns/><layoutColumns/><layoutColumns/><style>CustomLinks</style></layoutSections><relatedLists><fields>OPPORTUNITY.NAME</fields><fields>ACCOUNT.NAME</fields><fields>OPPORTUNITY.CLOSE_DATE</fields><fields>OPPORTUNITY.AMOUNT</fields><relatedList>Opportunity.TeamRaiser_Registration__c</relatedList></relatedLists><relatedLists><fields>NAME</fields><fields>Upsell_Item__c</fields><fields>Item_Price__c</fields><fields>Item_Quantity__c</fields><fields>Total_Amount__c</fields><fields>Date_Fulfilled__c</fields><relatedList>TeamRaiser_Registration_Upsell__c.TeamRaiser_Registration__c</relatedList></relatedLists><showEmailCheckbox>false</showEmailCheckbox><showHighlightsPanel>false</showHighlightsPanel><showInteractionLogPanel>false</showInteractionLogPanel><showRunAssignmentRulesCheckbox>false</showRunAssignmentRulesCheckbox><showSubmitAndAttachButton>false</showSubmitAndAttachButton><summaryLayout><masterLabel>00ho0000000pGUP</masterLabel><sizeX>4</sizeX><sizeY>0</sizeY><summaryLayoutStyle>Default</summaryLayoutStyle></summaryLayout></records></result></readMetadataResponse></soapenv:Body></soapenv:Envelope>
10:50:51.565 (1565222685)|CONSTRUCTOR_ENTRY|[4077]|01po0000003Oh7D|<init>()
10:50:51.565 (1565419613)|CONSTRUCTOR_EXIT|[4077]|01po0000003Oh7D|<init>()
10:50:51.583 (1583356002)|CALLOUT_RESPONSE|[8876]|
10:50:51.583 (1583496661)|METHOD_ENTRY|[8889]|01po0000003Oh7D|MetadataService.readLayoutResponse_element.getResult()
10:50:51.583 (1583522727)|METHOD_EXIT|[8889]|01po0000003Oh7D|MetadataService.readLayoutResponse_element.getResult()
10:50:51.583 (1583536396)|METHOD_EXIT|[11]|01po0000003Oh7D|MetadataService.MetadataPort.readMetadata(String, List<String>)
10:50:51.583 (1583552438)|METHOD_ENTRY|[11]|01po0000003Oh7D|MetadataService.ReadLayoutResult.getRecords()
10:50:51.583 (1583563793)|METHOD_EXIT|[11]|01po0000003Oh7D|MetadataService.ReadLayoutResult.getRecords()
10:50:51.583 (1583652894)|METHOD_ENTRY|[14]|01po0000003nulZ|FeatureUpgrades.addFundraisingGoalToLayout(MetadataService.Layout)
10:50:51.583 (1583677423)|CONSTRUCTOR_ENTRY|[21]|01po0000003Oh7D|<init>()
10:50:51.583 (1583813659)|CONSTRUCTOR_EXIT|[21]|01po0000003Oh7D|<init>()
10:50:51.583 (1583826375)|METHOD_ENTRY|[22]|01po0000000dllI|Utils.addNamespace(String)
10:50:51.583 (1583856936)|METHOD_EXIT|[22]|01po0000000dllI|Utils.addNamespace(String)
10:50:51.583 (1583919095)|METHOD_ENTRY|[23]|01po0000003Oh7F|MetadataUtils.addFieldsToLayout(MetadataService.Layout, String, List<MetadataService.LayoutItem>, Integer)
10:50:51.583 (1583938777)|METHOD_ENTRY|[370]|01po0000003Oh7F|MetadataUtils.getFieldsNotOnLayout(MetadataService.Layout, List<MetadataService.LayoutItem>)
10:50:51.584 (1584178651)|METHOD_ENTRY|[408]|01po0000003Oh7F|MetadataUtils.isFieldInLayout(String, MetadataService.Layout)
10:50:51.584 (1584871853)|METHOD_EXIT|[408]|01po0000003Oh7F|MetadataUtils.isFieldInLayout(String, MetadataService.Layout)
10:50:51.584 (1584894417)|METHOD_EXIT|[370]|01po0000003Oh7F|MetadataUtils.getFieldsNotOnLayout(MetadataService.Layout, List<MetadataService.LayoutItem>)
10:50:51.584 (1584909900)|CONSTRUCTOR_ENTRY|[372]|01po0000003Oh7D|<init>()
10:50:51.584 (1584992302)|CONSTRUCTOR_EXIT|[372]|01po0000003Oh7D|<init>()
10:50:51.585 (1585004622)|CONSTRUCTOR_ENTRY|[373]|01po0000003Oh7D|<init>()
10:50:51.585 (1585050837)|CONSTRUCTOR_EXIT|[373]|01po0000003Oh7D|<init>()
10:50:51.585 (1585198141)|METHOD_EXIT|[23]|01po0000003Oh7F|MetadataUtils.addFieldsToLayout(MetadataService.Layout, String, List<MetadataService.LayoutItem>, Integer)
10:50:51.585 (1585205631)|METHOD_EXIT|[14]|01po0000003nulZ|FeatureUpgrades.addFundraisingGoalToLayout(MetadataService.Layout)
10:50:51.585 (1585241960)|METHOD_ENTRY|[15]|01po0000003nulZ|FeatureUpgrades.addTrProgressWidgetToLayout(MetadataService.Layout)
10:50:51.585 (1585279025)|METHOD_ENTRY|[63]|01po0000003nulZ|FeatureUpgrades.getTrProgressWidgetLayoutSection()
10:50:51.585 (1585293029)|CONSTRUCTOR_ENTRY|[44]|01po0000003Oh7D|<init>()
10:50:51.585 (1585369804)|CONSTRUCTOR_EXIT|[44]|01po0000003Oh7D|<init>()
10:50:51.585 (1585387247)|CONSTRUCTOR_ENTRY|[49]|01po0000003Oh7D|<init>()
10:50:51.585 (1585433004)|CONSTRUCTOR_EXIT|[49]|01po0000003Oh7D|<init>()
10:50:51.585 (1585441484)|CONSTRUCTOR_ENTRY|[50]|01po0000003Oh7D|<init>()
10:50:51.585 (1585568962)|CONSTRUCTOR_EXIT|[50]|01po0000003Oh7D|<init>()
10:50:51.585 (1585582235)|METHOD_ENTRY|[52]|01po0000000dllI|Utils.addNamespace(String)
10:50:51.585 (1585602951)|METHOD_EXIT|[52]|01po0000000dllI|Utils.addNamespace(String)
10:50:51.585 (1585681420)|METHOD_EXIT|[63]|01po0000003nulZ|FeatureUpgrades.getTrProgressWidgetLayoutSection()
10:50:51.585 (1585703523)|METHOD_ENTRY|[63]|01po0000003Oh7F|MetadataUtils.addSectionToLayouts(List<MetadataService.Layout>, MetadataService.LayoutSection, Integer)
10:50:51.585 (1585810864)|METHOD_ENTRY|[588]|01po0000003Oh7F|MetadataUtils.getSectionFromLayout(String, MetadataService.Layout)
10:50:51.586 (1586014386)|METHOD_EXIT|[588]|01po0000003Oh7F|MetadataUtils.getSectionFromLayout(String, MetadataService.Layout)
10:50:51.586 (1586144102)|METHOD_EXIT|[63]|01po0000003Oh7F|MetadataUtils.addSectionToLayouts(List<MetadataService.Layout>, MetadataService.LayoutSection, Integer)
10:50:51.586 (1586151770)|METHOD_EXIT|[15]|01po0000003nulZ|FeatureUpgrades.addTrProgressWidgetToLayout(MetadataService.Layout)
10:50:51.586 (1586166007)|METHOD_ENTRY|[17]|01po0000003Oh7F|MetadataUtils.processSaveLayouts(MetadataService.MetadataPort)
10:50:51.588 (1588578241)|METHOD_ENTRY|[454]|01po0000003Oh7F|MetadataUtils.saveLayouts(List<MetadataService.Layout>, MetadataService.MetadataPort)
10:50:51.588 (1588894797)|METHOD_ENTRY|[444]|01po0000003Oh7D|MetadataService.MetadataPort.updateMetadata(List<MetadataService.Metadata>)
10:50:51.590 (1590463651)|CONSTRUCTOR_ENTRY|[8655]|01po0000003Oh7D|<init>()
10:50:51.590 (1590563378)|CONSTRUCTOR_EXIT|[8655]|01po0000003Oh7D|<init>()
10:50:51.598 (1598270220)|CALLOUT_REQUEST|[8660]|<?xml version="1.0" encoding="UTF-8"?><env:Envelope xmlns:env="http://schemas.xmlsoap.org/soap/envelope/" xmlns:xsd="http://www.w3.org/2001/XMLSchema" xmlns:xsi="http://www.w3.org/2001/XMLSchema-instance"><env:Header><SessionHeader xmlns="http://soap.sforce.com/2006/04/metadata"><sessionId>00Do0000000HyRH!AQYAQN8haRiIUPIy8IqJdQuuONXpAnNLoOdGuf7fuC3RKyMySkJ3eqSwsblo8.B5_Fi3Y0VDRwn5grPbtgdnJOZulbPGd23U</sessionId></SessionHeader></env:Header><env:Body><updateMetadata xmlns="http://soap.sforce.com/2006/04/metadata"><metadata xsi:type="Layout"><fullName>TeamRaiser_Registration__c-TeamRaiser Registration Layout</fullName><excludeButtons>Submit</excludeButtons><layoutSections><customLabel>true</customLabel><detailHeading>true</detailHeading><editHeading>true</editHeading><label>TeamRaiser Progress</label><layoutColumns><layoutItems><height>420</height><page>TeamRaiserProgressWidget</page><showLabel>false</showLabel><showScrollbars>false</showScrollbars><width>100%</width></layoutItems></layoutColumns><style>OneColumn</style></layoutSections><layoutSections><customLabel>false</customLabel><detailHeading>false</detailHeading><editHeading>true</editHeading><label>Information</label><layoutColumns><layoutItems><behavior>Required</behavior><field>Name</field></layoutItems><layoutItems><behavior>Required</behavior><field>Contact__c</field></layoutItems><layoutItems><behavior>Edit</behavior><field>Participation_Type__c</field></layoutItems><layoutItems><behavior>Edit</behavior><field>Participant_s_Home_Page__c</field></layoutItems><layoutItems><behavior>Edit</behavior><field>Registration_Date__c</field></layoutItems><layoutItems><behavior>Edit</behavior><field>Opportunity__c</field></layoutItems><layoutItems><behavior>Required</behavior><field>TeamRaiser_Participation_Type__c</field></layoutItems></layoutColumns><layoutColumns><layoutItems><behavior>Required</behavior><field>Campaign__c</field></layoutItems><layoutItems><behavior>Edit</behavior><field>Team_Captain__c</field></layoutItems><layoutItems><behavior>Edit</behavior><field>Team__c</field></layoutItems><layoutItems><behavior>Edit</behavior><field>Fundraising_Goal__c</field></layoutItems></layoutColumns><style>TwoColumnsTopToBottom</style></layoutSections><layoutSections><customLabel>true</customLabel><detailHeading>false</detailHeading><editHeading>false</editHeading><label>Separator</label><layoutColumns><layoutItems><behavior>Required</behavior><field>Registration_Fee__c</field></layoutItems><layoutItems><behavior>Edit</behavior><field>Total_Raised__c</field></layoutItems></layoutColumns><layoutColumns><layoutItems><behavior>Required</behavior><field>Extra_Gift__c</field></layoutItems><layoutItems><behavior>Edit</behavior><field>Upsell_Amount__c</field></layoutItems></layoutColumns><style>TwoColumnsLeftToRight</style></layoutSections><layoutSections><customLabel>false</customLabel><detailHeading>true</detailHeading><editHeading>true</editHeading><label>System Information</label><layoutColumns><layoutItems><behavior>Readonly</behavior><field>CreatedById</field></layoutItems></layoutColumns><layoutColumns><layoutItems><behavior>Readonly</behavior><field>LastModifiedById</field></layoutItems></layoutColumns><style>TwoColumnsTopToBottom</style></layoutSections><layoutSections><customLabel>true</customLabel><detailHeading>false</detailHeading><editHeading>false</editHeading><label>Custom Links</label><layoutColumns /><layoutColumns /><layoutColumns /><style>CustomLinks</style></layoutSections><relatedLists><fields>OPPORTUNITY.NAME</fields><fields>ACCOUNT.NAME</fields><fields>OPPORTUNITY.CLOSE_DATE</fields><fields>OPPORTUNITY.AMOUNT</fields><relatedList>Opportunity.TeamRaiser_Registration__c</relatedList></relatedLists><relatedLists><fields>NAME</fields><fields>Upsell_Item__c</fields><fields>Item_Price__c</fields><fields>Item_Quantity__c</fields><fields>Total_Amount__c</fields><fields>Date_Fulfilled__c</fields><relatedList>TeamRaiser_Registration_Upsell__c.TeamRaiser_Registration__c</relatedList></relatedLists><showEmailCheckbox>false</showEmailCheckbox><showHighlightsPanel>false</showHighlightsPanel><showInteractionLogPanel>false</showInteractionLogPanel><showRunAssignmentRulesCheckbox>false</showRunAssignmentRulesCheckbox><showSubmitAndAttachButton>false</showSubmitAndAttachButton><summaryLayout><masterLabel>00ho0000000pGUP</masterLabel><sizeX>4</sizeX><sizeY>0</sizeY><summaryLayoutStyle>Default</summaryLayoutStyle></summaryLayout></metadata></updateMetadata></env:Body></env:Envelope>
10:50:51.599 (1599796415)|CALLOUT_REQUEST|[8660]|updateMetadata_element:[apex_schema_type_info=(http://soap.sforce.com/2006/04/metadata, true, false), field_order_type_info=(metadata), metadata=(FullName: TeamRaiser_Registration__c-TeamRaiser Registration Layout
customButtons: null
headers: null
Sections: (LayoutSection: customLabel: true &#124; label: TeamRaiser Progress &#124; detailHeading: true &#124; style: OneColumn &#124; layoutColumns: (LayoutItems: (
LayoutItem: page_x: TeamRaiserProgressWidget scontrol: null field: null)) 
 , LayoutSection: customLabel: false &#124; label: Information &#124; detailHeading: false &#124; style: TwoColumnsTopToBottom &#124; layoutColumns: (LayoutItems: (
LayoutItem: page_x: null scontrol: null field: Name, 
LayoutItem: page_x: null scontrol: null field: Contact__c, 
LayoutItem: page_x: null scontrol: null field: Participation_Type__c, 
LayoutItem: page_x: null scontrol: null field: Participant_s_Home_Page__c, 
LayoutItem: page_x: null scontrol: null field: Registration_Date__c, 
LayoutItem: page_x: null scontrol: null field: Opportunity__c, 
LayoutItem: page_x: null scontrol: null field: TeamRaiser_Participation_Type__c), LayoutItems: (
LayoutItem: page_x: null scontrol: null field: Campaign__c, 
LayoutItem: page_x: null scontrol: null field: Team_Captain__c, 
LayoutItem: page_x: null scontrol: null field: Team__c, 
LayoutItem: page_x: null scontrol: null field: Fundraising_Goal__c)) 
 , LayoutSection: customLabel: true &#124; label: Separator &#124; detailHeading: false &#124; style: TwoColumnsLeftToRight &#124; layoutColumns: (LayoutItems: (
LayoutItem: page_x: null scontrol: null field: Registration_Fee__c, 
LayoutItem: page_x: null scontrol: null field: Total_Raised__c), LayoutItems: (
LayoutItem: page_x: null scontrol: null field: Extra_Gift__c, 
LayoutItem: page_x: null scontrol: null field: Upsell_Amount__c)) 
 , LayoutSection: customLabel: false &#124; label: System Information &#124; detailHeading: true &#124; style: TwoColumnsTopToBottom &#124; layoutColumns: (LayoutItems: (
LayoutItem: page_x: null scontrol: null field: CreatedById), LayoutItems: (
LayoutItem: page_x: null scontrol: null field: LastModifiedById)) 
 , LayoutSection: customLabel: true &#124; label: Custom Links &#124; detailHeading: false &#124; style: CustomLinks &#124; layoutColumns: (LayoutItems: null, LayoutItems: null, LayoutItems: null) 
 )
relatedObjects: null
relatedLists: (RelatedListItem:[apex_schema_type_info=(http://soap.sforce.com/2006/04/metadata, true, false), customButtons=null, customButtons_type_info=(customButtons, http://soap.sforce.com/2006/04/metadata, null, 0, -1, false), excludeButtons=null, excludeButtons_type_info=(excludeButtons, http://soap.sforce.com/2006/04/metadata, null, 0, -1, false), field_order_type_info=(customButtons, excludeButtons, fields, relatedList, sortField, sortOrder), fields=(OPPORTUNITY.NAME, ACCOUNT.NAME, OPPORTUNITY.CLOSE_DATE, OPPORTUNITY.AMOUNT), fields_type_info=(fields, http://soap.sforce.com/2006/04/metadata, null, 0, -1, false), relatedList=Opportunity.TeamRaiser_Registration__c, relatedList_type_info=(relatedList, http://soap.sforce.com/2006/04/metadata, null, 1, 1, false), sortField=null, sortField_type_info=(sortField, http://soap.sforce.com/2006/04/metadata, null, 0, 1, false), sortOrder=null, sortOrder_type_info=(sortOrder, http://soap.sforce.com/2006/04/metadata, null, 0, 1, false)], RelatedListItem:[apex_schema_type_info=(http://soap.sforce.com/2006/04/metadata, true, false), customButtons=null, customButtons_type_info=(customButtons, http://soap.sforce.com/2006/04/metadata, null, 0, -1, false), excludeButtons=null, excludeButtons_type_info=(excludeButtons, http://soap.sforce.com/2006/04/metadata, null, 0, -1, false), field_order_type_info=(customButtons, excludeButtons, fields, relatedList, sortField, sortOrder), fields=(NAME, Upsell_Item__c, Item_Price__c, Item_Quantity__c, Total_Amount__c, Date_Fulfilled__c), fields_type_info=(fields, http://soap.sforce.com/2006/04/metadata, null, 0, -1, false), relatedList=TeamRaiser_Registration_Upsell__c.TeamRaiser_Registration__c, relatedList_type_info=(relatedList, http://soap.sforce.com/2006/04/metadata, null, 1, 1, false), sortField=null, sortField_type_info=(sortField, http://soap.sforce.com/2006/04/metadata, null, 0, 1, false), sortOrder=null, sortOrder_type_info=(sortOrder, http://soap.sforce.com/2006/04/metadata, null, 0, 1, false)])
miniLayout null
), metadata_type_info=(metadata, http://soap.sforce.com/2006/04/metadata, null, 0, -1, false)]::SFDC_STACK_DEPTH=1 SOAPAction="" User-Agent=SFDC-Callout/33.0 Accept=text/xml Content-Type=text/xml; charset=UTF-8 
10:50:51.894 (1894568940)|CALLOUT_RESPONSE|[8660]|<?xml version="1.0" encoding="UTF-8"?><soapenv:Envelope xmlns:soapenv="http://schemas.xmlsoap.org/soap/envelope/" xmlns="http://soap.sforce.com/2006/04/metadata"><soapenv:Body><updateMetadataResponse><result><fullName>TeamRaiser_Registration__c-TeamRaiser Registration Layout</fullName><success>true</success></result></updateMetadataResponse></soapenv:Body></soapenv:Envelope>
10:50:51.901 (1901174513)|CALLOUT_RESPONSE|[8660]|
10:50:51.901 (1901312215)|METHOD_EXIT|[444]|01po0000003Oh7D|MetadataService.MetadataPort.updateMetadata(List<MetadataService.Metadata>)
10:50:51.901 (1901392448)|METHOD_EXIT|[454]|01po0000003Oh7F|MetadataUtils.saveLayouts(List<MetadataService.Layout>, MetadataService.MetadataPort)
10:50:51.904 (1904151007)|METHOD_ENTRY|[456]|01po0000003Oh7F|MetadataUtils.processSaveResults(List<MetadataService.SaveResult>)
10:50:51.904 (1904336572)|METHOD_ENTRY|[495]|01po0000003Oh7F|MetadataUtils.handleSaveResult(MetadataService.SaveResult)
10:50:51.904 (1904364376)|METHOD_EXIT|[495]|01po0000003Oh7F|MetadataUtils.handleSaveResult(MetadataService.SaveResult)
10:50:51.904 (1904389203)|METHOD_EXIT|[456]|01po0000003Oh7F|MetadataUtils.processSaveResults(List<MetadataService.SaveResult>)
10:50:51.904 (1904397135)|METHOD_EXIT|[17]|01po0000003Oh7F|MetadataUtils.processSaveLayouts(MetadataService.MetadataPort)
10:50:51.904 (1904403568)|METHOD_EXIT|[1]|01po0000003nulZ|FeatureUpgrades.doFeatureUpgrades12_11()
10:50:52.264 (1904434420)|CUMULATIVE_LIMIT_USAGE
10:50:52.264|LIMIT_USAGE_FOR_NS|(default)|
  Number of SOQL queries: 0 out of 100
  Number of query rows: 0 out of 50000
  Number of SOSL queries: 0 out of 20
  Number of DML statements: 0 out of 150
  Number of DML rows: 0 out of 10000
  Maximum CPU time: 0 out of 10000
  Maximum heap size: 0 out of 6000000
  Number of callouts: 2 out of 100
  Number of Email Invocations: 0 out of 10
  Number of future calls: 0 out of 50
  Number of queueable jobs added to the queue: 0 out of 50
  Number of Mobile Apex push calls: 0 out of 10

10:50:52.264|CUMULATIVE_LIMIT_USAGE_END

10:50:51.904 (1904455448)|CODE_UNIT_FINISHED|execute_anonymous_apex
10:50:51.906 (1906225134)|EXECUTION_FINISHED