Execute Anonymous

================================

TeamRaiserProgressWidgetController controller = new TeamRaiserProgressWidgetController();

controller.trRegId = 'a0jo0000001I2Qm'; 
controller.trReg = [SELECT Id, Total_Raised__c, Fundraising_Goal__c, Registration_Date__c, Extra_Gift__c
				FROM TeamRaiser_Registration__c 
				WHERE Id = 'a0jo0000001I2Qm'];
				
controller.generateData();
System.debug(controller.confirmedAmounts);

================================

31.0 APEX_CODE,DEBUG;APEX_PROFILING,DEBUG;CALLOUT,INFO;DB,INFO;VALIDATION,INFO;WORKFLOW,INFO
Execute Anonymous: TeamRaiserProgressWidgetController controller = new TeamRaiserProgressWidgetController();
Execute Anonymous: 
Execute Anonymous: controller.trRegId = 'a0jo0000001I2Qm'; 
Execute Anonymous: controller.trReg = [SELECT Id, Total_Raised__c, Fundraising_Goal__c, Registration_Date__c, Extra_Gift__c
Execute Anonymous: 				FROM TeamRaiser_Registration__c 
Execute Anonymous: 				WHERE Id = 'a0jo0000001I2Qm'];
Execute Anonymous: 				
Execute Anonymous: controller.generateData();
Execute Anonymous: System.debug(controller.confirmedAmounts);
08:32:47.259 (259982388)|EXECUTION_STARTED
08:32:47.259 (259993149)|CODE_UNIT_STARTED|[EXTERNAL]|execute_anonymous_apex
08:32:47.284 (284138260)|METHOD_ENTRY|[1]|01po0000003noZB|TeamRaiserProgressWidgetController.TeamRaiserProgressWidgetController()
08:32:47.284 (284278043)|METHOD_ENTRY|[6]|01po0000003QZvz|CurrencyFormatter.CurrencyFormatter()
08:32:47.284 (284292054)|METHOD_EXIT|[6]|CurrencyFormatter
08:32:47.284 (284335081)|METHOD_ENTRY|[5]|01po0000003QZvz|CurrencyFormatter.currencyOfUser(Boolean)
08:32:47.285 (285378394)|CONSTRUCTOR_ENTRY|[34]|01po0000003QZvz|<init>(String,String,Boolean)
08:32:47.285 (285502945)|CONSTRUCTOR_ENTRY|[14]|01po0000003QZvz|<init>(Integer,String)
08:32:47.285 (285717895)|CONSTRUCTOR_EXIT|[14]|01po0000003QZvz|<init>(Integer,String)
08:32:47.285 (285742194)|CONSTRUCTOR_ENTRY|[14]|01po0000003QZvz|<init>(Integer,String)
08:32:47.285 (285786629)|CONSTRUCTOR_EXIT|[14]|01po0000003QZvz|<init>(Integer,String)
08:32:47.285 (285804926)|CONSTRUCTOR_ENTRY|[14]|01po0000003QZvz|<init>(Integer,String)
08:32:47.285 (285845967)|CONSTRUCTOR_EXIT|[14]|01po0000003QZvz|<init>(Integer,String)
08:32:47.285 (285863447)|CONSTRUCTOR_ENTRY|[14]|01po0000003QZvz|<init>(Integer,String)
08:32:47.285 (285906595)|CONSTRUCTOR_EXIT|[14]|01po0000003QZvz|<init>(Integer,String)
08:32:47.285 (285957561)|METHOD_ENTRY|[25]|01po0000003QZvz|CurrencyFormatter.getDecimalSeparator()
08:32:47.286 (286133047)|METHOD_EXIT|[25]|01po0000003QZvz|CurrencyFormatter.getDecimalSeparator()
08:32:47.286 (286167748)|CONSTRUCTOR_EXIT|[34]|01po0000003QZvz|<init>(String,String,Boolean)
08:32:47.286 (286177079)|METHOD_EXIT|[5]|01po0000003QZvz|CurrencyFormatter.currencyOfUser(Boolean)
08:32:47.286 (286189291)|METHOD_EXIT|[1]|TeamRaiserProgressWidgetController
08:32:47.286 (286322578)|CONSTRUCTOR_ENTRY|[1]|01po0000003noZB|<init>()
08:32:47.286 (286355407)|CONSTRUCTOR_EXIT|[1]|01po0000003noZB|<init>()
08:32:47.286 (286832451)|SOQL_EXECUTE_BEGIN|[4]|Aggregations:0|SELECT Id, Total_Raised__c, Fundraising_Goal__c, Registration_Date__c, Extra_Gift__c FROM TeamRaiser_Registration__c WHERE Id = 'a0jo0000001I2Qm'
08:32:47.290 (290030701)|SOQL_EXECUTE_END|[4]|Rows:1
08:32:47.290 (290255103)|METHOD_ENTRY|[8]|01po0000003noZB|TeamRaiserProgressWidgetController.generateData()
08:32:47.290 (290288992)|METHOD_ENTRY|[65]|01po0000003noZB|TeamRaiserProgressWidgetController.getTotalAmountPerMonth()
08:32:47.290 (290835181)|SOQL_EXECUTE_BEGIN|[87]|Aggregations:0|SELECT SUM(Amount) totalAmount, CALENDAR_MONTH(CloseDate) month, CALENDAR_YEAR(CloseDate) year, StageName stage FROM Opportunity WHERE (TeamRaiser_Registration__c = :tmpVar1 AND (StageName = 'Received' OR StageName = 'Not Received')) GROUP BY CALENDAR_YEAR(CloseDate), CALENDAR_MONTH(CloseDate), StageName ORDER BY CALENDAR_YEAR(CloseDate) ASC NULLS FIRST, CALENDAR_MONTH(CloseDate) ASC NULLS FIRST
08:32:47.301 (301938705)|SOQL_EXECUTE_END|[87]|Rows:1
08:32:47.301 (301989982)|METHOD_EXIT|[65]|01po0000003noZB|TeamRaiserProgressWidgetController.getTotalAmountPerMonth()
08:32:47.302 (302011330)|METHOD_ENTRY|[66]|01po0000003noZB|TeamRaiserProgressWidgetController.convertAggregatesToDates(List<AggregateResult>)
08:32:47.302 (302315965)|METHOD_ENTRY|[101]|01po0000003noZB|TeamRaiserProgressWidgetController.aggregateResultToDate(AggregateResult)
08:32:47.302 (302469517)|METHOD_EXIT|[101]|01po0000003noZB|TeamRaiserProgressWidgetController.aggregateResultToDate(AggregateResult)
08:32:47.302 (302517875)|METHOD_EXIT|[66]|01po0000003noZB|TeamRaiserProgressWidgetController.convertAggregatesToDates(List<AggregateResult>)
08:32:47.302 (302585173)|METHOD_ENTRY|[71]|01po0000003noZB|TeamRaiserProgressWidgetController.getDisplayMonths(Date)
08:32:47.302 (302929342)|METHOD_EXIT|[71]|01po0000003noZB|TeamRaiserProgressWidgetController.getDisplayMonths(Date)
08:32:47.302 (302944296)|METHOD_ENTRY|[72]|01po0000003noZB|TeamRaiserProgressWidgetController.getFormattedMonths(List<Date>)
08:32:47.303 (303036647)|METHOD_ENTRY|[111]|01po0000003noZB|TeamRaiserProgressWidgetController.getFormattedDate(Date)
08:32:47.331 (331949898)|METHOD_ENTRY|[1]|01po0000000dllI|Utils.Utils()
08:32:47.344 (344523364)|METHOD_EXIT|[1]|Utils
08:32:47.344 (344563123)|METHOD_ENTRY|[127]|01po0000000dllI|Utils.getMonthStr(Integer)
08:32:47.344 (344595924)|METHOD_EXIT|[127]|01po0000000dllI|Utils.getMonthStr(Integer)
08:32:47.344 (344715901)|METHOD_EXIT|[111]|01po0000003noZB|TeamRaiserProgressWidgetController.getFormattedDate(Date)
08:32:47.344 (344779015)|METHOD_ENTRY|[111]|01po0000003noZB|TeamRaiserProgressWidgetController.getFormattedDate(Date)
08:32:47.344 (344809100)|METHOD_ENTRY|[127]|01po0000000dllI|Utils.getMonthStr(Integer)
08:32:47.344 (344826411)|METHOD_EXIT|[127]|01po0000000dllI|Utils.getMonthStr(Integer)
08:32:47.344 (344898894)|METHOD_EXIT|[111]|01po0000003noZB|TeamRaiserProgressWidgetController.getFormattedDate(Date)
08:32:47.344 (344940596)|METHOD_ENTRY|[111]|01po0000003noZB|TeamRaiserProgressWidgetController.getFormattedDate(Date)
08:32:47.344 (344966352)|METHOD_ENTRY|[127]|01po0000000dllI|Utils.getMonthStr(Integer)
08:32:47.344 (344978475)|METHOD_EXIT|[127]|01po0000000dllI|Utils.getMonthStr(Integer)
08:32:47.345 (345043816)|METHOD_EXIT|[111]|01po0000003noZB|TeamRaiserProgressWidgetController.getFormattedDate(Date)
08:32:47.345 (345084162)|METHOD_ENTRY|[111]|01po0000003noZB|TeamRaiserProgressWidgetController.getFormattedDate(Date)
08:32:47.345 (345114378)|METHOD_ENTRY|[127]|01po0000000dllI|Utils.getMonthStr(Integer)
08:32:47.345 (345127629)|METHOD_EXIT|[127]|01po0000000dllI|Utils.getMonthStr(Integer)
08:32:47.345 (345196368)|METHOD_EXIT|[111]|01po0000003noZB|TeamRaiserProgressWidgetController.getFormattedDate(Date)
08:32:47.345 (345236368)|METHOD_ENTRY|[111]|01po0000003noZB|TeamRaiserProgressWidgetController.getFormattedDate(Date)
08:32:47.345 (345261027)|METHOD_ENTRY|[127]|01po0000000dllI|Utils.getMonthStr(Integer)
08:32:47.345 (345273829)|METHOD_EXIT|[127]|01po0000000dllI|Utils.getMonthStr(Integer)
08:32:47.345 (345338534)|METHOD_EXIT|[111]|01po0000003noZB|TeamRaiserProgressWidgetController.getFormattedDate(Date)
08:32:47.345 (345377615)|METHOD_ENTRY|[111]|01po0000003noZB|TeamRaiserProgressWidgetController.getFormattedDate(Date)
08:32:47.345 (345402140)|METHOD_ENTRY|[127]|01po0000000dllI|Utils.getMonthStr(Integer)
08:32:47.345 (345434204)|METHOD_EXIT|[127]|01po0000000dllI|Utils.getMonthStr(Integer)
08:32:47.345 (345511234)|METHOD_EXIT|[111]|01po0000003noZB|TeamRaiserProgressWidgetController.getFormattedDate(Date)
08:32:47.345 (345553646)|METHOD_EXIT|[72]|01po0000003noZB|TeamRaiserProgressWidgetController.getFormattedMonths(List<Date>)
08:32:47.345 (345596410)|METHOD_ENTRY|[73]|01po0000003noZB|TeamRaiserProgressWidgetController.getRefundsPerDisplayMonth(List<Date>)
08:32:47.346 (346168403)|SOQL_EXECUTE_BEGIN|[210]|Aggregations:0|SELECT CALENDAR_YEAR(Refund_Date__c) year, CALENDAR_MONTH(Refund_Date__c) month, SUM(Amount) totalAmount, StageName stage FROM Opportunity WHERE (TeamRaiser_Registration__c = :tmpVar1 AND Refund_Date__c != NULL AND StageName = 'Refunded') GROUP BY CALENDAR_YEAR(Refund_Date__c), CALENDAR_MONTH(Refund_Date__c), StageName ORDER BY CALENDAR_YEAR(Refund_Date__c) ASC NULLS FIRST, CALENDAR_MONTH(Refund_Date__c) ASC NULLS FIRST
08:32:47.418 (418457906)|SOQL_EXECUTE_END|[210]|Rows:1
08:32:47.418 (418578501)|METHOD_ENTRY|[223]|01po0000003noZB|TeamRaiserProgressWidgetController.getAmountRaisedByDisplayMonth(List<AggregateResult>, List<Date>, String)
08:32:47.418 (418818065)|USER_DEBUG|[158]|DEBUG|RESULTS: (AggregateResult:{month=3, totalAmount=200.0, year=2015, stage=Refunded})
08:32:47.419 (419056897)|USER_DEBUG|[163]|DEBUG|Result: 200.0 Refunded
08:32:47.419 (419073154)|METHOD_ENTRY|[164]|01po0000003noZB|TeamRaiserProgressWidgetController.aggregateResultToDate(AggregateResult)
08:32:47.419 (419182138)|METHOD_EXIT|[164]|01po0000003noZB|TeamRaiserProgressWidgetController.aggregateResultToDate(AggregateResult)
08:32:47.419 (419470123)|USER_DEBUG|[163]|DEBUG|Result: 200.0 Refunded
08:32:47.419 (419482923)|METHOD_ENTRY|[164]|01po0000003noZB|TeamRaiserProgressWidgetController.aggregateResultToDate(AggregateResult)
08:32:47.419 (419570399)|METHOD_EXIT|[164]|01po0000003noZB|TeamRaiserProgressWidgetController.aggregateResultToDate(AggregateResult)
08:32:47.419 (419806699)|USER_DEBUG|[163]|DEBUG|Result: 200.0 Refunded
08:32:47.419 (419818829)|METHOD_ENTRY|[164]|01po0000003noZB|TeamRaiserProgressWidgetController.aggregateResultToDate(AggregateResult)
08:32:47.419 (419900294)|METHOD_EXIT|[164]|01po0000003noZB|TeamRaiserProgressWidgetController.aggregateResultToDate(AggregateResult)
08:32:47.420 (420109381)|USER_DEBUG|[163]|DEBUG|Result: 200.0 Refunded
08:32:47.420 (420121982)|METHOD_ENTRY|[164]|01po0000003noZB|TeamRaiserProgressWidgetController.aggregateResultToDate(AggregateResult)
08:32:47.420 (420198469)|METHOD_EXIT|[164]|01po0000003noZB|TeamRaiserProgressWidgetController.aggregateResultToDate(AggregateResult)
08:32:47.420 (420400623)|USER_DEBUG|[163]|DEBUG|Result: 200.0 Refunded
08:32:47.420 (420411622)|METHOD_ENTRY|[164]|01po0000003noZB|TeamRaiserProgressWidgetController.aggregateResultToDate(AggregateResult)
08:32:47.420 (420489068)|METHOD_EXIT|[164]|01po0000003noZB|TeamRaiserProgressWidgetController.aggregateResultToDate(AggregateResult)
08:32:47.420 (420577076)|METHOD_ENTRY|[177]|01po0000003noZB|TeamRaiserProgressWidgetController.sameStage(AggregateResult, String)
08:32:47.420 (420668525)|METHOD_EXIT|[177]|01po0000003noZB|TeamRaiserProgressWidgetController.sameStage(AggregateResult, String)
08:32:47.420 (420817633)|USER_DEBUG|[178]|DEBUG|Same month. Adding to cummulativeAmount 3 2015
08:32:47.421 (421059880)|USER_DEBUG|[163]|DEBUG|Result: 200.0 Refunded
08:32:47.421 (421072883)|METHOD_ENTRY|[164]|01po0000003noZB|TeamRaiserProgressWidgetController.aggregateResultToDate(AggregateResult)
08:32:47.421 (421155472)|METHOD_EXIT|[164]|01po0000003noZB|TeamRaiserProgressWidgetController.aggregateResultToDate(AggregateResult)
08:32:47.421 (421252950)|METHOD_EXIT|[223]|01po0000003noZB|TeamRaiserProgressWidgetController.getAmountRaisedByDisplayMonth(List<AggregateResult>, List<Date>, String)
08:32:47.421 (421262256)|METHOD_EXIT|[73]|01po0000003noZB|TeamRaiserProgressWidgetController.getRefundsPerDisplayMonth(List<Date>)
08:32:47.421 (421273252)|METHOD_ENTRY|[75]|01po0000003noZB|TeamRaiserProgressWidgetController.getAmountRaisedByDisplayMonth(List<AggregateResult>, List<Date>, String)
08:32:47.421 (421354055)|USER_DEBUG|[158]|DEBUG|RESULTS: (AggregateResult:{month=3, totalAmount=20.0, year=2015, stage=Received})
08:32:47.421 (421476735)|USER_DEBUG|[163]|DEBUG|Result: 20.0 Received
08:32:47.421 (421488374)|METHOD_ENTRY|[164]|01po0000003noZB|TeamRaiserProgressWidgetController.aggregateResultToDate(AggregateResult)
08:32:47.421 (421589127)|METHOD_EXIT|[164]|01po0000003noZB|TeamRaiserProgressWidgetController.aggregateResultToDate(AggregateResult)
08:32:47.421 (421840291)|USER_DEBUG|[163]|DEBUG|Result: 20.0 Received
08:32:47.421 (421856255)|METHOD_ENTRY|[164]|01po0000003noZB|TeamRaiserProgressWidgetController.aggregateResultToDate(AggregateResult)
08:32:47.421 (421935313)|METHOD_EXIT|[164]|01po0000003noZB|TeamRaiserProgressWidgetController.aggregateResultToDate(AggregateResult)
08:32:47.422 (422144099)|USER_DEBUG|[163]|DEBUG|Result: 20.0 Received
08:32:47.422 (422156079)|METHOD_ENTRY|[164]|01po0000003noZB|TeamRaiserProgressWidgetController.aggregateResultToDate(AggregateResult)
08:32:47.422 (422231389)|METHOD_EXIT|[164]|01po0000003noZB|TeamRaiserProgressWidgetController.aggregateResultToDate(AggregateResult)
08:32:47.422 (422433456)|USER_DEBUG|[163]|DEBUG|Result: 20.0 Received
08:32:47.422 (422445765)|METHOD_ENTRY|[164]|01po0000003noZB|TeamRaiserProgressWidgetController.aggregateResultToDate(AggregateResult)
08:32:47.422 (422548762)|METHOD_EXIT|[164]|01po0000003noZB|TeamRaiserProgressWidgetController.aggregateResultToDate(AggregateResult)
08:32:47.422 (422752925)|USER_DEBUG|[163]|DEBUG|Result: 20.0 Received
08:32:47.422 (422764124)|METHOD_ENTRY|[164]|01po0000003noZB|TeamRaiserProgressWidgetController.aggregateResultToDate(AggregateResult)
08:32:47.422 (422839447)|METHOD_EXIT|[164]|01po0000003noZB|TeamRaiserProgressWidgetController.aggregateResultToDate(AggregateResult)
08:32:47.422 (422920829)|METHOD_ENTRY|[177]|01po0000003noZB|TeamRaiserProgressWidgetController.sameStage(AggregateResult, String)
08:32:47.422 (422977438)|METHOD_EXIT|[177]|01po0000003noZB|TeamRaiserProgressWidgetController.sameStage(AggregateResult, String)
08:32:47.423 (423071673)|USER_DEBUG|[178]|DEBUG|Same month. Adding to cummulativeAmount 3 2015
08:32:47.423 (423257895)|USER_DEBUG|[163]|DEBUG|Result: 20.0 Received
08:32:47.423 (423269356)|METHOD_ENTRY|[164]|01po0000003noZB|TeamRaiserProgressWidgetController.aggregateResultToDate(AggregateResult)
08:32:47.423 (423345178)|METHOD_EXIT|[164]|01po0000003noZB|TeamRaiserProgressWidgetController.aggregateResultToDate(AggregateResult)
08:32:47.423 (423416896)|METHOD_EXIT|[75]|01po0000003noZB|TeamRaiserProgressWidgetController.getAmountRaisedByDisplayMonth(List<AggregateResult>, List<Date>, String)
08:32:47.423 (423454275)|METHOD_EXIT|[8]|01po0000003noZB|TeamRaiserProgressWidgetController.generateData()
08:32:47.423 (423603610)|USER_DEBUG|[9]|DEBUG|(0, 0, 0, 0, 20.0, 20.0)
08:32:47.393 (423653689)|CUMULATIVE_LIMIT_USAGE
08:32:47.393|LIMIT_USAGE_FOR_NS|(default)|
  Number of SOQL queries: 3 out of 100
  Number of query rows: 5 out of 50000
  Number of SOSL queries: 0 out of 20
  Number of DML statements: 0 out of 150
  Number of DML rows: 0 out of 10000
  Maximum CPU time: 0 out of 10000
  Maximum heap size: 0 out of 6000000
  Number of callouts: 0 out of 100
  Number of Email Invocations: 0 out of 10
  Number of future calls: 0 out of 50
  Number of queueable jobs added to the queue: 0 out of 50
  Number of Mobile Apex push calls: 0 out of 10

08:32:47.393|CUMULATIVE_LIMIT_USAGE_END

08:32:47.423 (423691025)|CODE_UNIT_FINISHED|execute_anonymous_apex
08:32:47.425 (425690209)|EXECUTION_FINISHED