Execute Anonymous

================================

TeamRaiserProgressWidgetController controller = new TeamRaiserProgressWidgetController();

controller.trRegId = 'a0jo0000001I2Qm'; 
controller.trReg = [SELECT Id, Total_Raised__c, Fundraising_Goal__c, Registration_Date__c, Extra_Gift__c
				FROM TeamRaiser_Registration__c 
				WHERE Id = 'a0jo0000001I2Qm'];
				
controller.generateData();
System.debug(controller.confirmedAmounts);

================================

31.0 APEX_CODE,DEBUG;APEX_PROFILING,DEBUG;CALLOUT,INFO;DB,INFO;VALIDATION,INFO;WORKFLOW,INFO
Execute Anonymous: TeamRaiserProgressWidgetController controller = new TeamRaiserProgressWidgetController();
Execute Anonymous: 
Execute Anonymous: controller.trRegId = 'a0jo0000001I2Qm'; 
Execute Anonymous: controller.trReg = [SELECT Id, Total_Raised__c, Fundraising_Goal__c, Registration_Date__c, Extra_Gift__c
Execute Anonymous: 				FROM TeamRaiser_Registration__c 
Execute Anonymous: 				WHERE Id = 'a0jo0000001I2Qm'];
Execute Anonymous: 				
Execute Anonymous: controller.generateData();
Execute Anonymous: System.debug(controller.confirmedAmounts);
08:39:39.166 (166386837)|EXECUTION_STARTED
08:39:39.166 (166400081)|CODE_UNIT_STARTED|[EXTERNAL]|execute_anonymous_apex
08:39:39.186 (186128636)|METHOD_ENTRY|[1]|01po0000003noZB|TeamRaiserProgressWidgetController.TeamRaiserProgressWidgetController()
08:39:39.186 (186271276)|METHOD_ENTRY|[6]|01po0000003QZvz|CurrencyFormatter.CurrencyFormatter()
08:39:39.186 (186288520)|METHOD_EXIT|[6]|CurrencyFormatter
08:39:39.186 (186339560)|METHOD_ENTRY|[5]|01po0000003QZvz|CurrencyFormatter.currencyOfUser(Boolean)
08:39:39.187 (187655354)|CONSTRUCTOR_ENTRY|[34]|01po0000003QZvz|<init>(String,String,Boolean)
08:39:39.187 (187819120)|CONSTRUCTOR_ENTRY|[14]|01po0000003QZvz|<init>(Integer,String)
08:39:39.188 (188052917)|CONSTRUCTOR_EXIT|[14]|01po0000003QZvz|<init>(Integer,String)
08:39:39.188 (188081472)|CONSTRUCTOR_ENTRY|[14]|01po0000003QZvz|<init>(Integer,String)
08:39:39.188 (188135629)|CONSTRUCTOR_EXIT|[14]|01po0000003QZvz|<init>(Integer,String)
08:39:39.188 (188158993)|CONSTRUCTOR_ENTRY|[14]|01po0000003QZvz|<init>(Integer,String)
08:39:39.188 (188210373)|CONSTRUCTOR_EXIT|[14]|01po0000003QZvz|<init>(Integer,String)
08:39:39.188 (188232815)|CONSTRUCTOR_ENTRY|[14]|01po0000003QZvz|<init>(Integer,String)
08:39:39.188 (188282958)|CONSTRUCTOR_EXIT|[14]|01po0000003QZvz|<init>(Integer,String)
08:39:39.188 (188338624)|METHOD_ENTRY|[25]|01po0000003QZvz|CurrencyFormatter.getDecimalSeparator()
08:39:39.188 (188504299)|METHOD_EXIT|[25]|01po0000003QZvz|CurrencyFormatter.getDecimalSeparator()
08:39:39.188 (188548985)|CONSTRUCTOR_EXIT|[34]|01po0000003QZvz|<init>(String,String,Boolean)
08:39:39.188 (188565335)|METHOD_EXIT|[5]|01po0000003QZvz|CurrencyFormatter.currencyOfUser(Boolean)
08:39:39.188 (188583930)|METHOD_EXIT|[1]|TeamRaiserProgressWidgetController
08:39:39.188 (188702465)|CONSTRUCTOR_ENTRY|[1]|01po0000003noZB|<init>()
08:39:39.188 (188741271)|CONSTRUCTOR_EXIT|[1]|01po0000003noZB|<init>()
08:39:39.189 (189247034)|SOQL_EXECUTE_BEGIN|[4]|Aggregations:0|SELECT Id, Total_Raised__c, Fundraising_Goal__c, Registration_Date__c, Extra_Gift__c FROM TeamRaiser_Registration__c WHERE Id = 'a0jo0000001I2Qm'
08:39:39.191 (191800493)|SOQL_EXECUTE_END|[4]|Rows:1
08:39:39.192 (192072626)|METHOD_ENTRY|[8]|01po0000003noZB|TeamRaiserProgressWidgetController.generateData()
08:39:39.192 (192117139)|METHOD_ENTRY|[65]|01po0000003noZB|TeamRaiserProgressWidgetController.getTotalAmountPerMonth()
08:39:39.192 (192720589)|SOQL_EXECUTE_BEGIN|[87]|Aggregations:0|SELECT SUM(Amount) totalAmount, CALENDAR_MONTH(CloseDate) month, CALENDAR_YEAR(CloseDate) year, StageName stage FROM Opportunity WHERE TeamRaiser_Registration__c = :tmpVar1 GROUP BY CALENDAR_YEAR(CloseDate), CALENDAR_MONTH(CloseDate), StageName ORDER BY CALENDAR_YEAR(CloseDate) ASC NULLS FIRST, CALENDAR_MONTH(CloseDate) ASC NULLS FIRST
08:39:39.201 (201989222)|SOQL_EXECUTE_END|[87]|Rows:2
08:39:39.202 (202047481)|METHOD_EXIT|[65]|01po0000003noZB|TeamRaiserProgressWidgetController.getTotalAmountPerMonth()
08:39:39.202 (202074563)|METHOD_ENTRY|[66]|01po0000003noZB|TeamRaiserProgressWidgetController.convertAggregatesToDates(List<AggregateResult>)
08:39:39.202 (202422730)|METHOD_ENTRY|[101]|01po0000003noZB|TeamRaiserProgressWidgetController.aggregateResultToDate(AggregateResult)
08:39:39.202 (202613581)|METHOD_EXIT|[101]|01po0000003noZB|TeamRaiserProgressWidgetController.aggregateResultToDate(AggregateResult)
08:39:39.202 (202687938)|METHOD_ENTRY|[101]|01po0000003noZB|TeamRaiserProgressWidgetController.aggregateResultToDate(AggregateResult)
08:39:39.202 (202785991)|METHOD_EXIT|[101]|01po0000003noZB|TeamRaiserProgressWidgetController.aggregateResultToDate(AggregateResult)
08:39:39.202 (202834632)|METHOD_EXIT|[66]|01po0000003noZB|TeamRaiserProgressWidgetController.convertAggregatesToDates(List<AggregateResult>)
08:39:39.202 (202922846)|METHOD_ENTRY|[71]|01po0000003noZB|TeamRaiserProgressWidgetController.getDisplayMonths(Date)
08:39:39.203 (203366838)|METHOD_EXIT|[71]|01po0000003noZB|TeamRaiserProgressWidgetController.getDisplayMonths(Date)
08:39:39.203 (203389288)|METHOD_ENTRY|[72]|01po0000003noZB|TeamRaiserProgressWidgetController.getFormattedMonths(List<Date>)
08:39:39.203 (203510167)|METHOD_ENTRY|[111]|01po0000003noZB|TeamRaiserProgressWidgetController.getFormattedDate(Date)
08:39:39.227 (227137275)|METHOD_ENTRY|[1]|01po0000000dllI|Utils.Utils()
08:39:39.228 (228251287)|METHOD_EXIT|[1]|Utils
08:39:39.228 (228297421)|METHOD_ENTRY|[127]|01po0000000dllI|Utils.getMonthStr(Integer)
08:39:39.228 (228324559)|METHOD_EXIT|[127]|01po0000000dllI|Utils.getMonthStr(Integer)
08:39:39.228 (228451416)|METHOD_EXIT|[111]|01po0000003noZB|TeamRaiserProgressWidgetController.getFormattedDate(Date)
08:39:39.228 (228513485)|METHOD_ENTRY|[111]|01po0000003noZB|TeamRaiserProgressWidgetController.getFormattedDate(Date)
08:39:39.228 (228550509)|METHOD_ENTRY|[127]|01po0000000dllI|Utils.getMonthStr(Integer)
08:39:39.228 (228575126)|METHOD_EXIT|[127]|01po0000000dllI|Utils.getMonthStr(Integer)
08:39:39.228 (228653088)|METHOD_EXIT|[111]|01po0000003noZB|TeamRaiserProgressWidgetController.getFormattedDate(Date)
08:39:39.228 (228699524)|METHOD_ENTRY|[111]|01po0000003noZB|TeamRaiserProgressWidgetController.getFormattedDate(Date)
08:39:39.228 (228732623)|METHOD_ENTRY|[127]|01po0000000dllI|Utils.getMonthStr(Integer)
08:39:39.228 (228748104)|METHOD_EXIT|[127]|01po0000000dllI|Utils.getMonthStr(Integer)
08:39:39.228 (228822512)|METHOD_EXIT|[111]|01po0000003noZB|TeamRaiserProgressWidgetController.getFormattedDate(Date)
08:39:39.228 (228867693)|METHOD_ENTRY|[111]|01po0000003noZB|TeamRaiserProgressWidgetController.getFormattedDate(Date)
08:39:39.228 (228900459)|METHOD_ENTRY|[127]|01po0000000dllI|Utils.getMonthStr(Integer)
08:39:39.228 (228915974)|METHOD_EXIT|[127]|01po0000000dllI|Utils.getMonthStr(Integer)
08:39:39.228 (228989358)|METHOD_EXIT|[111]|01po0000003noZB|TeamRaiserProgressWidgetController.getFormattedDate(Date)
08:39:39.229 (229034168)|METHOD_ENTRY|[111]|01po0000003noZB|TeamRaiserProgressWidgetController.getFormattedDate(Date)
08:39:39.229 (229066971)|METHOD_ENTRY|[127]|01po0000000dllI|Utils.getMonthStr(Integer)
08:39:39.229 (229082555)|METHOD_EXIT|[127]|01po0000000dllI|Utils.getMonthStr(Integer)
08:39:39.229 (229155943)|METHOD_EXIT|[111]|01po0000003noZB|TeamRaiserProgressWidgetController.getFormattedDate(Date)
08:39:39.229 (229200790)|METHOD_ENTRY|[111]|01po0000003noZB|TeamRaiserProgressWidgetController.getFormattedDate(Date)
08:39:39.229 (229233352)|METHOD_ENTRY|[127]|01po0000000dllI|Utils.getMonthStr(Integer)
08:39:39.229 (229259000)|METHOD_EXIT|[127]|01po0000000dllI|Utils.getMonthStr(Integer)
08:39:39.229 (229333110)|METHOD_EXIT|[111]|01po0000003noZB|TeamRaiserProgressWidgetController.getFormattedDate(Date)
08:39:39.229 (229379241)|METHOD_EXIT|[72]|01po0000003noZB|TeamRaiserProgressWidgetController.getFormattedMonths(List<Date>)
08:39:39.229 (229424688)|METHOD_ENTRY|[73]|01po0000003noZB|TeamRaiserProgressWidgetController.getRefundsPerDisplayMonth(List<Date>)
08:39:39.230 (230086993)|SOQL_EXECUTE_BEGIN|[212]|Aggregations:0|SELECT CALENDAR_YEAR(Refund_Date__c) year, CALENDAR_MONTH(Refund_Date__c) month, SUM(Amount) totalAmount, StageName stage FROM Opportunity WHERE (TeamRaiser_Registration__c = :tmpVar1 AND Refund_Date__c != NULL AND StageName = 'Refunded') GROUP BY CALENDAR_YEAR(Refund_Date__c), CALENDAR_MONTH(Refund_Date__c), StageName ORDER BY CALENDAR_YEAR(Refund_Date__c) ASC NULLS FIRST, CALENDAR_MONTH(Refund_Date__c) ASC NULLS FIRST
08:39:39.235 (235061526)|SOQL_EXECUTE_END|[212]|Rows:1
08:39:39.235 (235140371)|METHOD_ENTRY|[225]|01po0000003noZB|TeamRaiserProgressWidgetController.getAmountRaisedByDisplayMonth(List<AggregateResult>, List<Date>, String)
08:39:39.236 (236064009)|USER_DEBUG|[158]|DEBUG|RESULTS: (AggregateResult:{month=3, totalAmount=200.0, year=2015, stage=Refunded})
08:39:39.236 (236181892)|USER_DEBUG|[159]|DEBUG|DISPLAY MONTHS: (2014-11-01 00:00:00, 2014-12-01 00:00:00, 2015-01-01 00:00:00, 2015-02-01 00:00:00, 2015-03-01 00:00:00, 2015-04-01 00:00:00)
08:39:39.236 (236416058)|USER_DEBUG|[165]|DEBUG|Result: 200.0 Refunded
08:39:39.236 (236435515)|METHOD_ENTRY|[166]|01po0000003noZB|TeamRaiserProgressWidgetController.aggregateResultToDate(AggregateResult)
08:39:39.236 (236586180)|METHOD_EXIT|[166]|01po0000003noZB|TeamRaiserProgressWidgetController.aggregateResultToDate(AggregateResult)
08:39:39.236 (236903944)|USER_DEBUG|[165]|DEBUG|Result: 200.0 Refunded
08:39:39.236 (236921307)|METHOD_ENTRY|[166]|01po0000003noZB|TeamRaiserProgressWidgetController.aggregateResultToDate(AggregateResult)
08:39:39.237 (237013377)|METHOD_EXIT|[166]|01po0000003noZB|TeamRaiserProgressWidgetController.aggregateResultToDate(AggregateResult)
08:39:39.237 (237242422)|USER_DEBUG|[165]|DEBUG|Result: 200.0 Refunded
08:39:39.237 (237258616)|METHOD_ENTRY|[166]|01po0000003noZB|TeamRaiserProgressWidgetController.aggregateResultToDate(AggregateResult)
08:39:39.237 (237347719)|METHOD_EXIT|[166]|01po0000003noZB|TeamRaiserProgressWidgetController.aggregateResultToDate(AggregateResult)
08:39:39.237 (237578117)|USER_DEBUG|[165]|DEBUG|Result: 200.0 Refunded
08:39:39.237 (237594385)|METHOD_ENTRY|[166]|01po0000003noZB|TeamRaiserProgressWidgetController.aggregateResultToDate(AggregateResult)
08:39:39.237 (237682835)|METHOD_EXIT|[166]|01po0000003noZB|TeamRaiserProgressWidgetController.aggregateResultToDate(AggregateResult)
08:39:39.237 (237906385)|USER_DEBUG|[165]|DEBUG|Result: 200.0 Refunded
08:39:39.237 (237922186)|METHOD_ENTRY|[166]|01po0000003noZB|TeamRaiserProgressWidgetController.aggregateResultToDate(AggregateResult)
08:39:39.238 (238009476)|METHOD_EXIT|[166]|01po0000003noZB|TeamRaiserProgressWidgetController.aggregateResultToDate(AggregateResult)
08:39:39.238 (238113288)|METHOD_ENTRY|[179]|01po0000003noZB|TeamRaiserProgressWidgetController.sameStage(AggregateResult, String)
08:39:39.238 (238208533)|METHOD_EXIT|[179]|01po0000003noZB|TeamRaiserProgressWidgetController.sameStage(AggregateResult, String)
08:39:39.238 (238331490)|USER_DEBUG|[180]|DEBUG|Same month. Adding to cummulativeAmount 3 2015
08:39:39.238 (238603372)|USER_DEBUG|[165]|DEBUG|Result: 200.0 Refunded
08:39:39.238 (238620100)|METHOD_ENTRY|[166]|01po0000003noZB|TeamRaiserProgressWidgetController.aggregateResultToDate(AggregateResult)
08:39:39.238 (238708262)|METHOD_EXIT|[166]|01po0000003noZB|TeamRaiserProgressWidgetController.aggregateResultToDate(AggregateResult)
08:39:39.238 (238831512)|METHOD_EXIT|[225]|01po0000003noZB|TeamRaiserProgressWidgetController.getAmountRaisedByDisplayMonth(List<AggregateResult>, List<Date>, String)
08:39:39.238 (238844260)|METHOD_EXIT|[73]|01po0000003noZB|TeamRaiserProgressWidgetController.getRefundsPerDisplayMonth(List<Date>)
08:39:39.238 (238856659)|METHOD_ENTRY|[75]|01po0000003noZB|TeamRaiserProgressWidgetController.getAmountRaisedByDisplayMonth(List<AggregateResult>, List<Date>, String)
08:39:39.238 (238955208)|USER_DEBUG|[158]|DEBUG|RESULTS: (AggregateResult:{month=3, totalAmount=20.0, year=2015, stage=Received}, AggregateResult:{month=3, totalAmount=200.0, year=2015, stage=Refunded})
08:39:39.239 (239013417)|USER_DEBUG|[159]|DEBUG|DISPLAY MONTHS: (2014-11-01 00:00:00, 2014-12-01 00:00:00, 2015-01-01 00:00:00, 2015-02-01 00:00:00, 2015-03-01 00:00:00, 2015-04-01 00:00:00)
08:39:39.239 (239143264)|USER_DEBUG|[165]|DEBUG|Result: 20.0 Received
08:39:39.239 (239159419)|METHOD_ENTRY|[166]|01po0000003noZB|TeamRaiserProgressWidgetController.aggregateResultToDate(AggregateResult)
08:39:39.239 (239247387)|METHOD_EXIT|[166]|01po0000003noZB|TeamRaiserProgressWidgetController.aggregateResultToDate(AggregateResult)
08:39:39.239 (239472035)|USER_DEBUG|[165]|DEBUG|Result: 20.0 Received
08:39:39.239 (239488309)|METHOD_ENTRY|[166]|01po0000003noZB|TeamRaiserProgressWidgetController.aggregateResultToDate(AggregateResult)
08:39:39.239 (239580050)|METHOD_EXIT|[166]|01po0000003noZB|TeamRaiserProgressWidgetController.aggregateResultToDate(AggregateResult)
08:39:39.239 (239807851)|USER_DEBUG|[165]|DEBUG|Result: 20.0 Received
08:39:39.239 (239823690)|METHOD_ENTRY|[166]|01po0000003noZB|TeamRaiserProgressWidgetController.aggregateResultToDate(AggregateResult)
08:39:39.239 (239910432)|METHOD_EXIT|[166]|01po0000003noZB|TeamRaiserProgressWidgetController.aggregateResultToDate(AggregateResult)
08:39:39.240 (240133370)|USER_DEBUG|[165]|DEBUG|Result: 20.0 Received
08:39:39.240 (240149504)|METHOD_ENTRY|[166]|01po0000003noZB|TeamRaiserProgressWidgetController.aggregateResultToDate(AggregateResult)
08:39:39.240 (240235815)|METHOD_EXIT|[166]|01po0000003noZB|TeamRaiserProgressWidgetController.aggregateResultToDate(AggregateResult)
08:39:39.240 (240459808)|USER_DEBUG|[165]|DEBUG|Result: 20.0 Received
08:39:39.240 (240475305)|METHOD_ENTRY|[166]|01po0000003noZB|TeamRaiserProgressWidgetController.aggregateResultToDate(AggregateResult)
08:39:39.240 (240565820)|METHOD_EXIT|[166]|01po0000003noZB|TeamRaiserProgressWidgetController.aggregateResultToDate(AggregateResult)
08:39:39.240 (240661823)|METHOD_ENTRY|[179]|01po0000003noZB|TeamRaiserProgressWidgetController.sameStage(AggregateResult, String)
08:39:39.240 (240742822)|METHOD_EXIT|[179]|01po0000003noZB|TeamRaiserProgressWidgetController.sameStage(AggregateResult, String)
08:39:39.240 (240869205)|USER_DEBUG|[180]|DEBUG|Same month. Adding to cummulativeAmount 3 2015
08:39:39.241 (241077157)|USER_DEBUG|[165]|DEBUG|Result: 200.0 Refunded
08:39:39.241 (241094061)|METHOD_ENTRY|[166]|01po0000003noZB|TeamRaiserProgressWidgetController.aggregateResultToDate(AggregateResult)
08:39:39.241 (241183108)|METHOD_EXIT|[166]|01po0000003noZB|TeamRaiserProgressWidgetController.aggregateResultToDate(AggregateResult)
08:39:39.241 (241268290)|METHOD_EXIT|[75]|01po0000003noZB|TeamRaiserProgressWidgetController.getAmountRaisedByDisplayMonth(List<AggregateResult>, List<Date>, String)
08:39:39.241 (241307688)|METHOD_EXIT|[8]|01po0000003noZB|TeamRaiserProgressWidgetController.generateData()
08:39:39.241 (241461218)|USER_DEBUG|[9]|DEBUG|(0, 0, 0, 0, 20.0, 20.0)
08:39:40.089 (241509527)|CUMULATIVE_LIMIT_USAGE
08:39:40.089|LIMIT_USAGE_FOR_NS|(default)|
  Number of SOQL queries: 3 out of 100
  Number of query rows: 7 out of 50000
  Number of SOSL queries: 0 out of 20
  Number of DML statements: 0 out of 150
  Number of DML rows: 0 out of 10000
  Maximum CPU time: 0 out of 10000
  Maximum heap size: 0 out of 6000000
  Number of callouts: 0 out of 100
  Number of Email Invocations: 0 out of 10
  Number of future calls: 0 out of 50
  Number of queueable jobs added to the queue: 0 out of 50
  Number of Mobile Apex push calls: 0 out of 10

08:39:40.089|CUMULATIVE_LIMIT_USAGE_END

08:39:39.241 (241554142)|CODE_UNIT_FINISHED|execute_anonymous_apex
08:39:39.243 (243471499)|EXECUTION_FINISHED