Execute Anonymous

================================

System.debug(Utils.toLocaleDate(Date.today()));

================================

31.0 APEX_CODE,DEBUG;APEX_PROFILING,DEBUG;CALLOUT,INFO;DB,INFO;VALIDATION,INFO;WORKFLOW,INFO
Execute Anonymous: System.debug(Utils.toLocaleDate(Date.today()));
12:56:24.121 (121480127)|EXECUTION_STARTED
12:56:24.121 (121489934)|CODE_UNIT_STARTED|[EXTERNAL]|execute_anonymous_apex
12:56:24.154 (154214199)|METHOD_ENTRY|[1]|01po0000000dllI|Utils.Utils()
12:56:24.160 (160217322)|METHOD_EXIT|[1]|Utils
12:56:24.160 (160260930)|METHOD_ENTRY|[1]|01po0000000dllI|Utils.toLocaleDate(Date)
12:56:24.160 (160474505)|METHOD_EXIT|[1]|01po0000000dllI|Utils.toLocaleDate(Date)
12:56:24.160 (160516632)|USER_DEBUG|[1]|DEBUG|2/12/2015
12:56:24.965 (160566188)|CUMULATIVE_LIMIT_USAGE
12:56:24.965|LIMIT_USAGE_FOR_NS|(default)|
  Number of SOQL queries: 0 out of 100
  Number of query rows: 0 out of 50000
  Number of SOSL queries: 0 out of 20
  Number of DML statements: 0 out of 150
  Number of DML rows: 0 out of 10000
  Maximum CPU time: 0 out of 10000
  Maximum heap size: 0 out of 6000000
  Number of callouts: 0 out of 100
  Number of Email Invocations: 0 out of 10
  Number of future calls: 0 out of 50
  Number of queueable jobs added to the queue: 0 out of 50
  Number of Mobile Apex push calls: 0 out of 10

12:56:24.965|CUMULATIVE_LIMIT_USAGE_END

12:56:24.160 (160593281)|CODE_UNIT_FINISHED|execute_anonymous_apex
12:56:24.162 (162824904)|EXECUTION_FINISHED