Execute Anonymous

================================

TeamRaiserProgressWidgetController controller = new TeamRaiserProgressWidgetController();

controller.trRegId = 'a0jo0000001I18l'; 
				
controller.init();

================================

31.0 APEX_CODE,DEBUG;APEX_PROFILING,DEBUG;CALLOUT,INFO;DB,INFO;VALIDATION,INFO;WORKFLOW,INFO
Execute Anonymous: TeamRaiserProgressWidgetController controller = new TeamRaiserProgressWidgetController();
Execute Anonymous: 
Execute Anonymous: controller.trRegId = 'a0jo0000001I18l'; 
Execute Anonymous: 				
Execute Anonymous: controller.init();
06:45:07.170 (170092592)|EXECUTION_STARTED
06:45:07.170 (170106452)|CODE_UNIT_STARTED|[EXTERNAL]|execute_anonymous_apex
06:45:07.212 (212314732)|METHOD_ENTRY|[1]|01po0000003noZB|TeamRaiserProgressWidgetController.TeamRaiserProgressWidgetController()
06:45:07.212 (212429702)|METHOD_ENTRY|[6]|01po0000003QZvz|CurrencyFormatter.CurrencyFormatter()
06:45:07.212 (212443764)|METHOD_EXIT|[6]|CurrencyFormatter
06:45:07.212 (212482705)|METHOD_ENTRY|[5]|01po0000003QZvz|CurrencyFormatter.currencyOfUser(Boolean)
06:45:07.214 (214399589)|CONSTRUCTOR_ENTRY|[34]|01po0000003QZvz|<init>(String,String,Boolean)
06:45:07.214 (214513697)|CONSTRUCTOR_ENTRY|[14]|01po0000003QZvz|<init>(Integer,String)
06:45:07.214 (214700397)|CONSTRUCTOR_EXIT|[14]|01po0000003QZvz|<init>(Integer,String)
06:45:07.214 (214720064)|CONSTRUCTOR_ENTRY|[14]|01po0000003QZvz|<init>(Integer,String)
06:45:07.214 (214758057)|CONSTRUCTOR_EXIT|[14]|01po0000003QZvz|<init>(Integer,String)
06:45:07.214 (214773112)|CONSTRUCTOR_ENTRY|[14]|01po0000003QZvz|<init>(Integer,String)
06:45:07.214 (214807704)|CONSTRUCTOR_EXIT|[14]|01po0000003QZvz|<init>(Integer,String)
06:45:07.214 (214821516)|CONSTRUCTOR_ENTRY|[14]|01po0000003QZvz|<init>(Integer,String)
06:45:07.214 (214854780)|CONSTRUCTOR_EXIT|[14]|01po0000003QZvz|<init>(Integer,String)
06:45:07.214 (214899418)|METHOD_ENTRY|[25]|01po0000003QZvz|CurrencyFormatter.getDecimalSeparator()
06:45:07.215 (215071552)|METHOD_EXIT|[25]|01po0000003QZvz|CurrencyFormatter.getDecimalSeparator()
06:45:07.215 (215097083)|CONSTRUCTOR_EXIT|[34]|01po0000003QZvz|<init>(String,String,Boolean)
06:45:07.215 (215105841)|METHOD_EXIT|[5]|01po0000003QZvz|CurrencyFormatter.currencyOfUser(Boolean)
06:45:07.215 (215121752)|METHOD_EXIT|[1]|TeamRaiserProgressWidgetController
06:45:07.215 (215274603)|CONSTRUCTOR_ENTRY|[1]|01po0000003noZB|<init>()
06:45:07.215 (215307475)|CONSTRUCTOR_EXIT|[1]|01po0000003noZB|<init>()
06:45:07.215 (215452259)|METHOD_ENTRY|[5]|01po0000003noZB|TeamRaiserProgressWidgetController.init()
06:45:07.215 (215816191)|SOQL_EXECUTE_BEGIN|[40]|Aggregations:0|SELECT Id, Total_Raised__c, Fundraising_Goal__c, Registration_Date__c, Extra_Gift__c FROM TeamRaiser_Registration__c WHERE Id = :tmpVar1
06:45:07.219 (219517983)|SOQL_EXECUTE_END|[40]|Rows:1
06:45:07.220 (220174198)|METHOD_ENTRY|[46]|01po0000003QZvz|CurrencyFormatter.getCurrencySymbol()
06:45:07.220 (220333604)|METHOD_EXIT|[46]|01po0000003QZvz|CurrencyFormatter.getCurrencySymbol()
06:45:07.220 (220514379)|METHOD_ENTRY|[50]|01po0000003noZB|TeamRaiserProgressWidgetController.generateData()
06:45:07.220 (220560608)|METHOD_ENTRY|[96]|01po0000003noZB|TeamRaiserProgressWidgetController.getTotalAmountPerMonth()
06:45:07.221 (221459303)|SOQL_EXECUTE_BEGIN|[125]|Aggregations:0|SELECT SUM(Amount) totalAmount, CALENDAR_MONTH(CloseDate) month, CALENDAR_YEAR(CloseDate) year, StageName stage FROM Opportunity WHERE (TeamRaiser_Registration__c = :tmpVar1 AND StageName IN ('Received', 'Not Received', 'Refunded')) GROUP BY CALENDAR_YEAR(CloseDate), CALENDAR_MONTH(CloseDate), StageName ORDER BY CALENDAR_YEAR(CloseDate) ASC NULLS FIRST, CALENDAR_MONTH(CloseDate) ASC NULLS FIRST, StageName ASC NULLS FIRST
06:45:07.233 (233320450)|SOQL_EXECUTE_END|[125]|Rows:7
06:45:07.233 (233433887)|METHOD_EXIT|[96]|01po0000003noZB|TeamRaiserProgressWidgetController.getTotalAmountPerMonth()
06:45:07.233 (233478169)|METHOD_ENTRY|[97]|01po0000003noZB|TeamRaiserProgressWidgetController.convertAggregatesToDates(List<AggregateResult>)
06:45:07.233 (233906535)|METHOD_ENTRY|[161]|01po0000003noZB|TeamRaiserProgressWidgetController.aggregateResultToDate(AggregateResult)
06:45:07.234 (234312095)|METHOD_EXIT|[161]|01po0000003noZB|TeamRaiserProgressWidgetController.aggregateResultToDate(AggregateResult)
06:45:07.234 (234439798)|METHOD_ENTRY|[161]|01po0000003noZB|TeamRaiserProgressWidgetController.aggregateResultToDate(AggregateResult)
06:45:07.234 (234577691)|METHOD_EXIT|[161]|01po0000003noZB|TeamRaiserProgressWidgetController.aggregateResultToDate(AggregateResult)
06:45:07.234 (234672355)|METHOD_ENTRY|[161]|01po0000003noZB|TeamRaiserProgressWidgetController.aggregateResultToDate(AggregateResult)
06:45:07.234 (234808695)|METHOD_EXIT|[161]|01po0000003noZB|TeamRaiserProgressWidgetController.aggregateResultToDate(AggregateResult)
06:45:07.234 (234903114)|METHOD_ENTRY|[161]|01po0000003noZB|TeamRaiserProgressWidgetController.aggregateResultToDate(AggregateResult)
06:45:07.235 (235040596)|METHOD_EXIT|[161]|01po0000003noZB|TeamRaiserProgressWidgetController.aggregateResultToDate(AggregateResult)
06:45:07.235 (235133667)|METHOD_ENTRY|[161]|01po0000003noZB|TeamRaiserProgressWidgetController.aggregateResultToDate(AggregateResult)
06:45:07.235 (235270922)|METHOD_EXIT|[161]|01po0000003noZB|TeamRaiserProgressWidgetController.aggregateResultToDate(AggregateResult)
06:45:07.235 (235363248)|METHOD_ENTRY|[161]|01po0000003noZB|TeamRaiserProgressWidgetController.aggregateResultToDate(AggregateResult)
06:45:07.235 (235485105)|METHOD_EXIT|[161]|01po0000003noZB|TeamRaiserProgressWidgetController.aggregateResultToDate(AggregateResult)
06:45:07.235 (235567830)|METHOD_ENTRY|[161]|01po0000003noZB|TeamRaiserProgressWidgetController.aggregateResultToDate(AggregateResult)
06:45:07.235 (235696662)|METHOD_EXIT|[161]|01po0000003noZB|TeamRaiserProgressWidgetController.aggregateResultToDate(AggregateResult)
06:45:07.235 (235762174)|METHOD_EXIT|[97]|01po0000003noZB|TeamRaiserProgressWidgetController.convertAggregatesToDates(List<AggregateResult>)
06:45:07.235 (235863827)|METHOD_ENTRY|[102]|01po0000003noZB|TeamRaiserProgressWidgetController.getDisplayMonths(Date)
06:45:07.236 (236350202)|METHOD_EXIT|[102]|01po0000003noZB|TeamRaiserProgressWidgetController.getDisplayMonths(Date)
06:45:07.236 (236374896)|METHOD_ENTRY|[103]|01po0000003noZB|TeamRaiserProgressWidgetController.getFormattedMonths(List<Date>)
06:45:07.238 (238462488)|METHOD_ENTRY|[173]|01po0000003noZB|TeamRaiserProgressWidgetController.getFormattedMonth(Date)
06:45:07.261 (261281086)|METHOD_ENTRY|[1]|01po0000000dllI|Utils.Utils()
06:45:07.262 (262262612)|METHOD_EXIT|[1]|Utils
06:45:07.262 (262295770)|METHOD_ENTRY|[191]|01po0000000dllI|Utils.getMonthStr(Integer)
06:45:07.262 (262323843)|METHOD_EXIT|[191]|01po0000000dllI|Utils.getMonthStr(Integer)
06:45:07.262 (262373721)|METHOD_EXIT|[173]|01po0000003noZB|TeamRaiserProgressWidgetController.getFormattedMonth(Date)
06:45:07.262 (262430374)|METHOD_ENTRY|[173]|01po0000003noZB|TeamRaiserProgressWidgetController.getFormattedMonth(Date)
06:45:07.262 (262463376)|METHOD_ENTRY|[191]|01po0000000dllI|Utils.getMonthStr(Integer)
06:45:07.262 (262481131)|METHOD_EXIT|[191]|01po0000000dllI|Utils.getMonthStr(Integer)
06:45:07.262 (262511017)|METHOD_EXIT|[173]|01po0000003noZB|TeamRaiserProgressWidgetController.getFormattedMonth(Date)
06:45:07.262 (262552739)|METHOD_ENTRY|[173]|01po0000003noZB|TeamRaiserProgressWidgetController.getFormattedMonth(Date)
06:45:07.262 (262579736)|METHOD_ENTRY|[191]|01po0000000dllI|Utils.getMonthStr(Integer)
06:45:07.262 (262595406)|METHOD_EXIT|[191]|01po0000000dllI|Utils.getMonthStr(Integer)
06:45:07.262 (262624779)|METHOD_EXIT|[173]|01po0000003noZB|TeamRaiserProgressWidgetController.getFormattedMonth(Date)
06:45:07.262 (262665174)|METHOD_ENTRY|[173]|01po0000003noZB|TeamRaiserProgressWidgetController.getFormattedMonth(Date)
06:45:07.262 (262689982)|METHOD_ENTRY|[191]|01po0000000dllI|Utils.getMonthStr(Integer)
06:45:07.262 (262702581)|METHOD_EXIT|[191]|01po0000000dllI|Utils.getMonthStr(Integer)
06:45:07.262 (262730524)|METHOD_EXIT|[173]|01po0000003noZB|TeamRaiserProgressWidgetController.getFormattedMonth(Date)
06:45:07.262 (262769066)|METHOD_ENTRY|[173]|01po0000003noZB|TeamRaiserProgressWidgetController.getFormattedMonth(Date)
06:45:07.262 (262793381)|METHOD_ENTRY|[191]|01po0000000dllI|Utils.getMonthStr(Integer)
06:45:07.262 (262806501)|METHOD_EXIT|[191]|01po0000000dllI|Utils.getMonthStr(Integer)
06:45:07.262 (262834422)|METHOD_EXIT|[173]|01po0000003noZB|TeamRaiserProgressWidgetController.getFormattedMonth(Date)
06:45:07.262 (262872689)|METHOD_ENTRY|[173]|01po0000003noZB|TeamRaiserProgressWidgetController.getFormattedMonth(Date)
06:45:07.262 (262896295)|METHOD_ENTRY|[191]|01po0000000dllI|Utils.getMonthStr(Integer)
06:45:07.262 (262909718)|METHOD_EXIT|[191]|01po0000000dllI|Utils.getMonthStr(Integer)
06:45:07.262 (262937036)|METHOD_EXIT|[173]|01po0000003noZB|TeamRaiserProgressWidgetController.getFormattedMonth(Date)
06:45:07.262 (262975947)|METHOD_EXIT|[103]|01po0000003noZB|TeamRaiserProgressWidgetController.getFormattedMonths(List<Date>)
06:45:07.263 (263021602)|METHOD_ENTRY|[104]|01po0000003noZB|TeamRaiserProgressWidgetController.formMapByStage(String, List<AggregateResult>)
06:45:07.263 (263100239)|METHOD_ENTRY|[142]|01po0000003noZB|TeamRaiserProgressWidgetController.aggregateResultToDate(AggregateResult)
06:45:07.263 (263205375)|METHOD_EXIT|[142]|01po0000003noZB|TeamRaiserProgressWidgetController.aggregateResultToDate(AggregateResult)
06:45:07.263 (263294741)|METHOD_ENTRY|[145]|01po0000003noZB|TeamRaiserProgressWidgetController.sameStage(AggregateResult, String)
06:45:07.263 (263381019)|METHOD_EXIT|[145]|01po0000003noZB|TeamRaiserProgressWidgetController.sameStage(AggregateResult, String)
06:45:07.263 (263412046)|METHOD_ENTRY|[142]|01po0000003noZB|TeamRaiserProgressWidgetController.aggregateResultToDate(AggregateResult)
06:45:07.263 (263492164)|METHOD_EXIT|[142]|01po0000003noZB|TeamRaiserProgressWidgetController.aggregateResultToDate(AggregateResult)
06:45:07.263 (263535599)|METHOD_ENTRY|[145]|01po0000003noZB|TeamRaiserProgressWidgetController.sameStage(AggregateResult, String)
06:45:07.263 (263586907)|METHOD_EXIT|[145]|01po0000003noZB|TeamRaiserProgressWidgetController.sameStage(AggregateResult, String)
06:45:07.263 (263689592)|METHOD_ENTRY|[142]|01po0000003noZB|TeamRaiserProgressWidgetController.aggregateResultToDate(AggregateResult)
06:45:07.263 (263767979)|METHOD_EXIT|[142]|01po0000003noZB|TeamRaiserProgressWidgetController.aggregateResultToDate(AggregateResult)
06:45:07.263 (263816444)|METHOD_ENTRY|[150]|01po0000003noZB|TeamRaiserProgressWidgetController.sameStage(AggregateResult, String)
06:45:07.263 (263874241)|METHOD_EXIT|[150]|01po0000003noZB|TeamRaiserProgressWidgetController.sameStage(AggregateResult, String)
06:45:07.263 (263903307)|METHOD_ENTRY|[142]|01po0000003noZB|TeamRaiserProgressWidgetController.aggregateResultToDate(AggregateResult)
06:45:07.263 (263978337)|METHOD_EXIT|[142]|01po0000003noZB|TeamRaiserProgressWidgetController.aggregateResultToDate(AggregateResult)
06:45:07.264 (264020926)|METHOD_ENTRY|[145]|01po0000003noZB|TeamRaiserProgressWidgetController.sameStage(AggregateResult, String)
06:45:07.264 (264072745)|METHOD_EXIT|[145]|01po0000003noZB|TeamRaiserProgressWidgetController.sameStage(AggregateResult, String)
06:45:07.264 (264101160)|METHOD_ENTRY|[142]|01po0000003noZB|TeamRaiserProgressWidgetController.aggregateResultToDate(AggregateResult)
06:45:07.264 (264180881)|METHOD_EXIT|[142]|01po0000003noZB|TeamRaiserProgressWidgetController.aggregateResultToDate(AggregateResult)
06:45:07.264 (264223934)|METHOD_ENTRY|[145]|01po0000003noZB|TeamRaiserProgressWidgetController.sameStage(AggregateResult, String)
06:45:07.264 (264275503)|METHOD_EXIT|[145]|01po0000003noZB|TeamRaiserProgressWidgetController.sameStage(AggregateResult, String)
06:45:07.264 (264303836)|METHOD_ENTRY|[142]|01po0000003noZB|TeamRaiserProgressWidgetController.aggregateResultToDate(AggregateResult)
06:45:07.264 (264382114)|METHOD_EXIT|[142]|01po0000003noZB|TeamRaiserProgressWidgetController.aggregateResultToDate(AggregateResult)
06:45:07.264 (264424274)|METHOD_ENTRY|[145]|01po0000003noZB|TeamRaiserProgressWidgetController.sameStage(AggregateResult, String)
06:45:07.264 (264474838)|METHOD_EXIT|[145]|01po0000003noZB|TeamRaiserProgressWidgetController.sameStage(AggregateResult, String)
06:45:07.264 (264552159)|METHOD_ENTRY|[142]|01po0000003noZB|TeamRaiserProgressWidgetController.aggregateResultToDate(AggregateResult)
06:45:07.264 (264629024)|METHOD_EXIT|[142]|01po0000003noZB|TeamRaiserProgressWidgetController.aggregateResultToDate(AggregateResult)
06:45:07.264 (264672271)|METHOD_ENTRY|[150]|01po0000003noZB|TeamRaiserProgressWidgetController.sameStage(AggregateResult, String)
06:45:07.264 (264721643)|METHOD_EXIT|[150]|01po0000003noZB|TeamRaiserProgressWidgetController.sameStage(AggregateResult, String)
06:45:07.264 (264881484)|METHOD_EXIT|[104]|01po0000003noZB|TeamRaiserProgressWidgetController.formMapByStage(String, List<AggregateResult>)
06:45:07.264 (264908072)|METHOD_ENTRY|[105]|01po0000003noZB|TeamRaiserProgressWidgetController.formMapByStage(String, List<AggregateResult>)
06:45:07.264 (264956104)|METHOD_ENTRY|[142]|01po0000003noZB|TeamRaiserProgressWidgetController.aggregateResultToDate(AggregateResult)
06:45:07.265 (265036135)|METHOD_EXIT|[142]|01po0000003noZB|TeamRaiserProgressWidgetController.aggregateResultToDate(AggregateResult)
06:45:07.265 (265079557)|METHOD_ENTRY|[145]|01po0000003noZB|TeamRaiserProgressWidgetController.sameStage(AggregateResult, String)
06:45:07.265 (265136078)|METHOD_EXIT|[145]|01po0000003noZB|TeamRaiserProgressWidgetController.sameStage(AggregateResult, String)
06:45:07.265 (265213549)|METHOD_ENTRY|[142]|01po0000003noZB|TeamRaiserProgressWidgetController.aggregateResultToDate(AggregateResult)
06:45:07.265 (265292915)|METHOD_EXIT|[142]|01po0000003noZB|TeamRaiserProgressWidgetController.aggregateResultToDate(AggregateResult)
06:45:07.265 (265336337)|METHOD_ENTRY|[145]|01po0000003noZB|TeamRaiserProgressWidgetController.sameStage(AggregateResult, String)
06:45:07.265 (265386410)|METHOD_EXIT|[145]|01po0000003noZB|TeamRaiserProgressWidgetController.sameStage(AggregateResult, String)
06:45:07.265 (265413917)|METHOD_ENTRY|[142]|01po0000003noZB|TeamRaiserProgressWidgetController.aggregateResultToDate(AggregateResult)
06:45:07.265 (265487139)|METHOD_EXIT|[142]|01po0000003noZB|TeamRaiserProgressWidgetController.aggregateResultToDate(AggregateResult)
06:45:07.265 (265529149)|METHOD_ENTRY|[145]|01po0000003noZB|TeamRaiserProgressWidgetController.sameStage(AggregateResult, String)
06:45:07.265 (265579306)|METHOD_EXIT|[145]|01po0000003noZB|TeamRaiserProgressWidgetController.sameStage(AggregateResult, String)
06:45:07.265 (265653731)|METHOD_ENTRY|[142]|01po0000003noZB|TeamRaiserProgressWidgetController.aggregateResultToDate(AggregateResult)
06:45:07.265 (265729103)|METHOD_EXIT|[142]|01po0000003noZB|TeamRaiserProgressWidgetController.aggregateResultToDate(AggregateResult)
06:45:07.265 (265770847)|METHOD_ENTRY|[145]|01po0000003noZB|TeamRaiserProgressWidgetController.sameStage(AggregateResult, String)
06:45:07.265 (265820299)|METHOD_EXIT|[145]|01po0000003noZB|TeamRaiserProgressWidgetController.sameStage(AggregateResult, String)
06:45:07.265 (265847573)|METHOD_ENTRY|[142]|01po0000003noZB|TeamRaiserProgressWidgetController.aggregateResultToDate(AggregateResult)
06:45:07.265 (265920347)|METHOD_EXIT|[142]|01po0000003noZB|TeamRaiserProgressWidgetController.aggregateResultToDate(AggregateResult)
06:45:07.265 (265962253)|METHOD_ENTRY|[145]|01po0000003noZB|TeamRaiserProgressWidgetController.sameStage(AggregateResult, String)
06:45:07.266 (266011930)|METHOD_EXIT|[145]|01po0000003noZB|TeamRaiserProgressWidgetController.sameStage(AggregateResult, String)
06:45:07.266 (266086576)|METHOD_ENTRY|[142]|01po0000003noZB|TeamRaiserProgressWidgetController.aggregateResultToDate(AggregateResult)
06:45:07.266 (266173378)|METHOD_EXIT|[142]|01po0000003noZB|TeamRaiserProgressWidgetController.aggregateResultToDate(AggregateResult)
06:45:07.266 (266216316)|METHOD_ENTRY|[145]|01po0000003noZB|TeamRaiserProgressWidgetController.sameStage(AggregateResult, String)
06:45:07.266 (266266530)|METHOD_EXIT|[145]|01po0000003noZB|TeamRaiserProgressWidgetController.sameStage(AggregateResult, String)
06:45:07.266 (266294803)|METHOD_ENTRY|[142]|01po0000003noZB|TeamRaiserProgressWidgetController.aggregateResultToDate(AggregateResult)
06:45:07.266 (266369172)|METHOD_EXIT|[142]|01po0000003noZB|TeamRaiserProgressWidgetController.aggregateResultToDate(AggregateResult)
06:45:07.266 (266411354)|METHOD_ENTRY|[145]|01po0000003noZB|TeamRaiserProgressWidgetController.sameStage(AggregateResult, String)
06:45:07.266 (266461252)|METHOD_EXIT|[145]|01po0000003noZB|TeamRaiserProgressWidgetController.sameStage(AggregateResult, String)
06:45:07.266 (266484966)|METHOD_EXIT|[105]|01po0000003noZB|TeamRaiserProgressWidgetController.formMapByStage(String, List<AggregateResult>)
06:45:07.266 (266536638)|METHOD_ENTRY|[107]|01po0000003noZB|TeamRaiserProgressWidgetController.getAmountRaisedByDisplayMonth(Map<Date,Decimal>, List<Date>)
06:45:07.267 (267630944)|USER_DEBUG|[238]|DEBUG|amountRaisedByDisplayMonth: (134.0, 134.0, 134.0, 134.0, 1678.0, 3222.0, 3222.0)
06:45:07.267 (267648221)|METHOD_EXIT|[107]|01po0000003noZB|TeamRaiserProgressWidgetController.getAmountRaisedByDisplayMonth(Map<Date,Decimal>, List<Date>)
06:45:07.267 (267691883)|METHOD_ENTRY|[108]|01po0000003noZB|TeamRaiserProgressWidgetController.getAmountRaisedByDisplayMonth(Map<Date,Decimal>, List<Date>)
06:45:07.268 (268693972)|USER_DEBUG|[238]|DEBUG|amountRaisedByDisplayMonth: (10070.0, 10156.0, 10242.0, 10242.0, 10242.0, 10242.0, 10242.0)
06:45:07.268 (268710247)|METHOD_EXIT|[108]|01po0000003noZB|TeamRaiserProgressWidgetController.getAmountRaisedByDisplayMonth(Map<Date,Decimal>, List<Date>)
06:45:07.268 (268728803)|METHOD_EXIT|[50]|01po0000003noZB|TeamRaiserProgressWidgetController.generateData()
06:45:07.268 (268735327)|METHOD_EXIT|[5]|01po0000003noZB|TeamRaiserProgressWidgetController.init()
06:45:07.791 (268776293)|CUMULATIVE_LIMIT_USAGE
06:45:07.791|LIMIT_USAGE_FOR_NS|(default)|
  Number of SOQL queries: 2 out of 100
  Number of query rows: 9 out of 50000
  Number of SOSL queries: 0 out of 20
  Number of DML statements: 0 out of 150
  Number of DML rows: 0 out of 10000
  Maximum CPU time: 0 out of 10000
  Maximum heap size: 0 out of 6000000
  Number of callouts: 0 out of 100
  Number of Email Invocations: 0 out of 10
  Number of future calls: 0 out of 50
  Number of queueable jobs added to the queue: 0 out of 50
  Number of Mobile Apex push calls: 0 out of 10

06:45:07.791|CUMULATIVE_LIMIT_USAGE_END

06:45:07.268 (268803300)|CODE_UNIT_FINISHED|execute_anonymous_apex
06:45:07.270 (270834260)|EXECUTION_FINISHED