Execute Anonymous

================================

System.debug(ProtectedSettingsUtils.getLastUpgradeRun());

================================

31.0 APEX_CODE,DEBUG;APEX_PROFILING,DEBUG;CALLOUT,INFO;DB,INFO;VALIDATION,INFO;WORKFLOW,INFO
Execute Anonymous: System.debug(ProtectedSettingsUtils.getLastUpgradeRun());
09:02:25.822 (1822559073)|EXECUTION_STARTED
09:02:25.822 (1822568568)|CODE_UNIT_STARTED|[EXTERNAL]|execute_anonymous_apex
09:02:25.843 (1843464716)|METHOD_ENTRY|[4]|01po0000001fPRj|ProtectedSettingsUtils.ProtectedSettingsUtils()
09:02:25.843 (1843538005)|METHOD_ENTRY|[9]|01po0000001fPRj|ProtectedSettingsUtils.mockProtectedSettingsOrgDefaults()
09:02:25.843 (1843938997)|METHOD_EXIT|[9]|01po0000001fPRj|ProtectedSettingsUtils.mockProtectedSettingsOrgDefaults()
09:02:25.843 (1843958209)|METHOD_EXIT|[4]|ProtectedSettingsUtils
09:02:25.843 (1843975570)|METHOD_ENTRY|[1]|01po0000001fPRj|ProtectedSettingsUtils.getLastUpgradeRun()
09:02:25.862 (1862210560)|METHOD_EXIT|[1]|01po0000001fPRj|ProtectedSettingsUtils.getLastUpgradeRun()
09:02:25.862 (1862254553)|USER_DEBUG|[1]|DEBUG|12.9
09:02:26.738 (1862296179)|CUMULATIVE_LIMIT_USAGE
09:02:26.738|LIMIT_USAGE_FOR_NS|(default)|
  Number of SOQL queries: 0 out of 100
  Number of query rows: 0 out of 50000
  Number of SOSL queries: 0 out of 20
  Number of DML statements: 0 out of 150
  Number of DML rows: 0 out of 10000
  Maximum CPU time: 0 out of 10000
  Maximum heap size: 0 out of 6000000
  Number of callouts: 0 out of 100
  Number of Email Invocations: 0 out of 10
  Number of future calls: 0 out of 50
  Number of queueable jobs added to the queue: 0 out of 50
  Number of Mobile Apex push calls: 0 out of 10

09:02:26.738|CUMULATIVE_LIMIT_USAGE_END

09:02:25.862 (1862326213)|CODE_UNIT_FINISHED|execute_anonymous_apex
09:02:25.864 (1864446425)|EXECUTION_FINISHED