Execute Anonymous

================================

MetadataService.MetadataPort service = MetadataUtils.createService();

List<String> layoutNames = new List<String>{
	Utils.addNamespace('TeamRaiser_Registration__c-TeamRaiser Registration Layout')};

List<MetadataService.Layout> requestedLayouts = (List<MetadataService.Layout>)service.readMetadata('Layout', layoutNames).getRecords();
MetadataService.Layout trLayout = requestedLayouts.get(0);

System.debug('requested layouts: ' + requestedLayouts);

MetadataService.LayoutItem item = new MetadataService.LayoutItem();
item.field = 'Fundraising_Goal__c';

MetadataUtils.addFieldsToLayout(trLayout, 'Information', new List<MetaDataService.LayoutItem>{item},1);

System.debug('Result layout: ' + trLayout);

================================

31.0 APEX_CODE,DEBUG;APEX_PROFILING,DEBUG;CALLOUT,INFO;DB,INFO;VALIDATION,INFO;WORKFLOW,INFO
Execute Anonymous: MetadataService.MetadataPort service = MetadataUtils.createService();
Execute Anonymous: 
Execute Anonymous: List<String> layoutNames = new List<String>{
Execute Anonymous: 	Utils.addNamespace('TeamRaiser_Registration__c-TeamRaiser Registration Layout')};
Execute Anonymous: 
Execute Anonymous: List<MetadataService.Layout> requestedLayouts = (List<MetadataService.Layout>)service.readMetadata('Layout', layoutNames).getRecords();
Execute Anonymous: MetadataService.Layout trLayout = requestedLayouts.get(0);
Execute Anonymous: 
Execute Anonymous: System.debug('requested layouts: ' + requestedLayouts);
Execute Anonymous: 
Execute Anonymous: MetadataService.LayoutItem item = new MetadataService.LayoutItem();
Execute Anonymous: item.field = 'Fundraising_Goal__c';
Execute Anonymous: 
Execute Anonymous: MetadataUtils.addFieldsToLayout(trLayout, 'Information', new List<MetaDataService.LayoutItem>{item},1);
Execute Anonymous: 
Execute Anonymous: System.debug('Result layout: ' + trLayout);
10:19:41.726 (726695175)|EXECUTION_STARTED
10:19:41.726 (726704133)|CODE_UNIT_STARTED|[EXTERNAL]|execute_anonymous_apex
10:19:42.067 (1067076908)|METHOD_ENTRY|[2]|01po0000003Oh7F|MetadataUtils.MetadataUtils()
10:19:42.067 (1067157836)|METHOD_EXIT|[2]|MetadataUtils
10:19:42.067 (1067193913)|METHOD_ENTRY|[1]|01po0000003Oh7F|MetadataUtils.createService()
10:19:42.079 (1079274674)|CONSTRUCTOR_ENTRY|[9]|01po0000003Oh7D|<init>()
10:19:42.079 (1079775911)|CONSTRUCTOR_EXIT|[9]|01po0000003Oh7D|<init>()
10:19:42.079 (1079811831)|CONSTRUCTOR_ENTRY|[11]|01po0000003Oh7D|<init>()
10:19:42.079 (1079895210)|CONSTRUCTOR_EXIT|[11]|01po0000003Oh7D|<init>()
10:19:42.084 (1084812885)|METHOD_EXIT|[1]|01po0000003Oh7F|MetadataUtils.createService()
10:19:42.130 (1130496983)|METHOD_ENTRY|[1]|01po0000000dllI|Utils.Utils()
10:19:42.131 (1131386164)|METHOD_EXIT|[1]|Utils
10:19:42.131 (1131417812)|METHOD_ENTRY|[3]|01po0000000dllI|Utils.addNamespace(String)
10:19:42.136 (1136468836)|METHOD_ENTRY|[1]|01po0000000dlkU|Constants.Constants()
10:19:42.190 (1190473159)|METHOD_EXIT|[1]|Constants
10:19:42.190 (1190503074)|METHOD_EXIT|[3]|01po0000000dllI|Utils.addNamespace(String)
10:19:42.190 (1190622252)|METHOD_ENTRY|[6]|01po0000003Oh7D|MetadataService.MetadataPort.readMetadata(String, List<String>)
10:19:42.195 (1195808727)|CONSTRUCTOR_ENTRY|[8870]|01po0000003Oh7D|<init>()
10:19:42.195 (1195964004)|CONSTRUCTOR_EXIT|[8870]|01po0000003Oh7D|<init>()
10:19:42.244 (1244331675)|CALLOUT_REQUEST|[8876]|<?xml version="1.0" encoding="UTF-8"?><env:Envelope xmlns:env="http://schemas.xmlsoap.org/soap/envelope/" xmlns:xsd="http://www.w3.org/2001/XMLSchema" xmlns:xsi="http://www.w3.org/2001/XMLSchema-instance"><env:Header><SessionHeader xmlns="http://soap.sforce.com/2006/04/metadata"><sessionId>00Do0000000HyRH!AQYAQEvTBxdD59kQcX68mhGCV.AL4gE8X6jl3quIKwOjC9Rt2VrlU0QOZSBkq8Sh0ajJETmfDsw7nTrO3tWtAr9pqj6HXf7I</sessionId></SessionHeader></env:Header><env:Body><readMetadata xmlns="http://soap.sforce.com/2006/04/metadata"><type>Layout</type><fullNames>TeamRaiser_Registration__c-TeamRaiser Registration Layout</fullNames></readMetadata></env:Body></env:Envelope>
10:19:42.244 (1244388683)|CALLOUT_REQUEST|[8876]|readMetadata_element:[apex_schema_type_info=(http://soap.sforce.com/2006/04/metadata, true, false), field_order_type_info=(type_x, fullNames), fullNames=(TeamRaiser_Registration__c-TeamRaiser Registration Layout), fullNames_type_info=(fullNames, http://soap.sforce.com/2006/04/metadata, null, 0, -1, false), type_x=Layout, type_x_type_info=(type, http://soap.sforce.com/2006/04/metadata, null, 1, 1, false)]::SFDC_STACK_DEPTH=1 SOAPAction="" User-Agent=SFDC-Callout/33.0 Accept=text/xml Content-Type=text/xml; charset=UTF-8 
10:19:42.468 (1468208637)|CALLOUT_RESPONSE|[8876]|<?xml version="1.0" encoding="UTF-8"?><soapenv:Envelope xmlns:soapenv="http://schemas.xmlsoap.org/soap/envelope/" xmlns="http://soap.sforce.com/2006/04/metadata" xmlns:xsi="http://www.w3.org/2001/XMLSchema-instance"><soapenv:Body><readMetadataResponse><result><records xsi:type="Layout"><fullName>TeamRaiser_Registration__c-TeamRaiser Registration Layout</fullName><excludeButtons>Submit</excludeButtons><layoutSections><customLabel>true</customLabel><detailHeading>true</detailHeading><editHeading>true</editHeading><label>TeamRaiser Progress</label><layoutColumns><layoutItems><height>420</height><page>TeamRaiserProgressWidget</page><showLabel>false</showLabel><showScrollbars>false</showScrollbars><width>100%</width></layoutItems></layoutColumns><style>OneColumn</style></layoutSections><layoutSections><customLabel>false</customLabel><detailHeading>false</detailHeading><editHeading>true</editHeading><label>Information</label><layoutColumns><layoutItems><behavior>Required</behavior><field>Name</field></layoutItems><layoutItems><behavior>Required</behavior><field>Contact__c</field></layoutItems><layoutItems><behavior>Edit</behavior><field>Participation_Type__c</field></layoutItems><layoutItems><behavior>Edit</behavior><field>Participant_s_Home_Page__c</field></layoutItems><layoutItems><behavior>Edit</behavior><field>Registration_Date__c</field></layoutItems><layoutItems><behavior>Edit</behavior><field>Opportunity__c</field></layoutItems><layoutItems><behavior>Required</behavior><field>TeamRaiser_Participation_Type__c</field></layoutItems></layoutColumns><layoutColumns><layoutItems><behavior>Edit</behavior><field>Total_Raised__c</field></layoutItems><layoutItems><behavior>Required</behavior><field>Campaign__c</field></layoutItems><layoutItems><behavior>Edit</behavior><field>Team_Captain__c</field></layoutItems><layoutItems><behavior>Edit</behavior><field>Team__c</field></layoutItems></layoutColumns><style>TwoColumnsTopToBottom</style></layoutSections><layoutSections><customLabel>true</customLabel><detailHeading>false</detailHeading><editHeading>false</editHeading><label>Separator</label><layoutColumns><layoutItems><behavior>Required</behavior><field>Registration_Fee__c</field></layoutItems></layoutColumns><layoutColumns><layoutItems><behavior>Required</behavior><field>Extra_Gift__c</field></layoutItems><layoutItems><behavior>Edit</behavior><field>Upsell_Amount__c</field></layoutItems></layoutColumns><style>TwoColumnsLeftToRight</style></layoutSections><layoutSections><customLabel>false</customLabel><detailHeading>true</detailHeading><editHeading>true</editHeading><label>System Information</label><layoutColumns><layoutItems><behavior>Readonly</behavior><field>CreatedById</field></layoutItems></layoutColumns><layoutColumns><layoutItems><behavior>Readonly</behavior><field>LastModifiedById</field></layoutItems></layoutColumns><style>TwoColumnsTopToBottom</style></layoutSections><layoutSections><customLabel>true</customLabel><detailHeading>false</detailHeading><editHeading>false</editHeading><label>Custom Links</label><layoutColumns/><layoutColumns/><layoutColumns/><style>CustomLinks</style></layoutSections><relatedLists><fields>OPPORTUNITY.NAME</fields><fields>ACCOUNT.NAME</fields><fields>OPPORTUNITY.CLOSE_DATE</fields><fields>OPPORTUNITY.AMOUNT</fields><relatedList>Opportunity.TeamRaiser_Registration__c</relatedList></relatedLists><relatedLists><fields>NAME</fields><fields>Upsell_Item__c</fields><fields>Item_Price__c</fields><fields>Item_Quantity__c</fields><fields>Total_Amount__c</fields><fields>Date_Fulfilled__c</fields><relatedList>TeamRaiser_Registration_Upsell__c.TeamRaiser_Registration__c</relatedList></relatedLists><showEmailCheckbox>false</showEmailCheckbox><showHighlightsPanel>false</showHighlightsPanel><showInteractionLogPanel>false</showInteractionLogPanel><showRunAssignmentRulesCheckbox>false</showRunAssignmentRulesCheckbox><showSubmitAndAttachButton>false</showSubmitAndAttachButton><summaryLayout><masterLabel>00ho0000000pGUP</masterLabel><sizeX>4</sizeX><sizeY>0</sizeY><summaryLayoutStyle>Default</summaryLayoutStyle></summaryLayout></records></result></readMetadataResponse></soapenv:Body></soapenv:Envelope>
10:19:42.498 (1498407013)|CONSTRUCTOR_ENTRY|[4077]|01po0000003Oh7D|<init>()
10:19:42.498 (1498543537)|CONSTRUCTOR_EXIT|[4077]|01po0000003Oh7D|<init>()
10:19:42.521 (1521249405)|CALLOUT_RESPONSE|[8876]|
10:19:42.521 (1521463635)|METHOD_ENTRY|[8889]|01po0000003Oh7D|MetadataService.readLayoutResponse_element.getResult()
10:19:42.521 (1521500904)|METHOD_EXIT|[8889]|01po0000003Oh7D|MetadataService.readLayoutResponse_element.getResult()
10:19:42.521 (1521515907)|METHOD_EXIT|[6]|01po0000003Oh7D|MetadataService.MetadataPort.readMetadata(String, List<String>)
10:19:42.521 (1521606197)|METHOD_ENTRY|[6]|01po0000003Oh7D|MetadataService.ReadLayoutResult.getRecords()
10:19:42.521 (1521627111)|METHOD_EXIT|[6]|01po0000003Oh7D|MetadataService.ReadLayoutResult.getRecords()
10:19:42.523 (1523541674)|USER_DEBUG|[9]|DEBUG|requested layouts: (FullName: TeamRaiser_Registration__c-TeamRaiser Registration Layout
customButtons: null
headers: null
Sections: (LayoutSection: customLabel: true &#124; label: TeamRaiser Progress &#124; detailHeading: true &#124; style: OneColumn &#124; layoutColumns: (LayoutItems: (
LayoutItem: page_x: TeamRaiserProgressWidget scontrol: null field: null)) 
 , LayoutSection: customLabel: false &#124; label: Information &#124; detailHeading: false &#124; style: TwoColumnsTopToBottom &#124; layoutColumns: (LayoutItems: (
LayoutItem: page_x: null scontrol: null field: Name, 
LayoutItem: page_x: null scontrol: null field: Contact__c, 
LayoutItem: page_x: null scontrol: null field: Participation_Type__c, 
LayoutItem: page_x: null scontrol: null field: Participant_s_Home_Page__c, 
LayoutItem: page_x: null scontrol: null field: Registration_Date__c, 
LayoutItem: page_x: null scontrol: null field: Opportunity__c, 
LayoutItem: page_x: null scontrol: null field: TeamRaiser_Participation_Type__c), LayoutItems: (
LayoutItem: page_x: null scontrol: null field: Total_Raised__c, 
LayoutItem: page_x: null scontrol: null field: Campaign__c, 
LayoutItem: page_x: null scontrol: null field: Team_Captain__c, 
LayoutItem: page_x: null scontrol: null field: Team__c)) 
 , LayoutSection: customLabel: true &#124; label: Separator &#124; detailHeading: false &#124; style: TwoColumnsLeftToRight &#124; layoutColumns: (LayoutItems: (
LayoutItem: page_x: null scontrol: null field: Registration_Fee__c), LayoutItems: (
LayoutItem: page_x: null scontrol: null field: Extra_Gift__c, 
LayoutItem: page_x: null scontrol: null field: Upsell_Amount__c)) 
 , LayoutSection: customLabel: false &#124; label: System Information &#124; detailHeading: true &#124; style: TwoColumnsTopToBottom &#124; layoutColumns: (LayoutItems: (
LayoutItem: page_x: null scontrol: null field: CreatedById), LayoutItems: (
LayoutItem: page_x: null scontrol: null field: LastModifiedById)) 
 , LayoutSection: customLabel: true &#124; label: Custom Links &#124; detailHeading: false &#124; style: CustomLinks &#124; layoutColumns: (LayoutItems: null, LayoutItems: null, LayoutItems: null) 
 )
relatedObjects: null
relatedLists: (RelatedListItem:[apex_schema_type_info=(http://soap.sforce.com/2006/04/metadata, true, false), customButtons=null, customButtons_type_info=(customButtons, http://soap.sforce.com/2006/04/metadata, null, 0, -1, false), excludeButtons=null, excludeButtons_type_info=(excludeButtons, http://soap.sforce.com/2006/04/metadata, null, 0, -1, false), field_order_type_info=(customButtons, excludeButtons, fields, relatedList, sortField, sortOrder), fields=(OPPORTUNITY.NAME, ACCOUNT.NAME, OPPORTUNITY.CLOSE_DATE, OPPORTUNITY.AMOUNT), fields_type_info=(fields, http://soap.sforce.com/2006/04/metadata, null, 0, -1, false), relatedList=Opportunity.TeamRaiser_Registration__c, relatedList_type_info=(relatedList, http://soap.sforce.com/2006/04/metadata, null, 1, 1, false), sortField=null, sortField_type_info=(sortField, http://soap.sforce.com/2006/04/metadata, null, 0, 1, false), sortOrder=null, sortOrder_type_info=(sortOrder, http://soap.sforce.com/2006/04/metadata, null, 0, 1, false)], RelatedListItem:[apex_schema_type_info=(http://soap.sforce.com/2006/04/metadata, true, false), customButtons=null, customButtons_type_info=(customButtons, http://soap.sforce.com/2006/04/metadata, null, 0, -1, false), excludeButtons=null, excludeButtons_type_info=(excludeButtons, http://soap.sforce.com/2006/04/metadata, null, 0, -1, false), field_order_type_info=(customButtons, excludeButtons, fields, relatedList, sortField, sortOrder), fields=(NAME, Upsell_Item__c, Item_Price__c, Item_Quantity__c, Total_Amount__c, Date_Fulfilled__c), fields_type_info=(fields, http://soap.sforce.com/2006/04/metadata, null, 0, -1, false), relatedList=TeamRaiser_Registration_Upsell__c.TeamRaiser_Registration__c, relatedList_type_info=(relatedList, http://soap.sforce.com/2006/04/metadata, null, 1, 1, false), sortField=null, sortField_type_info=(sortField, http://soap.sforce.com/2006/04/metadata, null, 0, 1, false), sortOrder=null, sortOrder_type_info=(sortOrder, http://soap.sforce.com/2006/04/metadata, null, 0, 1, false)])
miniLayout null
)
10:19:42.523 (1523626174)|CONSTRUCTOR_ENTRY|[11]|01po0000003Oh7D|<init>()
10:19:42.523 (1523792036)|CONSTRUCTOR_EXIT|[11]|01po0000003Oh7D|<init>()
10:19:42.523 (1523890848)|METHOD_ENTRY|[14]|01po0000003Oh7F|MetadataUtils.addFieldsToLayout(MetadataService.Layout, String, List<MetadataService.LayoutItem>, Integer)
10:19:42.523 (1523912344)|METHOD_ENTRY|[370]|01po0000003Oh7F|MetadataUtils.getFieldsNotOnLayout(MetadataService.Layout, List<MetadataService.LayoutItem>)
10:19:42.524 (1524169764)|METHOD_ENTRY|[408]|01po0000003Oh7F|MetadataUtils.isFieldInLayout(String, MetadataService.Layout)
10:19:42.525 (1525882614)|METHOD_EXIT|[408]|01po0000003Oh7F|MetadataUtils.isFieldInLayout(String, MetadataService.Layout)
10:19:42.525 (1525984106)|METHOD_EXIT|[370]|01po0000003Oh7F|MetadataUtils.getFieldsNotOnLayout(MetadataService.Layout, List<MetadataService.LayoutItem>)
10:19:42.526 (1526011100)|CONSTRUCTOR_ENTRY|[372]|01po0000003Oh7D|<init>()
10:19:42.526 (1526177036)|CONSTRUCTOR_EXIT|[372]|01po0000003Oh7D|<init>()
10:19:42.526 (1526197982)|CONSTRUCTOR_ENTRY|[373]|01po0000003Oh7D|<init>()
10:19:42.526 (1526293457)|CONSTRUCTOR_EXIT|[373]|01po0000003Oh7D|<init>()
10:19:42.526 (1526688821)|METHOD_EXIT|[14]|01po0000003Oh7F|MetadataUtils.addFieldsToLayout(MetadataService.Layout, String, List<MetadataService.LayoutItem>, Integer)
10:19:42.528 (1528826329)|USER_DEBUG|[16]|DEBUG|Result layout: FullName: TeamRaiser_Registration__c-TeamRaiser Registration Layout
customButtons: null
headers: null
Sections: (LayoutSection: customLabel: true &#124; label: TeamRaiser Progress &#124; detailHeading: true &#124; style: OneColumn &#124; layoutColumns: (LayoutItems: (
LayoutItem: page_x: TeamRaiserProgressWidget scontrol: null field: null)) 
 , LayoutSection: customLabel: false &#124; label: Information &#124; detailHeading: false &#124; style: TwoColumnsTopToBottom &#124; layoutColumns: (LayoutItems: (
LayoutItem: page_x: null scontrol: null field: Name, 
LayoutItem: page_x: null scontrol: null field: Contact__c, 
LayoutItem: page_x: null scontrol: null field: Participation_Type__c, 
LayoutItem: page_x: null scontrol: null field: Participant_s_Home_Page__c, 
LayoutItem: page_x: null scontrol: null field: Registration_Date__c, 
LayoutItem: page_x: null scontrol: null field: Opportunity__c, 
LayoutItem: page_x: null scontrol: null field: TeamRaiser_Participation_Type__c), LayoutItems: (
LayoutItem: page_x: null scontrol: null field: Total_Raised__c, 
LayoutItem: page_x: null scontrol: null field: Campaign__c, 
LayoutItem: page_x: null scontrol: null field: Team_Captain__c, 
LayoutItem: page_x: null scontrol: null field: Team__c, 
LayoutItem: page_x: null scontrol: null field: Fundraising_Goal__c)) 
 , LayoutSection: customLabel: true &#124; label: Separator &#124; detailHeading: false &#124; style: TwoColumnsLeftToRight &#124; layoutColumns: (LayoutItems: (
LayoutItem: page_x: null scontrol: null field: Registration_Fee__c), LayoutItems: (
LayoutItem: page_x: null scontrol: null field: Extra_Gift__c, 
LayoutItem: page_x: null scontrol: null field: Upsell_Amount__c)) 
 , LayoutSection: customLabel: false &#124; label: System Information &#124; detailHeading: true &#124; style: TwoColumnsTopToBottom &#124; layoutColumns: (LayoutItems: (
LayoutItem: page_x: null scontrol: null field: CreatedById), LayoutItems: (
LayoutItem: page_x: null scontrol: null field: LastModifiedById)) 
 , LayoutSection: customLabel: true &#124; label: Custom Links &#124; detailHeading: false &#124; style: CustomLinks &#124; layoutColumns: (LayoutItems: null, LayoutItems: null, LayoutItems: null) 
 )
relatedObjects: null
relatedLists: (RelatedListItem:[apex_schema_type_info=(http://soap.sforce.com/2006/04/metadata, true, false), customButtons=null, customButtons_type_info=(customButtons, http://soap.sforce.com/2006/04/metadata, null, 0, -1, false), excludeButtons=null, excludeButtons_type_info=(excludeButtons, http://soap.sforce.com/2006/04/metadata, null, 0, -1, false), field_order_type_info=(customButtons, excludeButtons, fields, relatedList, sortField, sortOrder), fields=(OPPORTUNITY.NAME, ACCOUNT.NAME, OPPORTUNITY.CLOSE_DATE, OPPORTUNITY.AMOUNT), fields_type_info=(fields, http://soap.sforce.com/2006/04/metadata, null, 0, -1, false), relatedList=Opportunity.TeamRaiser_Registration__c, relatedList_type_info=(relatedList, http://soap.sforce.com/2006/04/metadata, null, 1, 1, false), sortField=null, sortField_type_info=(sortField, http://soap.sforce.com/2006/04/metadata, null, 0, 1, false), sortOrder=null, sortOrder_type_info=(sortOrder, http://soap.sforce.com/2006/04/metadata, null, 0, 1, false)], RelatedListItem:[apex_schema_type_info=(http://soap.sforce.com/2006/04/metadata, true, false), customButtons=null, customButtons_type_info=(customButtons, http://soap.sforce.com/2006/04/metadata, null, 0, -1, false), excludeButtons=null, excludeButtons_type_info=(excludeButtons, http://soap.sforce.com/2006/04/metadata, null, 0, -1, false), field_order_type_info=(customButtons, excludeButtons, fields, relatedList, sortField, sortOrder), fields=(NAME, Upsell_Item__c, Item_Price__c, Item_Quantity__c, Total_Amount__c, Date_Fulfilled__c), fields_type_info=(fields, http://soap.sforce.com/2006/04/metadata, null, 0, -1, false), relatedList=TeamRaiser_Registration_Upsell__c.TeamRaiser_Registration__c, relatedList_type_info=(relatedList, http://soap.sforce.com/2006/04/metadata, null, 1, 1, false), sortField=null, sortField_type_info=(sortField, http://soap.sforce.com/2006/04/metadata, null, 0, 1, false), sortOrder=null, sortOrder_type_info=(sortOrder, http://soap.sforce.com/2006/04/metadata, null, 0, 1, false)])
miniLayout null

10:19:43.221 (1528886215)|CUMULATIVE_LIMIT_USAGE
10:19:43.221|LIMIT_USAGE_FOR_NS|(default)|
  Number of SOQL queries: 0 out of 100
  Number of query rows: 0 out of 50000
  Number of SOSL queries: 0 out of 20
  Number of DML statements: 0 out of 150
  Number of DML rows: 0 out of 10000
  Maximum CPU time: 15 out of 10000
  Maximum heap size: 0 out of 6000000
  Number of callouts: 1 out of 100
  Number of Email Invocations: 0 out of 10
  Number of future calls: 0 out of 50
  Number of queueable jobs added to the queue: 0 out of 50
  Number of Mobile Apex push calls: 0 out of 10

10:19:43.221|CUMULATIVE_LIMIT_USAGE_END

10:19:42.528 (1528908432)|CODE_UNIT_FINISHED|execute_anonymous_apex
10:19:42.530 (1530807150)|EXECUTION_FINISHED