Execute Anonymous

================================

MetadataUtils.processSaveResults(new List<MetadataService.SaveResult>{});

================================

31.0 APEX_CODE,DEBUG;APEX_PROFILING,DEBUG;CALLOUT,INFO;DB,INFO;VALIDATION,INFO;WORKFLOW,INFO
Execute Anonymous: MetadataUtils.processSaveResults(new List<MetadataService.SaveResult>{});
11:32:42.504 (504048908)|EXECUTION_STARTED
11:32:42.504 (504058277)|CODE_UNIT_STARTED|[EXTERNAL]|execute_anonymous_apex
11:32:42.637 (637532966)|METHOD_ENTRY|[2]|01po0000003Oh7F|MetadataUtils.MetadataUtils()
11:32:42.637 (637592414)|METHOD_EXIT|[2]|MetadataUtils
11:32:42.637 (637635678)|METHOD_ENTRY|[1]|01po0000003Oh7F|MetadataUtils.processSaveResults(List<MetadataService.SaveResult>)
11:32:42.637 (637896224)|METHOD_EXIT|[1]|01po0000003Oh7F|MetadataUtils.processSaveResults(List<MetadataService.SaveResult>)
11:32:42.851 (637939849)|CUMULATIVE_LIMIT_USAGE
11:32:42.851|LIMIT_USAGE_FOR_NS|(default)|
  Number of SOQL queries: 0 out of 100
  Number of query rows: 0 out of 50000
  Number of SOSL queries: 0 out of 20
  Number of DML statements: 0 out of 150
  Number of DML rows: 0 out of 10000
  Maximum CPU time: 0 out of 10000
  Maximum heap size: 0 out of 6000000
  Number of callouts: 0 out of 100
  Number of Email Invocations: 0 out of 10
  Number of future calls: 0 out of 50
  Number of queueable jobs added to the queue: 0 out of 50
  Number of Mobile Apex push calls: 0 out of 10

11:32:42.851|CUMULATIVE_LIMIT_USAGE_END

11:32:42.637 (637962742)|CODE_UNIT_FINISHED|execute_anonymous_apex
11:32:42.639 (639487142)|EXECUTION_FINISHED