Execute Anonymous

================================

TeamRaiserProgressWidgetController controller = new TeamRaiserProgressWidgetController();
List<AggregateResult> totalAmountPerMonth = 
			[SELECT SUM(Amount) totalRaised, 
				calendar_month(CloseDate) month, 
				calendar_year(CloseDate) year, 
				StageName stage
			FROM Opportunity 
			WHERE TeamRaiser_Registration__c='a0jo0000001I18l'
			GROUP BY calendar_year(CloseDate) , calendar_month(CloseDate), StageName
			ORDER BY calendar_year(CloseDate), calendar_month(CloseDate)];

// List<Date> allMonths = TeamRaiserProgressWidgetController.convertAggregatesToDates(totalAmountPerMonth);
// System.debug('All months ' + TeamRaiserProgressWidgetController.getFormattedMonths(allMonths));
// List<Date> displayMonths = TeamRaiserProgressWidgetController.getDisplayMonths(allMonths.get(allMonths.size()-1));
// System.debug('Display months ' + TeamRaiserProgressWidgetController.getFormattedMonths(displayMonths));

// List<String> formattedDisplayMonths = TeamRaiserProgressWidgetController.getFormattedMonths(displayMonths);
// System.debug('Formatted months ' + formattedDisplayMonths);

// List<Decimal> amountRaisedByDisplayMonth = TeamRaiserProgressWidgetController.getAmountRaisedByDisplayMonth(totalAmountPerMonth, displayMonths);


// System.debug('moment of truth ' + amountRaisedByDisplayMonth);

System.debug('results ' + totalAmountPerMonth);

================================

31.0 APEX_CODE,DEBUG;APEX_PROFILING,DEBUG;CALLOUT,INFO;DB,INFO;VALIDATION,INFO;WORKFLOW,INFO
Execute Anonymous: TeamRaiserProgressWidgetController controller = new TeamRaiserProgressWidgetController();
Execute Anonymous: List<AggregateResult> totalAmountPerMonth = 
Execute Anonymous: 			[SELECT SUM(Amount) totalRaised, 
Execute Anonymous: 				calendar_month(CloseDate) month, 
Execute Anonymous: 				calendar_year(CloseDate) year, 
Execute Anonymous: 				StageName stage
Execute Anonymous: 			FROM Opportunity 
Execute Anonymous: 			WHERE TeamRaiser_Registration__c='a0jo0000001I18l'
Execute Anonymous: 			GROUP BY calendar_year(CloseDate) , calendar_month(CloseDate), StageName
Execute Anonymous: 			ORDER BY calendar_year(CloseDate), calendar_month(CloseDate)];
Execute Anonymous: 
Execute Anonymous: // List<Date> allMonths = TeamRaiserProgressWidgetController.convertAggregatesToDates(totalAmountPerMonth);
Execute Anonymous: // System.debug('All months ' + TeamRaiserProgressWidgetController.getFormattedMonths(allMonths));
Execute Anonymous: // List<Date> displayMonths = TeamRaiserProgressWidgetController.getDisplayMonths(allMonths.get(allMonths.size()-1));
Execute Anonymous: // System.debug('Display months ' + TeamRaiserProgressWidgetController.getFormattedMonths(displayMonths));
Execute Anonymous: 
Execute Anonymous: // List<String> formattedDisplayMonths = TeamRaiserProgressWidgetController.getFormattedMonths(displayMonths);
Execute Anonymous: // System.debug('Formatted months ' + formattedDisplayMonths);
Execute Anonymous: 
Execute Anonymous: // List<Decimal> amountRaisedByDisplayMonth = TeamRaiserProgressWidgetController.getAmountRaisedByDisplayMonth(totalAmountPerMonth, displayMonths);
Execute Anonymous: 
Execute Anonymous: 
Execute Anonymous: // System.debug('moment of truth ' + amountRaisedByDisplayMonth);
Execute Anonymous: 
Execute Anonymous: System.debug('results ' + totalAmountPerMonth);
11:44:03.151 (151159635)|EXECUTION_STARTED
11:44:03.151 (151173242)|CODE_UNIT_STARTED|[EXTERNAL]|execute_anonymous_apex
11:44:03.167 (167913751)|METHOD_ENTRY|[1]|01po0000003noZB|TeamRaiserProgressWidgetController.TeamRaiserProgressWidgetController()
11:44:03.168 (168066506)|METHOD_ENTRY|[6]|01po0000003QZvz|CurrencyFormatter.CurrencyFormatter()
11:44:03.168 (168084735)|METHOD_EXIT|[6]|CurrencyFormatter
11:44:03.168 (168129346)|METHOD_ENTRY|[5]|01po0000003QZvz|CurrencyFormatter.currencyOfUser(Boolean)
11:44:03.169 (169235538)|CONSTRUCTOR_ENTRY|[34]|01po0000003QZvz|<init>(String,String,Boolean)
11:44:03.169 (169362371)|CONSTRUCTOR_ENTRY|[14]|01po0000003QZvz|<init>(Integer,String)
11:44:03.169 (169590929)|CONSTRUCTOR_EXIT|[14]|01po0000003QZvz|<init>(Integer,String)
11:44:03.169 (169618530)|CONSTRUCTOR_ENTRY|[14]|01po0000003QZvz|<init>(Integer,String)
11:44:03.169 (169665509)|CONSTRUCTOR_EXIT|[14]|01po0000003QZvz|<init>(Integer,String)
11:44:03.169 (169686116)|CONSTRUCTOR_ENTRY|[14]|01po0000003QZvz|<init>(Integer,String)
11:44:03.169 (169728964)|CONSTRUCTOR_EXIT|[14]|01po0000003QZvz|<init>(Integer,String)
11:44:03.169 (169748657)|CONSTRUCTOR_ENTRY|[14]|01po0000003QZvz|<init>(Integer,String)
11:44:03.169 (169791083)|CONSTRUCTOR_EXIT|[14]|01po0000003QZvz|<init>(Integer,String)
11:44:03.169 (169850513)|METHOD_ENTRY|[25]|01po0000003QZvz|CurrencyFormatter.getDecimalSeparator()
11:44:03.170 (170015078)|METHOD_EXIT|[25]|01po0000003QZvz|CurrencyFormatter.getDecimalSeparator()
11:44:03.170 (170055810)|CONSTRUCTOR_EXIT|[34]|01po0000003QZvz|<init>(String,String,Boolean)
11:44:03.170 (170067435)|METHOD_EXIT|[5]|01po0000003QZvz|CurrencyFormatter.currencyOfUser(Boolean)
11:44:03.170 (170084665)|METHOD_EXIT|[1]|TeamRaiserProgressWidgetController
11:44:03.170 (170208240)|CONSTRUCTOR_ENTRY|[1]|01po0000003noZB|<init>()
11:44:03.170 (170244094)|CONSTRUCTOR_EXIT|[1]|01po0000003noZB|<init>()
11:44:03.170 (170898029)|SOQL_EXECUTE_BEGIN|[2]|Aggregations:0|SELECT SUM(Amount) totalRaised, CALENDAR_MONTH(CloseDate) month, CALENDAR_YEAR(CloseDate) year, StageName stage FROM Opportunity WHERE TeamRaiser_Registration__c = 'a0jo0000001I18l' GROUP BY CALENDAR_YEAR(CloseDate), CALENDAR_MONTH(CloseDate), StageName ORDER BY CALENDAR_YEAR(CloseDate) ASC NULLS FIRST, CALENDAR_MONTH(CloseDate) ASC NULLS FIRST
11:44:03.179 (179290860)|SOQL_EXECUTE_END|[2]|Rows:6
11:44:03.179 (179554698)|USER_DEBUG|[25]|DEBUG|results (AggregateResult:{month=1, totalRaised=8956.0, year=2014, stage=Not Received}, AggregateResult:{month=3, totalRaised=134.0, year=2014, stage=Received}, AggregateResult:{month=3, totalRaised=1114.0, year=2014, stage=Not Received}, AggregateResult:{month=8, totalRaised=123.0, year=2014, stage=Not Received}, AggregateResult:{month=12, totalRaised=86.0, year=2014, stage=Not Received}, AggregateResult:{month=3, totalRaised=1544.0, year=2015, stage=Received})
11:44:03.544 (179616586)|CUMULATIVE_LIMIT_USAGE
11:44:03.544|LIMIT_USAGE_FOR_NS|(default)|
  Number of SOQL queries: 1 out of 100
  Number of query rows: 8 out of 50000
  Number of SOSL queries: 0 out of 20
  Number of DML statements: 0 out of 150
  Number of DML rows: 0 out of 10000
  Maximum CPU time: 0 out of 10000
  Maximum heap size: 0 out of 6000000
  Number of callouts: 0 out of 100
  Number of Email Invocations: 0 out of 10
  Number of future calls: 0 out of 50
  Number of queueable jobs added to the queue: 0 out of 50
  Number of Mobile Apex push calls: 0 out of 10

11:44:03.544|CUMULATIVE_LIMIT_USAGE_END

11:44:03.179 (179662442)|CODE_UNIT_FINISHED|execute_anonymous_apex
11:44:03.182 (182572386)|EXECUTION_FINISHED