Execute Anonymous

================================

System.debug(Utils.getRecordType('Recurring Gift'));

================================

31.0 APEX_CODE,DEBUG;APEX_PROFILING,DEBUG;CALLOUT,INFO;DB,INFO;VALIDATION,INFO;WORKFLOW,INFO
Execute Anonymous: System.debug(Utils.getRecordType('Recurring Gift'));
09:28:50.119 (119866188)|EXECUTION_STARTED
09:28:50.119 (119875771)|CODE_UNIT_STARTED|[EXTERNAL]|execute_anonymous_apex
09:28:50.146 (146419069)|METHOD_ENTRY|[1]|01po0000000dllI|Utils.Utils()
09:28:50.147 (147282306)|METHOD_EXIT|[1]|Utils
09:28:50.147 (147310246)|METHOD_ENTRY|[1]|01po0000000dllI|Utils.getRecordType(String)
09:28:50.147 (147351240)|METHOD_ENTRY|[478]|01po0000000dllI|Utils.primeRecTypes()
09:28:50.147 (147679888)|SOQL_EXECUTE_BEGIN|[468]|Aggregations:0|SELECT Id, Name, DeveloperName, SobjectType, Description FROM RecordType WHERE IsActive = TRUE
09:28:50.161 (161339481)|SOQL_EXECUTE_END|[468]|Rows:34
09:28:50.164 (164107316)|METHOD_EXIT|[478]|01po0000000dllI|Utils.primeRecTypes()
09:28:50.164 (164177074)|METHOD_EXIT|[1]|01po0000000dllI|Utils.getRecordType(String)
09:28:50.164 (164205095)|USER_DEBUG|[1]|DEBUG|null
09:28:51.129 (164255091)|CUMULATIVE_LIMIT_USAGE
09:28:51.129|LIMIT_USAGE_FOR_NS|(default)|
  Number of SOQL queries: 1 out of 100
  Number of query rows: 34 out of 50000
  Number of SOSL queries: 0 out of 20
  Number of DML statements: 0 out of 150
  Number of DML rows: 0 out of 10000
  Maximum CPU time: 0 out of 10000
  Maximum heap size: 0 out of 6000000
  Number of callouts: 0 out of 100
  Number of Email Invocations: 0 out of 10
  Number of future calls: 0 out of 50
  Number of queueable jobs added to the queue: 0 out of 50
  Number of Mobile Apex push calls: 0 out of 10

09:28:51.129|CUMULATIVE_LIMIT_USAGE_END

09:28:50.164 (164286888)|CODE_UNIT_FINISHED|execute_anonymous_apex
09:28:50.166 (166215374)|EXECUTION_FINISHED