Execute Anonymous

================================

VersionUpgrades.doUpgrades();

================================

31.0 APEX_CODE,DEBUG;APEX_PROFILING,DEBUG;CALLOUT,INFO;DB,INFO;VALIDATION,INFO;WORKFLOW,INFO
Execute Anonymous: VersionUpgrades.doUpgrades();
15:10:56.728 (728596912)|EXECUTION_STARTED
15:10:56.728 (728607370)|CODE_UNIT_STARTED|[EXTERNAL]|execute_anonymous_apex
15:10:56.734 (734192196)|METHOD_ENTRY|[1]|01po0000003QGLN|VersionUpgrades.VersionUpgrades()
15:10:56.736 (736979330)|METHOD_ENTRY|[4]|01po0000001fPRj|ProtectedSettingsUtils.ProtectedSettingsUtils()
15:10:56.737 (737031144)|METHOD_ENTRY|[9]|01po0000001fPRj|ProtectedSettingsUtils.mockProtectedSettingsOrgDefaults()
15:10:56.737 (737305418)|METHOD_EXIT|[9]|01po0000001fPRj|ProtectedSettingsUtils.mockProtectedSettingsOrgDefaults()
15:10:56.737 (737317498)|METHOD_EXIT|[4]|ProtectedSettingsUtils
15:10:56.737 (737328624)|METHOD_ENTRY|[6]|01po0000001fPRj|ProtectedSettingsUtils.getLastUpgradeRun()
15:10:56.757 (757740011)|METHOD_EXIT|[6]|01po0000001fPRj|ProtectedSettingsUtils.getLastUpgradeRun()
15:10:56.757 (757773116)|METHOD_EXIT|[1]|VersionUpgrades
15:10:56.757 (757822530)|METHOD_ENTRY|[1]|01po0000003QGLN|VersionUpgrades.doUpgrades()
15:10:56.757 (757971484)|USER_DEBUG|[9]|DEBUG|Last upgrade run: 12.11
15:10:56.757 (757995934)|METHOD_ENTRY|[10]|01po0000003QGLN|VersionUpgrades.doUpgrades12_7_2()
15:10:56.758 (758041015)|METHOD_EXIT|[10]|01po0000003QGLN|VersionUpgrades.doUpgrades12_7_2()
15:10:56.758 (758073845)|USER_DEBUG|[11]|DEBUG|Done with 12_7_2
15:10:56.758 (758096159)|METHOD_ENTRY|[12]|01po0000003QGLN|VersionUpgrades.doUpgrades12_9()
15:10:56.758 (758135167)|METHOD_ENTRY|[37]|01po0000003QGLN|VersionUpgrades.getLastUpgradeVersionIndex(String)
15:10:56.766 (766340638)|METHOD_ENTRY|[3]|01po0000000dll9|StringUtils.StringUtils()
15:10:56.766 (766524088)|METHOD_EXIT|[3]|StringUtils
15:10:56.766 (766556020)|METHOD_ENTRY|[81]|01po0000000dll9|StringUtils.getStringIndexInList(List<String>, String)
15:10:56.766 (766739996)|METHOD_EXIT|[81]|01po0000000dll9|StringUtils.getStringIndexInList(List<String>, String)
15:10:56.766 (766747716)|METHOD_EXIT|[37]|01po0000003QGLN|VersionUpgrades.getLastUpgradeVersionIndex(String)
15:10:56.766 (766755728)|METHOD_EXIT|[12]|01po0000003QGLN|VersionUpgrades.doUpgrades12_9()
15:10:56.766 (766781807)|USER_DEBUG|[13]|DEBUG|Done with 12_9
15:10:56.766 (766796461)|METHOD_ENTRY|[14]|01po0000003QGLN|VersionUpgrades.doUpgrades12_10()
15:10:56.766 (766821718)|METHOD_ENTRY|[46]|01po0000003QGLN|VersionUpgrades.getLastUpgradeVersionIndex(String)
15:10:56.766 (766836148)|METHOD_ENTRY|[81]|01po0000000dll9|StringUtils.getStringIndexInList(List<String>, String)
15:10:56.766 (766932647)|METHOD_EXIT|[81]|01po0000000dll9|StringUtils.getStringIndexInList(List<String>, String)
15:10:56.766 (766938943)|METHOD_EXIT|[46]|01po0000003QGLN|VersionUpgrades.getLastUpgradeVersionIndex(String)
15:10:56.766 (766945692)|METHOD_EXIT|[14]|01po0000003QGLN|VersionUpgrades.doUpgrades12_10()
15:10:56.766 (766966505)|USER_DEBUG|[15]|DEBUG|Done with 12_10
15:10:56.766 (766979905)|METHOD_ENTRY|[16]|01po0000003QGLN|VersionUpgrades.doUpgrades12_11()
15:10:56.767 (767002909)|METHOD_ENTRY|[56]|01po0000003QGLN|VersionUpgrades.getLastUpgradeVersionIndex(String)
15:10:56.767 (767018640)|METHOD_ENTRY|[81]|01po0000000dll9|StringUtils.getStringIndexInList(List<String>, String)
15:10:56.767 (767114462)|METHOD_EXIT|[81]|01po0000000dll9|StringUtils.getStringIndexInList(List<String>, String)
15:10:56.767 (767120492)|METHOD_EXIT|[56]|01po0000003QGLN|VersionUpgrades.getLastUpgradeVersionIndex(String)
15:10:56.767 (767127015)|METHOD_EXIT|[16]|01po0000003QGLN|VersionUpgrades.doUpgrades12_11()
15:10:56.767 (767146992)|USER_DEBUG|[17]|DEBUG|Done with 12_11
15:10:56.767 (767160456)|METHOD_ENTRY|[18]|01po0000003QGLN|VersionUpgrades.upsertLastUpgradeRun()
15:10:56.767 (767190478)|METHOD_ENTRY|[65]|01po0000001fPRj|ProtectedSettingsUtils.setLastUpgradeRun(String)
15:10:56.767 (767238490)|METHOD_ENTRY|[115]|01po0000000dll9|StringUtils.listContainsString(List<String>, String)
15:10:56.767 (767506366)|METHOD_EXIT|[115]|01po0000000dll9|StringUtils.listContainsString(List<String>, String)
15:10:56.767 (767519719)|METHOD_ENTRY|[119]|01po0000001fPRj|ProtectedSettingsUtils.getProtectedSettingsOrgDefaults()
15:10:56.767 (767679035)|METHOD_EXIT|[119]|01po0000001fPRj|ProtectedSettingsUtils.getProtectedSettingsOrgDefaults()
15:10:56.767 (767737919)|METHOD_ENTRY|[121]|01po0000001fPRj|ProtectedSettingsUtils.updateSettings(Convio_Settings_Protected__c)
15:10:56.767 (767821547)|DML_BEGIN|[49]|Op:Upsert|Type:Convio_Settings_Protected__c|Rows:1
15:10:56.817 (817253246)|DML_END|[49]
15:10:56.817 (817294355)|METHOD_EXIT|[121]|01po0000001fPRj|ProtectedSettingsUtils.updateSettings(Convio_Settings_Protected__c)
15:10:56.817 (817306781)|METHOD_EXIT|[65]|01po0000001fPRj|ProtectedSettingsUtils.setLastUpgradeRun(String)
15:10:56.817 (817313560)|METHOD_EXIT|[18]|01po0000003QGLN|VersionUpgrades.upsertLastUpgradeRun()
15:10:56.817 (817334344)|METHOD_ENTRY|[19]|01po0000003QGLN|VersionUpgrades.getNeedUpgrades()
15:10:56.817 (817367450)|METHOD_ENTRY|[77]|01po0000001fPRj|ProtectedSettingsUtils.getLastUpgradeRun()
15:10:56.831 (831643065)|METHOD_EXIT|[77]|01po0000001fPRj|ProtectedSettingsUtils.getLastUpgradeRun()
15:10:56.831 (831666875)|METHOD_ENTRY|[77]|01po0000003QGLN|VersionUpgrades.getLastUpgradeVersionIndex(String)
15:10:56.831 (831694657)|METHOD_ENTRY|[81]|01po0000000dll9|StringUtils.getStringIndexInList(List<String>, String)
15:10:56.831 (831824862)|METHOD_EXIT|[81]|01po0000000dll9|StringUtils.getStringIndexInList(List<String>, String)
15:10:56.831 (831831790)|METHOD_EXIT|[77]|01po0000003QGLN|VersionUpgrades.getLastUpgradeVersionIndex(String)
15:10:56.831 (831855511)|METHOD_EXIT|[19]|01po0000003QGLN|VersionUpgrades.getNeedUpgrades()
15:10:56.831 (831862194)|METHOD_EXIT|[1]|01po0000003QGLN|VersionUpgrades.doUpgrades()
15:10:57.601 (839829923)|CUMULATIVE_LIMIT_USAGE
15:10:57.601|LIMIT_USAGE_FOR_NS|(default)|
  Number of SOQL queries: 0 out of 100
  Number of query rows: 0 out of 50000
  Number of SOSL queries: 0 out of 20
  Number of DML statements: 1 out of 150
  Number of DML rows: 1 out of 10000
  Maximum CPU time: 0 out of 10000
  Maximum heap size: 0 out of 6000000
  Number of callouts: 0 out of 100
  Number of Email Invocations: 0 out of 10
  Number of future calls: 0 out of 50
  Number of queueable jobs added to the queue: 0 out of 50
  Number of Mobile Apex push calls: 0 out of 10

15:10:57.601|CUMULATIVE_LIMIT_USAGE_END

15:10:56.839 (839852635)|CODE_UNIT_FINISHED|execute_anonymous_apex
15:10:56.841 (841097149)|EXECUTION_FINISHED