Execute Anonymous

================================

System.debug(EncodingUtil.urlEncode(Utils.toLocaleDate(Date.today()), 'UTF-8'));

================================

31.0 APEX_CODE,DEBUG;APEX_PROFILING,DEBUG;CALLOUT,INFO;DB,INFO;VALIDATION,INFO;WORKFLOW,INFO
Execute Anonymous: System.debug(EncodingUtil.urlEncode(Utils.toLocaleDate(Date.today()), 'UTF-8'));
13:30:53.119 (119224977)|EXECUTION_STARTED
13:30:53.119 (119239259)|CODE_UNIT_STARTED|[EXTERNAL]|execute_anonymous_apex
13:30:53.148 (148989084)|METHOD_ENTRY|[1]|01po0000000dllI|Utils.Utils()
13:30:53.152 (152960386)|METHOD_EXIT|[1]|Utils
13:30:53.153 (153007606)|METHOD_ENTRY|[1]|01po0000000dllI|Utils.toLocaleDate(Date)
13:30:53.153 (153219217)|METHOD_EXIT|[1]|01po0000000dllI|Utils.toLocaleDate(Date)
13:30:53.153 (153423413)|USER_DEBUG|[1]|DEBUG|2%2F12%2F2015
13:30:53.558 (153469477)|CUMULATIVE_LIMIT_USAGE
13:30:53.558|LIMIT_USAGE_FOR_NS|(default)|
  Number of SOQL queries: 0 out of 100
  Number of query rows: 0 out of 50000
  Number of SOSL queries: 0 out of 20
  Number of DML statements: 0 out of 150
  Number of DML rows: 0 out of 10000
  Maximum CPU time: 0 out of 10000
  Maximum heap size: 0 out of 6000000
  Number of callouts: 0 out of 100
  Number of Email Invocations: 0 out of 10
  Number of future calls: 0 out of 50
  Number of queueable jobs added to the queue: 0 out of 50
  Number of Mobile Apex push calls: 0 out of 10

13:30:53.558|CUMULATIVE_LIMIT_USAGE_END

13:30:53.153 (153516725)|CODE_UNIT_FINISHED|execute_anonymous_apex
13:30:53.155 (155553441)|EXECUTION_FINISHED