Execute Anonymous

================================

TeamRaiserProgressWidgetController controller = new TeamRaiserProgressWidgetController();

System.debug(controller.getMonthsToDisplay(Date.newInstance(2014,12,1)));

================================

31.0 APEX_CODE,DEBUG;APEX_PROFILING,DEBUG;CALLOUT,INFO;DB,INFO;VALIDATION,INFO;WORKFLOW,INFO
Execute Anonymous: TeamRaiserProgressWidgetController controller = new TeamRaiserProgressWidgetController();
Execute Anonymous: 
Execute Anonymous: System.debug(controller.getMonthsToDisplay(Date.newInstance(2014,12,1)));
09:10:10.156 (156068668)|EXECUTION_STARTED
09:10:10.156 (156078273)|CODE_UNIT_STARTED|[EXTERNAL]|execute_anonymous_apex
09:10:10.183 (183765508)|METHOD_ENTRY|[1]|01po0000003noZB|TeamRaiserProgressWidgetController.TeamRaiserProgressWidgetController()
09:10:10.183 (183903073)|METHOD_ENTRY|[6]|01po0000003QZvz|CurrencyFormatter.CurrencyFormatter()
09:10:10.183 (183918703)|METHOD_EXIT|[6]|CurrencyFormatter
09:10:10.183 (183966343)|METHOD_ENTRY|[5]|01po0000003QZvz|CurrencyFormatter.currencyOfUser(Boolean)
09:10:10.186 (186096401)|CONSTRUCTOR_ENTRY|[34]|01po0000003QZvz|<init>(String,String,Boolean)
09:10:10.186 (186210542)|CONSTRUCTOR_ENTRY|[14]|01po0000003QZvz|<init>(Integer,String)
09:10:10.186 (186449226)|CONSTRUCTOR_EXIT|[14]|01po0000003QZvz|<init>(Integer,String)
09:10:10.186 (186471687)|CONSTRUCTOR_ENTRY|[14]|01po0000003QZvz|<init>(Integer,String)
09:10:10.186 (186512732)|CONSTRUCTOR_EXIT|[14]|01po0000003QZvz|<init>(Integer,String)
09:10:10.186 (186528650)|CONSTRUCTOR_ENTRY|[14]|01po0000003QZvz|<init>(Integer,String)
09:10:10.186 (186565414)|CONSTRUCTOR_EXIT|[14]|01po0000003QZvz|<init>(Integer,String)
09:10:10.186 (186579514)|CONSTRUCTOR_ENTRY|[14]|01po0000003QZvz|<init>(Integer,String)
09:10:10.186 (186614702)|CONSTRUCTOR_EXIT|[14]|01po0000003QZvz|<init>(Integer,String)
09:10:10.186 (186688811)|METHOD_ENTRY|[25]|01po0000003QZvz|CurrencyFormatter.getDecimalSeparator()
09:10:10.186 (186870613)|METHOD_EXIT|[25]|01po0000003QZvz|CurrencyFormatter.getDecimalSeparator()
09:10:10.186 (186912942)|CONSTRUCTOR_EXIT|[34]|01po0000003QZvz|<init>(String,String,Boolean)
09:10:10.186 (186922563)|METHOD_EXIT|[5]|01po0000003QZvz|CurrencyFormatter.currencyOfUser(Boolean)
09:10:10.186 (186937534)|METHOD_EXIT|[1]|TeamRaiserProgressWidgetController
09:10:10.187 (187077835)|CONSTRUCTOR_ENTRY|[1]|01po0000003noZB|<init>()
09:10:10.187 (187110124)|CONSTRUCTOR_EXIT|[1]|01po0000003noZB|<init>()
09:10:10.187 (187254307)|METHOD_ENTRY|[3]|01po0000003noZB|TeamRaiserProgressWidgetController.getMonthsToDisplay(Date)
09:10:10.187 (187370573)|METHOD_ENTRY|[89]|01po0000003noZB|TeamRaiserProgressWidgetController.getFormattedDate(Date)
09:10:10.216 (216280212)|METHOD_ENTRY|[1]|01po0000000dllI|Utils.Utils()
09:10:10.221 (221263645)|METHOD_EXIT|[1]|Utils
09:10:10.221 (221306418)|METHOD_ENTRY|[96]|01po0000000dllI|Utils.getMonthStr(Integer)
09:10:10.221 (221330860)|METHOD_EXIT|[96]|01po0000000dllI|Utils.getMonthStr(Integer)
09:10:10.221 (221418073)|METHOD_EXIT|[89]|01po0000003noZB|TeamRaiserProgressWidgetController.getFormattedDate(Date)
09:10:10.221 (221450622)|METHOD_EXIT|[3]|01po0000003noZB|TeamRaiserProgressWidgetController.getMonthsToDisplay(Date)
09:10:10.221 (221522996)|USER_DEBUG|[3]|DEBUG|(January 2015)
09:10:11.006 (221571919)|CUMULATIVE_LIMIT_USAGE
09:10:11.006|LIMIT_USAGE_FOR_NS|(default)|
  Number of SOQL queries: 0 out of 100
  Number of query rows: 0 out of 50000
  Number of SOSL queries: 0 out of 20
  Number of DML statements: 0 out of 150
  Number of DML rows: 0 out of 10000
  Maximum CPU time: 0 out of 10000
  Maximum heap size: 0 out of 6000000
  Number of callouts: 0 out of 100
  Number of Email Invocations: 0 out of 10
  Number of future calls: 0 out of 50
  Number of queueable jobs added to the queue: 0 out of 50
  Number of Mobile Apex push calls: 0 out of 10

09:10:11.006|CUMULATIVE_LIMIT_USAGE_END

09:10:10.221 (221596075)|CODE_UNIT_FINISHED|execute_anonymous_apex
09:10:10.224 (224508400)|EXECUTION_FINISHED