Execute Anonymous

================================

ProtectedSettingsUtils.setLastUpgradeRun('12.7.2');

================================

31.0 APEX_CODE,DEBUG;APEX_PROFILING,DEBUG;CALLOUT,INFO;DB,INFO;VALIDATION,INFO;WORKFLOW,INFO
Execute Anonymous: ProtectedSettingsUtils.setLastUpgradeRun('12.7.2');
09:02:55.531 (531574452)|EXECUTION_STARTED
09:02:55.531 (531583557)|CODE_UNIT_STARTED|[EXTERNAL]|execute_anonymous_apex
09:02:55.536 (536168219)|METHOD_ENTRY|[4]|01po0000001fPRj|ProtectedSettingsUtils.ProtectedSettingsUtils()
09:02:55.536 (536209095)|METHOD_ENTRY|[9]|01po0000001fPRj|ProtectedSettingsUtils.mockProtectedSettingsOrgDefaults()
09:02:55.536 (536478600)|METHOD_EXIT|[9]|01po0000001fPRj|ProtectedSettingsUtils.mockProtectedSettingsOrgDefaults()
09:02:55.536 (536491328)|METHOD_EXIT|[4]|ProtectedSettingsUtils
09:02:55.536 (536507353)|METHOD_ENTRY|[1]|01po0000001fPRj|ProtectedSettingsUtils.setLastUpgradeRun(String)
09:02:55.540 (540752581)|METHOD_ENTRY|[1]|01po0000003QGLN|VersionUpgrades.VersionUpgrades()
09:02:55.540 (540822939)|METHOD_ENTRY|[6]|01po0000001fPRj|ProtectedSettingsUtils.getLastUpgradeRun()
09:02:55.541 (541676820)|METHOD_EXIT|[6]|01po0000001fPRj|ProtectedSettingsUtils.getLastUpgradeRun()
09:02:55.541 (541689166)|METHOD_EXIT|[1]|VersionUpgrades
09:02:55.550 (550614012)|METHOD_ENTRY|[3]|01po0000000dll9|StringUtils.StringUtils()
09:02:55.550 (550780335)|METHOD_EXIT|[3]|StringUtils
09:02:55.550 (550817658)|METHOD_ENTRY|[115]|01po0000000dll9|StringUtils.listContainsString(List<String>, String)
09:02:55.551 (551054449)|METHOD_EXIT|[115]|01po0000000dll9|StringUtils.listContainsString(List<String>, String)
09:02:55.551 (551069531)|METHOD_ENTRY|[119]|01po0000001fPRj|ProtectedSettingsUtils.getProtectedSettingsOrgDefaults()
09:02:55.551 (551238014)|METHOD_EXIT|[119]|01po0000001fPRj|ProtectedSettingsUtils.getProtectedSettingsOrgDefaults()
09:02:55.551 (551295593)|METHOD_ENTRY|[121]|01po0000001fPRj|ProtectedSettingsUtils.updateSettings(Convio_Settings_Protected__c)
09:02:55.551 (551388023)|DML_BEGIN|[49]|Op:Upsert|Type:Convio_Settings_Protected__c|Rows:1
09:02:55.602 (602682534)|DML_END|[49]
09:02:55.602 (602723147)|METHOD_EXIT|[121]|01po0000001fPRj|ProtectedSettingsUtils.updateSettings(Convio_Settings_Protected__c)
09:02:55.602 (602734827)|METHOD_EXIT|[1]|01po0000001fPRj|ProtectedSettingsUtils.setLastUpgradeRun(String)
09:02:56.404 (617230377)|CUMULATIVE_LIMIT_USAGE
09:02:56.404|LIMIT_USAGE_FOR_NS|(default)|
  Number of SOQL queries: 0 out of 100
  Number of query rows: 0 out of 50000
  Number of SOSL queries: 0 out of 20
  Number of DML statements: 1 out of 150
  Number of DML rows: 1 out of 10000
  Maximum CPU time: 0 out of 10000
  Maximum heap size: 0 out of 6000000
  Number of callouts: 0 out of 100
  Number of Email Invocations: 0 out of 10
  Number of future calls: 0 out of 50
  Number of queueable jobs added to the queue: 0 out of 50
  Number of Mobile Apex push calls: 0 out of 10

09:02:56.404|CUMULATIVE_LIMIT_USAGE_END

09:02:55.617 (617258085)|CODE_UNIT_FINISHED|execute_anonymous_apex
09:02:55.618 (618495889)|EXECUTION_FINISHED