Execute Anonymous

================================

System.debug(VersionUpgrades.doUpgrades());

================================

31.0 APEX_CODE,DEBUG;APEX_PROFILING,DEBUG;CALLOUT,INFO;DB,INFO;VALIDATION,INFO;WORKFLOW,INFO
Execute Anonymous: System.debug(VersionUpgrades.doUpgrades());
14:41:54.253 (1253005912)|EXECUTION_STARTED
14:41:54.253 (1253014636)|CODE_UNIT_STARTED|[EXTERNAL]|execute_anonymous_apex
14:41:54.260 (1260197464)|METHOD_ENTRY|[1]|01po0000003QGLN|VersionUpgrades.VersionUpgrades()
14:41:54.264 (1264503119)|METHOD_ENTRY|[4]|01po0000001fPRj|ProtectedSettingsUtils.ProtectedSettingsUtils()
14:41:54.264 (1264548766)|METHOD_ENTRY|[9]|01po0000001fPRj|ProtectedSettingsUtils.mockProtectedSettingsOrgDefaults()
14:41:54.264 (1264798321)|METHOD_EXIT|[9]|01po0000001fPRj|ProtectedSettingsUtils.mockProtectedSettingsOrgDefaults()
14:41:54.264 (1264815305)|METHOD_EXIT|[4]|ProtectedSettingsUtils
14:41:54.264 (1264827631)|METHOD_ENTRY|[6]|01po0000001fPRj|ProtectedSettingsUtils.getLastUpgradeRun()
14:41:54.288 (1288154370)|METHOD_EXIT|[6]|01po0000001fPRj|ProtectedSettingsUtils.getLastUpgradeRun()
14:41:54.288 (1288189911)|METHOD_EXIT|[1]|VersionUpgrades
14:41:54.288 (1288231669)|METHOD_ENTRY|[1]|01po0000003QGLN|VersionUpgrades.doUpgrades()
14:41:54.288 (1288358716)|USER_DEBUG|[9]|DEBUG|Last upgrade run: 12_7_2
14:41:54.288 (1288377204)|METHOD_ENTRY|[10]|01po0000003QGLN|VersionUpgrades.doUpgrades12_7_2()
14:41:54.288 (1288410267)|METHOD_EXIT|[10]|01po0000003QGLN|VersionUpgrades.doUpgrades12_7_2()
14:41:54.288 (1288431766)|USER_DEBUG|[11]|DEBUG|Done with 12_7_2
14:41:54.288 (1288447155)|METHOD_ENTRY|[12]|01po0000003QGLN|VersionUpgrades.doUpgrades12_9()
14:41:54.288 (1288476756)|METHOD_ENTRY|[37]|01po0000003QGLN|VersionUpgrades.getLastUpgradeVersionIndex(String)
14:41:54.300 (1300722969)|METHOD_ENTRY|[3]|01po0000000dll9|StringUtils.StringUtils()
14:41:54.300 (1300935978)|METHOD_EXIT|[3]|StringUtils
14:41:54.300 (1300977825)|METHOD_ENTRY|[80]|01po0000000dll9|StringUtils.getStringIndexInList(List<String>, String)
14:41:54.301 (1301203662)|METHOD_EXIT|[80]|01po0000000dll9|StringUtils.getStringIndexInList(List<String>, String)
14:41:54.301 (1301213735)|METHOD_EXIT|[37]|01po0000003QGLN|VersionUpgrades.getLastUpgradeVersionIndex(String)
14:41:54.301 (1301223663)|METHOD_EXIT|[12]|01po0000003QGLN|VersionUpgrades.doUpgrades12_9()
14:41:54.301 (1301255366)|USER_DEBUG|[13]|DEBUG|Done with 12_9
14:41:54.301 (1301271972)|METHOD_ENTRY|[14]|01po0000003QGLN|VersionUpgrades.doUpgrades12_10()
14:41:54.301 (1301300840)|METHOD_ENTRY|[46]|01po0000003QGLN|VersionUpgrades.getLastUpgradeVersionIndex(String)
14:41:54.301 (1301316595)|METHOD_ENTRY|[80]|01po0000000dll9|StringUtils.getStringIndexInList(List<String>, String)
14:41:54.301 (1301421311)|METHOD_EXIT|[80]|01po0000000dll9|StringUtils.getStringIndexInList(List<String>, String)
14:41:54.301 (1301427495)|METHOD_EXIT|[46]|01po0000003QGLN|VersionUpgrades.getLastUpgradeVersionIndex(String)
14:41:54.301 (1301434636)|METHOD_EXIT|[14]|01po0000003QGLN|VersionUpgrades.doUpgrades12_10()
14:41:54.301 (1301455363)|USER_DEBUG|[15]|DEBUG|Done with 12_10
14:41:54.301 (1301469273)|METHOD_ENTRY|[16]|01po0000003QGLN|VersionUpgrades.doUpgrades12_11()
14:41:54.301 (1301493753)|METHOD_ENTRY|[55]|01po0000003QGLN|VersionUpgrades.getLastUpgradeVersionIndex(String)
14:41:54.301 (1301507504)|METHOD_ENTRY|[80]|01po0000000dll9|StringUtils.getStringIndexInList(List<String>, String)
14:41:54.301 (1301610503)|METHOD_EXIT|[80]|01po0000000dll9|StringUtils.getStringIndexInList(List<String>, String)
14:41:54.301 (1301616552)|METHOD_EXIT|[55]|01po0000003QGLN|VersionUpgrades.getLastUpgradeVersionIndex(String)
14:41:54.301 (1301624003)|METHOD_EXIT|[16]|01po0000003QGLN|VersionUpgrades.doUpgrades12_11()
14:41:54.301 (1301643644)|USER_DEBUG|[17]|DEBUG|Done with 12_11
14:41:54.301 (1301657918)|METHOD_ENTRY|[18]|01po0000003QGLN|VersionUpgrades.upsertLastUpgradeRun()
14:41:54.301 (1301693434)|METHOD_ENTRY|[64]|01po0000001fPRj|ProtectedSettingsUtils.setLastUpgradeRun(String)
14:41:54.301 (1301748920)|METHOD_ENTRY|[115]|01po0000000dll9|StringUtils.listContainsString(List<String>, String)
14:41:54.302 (1302063054)|METHOD_EXIT|[115]|01po0000000dll9|StringUtils.listContainsString(List<String>, String)
14:41:54.302 (1302073358)|METHOD_EXIT|[64]|01po0000001fPRj|ProtectedSettingsUtils.setLastUpgradeRun(String)
14:41:54.302 (1302079140)|METHOD_EXIT|[18]|01po0000003QGLN|VersionUpgrades.upsertLastUpgradeRun()
14:41:54.302 (1302089293)|METHOD_ENTRY|[19]|01po0000003QGLN|VersionUpgrades.getNeedUpgrades()
14:41:54.302 (1302109562)|METHOD_ENTRY|[76]|01po0000001fPRj|ProtectedSettingsUtils.getLastUpgradeRun()
14:41:54.302 (1302301777)|METHOD_EXIT|[76]|01po0000001fPRj|ProtectedSettingsUtils.getLastUpgradeRun()
14:41:54.302 (1302310156)|METHOD_ENTRY|[76]|01po0000003QGLN|VersionUpgrades.getLastUpgradeVersionIndex(String)
14:41:54.302 (1302320825)|METHOD_ENTRY|[80]|01po0000000dll9|StringUtils.getStringIndexInList(List<String>, String)
14:41:54.302 (1302429919)|METHOD_EXIT|[80]|01po0000000dll9|StringUtils.getStringIndexInList(List<String>, String)
14:41:54.302 (1302436177)|METHOD_EXIT|[76]|01po0000003QGLN|VersionUpgrades.getLastUpgradeVersionIndex(String)
14:41:54.302 (1302453804)|METHOD_EXIT|[19]|01po0000003QGLN|VersionUpgrades.getNeedUpgrades()
14:41:54.302 (1302460270)|METHOD_EXIT|[1]|01po0000003QGLN|VersionUpgrades.doUpgrades()
14:41:54.302 (1302477819)|USER_DEBUG|[1]|DEBUG|true
14:41:53.897 (1302521249)|CUMULATIVE_LIMIT_USAGE
14:41:53.897|LIMIT_USAGE_FOR_NS|(default)|
  Number of SOQL queries: 0 out of 100
  Number of query rows: 0 out of 50000
  Number of SOSL queries: 0 out of 20
  Number of DML statements: 0 out of 150
  Number of DML rows: 0 out of 10000
  Maximum CPU time: 0 out of 10000
  Maximum heap size: 0 out of 6000000
  Number of callouts: 0 out of 100
  Number of Email Invocations: 0 out of 10
  Number of future calls: 0 out of 50
  Number of queueable jobs added to the queue: 0 out of 50
  Number of Mobile Apex push calls: 0 out of 10

14:41:53.897|CUMULATIVE_LIMIT_USAGE_END

14:41:54.302 (1302547852)|CODE_UNIT_FINISHED|execute_anonymous_apex
14:41:54.304 (1304540053)|EXECUTION_FINISHED