Execute Anonymous

================================

ActionOverrideExample.createActionOveride();

================================

31.0 APEX_CODE,DEBUG;APEX_PROFILING,DEBUG;CALLOUT,INFO;DB,INFO;VALIDATION,INFO;WORKFLOW,INFO
Execute Anonymous: ActionOverrideExample.createActionOveride();
13:48:40.390 (390621390)|EXECUTION_STARTED
13:48:40.390 (390637021)|CODE_UNIT_STARTED|[EXTERNAL]|execute_anonymous_apex
13:48:40.511 (511332372)|METHOD_ENTRY|[1]|01po0000003nTLs|ActionOverrideExample.ActionOverrideExample()
13:48:40.511 (511382470)|METHOD_EXIT|[1]|ActionOverrideExample
13:48:40.511 (511424198)|METHOD_ENTRY|[1]|01po0000003nTLs|ActionOverrideExample.createActionOveride()
13:48:40.512 (512977346)|CONSTRUCTOR_ENTRY|[39]|01po0000003nTLn|<init>()
13:48:40.513 (513208739)|CONSTRUCTOR_EXIT|[39]|01po0000003nTLn|<init>()
13:48:40.541 (541621858)|METHOD_ENTRY|[1]|01po0000000dllI|Utils.Utils()
13:48:40.546 (546248442)|METHOD_EXIT|[1]|Utils
13:48:40.546 (546309885)|METHOD_ENTRY|[41]|01po0000000dllI|Utils.addNamespace(String)
13:48:40.555 (555991680)|METHOD_ENTRY|[1]|01po0000000dlkU|Constants.Constants()
13:48:40.611 (611651487)|METHOD_EXIT|[1]|Constants
13:48:40.611 (611691728)|METHOD_EXIT|[41]|01po0000000dllI|Utils.addNamespace(String)
13:48:40.611 (611723032)|METHOD_EXIT|[1]|01po0000003nTLs|ActionOverrideExample.createActionOveride()
13:48:41.396 (611806380)|CUMULATIVE_LIMIT_USAGE
13:48:41.396|LIMIT_USAGE_FOR_NS|(default)|
  Number of SOQL queries: 0 out of 100
  Number of query rows: 0 out of 50000
  Number of SOSL queries: 0 out of 20
  Number of DML statements: 0 out of 150
  Number of DML rows: 0 out of 10000
  Maximum CPU time: 0 out of 10000
  Maximum heap size: 0 out of 6000000
  Number of callouts: 0 out of 100
  Number of Email Invocations: 0 out of 10
  Number of future calls: 0 out of 50
  Number of queueable jobs added to the queue: 0 out of 50
  Number of Mobile Apex push calls: 0 out of 10

13:48:41.396|CUMULATIVE_LIMIT_USAGE_END

13:48:40.611 (611841632)|CODE_UNIT_FINISHED|execute_anonymous_apex
13:48:40.613 (613695639)|EXECUTION_FINISHED