Execute Anonymous

================================



System.debug(VersionUpgrades.doUpgrades());

================================

31.0 APEX_CODE,DEBUG;APEX_PROFILING,DEBUG;CALLOUT,INFO;DB,INFO;VALIDATION,INFO;WORKFLOW,INFO
Execute Anonymous: 
Execute Anonymous: 
Execute Anonymous: System.debug(VersionUpgrades.doUpgrades());
14:39:10.932 (932528201)|EXECUTION_STARTED
14:39:10.932 (932541522)|CODE_UNIT_STARTED|[EXTERNAL]|execute_anonymous_apex
14:39:10.942 (942181344)|METHOD_ENTRY|[1]|01po0000003QGLN|VersionUpgrades.VersionUpgrades()
14:39:10.948 (948915597)|METHOD_ENTRY|[4]|01po0000001fPRj|ProtectedSettingsUtils.ProtectedSettingsUtils()
14:39:10.948 (948958763)|METHOD_ENTRY|[9]|01po0000001fPRj|ProtectedSettingsUtils.mockProtectedSettingsOrgDefaults()
14:39:10.949 (949237487)|METHOD_EXIT|[9]|01po0000001fPRj|ProtectedSettingsUtils.mockProtectedSettingsOrgDefaults()
14:39:10.949 (949254858)|METHOD_EXIT|[4]|ProtectedSettingsUtils
14:39:10.949 (949267035)|METHOD_ENTRY|[6]|01po0000001fPRj|ProtectedSettingsUtils.getLastUpgradeRun()
14:39:10.969 (969325570)|METHOD_EXIT|[6]|01po0000001fPRj|ProtectedSettingsUtils.getLastUpgradeRun()
14:39:10.969 (969356649)|METHOD_EXIT|[1]|VersionUpgrades
14:39:10.969 (969390416)|METHOD_ENTRY|[3]|01po0000003QGLN|VersionUpgrades.doUpgrades()
14:39:10.969 (969518639)|USER_DEBUG|[9]|DEBUG|Last upgrade run: 12_7_2
14:39:10.969 (969536735)|METHOD_ENTRY|[10]|01po0000003QGLN|VersionUpgrades.doUpgrades12_7_2()
14:39:10.969 (969570860)|METHOD_EXIT|[10]|01po0000003QGLN|VersionUpgrades.doUpgrades12_7_2()
14:39:10.969 (969592375)|USER_DEBUG|[11]|DEBUG|Done with 12_7_2
14:39:10.969 (969607924)|METHOD_ENTRY|[12]|01po0000003QGLN|VersionUpgrades.doUpgrades12_9()
14:39:10.969 (969637772)|METHOD_ENTRY|[37]|01po0000003QGLN|VersionUpgrades.getLastUpgradeVersionIndex(String)
14:39:10.980 (980422653)|METHOD_ENTRY|[3]|01po0000000dll9|StringUtils.StringUtils()
14:39:10.980 (980692965)|METHOD_EXIT|[3]|StringUtils
14:39:10.980 (980734783)|METHOD_ENTRY|[74]|01po0000000dll9|StringUtils.getStringIndexInList(List<String>, String)
14:39:10.981 (981116420)|METHOD_EXIT|[74]|01po0000000dll9|StringUtils.getStringIndexInList(List<String>, String)
14:39:10.981 (981131525)|METHOD_EXIT|[37]|01po0000003QGLN|VersionUpgrades.getLastUpgradeVersionIndex(String)
14:39:10.981 (981147281)|METHOD_EXIT|[12]|01po0000003QGLN|VersionUpgrades.doUpgrades12_9()
14:39:10.981 (981191391)|USER_DEBUG|[13]|DEBUG|Done with 12_9
14:39:10.981 (981219163)|METHOD_ENTRY|[14]|01po0000003QGLN|VersionUpgrades.doUpgrades12_10()
14:39:10.981 (981263556)|METHOD_ENTRY|[44]|01po0000003QGLN|VersionUpgrades.getLastUpgradeVersionIndex(String)
14:39:10.981 (981286597)|METHOD_ENTRY|[74]|01po0000000dll9|StringUtils.getStringIndexInList(List<String>, String)
14:39:10.981 (981455194)|METHOD_EXIT|[74]|01po0000000dll9|StringUtils.getStringIndexInList(List<String>, String)
14:39:10.981 (981462366)|METHOD_EXIT|[44]|01po0000003QGLN|VersionUpgrades.getLastUpgradeVersionIndex(String)
14:39:10.981 (981469566)|METHOD_EXIT|[14]|01po0000003QGLN|VersionUpgrades.doUpgrades12_10()
14:39:10.981 (981497009)|USER_DEBUG|[15]|DEBUG|Done with 12_10
14:39:10.981 (981522122)|METHOD_ENTRY|[16]|01po0000003QGLN|VersionUpgrades.doUpgrades12_11()
14:39:10.981 (981550072)|METHOD_ENTRY|[51]|01po0000003QGLN|VersionUpgrades.getLastUpgradeVersionIndex(String)
14:39:10.981 (981564878)|METHOD_ENTRY|[74]|01po0000000dll9|StringUtils.getStringIndexInList(List<String>, String)
14:39:10.981 (981673836)|METHOD_EXIT|[74]|01po0000000dll9|StringUtils.getStringIndexInList(List<String>, String)
14:39:10.981 (981680356)|METHOD_EXIT|[51]|01po0000003QGLN|VersionUpgrades.getLastUpgradeVersionIndex(String)
14:39:10.981 (981687474)|METHOD_EXIT|[16]|01po0000003QGLN|VersionUpgrades.doUpgrades12_11()
14:39:10.981 (981713838)|USER_DEBUG|[17]|DEBUG|Done with 12_11
14:39:10.981 (981729569)|METHOD_ENTRY|[18]|01po0000003QGLN|VersionUpgrades.upsertLastUpgradeRun()
14:39:10.981 (981762926)|METHOD_ENTRY|[58]|01po0000001fPRj|ProtectedSettingsUtils.setLastUpgradeRun(String)
14:39:10.981 (981822246)|METHOD_ENTRY|[115]|01po0000000dll9|StringUtils.listContainsString(List<String>, String)
14:39:10.982 (982128145)|METHOD_EXIT|[115]|01po0000000dll9|StringUtils.listContainsString(List<String>, String)
14:39:10.982 (982138584)|METHOD_EXIT|[58]|01po0000001fPRj|ProtectedSettingsUtils.setLastUpgradeRun(String)
14:39:10.982 (982144377)|METHOD_EXIT|[18]|01po0000003QGLN|VersionUpgrades.upsertLastUpgradeRun()
14:39:10.982 (982154715)|METHOD_ENTRY|[19]|01po0000003QGLN|VersionUpgrades.getNeedUpgrades()
14:39:10.982 (982174577)|METHOD_ENTRY|[70]|01po0000001fPRj|ProtectedSettingsUtils.getLastUpgradeRun()
14:39:10.982 (982390532)|METHOD_EXIT|[70]|01po0000001fPRj|ProtectedSettingsUtils.getLastUpgradeRun()
14:39:10.982 (982398945)|METHOD_ENTRY|[70]|01po0000003QGLN|VersionUpgrades.getLastUpgradeVersionIndex(String)
14:39:10.982 (982409541)|METHOD_ENTRY|[74]|01po0000000dll9|StringUtils.getStringIndexInList(List<String>, String)
14:39:10.982 (982514156)|METHOD_EXIT|[74]|01po0000000dll9|StringUtils.getStringIndexInList(List<String>, String)
14:39:10.982 (982520153)|METHOD_EXIT|[70]|01po0000003QGLN|VersionUpgrades.getLastUpgradeVersionIndex(String)
14:39:10.982 (982537899)|METHOD_EXIT|[19]|01po0000003QGLN|VersionUpgrades.getNeedUpgrades()
14:39:10.982 (982543797)|METHOD_EXIT|[3]|01po0000003QGLN|VersionUpgrades.doUpgrades()
14:39:10.982 (982561667)|USER_DEBUG|[3]|DEBUG|true
14:39:11.448 (982606742)|CUMULATIVE_LIMIT_USAGE
14:39:11.448|LIMIT_USAGE_FOR_NS|(default)|
  Number of SOQL queries: 0 out of 100
  Number of query rows: 0 out of 50000
  Number of SOSL queries: 0 out of 20
  Number of DML statements: 0 out of 150
  Number of DML rows: 0 out of 10000
  Maximum CPU time: 0 out of 10000
  Maximum heap size: 0 out of 6000000
  Number of callouts: 0 out of 100
  Number of Email Invocations: 0 out of 10
  Number of future calls: 0 out of 50
  Number of queueable jobs added to the queue: 0 out of 50
  Number of Mobile Apex push calls: 0 out of 10

14:39:11.448|CUMULATIVE_LIMIT_USAGE_END

14:39:10.982 (982630675)|CODE_UNIT_FINISHED|execute_anonymous_apex
14:39:10.984 (984370895)|EXECUTION_FINISHED