Execute Anonymous

================================

VersionUpgrades.doUpgrades();

================================

31.0 APEX_CODE,DEBUG;APEX_PROFILING,DEBUG;CALLOUT,INFO;DB,INFO;VALIDATION,INFO;WORKFLOW,INFO
Execute Anonymous: VersionUpgrades.doUpgrades();
15:16:48.196 (1196902417)|EXECUTION_STARTED
15:16:48.196 (1196912736)|CODE_UNIT_STARTED|[EXTERNAL]|execute_anonymous_apex
15:16:48.202 (1202170988)|METHOD_ENTRY|[1]|01po0000003QGLN|VersionUpgrades.VersionUpgrades()
15:16:48.204 (1204893578)|METHOD_ENTRY|[4]|01po0000001fPRj|ProtectedSettingsUtils.ProtectedSettingsUtils()
15:16:48.204 (1204927843)|METHOD_ENTRY|[9]|01po0000001fPRj|ProtectedSettingsUtils.mockProtectedSettingsOrgDefaults()
15:16:48.205 (1205202450)|METHOD_EXIT|[9]|01po0000001fPRj|ProtectedSettingsUtils.mockProtectedSettingsOrgDefaults()
15:16:48.205 (1205217080)|METHOD_EXIT|[4]|ProtectedSettingsUtils
15:16:48.205 (1205227130)|METHOD_ENTRY|[6]|01po0000001fPRj|ProtectedSettingsUtils.getLastUpgradeRun()
15:16:48.223 (1223805506)|METHOD_EXIT|[6]|01po0000001fPRj|ProtectedSettingsUtils.getLastUpgradeRun()
15:16:48.223 (1223842555)|METHOD_EXIT|[1]|VersionUpgrades
15:16:48.223 (1223880513)|METHOD_ENTRY|[1]|01po0000003QGLN|VersionUpgrades.doUpgrades()
15:16:48.224 (1224008615)|USER_DEBUG|[9]|DEBUG|Last upgrade run: 12.11
15:16:48.224 (1224028208)|METHOD_ENTRY|[10]|01po0000003QGLN|VersionUpgrades.doUpgrades12_7_2()
15:16:48.224 (1224064518)|METHOD_EXIT|[10]|01po0000003QGLN|VersionUpgrades.doUpgrades12_7_2()
15:16:48.224 (1224085898)|USER_DEBUG|[11]|DEBUG|Done with 12_7_2
15:16:48.224 (1224100098)|METHOD_ENTRY|[12]|01po0000003QGLN|VersionUpgrades.doUpgrades12_9()
15:16:48.224 (1224126771)|METHOD_ENTRY|[37]|01po0000003QGLN|VersionUpgrades.getLastUpgradeVersionIndex(String)
15:16:48.232 (1232370328)|METHOD_ENTRY|[3]|01po0000000dll9|StringUtils.StringUtils()
15:16:48.232 (1232546841)|METHOD_EXIT|[3]|StringUtils
15:16:48.232 (1232578368)|METHOD_ENTRY|[81]|01po0000000dll9|StringUtils.getStringIndexInList(List<String>, String)
15:16:48.232 (1232758997)|METHOD_EXIT|[81]|01po0000000dll9|StringUtils.getStringIndexInList(List<String>, String)
15:16:48.232 (1232772907)|METHOD_EXIT|[37]|01po0000003QGLN|VersionUpgrades.getLastUpgradeVersionIndex(String)
15:16:48.232 (1232787899)|METHOD_EXIT|[12]|01po0000003QGLN|VersionUpgrades.doUpgrades12_9()
15:16:48.232 (1232825042)|USER_DEBUG|[13]|DEBUG|Done with 12_9
15:16:48.232 (1232842658)|METHOD_ENTRY|[14]|01po0000003QGLN|VersionUpgrades.doUpgrades12_10()
15:16:48.232 (1232870661)|METHOD_ENTRY|[46]|01po0000003QGLN|VersionUpgrades.getLastUpgradeVersionIndex(String)
15:16:48.232 (1232885169)|METHOD_ENTRY|[81]|01po0000000dll9|StringUtils.getStringIndexInList(List<String>, String)
15:16:48.232 (1232979151)|METHOD_EXIT|[81]|01po0000000dll9|StringUtils.getStringIndexInList(List<String>, String)
15:16:48.232 (1232985767)|METHOD_EXIT|[46]|01po0000003QGLN|VersionUpgrades.getLastUpgradeVersionIndex(String)
15:16:48.232 (1232992591)|METHOD_EXIT|[14]|01po0000003QGLN|VersionUpgrades.doUpgrades12_10()
15:16:48.233 (1233013260)|USER_DEBUG|[15]|DEBUG|Done with 12_10
15:16:48.233 (1233028132)|METHOD_ENTRY|[16]|01po0000003QGLN|VersionUpgrades.doUpgrades12_11()
15:16:48.233 (1233051088)|METHOD_ENTRY|[56]|01po0000003QGLN|VersionUpgrades.getLastUpgradeVersionIndex(String)
15:16:48.233 (1233065500)|METHOD_ENTRY|[81]|01po0000000dll9|StringUtils.getStringIndexInList(List<String>, String)
15:16:48.233 (1233153217)|METHOD_EXIT|[81]|01po0000000dll9|StringUtils.getStringIndexInList(List<String>, String)
15:16:48.233 (1233159358)|METHOD_EXIT|[56]|01po0000003QGLN|VersionUpgrades.getLastUpgradeVersionIndex(String)
15:16:48.233 (1233166094)|METHOD_EXIT|[16]|01po0000003QGLN|VersionUpgrades.doUpgrades12_11()
15:16:48.233 (1233185645)|USER_DEBUG|[17]|DEBUG|Done with 12_11
15:16:48.233 (1233199516)|METHOD_ENTRY|[18]|01po0000003QGLN|VersionUpgrades.upsertLastUpgradeRun()
15:16:48.233 (1233229818)|METHOD_ENTRY|[65]|01po0000001fPRj|ProtectedSettingsUtils.setLastUpgradeRun(String)
15:16:48.233 (1233301375)|METHOD_ENTRY|[115]|01po0000000dll9|StringUtils.listContainsString(List<String>, String)
15:16:48.233 (1233575757)|METHOD_EXIT|[115]|01po0000000dll9|StringUtils.listContainsString(List<String>, String)
15:16:48.233 (1233589862)|METHOD_ENTRY|[119]|01po0000001fPRj|ProtectedSettingsUtils.getProtectedSettingsOrgDefaults()
15:16:48.233 (1233748302)|METHOD_EXIT|[119]|01po0000001fPRj|ProtectedSettingsUtils.getProtectedSettingsOrgDefaults()
15:16:48.233 (1233797352)|METHOD_ENTRY|[121]|01po0000001fPRj|ProtectedSettingsUtils.updateSettings(Convio_Settings_Protected__c)
15:16:48.233 (1233875762)|DML_BEGIN|[49]|Op:Upsert|Type:Convio_Settings_Protected__c|Rows:1
15:16:48.260 (1260547566)|DML_END|[49]
15:16:48.260 (1260587654)|METHOD_EXIT|[121]|01po0000001fPRj|ProtectedSettingsUtils.updateSettings(Convio_Settings_Protected__c)
15:16:48.260 (1260599653)|METHOD_EXIT|[65]|01po0000001fPRj|ProtectedSettingsUtils.setLastUpgradeRun(String)
15:16:48.260 (1260606693)|METHOD_EXIT|[18]|01po0000003QGLN|VersionUpgrades.upsertLastUpgradeRun()
15:16:48.260 (1260627345)|METHOD_ENTRY|[19]|01po0000003QGLN|VersionUpgrades.getNeedUpgrades()
15:16:48.260 (1260658741)|METHOD_ENTRY|[77]|01po0000001fPRj|ProtectedSettingsUtils.getLastUpgradeRun()
15:16:48.273 (1273494664)|METHOD_EXIT|[77]|01po0000001fPRj|ProtectedSettingsUtils.getLastUpgradeRun()
15:16:48.273 (1273521569)|METHOD_ENTRY|[77]|01po0000003QGLN|VersionUpgrades.getLastUpgradeVersionIndex(String)
15:16:48.273 (1273545417)|METHOD_ENTRY|[81]|01po0000000dll9|StringUtils.getStringIndexInList(List<String>, String)
15:16:48.273 (1273666875)|METHOD_EXIT|[81]|01po0000000dll9|StringUtils.getStringIndexInList(List<String>, String)
15:16:48.273 (1273673517)|METHOD_EXIT|[77]|01po0000003QGLN|VersionUpgrades.getLastUpgradeVersionIndex(String)
15:16:48.273 (1273696872)|METHOD_EXIT|[19]|01po0000003QGLN|VersionUpgrades.getNeedUpgrades()
15:16:48.273 (1273703907)|METHOD_EXIT|[1]|01po0000003QGLN|VersionUpgrades.doUpgrades()
15:16:48.855 (1278951005)|CUMULATIVE_LIMIT_USAGE
15:16:48.855|LIMIT_USAGE_FOR_NS|(default)|
  Number of SOQL queries: 0 out of 100
  Number of query rows: 0 out of 50000
  Number of SOSL queries: 0 out of 20
  Number of DML statements: 1 out of 150
  Number of DML rows: 1 out of 10000
  Maximum CPU time: 0 out of 10000
  Maximum heap size: 0 out of 6000000
  Number of callouts: 0 out of 100
  Number of Email Invocations: 0 out of 10
  Number of future calls: 0 out of 50
  Number of queueable jobs added to the queue: 0 out of 50
  Number of Mobile Apex push calls: 0 out of 10

15:16:48.855|CUMULATIVE_LIMIT_USAGE_END

15:16:48.278 (1278974674)|CODE_UNIT_FINISHED|execute_anonymous_apex
15:16:48.280 (1280071045)|EXECUTION_FINISHED