Execute Anonymous

================================

ProtectedSettingsUtils.setLastUpgradeRun('12.11');
System.debug(ProtectedSettingsUtils.getLastUpgradeRun());

================================

31.0 APEX_CODE,DEBUG;APEX_PROFILING,DEBUG;CALLOUT,INFO;DB,INFO;VALIDATION,INFO;WORKFLOW,INFO
Execute Anonymous: ProtectedSettingsUtils.setLastUpgradeRun('12.11');
Execute Anonymous: System.debug(ProtectedSettingsUtils.getLastUpgradeRun());
07:36:41.069 (69438805)|EXECUTION_STARTED
07:36:41.069 (69449680)|CODE_UNIT_STARTED|[EXTERNAL]|execute_anonymous_apex
07:36:41.077 (77829710)|METHOD_ENTRY|[4]|01po0000001fPRj|ProtectedSettingsUtils.ProtectedSettingsUtils()
07:36:41.077 (77907620)|METHOD_ENTRY|[9]|01po0000001fPRj|ProtectedSettingsUtils.mockProtectedSettingsOrgDefaults()
07:36:41.078 (78268636)|METHOD_EXIT|[9]|01po0000001fPRj|ProtectedSettingsUtils.mockProtectedSettingsOrgDefaults()
07:36:41.078 (78288151)|METHOD_EXIT|[4]|ProtectedSettingsUtils
07:36:41.078 (78303966)|METHOD_ENTRY|[1]|01po0000001fPRj|ProtectedSettingsUtils.setLastUpgradeRun(String)
07:36:41.082 (82022194)|METHOD_ENTRY|[1]|01po0000003QGLN|VersionUpgrades.VersionUpgrades()
07:36:41.082 (82137164)|METHOD_EXIT|[1]|VersionUpgrades
07:36:41.092 (92451665)|METHOD_ENTRY|[3]|01po0000000dll9|StringUtils.StringUtils()
07:36:41.092 (92776844)|METHOD_EXIT|[3]|StringUtils
07:36:41.092 (92820354)|METHOD_ENTRY|[115]|01po0000000dll9|StringUtils.listContainsString(List<String>, String)
07:36:41.093 (93311289)|METHOD_EXIT|[115]|01po0000000dll9|StringUtils.listContainsString(List<String>, String)
07:36:41.093 (93335902)|METHOD_ENTRY|[119]|01po0000001fPRj|ProtectedSettingsUtils.getProtectedSettingsOrgDefaults()
07:36:41.094 (94230139)|METHOD_EXIT|[119]|01po0000001fPRj|ProtectedSettingsUtils.getProtectedSettingsOrgDefaults()
07:36:41.094 (94305662)|METHOD_ENTRY|[121]|01po0000001fPRj|ProtectedSettingsUtils.updateSettings(Convio_Settings_Protected__c)
07:36:41.094 (94420081)|DML_BEGIN|[49]|Op:Upsert|Type:Convio_Settings_Protected__c|Rows:1
07:36:41.187 (187401938)|DML_END|[49]
07:36:41.187 (187460171)|METHOD_EXIT|[121]|01po0000001fPRj|ProtectedSettingsUtils.updateSettings(Convio_Settings_Protected__c)
07:36:41.187 (187480221)|METHOD_EXIT|[1]|01po0000001fPRj|ProtectedSettingsUtils.setLastUpgradeRun(String)
07:36:41.187 (187606493)|METHOD_ENTRY|[2]|01po0000001fPRj|ProtectedSettingsUtils.getLastUpgradeRun()
07:36:41.203 (203811816)|METHOD_EXIT|[2]|01po0000001fPRj|ProtectedSettingsUtils.getLastUpgradeRun()
07:36:41.203 (203869964)|USER_DEBUG|[2]|DEBUG|12.11
07:36:41.327 (218421053)|CUMULATIVE_LIMIT_USAGE
07:36:41.327|LIMIT_USAGE_FOR_NS|(default)|
  Number of SOQL queries: 0 out of 100
  Number of query rows: 0 out of 50000
  Number of SOSL queries: 0 out of 20
  Number of DML statements: 1 out of 150
  Number of DML rows: 1 out of 10000
  Maximum CPU time: 0 out of 10000
  Maximum heap size: 0 out of 6000000
  Number of callouts: 0 out of 100
  Number of Email Invocations: 0 out of 10
  Number of future calls: 0 out of 50
  Number of queueable jobs added to the queue: 0 out of 50
  Number of Mobile Apex push calls: 0 out of 10

07:36:41.327|CUMULATIVE_LIMIT_USAGE_END

07:36:41.218 (218463743)|CODE_UNIT_FINISHED|execute_anonymous_apex
07:36:41.219 (219693134)|EXECUTION_FINISHED