Execute Anonymous

================================

System.debug(Contact.LastNameDblMetaphone1__c);

================================

31.0 APEX_CODE,DEBUG;APEX_PROFILING,DEBUG;CALLOUT,INFO;DB,INFO;VALIDATION,INFO;WORKFLOW,INFO
Execute Anonymous: System.debug(Contact.LastNameDblMetaphone1__c);
12:58:36.056 (56938643)|EXECUTION_STARTED
12:58:36.056 (56946570)|CODE_UNIT_STARTED|[EXTERNAL]|execute_anonymous_apex
12:58:36.059 (59290616)|USER_DEBUG|[1]|DEBUG|LastNameDblMetaphone1__c
12:58:36.849 (59340616)|CUMULATIVE_LIMIT_USAGE
12:58:36.849|LIMIT_USAGE_FOR_NS|(default)|
  Number of SOQL queries: 0 out of 100
  Number of query rows: 0 out of 50000
  Number of SOSL queries: 0 out of 20
  Number of DML statements: 0 out of 150
  Number of DML rows: 0 out of 10000
  Maximum CPU time: 0 out of 10000
  Maximum heap size: 0 out of 6000000
  Number of callouts: 0 out of 100
  Number of Email Invocations: 0 out of 10
  Number of future calls: 0 out of 50
  Number of queueable jobs added to the queue: 0 out of 50
  Number of Mobile Apex push calls: 0 out of 10

12:58:36.849|CUMULATIVE_LIMIT_USAGE_END

12:58:36.059 (59372373)|CODE_UNIT_FINISHED|execute_anonymous_apex
12:58:36.060 (60633858)|EXECUTION_FINISHED