Execute Anonymous

================================

System.debug(VersionUpgrades.doUpgrades());

================================

31.0 APEX_CODE,DEBUG;APEX_PROFILING,DEBUG;CALLOUT,INFO;DB,INFO;VALIDATION,INFO;WORKFLOW,INFO
Execute Anonymous: System.debug(VersionUpgrades.doUpgrades());
14:38:19.530 (530523545)|EXECUTION_STARTED
14:38:19.530 (530537618)|CODE_UNIT_STARTED|[EXTERNAL]|execute_anonymous_apex
14:38:19.536 (536520134)|METHOD_ENTRY|[1]|01po0000003QGLN|VersionUpgrades.VersionUpgrades()
14:38:19.540 (540928394)|METHOD_ENTRY|[4]|01po0000001fPRj|ProtectedSettingsUtils.ProtectedSettingsUtils()
14:38:19.540 (540966230)|METHOD_ENTRY|[9]|01po0000001fPRj|ProtectedSettingsUtils.mockProtectedSettingsOrgDefaults()
14:38:19.541 (541255319)|METHOD_EXIT|[9]|01po0000001fPRj|ProtectedSettingsUtils.mockProtectedSettingsOrgDefaults()
14:38:19.541 (541274928)|METHOD_EXIT|[4]|ProtectedSettingsUtils
14:38:19.541 (541287674)|METHOD_ENTRY|[6]|01po0000001fPRj|ProtectedSettingsUtils.getLastUpgradeRun()
14:38:19.542 (542275396)|METHOD_EXIT|[6]|01po0000001fPRj|ProtectedSettingsUtils.getLastUpgradeRun()
14:38:19.542 (542294022)|METHOD_EXIT|[1]|VersionUpgrades
14:38:19.542 (542312314)|METHOD_ENTRY|[1]|01po0000003QGLN|VersionUpgrades.doUpgrades()
14:38:19.542 (542342779)|METHOD_ENTRY|[9]|01po0000003QGLN|VersionUpgrades.doUpgrades12_7_2()
14:38:19.542 (542386984)|METHOD_EXIT|[9]|01po0000003QGLN|VersionUpgrades.doUpgrades12_7_2()
14:38:19.542 (542428712)|USER_DEBUG|[10]|DEBUG|Done with 12_7_2
14:38:19.542 (542446698)|METHOD_ENTRY|[11]|01po0000003QGLN|VersionUpgrades.doUpgrades12_9()
14:38:19.542 (542479912)|METHOD_ENTRY|[39]|01po0000003QGLN|VersionUpgrades.getLastUpgradeVersionIndex(String)
14:38:19.548 (548286673)|METHOD_ENTRY|[3]|01po0000000dll9|StringUtils.StringUtils()
14:38:19.548 (548457284)|METHOD_EXIT|[3]|StringUtils
14:38:19.548 (548482963)|METHOD_ENTRY|[76]|01po0000000dll9|StringUtils.getStringIndexInList(List<String>, String)
14:38:19.548 (548679335)|METHOD_EXIT|[76]|01po0000000dll9|StringUtils.getStringIndexInList(List<String>, String)
14:38:19.548 (548691232)|METHOD_EXIT|[39]|01po0000003QGLN|VersionUpgrades.getLastUpgradeVersionIndex(String)
14:38:19.548 (548700472)|METHOD_EXIT|[11]|01po0000003QGLN|VersionUpgrades.doUpgrades12_9()
14:38:19.548 (548730397)|USER_DEBUG|[12]|DEBUG|Done with 12_9
14:38:19.548 (548748200)|METHOD_ENTRY|[14]|01po0000003QGLN|VersionUpgrades.doUpgrades12_10()
14:38:19.548 (548776311)|METHOD_ENTRY|[46]|01po0000003QGLN|VersionUpgrades.getLastUpgradeVersionIndex(String)
14:38:19.548 (548795157)|METHOD_ENTRY|[76]|01po0000000dll9|StringUtils.getStringIndexInList(List<String>, String)
14:38:19.548 (548902919)|METHOD_EXIT|[76]|01po0000000dll9|StringUtils.getStringIndexInList(List<String>, String)
14:38:19.548 (548912840)|METHOD_EXIT|[46]|01po0000003QGLN|VersionUpgrades.getLastUpgradeVersionIndex(String)
14:38:19.548 (548925814)|METHOD_EXIT|[14]|01po0000003QGLN|VersionUpgrades.doUpgrades12_10()
14:38:19.548 (548953007)|USER_DEBUG|[15]|DEBUG|Done with 12_10
14:38:19.548 (548969957)|METHOD_ENTRY|[17]|01po0000003QGLN|VersionUpgrades.doUpgrades12_11()
14:38:19.548 (548996575)|METHOD_ENTRY|[53]|01po0000003QGLN|VersionUpgrades.getLastUpgradeVersionIndex(String)
14:38:19.549 (549015700)|METHOD_ENTRY|[76]|01po0000000dll9|StringUtils.getStringIndexInList(List<String>, String)
14:38:19.549 (549123254)|METHOD_EXIT|[76]|01po0000000dll9|StringUtils.getStringIndexInList(List<String>, String)
14:38:19.549 (549132800)|METHOD_EXIT|[53]|01po0000003QGLN|VersionUpgrades.getLastUpgradeVersionIndex(String)
14:38:19.549 (549141426)|METHOD_EXIT|[17]|01po0000003QGLN|VersionUpgrades.doUpgrades12_11()
14:38:19.549 (549167166)|USER_DEBUG|[18]|DEBUG|Done with 12_11
14:38:19.549 (549184088)|METHOD_ENTRY|[20]|01po0000003QGLN|VersionUpgrades.upsertLastUpgradeRun()
14:38:19.549 (549216920)|METHOD_ENTRY|[60]|01po0000001fPRj|ProtectedSettingsUtils.setLastUpgradeRun(String)
14:38:19.549 (549269031)|METHOD_ENTRY|[115]|01po0000000dll9|StringUtils.listContainsString(List<String>, String)
14:38:19.549 (549553374)|METHOD_EXIT|[115]|01po0000000dll9|StringUtils.listContainsString(List<String>, String)
14:38:19.549 (549566398)|METHOD_EXIT|[60]|01po0000001fPRj|ProtectedSettingsUtils.setLastUpgradeRun(String)
14:38:19.549 (549574313)|METHOD_EXIT|[20]|01po0000003QGLN|VersionUpgrades.upsertLastUpgradeRun()
14:38:19.549 (549585715)|METHOD_ENTRY|[21]|01po0000003QGLN|VersionUpgrades.getNeedUpgrades()
14:38:19.549 (549608041)|METHOD_ENTRY|[72]|01po0000001fPRj|ProtectedSettingsUtils.getLastUpgradeRun()
14:38:19.549 (549752155)|METHOD_EXIT|[72]|01po0000001fPRj|ProtectedSettingsUtils.getLastUpgradeRun()
14:38:19.549 (549763600)|METHOD_ENTRY|[72]|01po0000003QGLN|VersionUpgrades.getLastUpgradeVersionIndex(String)
14:38:19.549 (549776379)|METHOD_ENTRY|[76]|01po0000000dll9|StringUtils.getStringIndexInList(List<String>, String)
14:38:19.549 (549884469)|METHOD_EXIT|[76]|01po0000000dll9|StringUtils.getStringIndexInList(List<String>, String)
14:38:19.549 (549894104)|METHOD_EXIT|[72]|01po0000003QGLN|VersionUpgrades.getLastUpgradeVersionIndex(String)
14:38:19.549 (549914079)|METHOD_EXIT|[21]|01po0000003QGLN|VersionUpgrades.getNeedUpgrades()
14:38:19.549 (549927024)|METHOD_EXIT|[1]|01po0000003QGLN|VersionUpgrades.doUpgrades()
14:38:19.549 (549950043)|USER_DEBUG|[1]|DEBUG|true
14:38:20.067 (549998970)|CUMULATIVE_LIMIT_USAGE
14:38:20.067|LIMIT_USAGE_FOR_NS|(default)|
  Number of SOQL queries: 0 out of 100
  Number of query rows: 0 out of 50000
  Number of SOSL queries: 0 out of 20
  Number of DML statements: 0 out of 150
  Number of DML rows: 0 out of 10000
  Maximum CPU time: 0 out of 10000
  Maximum heap size: 0 out of 6000000
  Number of callouts: 0 out of 100
  Number of Email Invocations: 0 out of 10
  Number of future calls: 0 out of 50
  Number of queueable jobs added to the queue: 0 out of 50
  Number of Mobile Apex push calls: 0 out of 10

14:38:20.067|CUMULATIVE_LIMIT_USAGE_END

14:38:19.550 (550044527)|CODE_UNIT_FINISHED|execute_anonymous_apex
14:38:19.551 (551400317)|EXECUTION_FINISHED