Execute Anonymous

================================

TeamRaiserProgressWidgetController controller = new TeamRaiserProgressWidgetController();

controller.trRegId = 'a0jo0000001I2Qm'; 
controller.trReg = [SELECT Id, Total_Raised__c, Fundraising_Goal__c, Registration_Date__c, Extra_Gift__c
				FROM TeamRaiser_Registration__c 
				WHERE Id = 'a0jo0000001I2Qm'];
				
controller.generateData();
System.debug(controller.confirmedAmounts);

================================

31.0 APEX_CODE,DEBUG;APEX_PROFILING,DEBUG;CALLOUT,INFO;DB,INFO;VALIDATION,INFO;WORKFLOW,INFO
Execute Anonymous: TeamRaiserProgressWidgetController controller = new TeamRaiserProgressWidgetController();
Execute Anonymous: 
Execute Anonymous: controller.trRegId = 'a0jo0000001I2Qm'; 
Execute Anonymous: controller.trReg = [SELECT Id, Total_Raised__c, Fundraising_Goal__c, Registration_Date__c, Extra_Gift__c
Execute Anonymous: 				FROM TeamRaiser_Registration__c 
Execute Anonymous: 				WHERE Id = 'a0jo0000001I2Qm'];
Execute Anonymous: 				
Execute Anonymous: controller.generateData();
Execute Anonymous: System.debug(controller.confirmedAmounts);
07:36:50.418 (418275104)|EXECUTION_STARTED
07:36:50.418 (418288998)|CODE_UNIT_STARTED|[EXTERNAL]|execute_anonymous_apex
07:36:50.441 (441689829)|METHOD_ENTRY|[1]|01po0000003noZB|TeamRaiserProgressWidgetController.TeamRaiserProgressWidgetController()
07:36:50.441 (441850074)|METHOD_ENTRY|[6]|01po0000003QZvz|CurrencyFormatter.CurrencyFormatter()
07:36:50.441 (441867451)|METHOD_EXIT|[6]|CurrencyFormatter
07:36:50.441 (441915711)|METHOD_ENTRY|[5]|01po0000003QZvz|CurrencyFormatter.currencyOfUser(Boolean)
07:36:50.443 (443078712)|CONSTRUCTOR_ENTRY|[34]|01po0000003QZvz|<init>(String,String,Boolean)
07:36:50.443 (443223493)|CONSTRUCTOR_ENTRY|[14]|01po0000003QZvz|<init>(Integer,String)
07:36:50.443 (443452506)|CONSTRUCTOR_EXIT|[14]|01po0000003QZvz|<init>(Integer,String)
07:36:50.443 (443476958)|CONSTRUCTOR_ENTRY|[14]|01po0000003QZvz|<init>(Integer,String)
07:36:50.443 (443523879)|CONSTRUCTOR_EXIT|[14]|01po0000003QZvz|<init>(Integer,String)
07:36:50.443 (443542843)|CONSTRUCTOR_ENTRY|[14]|01po0000003QZvz|<init>(Integer,String)
07:36:50.443 (443598956)|CONSTRUCTOR_EXIT|[14]|01po0000003QZvz|<init>(Integer,String)
07:36:50.443 (443618199)|CONSTRUCTOR_ENTRY|[14]|01po0000003QZvz|<init>(Integer,String)
07:36:50.443 (443661306)|CONSTRUCTOR_EXIT|[14]|01po0000003QZvz|<init>(Integer,String)
07:36:50.443 (443713659)|METHOD_ENTRY|[25]|01po0000003QZvz|CurrencyFormatter.getDecimalSeparator()
07:36:50.443 (443882489)|METHOD_EXIT|[25]|01po0000003QZvz|CurrencyFormatter.getDecimalSeparator()
07:36:50.443 (443921092)|CONSTRUCTOR_EXIT|[34]|01po0000003QZvz|<init>(String,String,Boolean)
07:36:50.443 (443932045)|METHOD_EXIT|[5]|01po0000003QZvz|CurrencyFormatter.currencyOfUser(Boolean)
07:36:50.443 (443949819)|METHOD_EXIT|[1]|TeamRaiserProgressWidgetController
07:36:50.444 (444068401)|CONSTRUCTOR_ENTRY|[1]|01po0000003noZB|<init>()
07:36:50.444 (444106254)|CONSTRUCTOR_EXIT|[1]|01po0000003noZB|<init>()
07:36:50.444 (444521280)|SOQL_EXECUTE_BEGIN|[4]|Aggregations:0|SELECT Id, Total_Raised__c, Fundraising_Goal__c, Registration_Date__c, Extra_Gift__c FROM TeamRaiser_Registration__c WHERE Id = 'a0jo0000001I2Qm'
07:36:50.448 (448025001)|SOQL_EXECUTE_END|[4]|Rows:1
07:36:50.448 (448267621)|METHOD_ENTRY|[8]|01po0000003noZB|TeamRaiserProgressWidgetController.generateData()
07:36:50.448 (448312689)|METHOD_ENTRY|[65]|01po0000003noZB|TeamRaiserProgressWidgetController.getTotalAmountPerMonth()
07:36:50.448 (448867248)|SOQL_EXECUTE_BEGIN|[87]|Aggregations:0|SELECT SUM(Amount) totalAmount, CALENDAR_MONTH(CloseDate) month, CALENDAR_YEAR(CloseDate) year, StageName stage FROM Opportunity WHERE (TeamRaiser_Registration__c = :tmpVar1 AND (StageName = 'Received' OR StageName = 'Not Received')) GROUP BY CALENDAR_YEAR(CloseDate), CALENDAR_MONTH(CloseDate), StageName ORDER BY CALENDAR_YEAR(CloseDate) ASC NULLS FIRST, CALENDAR_MONTH(CloseDate) ASC NULLS FIRST
07:36:50.460 (460927195)|SOQL_EXECUTE_END|[87]|Rows:1
07:36:50.460 (460982596)|METHOD_EXIT|[65]|01po0000003noZB|TeamRaiserProgressWidgetController.getTotalAmountPerMonth()
07:36:50.461 (461006938)|METHOD_ENTRY|[66]|01po0000003noZB|TeamRaiserProgressWidgetController.convertAggregatesToDates(List<AggregateResult>)
07:36:50.461 (461325782)|METHOD_ENTRY|[101]|01po0000003noZB|TeamRaiserProgressWidgetController.aggregateResultToDate(AggregateResult)
07:36:50.461 (461533372)|METHOD_EXIT|[101]|01po0000003noZB|TeamRaiserProgressWidgetController.aggregateResultToDate(AggregateResult)
07:36:50.461 (461583730)|METHOD_EXIT|[66]|01po0000003noZB|TeamRaiserProgressWidgetController.convertAggregatesToDates(List<AggregateResult>)
07:36:50.461 (461662993)|METHOD_ENTRY|[71]|01po0000003noZB|TeamRaiserProgressWidgetController.getDisplayMonths(Date)
07:36:50.462 (462025298)|METHOD_EXIT|[71]|01po0000003noZB|TeamRaiserProgressWidgetController.getDisplayMonths(Date)
07:36:50.462 (462044756)|METHOD_ENTRY|[72]|01po0000003noZB|TeamRaiserProgressWidgetController.getFormattedMonths(List<Date>)
07:36:50.462 (462148137)|METHOD_ENTRY|[111]|01po0000003noZB|TeamRaiserProgressWidgetController.getFormattedDate(Date)
07:36:50.489 (489931364)|METHOD_ENTRY|[1]|01po0000000dllI|Utils.Utils()
07:36:50.490 (490840740)|METHOD_EXIT|[1]|Utils
07:36:50.490 (490885095)|METHOD_ENTRY|[127]|01po0000000dllI|Utils.getMonthStr(Integer)
07:36:50.490 (490912900)|METHOD_EXIT|[127]|01po0000000dllI|Utils.getMonthStr(Integer)
07:36:50.491 (491036530)|METHOD_EXIT|[111]|01po0000003noZB|TeamRaiserProgressWidgetController.getFormattedDate(Date)
07:36:50.491 (491093733)|METHOD_ENTRY|[111]|01po0000003noZB|TeamRaiserProgressWidgetController.getFormattedDate(Date)
07:36:50.491 (491131388)|METHOD_ENTRY|[127]|01po0000000dllI|Utils.getMonthStr(Integer)
07:36:50.491 (491165069)|METHOD_EXIT|[127]|01po0000000dllI|Utils.getMonthStr(Integer)
07:36:50.491 (491241695)|METHOD_EXIT|[111]|01po0000003noZB|TeamRaiserProgressWidgetController.getFormattedDate(Date)
07:36:50.491 (491286579)|METHOD_ENTRY|[111]|01po0000003noZB|TeamRaiserProgressWidgetController.getFormattedDate(Date)
07:36:50.491 (491320204)|METHOD_ENTRY|[127]|01po0000000dllI|Utils.getMonthStr(Integer)
07:36:50.491 (491335732)|METHOD_EXIT|[127]|01po0000000dllI|Utils.getMonthStr(Integer)
07:36:50.491 (491407264)|METHOD_EXIT|[111]|01po0000003noZB|TeamRaiserProgressWidgetController.getFormattedDate(Date)
07:36:50.491 (491455445)|METHOD_ENTRY|[111]|01po0000003noZB|TeamRaiserProgressWidgetController.getFormattedDate(Date)
07:36:50.491 (491488383)|METHOD_ENTRY|[127]|01po0000000dllI|Utils.getMonthStr(Integer)
07:36:50.491 (491504188)|METHOD_EXIT|[127]|01po0000000dllI|Utils.getMonthStr(Integer)
07:36:50.491 (491576006)|METHOD_EXIT|[111]|01po0000003noZB|TeamRaiserProgressWidgetController.getFormattedDate(Date)
07:36:50.491 (491619031)|METHOD_ENTRY|[111]|01po0000003noZB|TeamRaiserProgressWidgetController.getFormattedDate(Date)
07:36:50.491 (491651192)|METHOD_ENTRY|[127]|01po0000000dllI|Utils.getMonthStr(Integer)
07:36:50.491 (491667386)|METHOD_EXIT|[127]|01po0000000dllI|Utils.getMonthStr(Integer)
07:36:50.491 (491737862)|METHOD_EXIT|[111]|01po0000003noZB|TeamRaiserProgressWidgetController.getFormattedDate(Date)
07:36:50.491 (491780122)|METHOD_ENTRY|[111]|01po0000003noZB|TeamRaiserProgressWidgetController.getFormattedDate(Date)
07:36:50.491 (491812570)|METHOD_ENTRY|[127]|01po0000000dllI|Utils.getMonthStr(Integer)
07:36:50.491 (491837755)|METHOD_EXIT|[127]|01po0000000dllI|Utils.getMonthStr(Integer)
07:36:50.491 (491909855)|METHOD_EXIT|[111]|01po0000003noZB|TeamRaiserProgressWidgetController.getFormattedDate(Date)
07:36:50.491 (491953843)|METHOD_EXIT|[72]|01po0000003noZB|TeamRaiserProgressWidgetController.getFormattedMonths(List<Date>)
07:36:50.492 (492002661)|METHOD_ENTRY|[73]|01po0000003noZB|TeamRaiserProgressWidgetController.getRefundsPerDisplayMonth(List<Date>)
07:36:50.492 (492513172)|SOQL_EXECUTE_BEGIN|[208]|Aggregations:0|SELECT CALENDAR_YEAR(Refund_Date__c) year, CALENDAR_MONTH(Refund_Date__c) month, SUM(Amount) totalAmount, StageName stage FROM Opportunity WHERE (TeamRaiser_Registration__c = :tmpVar1 AND Refund_Date__c != NULL AND StageName = 'Refunded') GROUP BY CALENDAR_YEAR(Refund_Date__c), CALENDAR_MONTH(Refund_Date__c), StageName ORDER BY CALENDAR_YEAR(Refund_Date__c) ASC NULLS FIRST, CALENDAR_MONTH(Refund_Date__c) ASC NULLS FIRST
07:36:50.496 (496990291)|SOQL_EXECUTE_END|[208]|Rows:1
07:36:50.497 (497069452)|METHOD_ENTRY|[221]|01po0000003noZB|TeamRaiserProgressWidgetController.getAmountRaisedByDisplayMonth(List<AggregateResult>, List<Date>, String)
07:36:50.497 (497333935)|METHOD_ENTRY|[164]|01po0000003noZB|TeamRaiserProgressWidgetController.aggregateResultToDate(AggregateResult)
07:36:50.497 (497519749)|METHOD_EXIT|[164]|01po0000003noZB|TeamRaiserProgressWidgetController.aggregateResultToDate(AggregateResult)
07:36:50.497 (497727677)|METHOD_ENTRY|[164]|01po0000003noZB|TeamRaiserProgressWidgetController.aggregateResultToDate(AggregateResult)
07:36:50.497 (497820337)|METHOD_EXIT|[164]|01po0000003noZB|TeamRaiserProgressWidgetController.aggregateResultToDate(AggregateResult)
07:36:50.497 (497946039)|METHOD_ENTRY|[164]|01po0000003noZB|TeamRaiserProgressWidgetController.aggregateResultToDate(AggregateResult)
07:36:50.498 (498034848)|METHOD_EXIT|[164]|01po0000003noZB|TeamRaiserProgressWidgetController.aggregateResultToDate(AggregateResult)
07:36:50.498 (498159519)|METHOD_ENTRY|[164]|01po0000003noZB|TeamRaiserProgressWidgetController.aggregateResultToDate(AggregateResult)
07:36:50.498 (498246939)|METHOD_EXIT|[164]|01po0000003noZB|TeamRaiserProgressWidgetController.aggregateResultToDate(AggregateResult)
07:36:50.498 (498369567)|METHOD_ENTRY|[164]|01po0000003noZB|TeamRaiserProgressWidgetController.aggregateResultToDate(AggregateResult)
07:36:50.498 (498456188)|METHOD_EXIT|[164]|01po0000003noZB|TeamRaiserProgressWidgetController.aggregateResultToDate(AggregateResult)
07:36:50.498 (498550018)|METHOD_ENTRY|[176]|01po0000003noZB|TeamRaiserProgressWidgetController.sameStage(AggregateResult, String)
07:36:50.498 (498642220)|METHOD_EXIT|[176]|01po0000003noZB|TeamRaiserProgressWidgetController.sameStage(AggregateResult, String)
07:36:50.498 (498809345)|METHOD_ENTRY|[164]|01po0000003noZB|TeamRaiserProgressWidgetController.aggregateResultToDate(AggregateResult)
07:36:50.498 (498898582)|METHOD_EXIT|[164]|01po0000003noZB|TeamRaiserProgressWidgetController.aggregateResultToDate(AggregateResult)
07:36:50.499 (499009979)|METHOD_EXIT|[221]|01po0000003noZB|TeamRaiserProgressWidgetController.getAmountRaisedByDisplayMonth(List<AggregateResult>, List<Date>, String)
07:36:50.499 (499022836)|METHOD_EXIT|[73]|01po0000003noZB|TeamRaiserProgressWidgetController.getRefundsPerDisplayMonth(List<Date>)
07:36:50.499 (499034602)|METHOD_ENTRY|[75]|01po0000003noZB|TeamRaiserProgressWidgetController.getAmountRaisedByDisplayMonth(List<AggregateResult>, List<Date>, String)
07:36:50.499 (499098278)|METHOD_ENTRY|[164]|01po0000003noZB|TeamRaiserProgressWidgetController.aggregateResultToDate(AggregateResult)
07:36:50.499 (499188370)|METHOD_EXIT|[164]|01po0000003noZB|TeamRaiserProgressWidgetController.aggregateResultToDate(AggregateResult)
07:36:50.499 (499311532)|METHOD_ENTRY|[164]|01po0000003noZB|TeamRaiserProgressWidgetController.aggregateResultToDate(AggregateResult)
07:36:50.499 (499398113)|METHOD_EXIT|[164]|01po0000003noZB|TeamRaiserProgressWidgetController.aggregateResultToDate(AggregateResult)
07:36:50.499 (499519757)|METHOD_ENTRY|[164]|01po0000003noZB|TeamRaiserProgressWidgetController.aggregateResultToDate(AggregateResult)
07:36:50.499 (499605257)|METHOD_EXIT|[164]|01po0000003noZB|TeamRaiserProgressWidgetController.aggregateResultToDate(AggregateResult)
07:36:50.499 (499732487)|METHOD_ENTRY|[164]|01po0000003noZB|TeamRaiserProgressWidgetController.aggregateResultToDate(AggregateResult)
07:36:50.499 (499818460)|METHOD_EXIT|[164]|01po0000003noZB|TeamRaiserProgressWidgetController.aggregateResultToDate(AggregateResult)
07:36:50.499 (499939240)|METHOD_ENTRY|[164]|01po0000003noZB|TeamRaiserProgressWidgetController.aggregateResultToDate(AggregateResult)
07:36:50.500 (500024612)|METHOD_EXIT|[164]|01po0000003noZB|TeamRaiserProgressWidgetController.aggregateResultToDate(AggregateResult)
07:36:50.500 (500110742)|METHOD_ENTRY|[176]|01po0000003noZB|TeamRaiserProgressWidgetController.sameStage(AggregateResult, String)
07:36:50.500 (500161517)|METHOD_EXIT|[176]|01po0000003noZB|TeamRaiserProgressWidgetController.sameStage(AggregateResult, String)
07:36:50.500 (500254181)|METHOD_ENTRY|[164]|01po0000003noZB|TeamRaiserProgressWidgetController.aggregateResultToDate(AggregateResult)
07:36:50.500 (500344912)|METHOD_EXIT|[164]|01po0000003noZB|TeamRaiserProgressWidgetController.aggregateResultToDate(AggregateResult)
07:36:50.500 (500432036)|METHOD_EXIT|[75]|01po0000003noZB|TeamRaiserProgressWidgetController.getAmountRaisedByDisplayMonth(List<AggregateResult>, List<Date>, String)
07:36:50.500 (500470780)|METHOD_ENTRY|[76]|01po0000003noZB|TeamRaiserProgressWidgetController.getAmountRaisedByDisplayMonth(List<AggregateResult>, List<Date>, String)
07:36:50.500 (500538064)|METHOD_ENTRY|[164]|01po0000003noZB|TeamRaiserProgressWidgetController.aggregateResultToDate(AggregateResult)
07:36:50.500 (500627114)|METHOD_EXIT|[164]|01po0000003noZB|TeamRaiserProgressWidgetController.aggregateResultToDate(AggregateResult)
07:36:50.500 (500755643)|METHOD_ENTRY|[164]|01po0000003noZB|TeamRaiserProgressWidgetController.aggregateResultToDate(AggregateResult)
07:36:50.500 (500842023)|METHOD_EXIT|[164]|01po0000003noZB|TeamRaiserProgressWidgetController.aggregateResultToDate(AggregateResult)
07:36:50.500 (500963778)|METHOD_ENTRY|[164]|01po0000003noZB|TeamRaiserProgressWidgetController.aggregateResultToDate(AggregateResult)
07:36:50.501 (501049232)|METHOD_EXIT|[164]|01po0000003noZB|TeamRaiserProgressWidgetController.aggregateResultToDate(AggregateResult)
07:36:50.501 (501171461)|METHOD_ENTRY|[164]|01po0000003noZB|TeamRaiserProgressWidgetController.aggregateResultToDate(AggregateResult)
07:36:50.501 (501258336)|METHOD_EXIT|[164]|01po0000003noZB|TeamRaiserProgressWidgetController.aggregateResultToDate(AggregateResult)
07:36:50.501 (501387998)|METHOD_ENTRY|[164]|01po0000003noZB|TeamRaiserProgressWidgetController.aggregateResultToDate(AggregateResult)
07:36:50.501 (501473847)|METHOD_EXIT|[164]|01po0000003noZB|TeamRaiserProgressWidgetController.aggregateResultToDate(AggregateResult)
07:36:50.501 (501558887)|METHOD_ENTRY|[176]|01po0000003noZB|TeamRaiserProgressWidgetController.sameStage(AggregateResult, String)
07:36:50.501 (501609069)|METHOD_EXIT|[176]|01po0000003noZB|TeamRaiserProgressWidgetController.sameStage(AggregateResult, String)
07:36:50.501 (501620115)|METHOD_ENTRY|[176]|01po0000003noZB|TeamRaiserProgressWidgetController.sameStage(AggregateResult, String)
07:36:50.501 (501669898)|METHOD_EXIT|[176]|01po0000003noZB|TeamRaiserProgressWidgetController.sameStage(AggregateResult, String)
07:36:50.501 (501715966)|METHOD_ENTRY|[164]|01po0000003noZB|TeamRaiserProgressWidgetController.aggregateResultToDate(AggregateResult)
07:36:50.501 (501799032)|METHOD_EXIT|[164]|01po0000003noZB|TeamRaiserProgressWidgetController.aggregateResultToDate(AggregateResult)
07:36:50.501 (501875551)|METHOD_EXIT|[76]|01po0000003noZB|TeamRaiserProgressWidgetController.getAmountRaisedByDisplayMonth(List<AggregateResult>, List<Date>, String)
07:36:50.501 (501961545)|METHOD_ENTRY|[77]|01po0000003noZB|TeamRaiserProgressWidgetController.getAllAmounts(List<Decimal>, List<Decimal>)
07:36:50.502 (502418413)|METHOD_EXIT|[77]|01po0000003noZB|TeamRaiserProgressWidgetController.getAllAmounts(List<Decimal>, List<Decimal>)
07:36:50.502 (502480948)|METHOD_ENTRY|[80]|01po0000003noZB|TeamRaiserProgressWidgetController.subtractRefundsFromList(List<Decimal>, List<Decimal>)
07:36:50.502 (502966101)|METHOD_EXIT|[80]|01po0000003noZB|TeamRaiserProgressWidgetController.subtractRefundsFromList(List<Decimal>, List<Decimal>)
07:36:50.503 (503010819)|METHOD_ENTRY|[81]|01po0000003noZB|TeamRaiserProgressWidgetController.subtractRefundsFromList(List<Decimal>, List<Decimal>)
07:36:50.503 (503442796)|METHOD_EXIT|[81]|01po0000003noZB|TeamRaiserProgressWidgetController.subtractRefundsFromList(List<Decimal>, List<Decimal>)
07:36:50.503 (503481775)|METHOD_ENTRY|[82]|01po0000003noZB|TeamRaiserProgressWidgetController.includeAdditionalGift(List<Date>, List<Decimal>)
07:36:50.503 (503749688)|METHOD_EXIT|[82]|01po0000003noZB|TeamRaiserProgressWidgetController.includeAdditionalGift(List<Date>, List<Decimal>)
07:36:50.503 (503762180)|METHOD_EXIT|[8]|01po0000003noZB|TeamRaiserProgressWidgetController.generateData()
07:36:50.503 (503905550)|USER_DEBUG|[9]|DEBUG|(0.00, 0, 0, 0, 0, 20.0, 20.0)
07:36:51.243 (503955755)|CUMULATIVE_LIMIT_USAGE
07:36:51.243|LIMIT_USAGE_FOR_NS|(default)|
  Number of SOQL queries: 3 out of 100
  Number of query rows: 5 out of 50000
  Number of SOSL queries: 0 out of 20
  Number of DML statements: 0 out of 150
  Number of DML rows: 0 out of 10000
  Maximum CPU time: 0 out of 10000
  Maximum heap size: 0 out of 6000000
  Number of callouts: 0 out of 100
  Number of Email Invocations: 0 out of 10
  Number of future calls: 0 out of 50
  Number of queueable jobs added to the queue: 0 out of 50
  Number of Mobile Apex push calls: 0 out of 10

07:36:51.243|CUMULATIVE_LIMIT_USAGE_END

07:36:50.504 (504001572)|CODE_UNIT_FINISHED|execute_anonymous_apex
07:36:50.507 (507551700)|EXECUTION_FINISHED