Execute Anonymous

================================

TeamRaiserProgressWidgetController controller = new TeamRaiserProgressWidgetController();

controller.trRegId = 'a0jo0000001I2NT'; 
controller.trReg = [SELECT Id, Total_Raised__c, Fundraising_Goal__c, Registration_Date__c, Extra_Gift__c
				FROM TeamRaiser_Registration__c 
				WHERE Id = 'a0jo0000001I2NT'];
				

controller.generateData();

================================

31.0 APEX_CODE,DEBUG;APEX_PROFILING,DEBUG;CALLOUT,INFO;DB,INFO;VALIDATION,INFO;WORKFLOW,INFO
Execute Anonymous: TeamRaiserProgressWidgetController controller = new TeamRaiserProgressWidgetController();
Execute Anonymous: 
Execute Anonymous: controller.trRegId = 'a0jo0000001I2NT'; 
Execute Anonymous: controller.trReg = [SELECT Id, Total_Raised__c, Fundraising_Goal__c, Registration_Date__c, Extra_Gift__c
Execute Anonymous: 				FROM TeamRaiser_Registration__c 
Execute Anonymous: 				WHERE Id = 'a0jo0000001I2NT'];
Execute Anonymous: 				
Execute Anonymous: 
Execute Anonymous: controller.generateData();
07:29:44.369 (369102434)|EXECUTION_STARTED
07:29:44.369 (369112592)|CODE_UNIT_STARTED|[EXTERNAL]|execute_anonymous_apex
07:29:44.390 (390449578)|METHOD_ENTRY|[1]|01po0000003noZB|TeamRaiserProgressWidgetController.TeamRaiserProgressWidgetController()
07:29:44.390 (390583170)|METHOD_ENTRY|[6]|01po0000003QZvz|CurrencyFormatter.CurrencyFormatter()
07:29:44.390 (390596680)|METHOD_EXIT|[6]|CurrencyFormatter
07:29:44.390 (390639757)|METHOD_ENTRY|[5]|01po0000003QZvz|CurrencyFormatter.currencyOfUser(Boolean)
07:29:44.392 (392177078)|CONSTRUCTOR_ENTRY|[34]|01po0000003QZvz|<init>(String,String,Boolean)
07:29:44.392 (392291915)|CONSTRUCTOR_ENTRY|[14]|01po0000003QZvz|<init>(Integer,String)
07:29:44.392 (392494255)|CONSTRUCTOR_EXIT|[14]|01po0000003QZvz|<init>(Integer,String)
07:29:44.392 (392515133)|CONSTRUCTOR_ENTRY|[14]|01po0000003QZvz|<init>(Integer,String)
07:29:44.392 (392555339)|CONSTRUCTOR_EXIT|[14]|01po0000003QZvz|<init>(Integer,String)
07:29:44.392 (392569771)|CONSTRUCTOR_ENTRY|[14]|01po0000003QZvz|<init>(Integer,String)
07:29:44.392 (392605498)|CONSTRUCTOR_EXIT|[14]|01po0000003QZvz|<init>(Integer,String)
07:29:44.392 (392618639)|CONSTRUCTOR_ENTRY|[14]|01po0000003QZvz|<init>(Integer,String)
07:29:44.392 (392653443)|CONSTRUCTOR_EXIT|[14]|01po0000003QZvz|<init>(Integer,String)
07:29:44.392 (392705422)|METHOD_ENTRY|[25]|01po0000003QZvz|CurrencyFormatter.getDecimalSeparator()
07:29:44.392 (392881829)|METHOD_EXIT|[25]|01po0000003QZvz|CurrencyFormatter.getDecimalSeparator()
07:29:44.392 (392918810)|CONSTRUCTOR_EXIT|[34]|01po0000003QZvz|<init>(String,String,Boolean)
07:29:44.392 (392927132)|METHOD_EXIT|[5]|01po0000003QZvz|CurrencyFormatter.currencyOfUser(Boolean)
07:29:44.392 (392938490)|METHOD_EXIT|[1]|TeamRaiserProgressWidgetController
07:29:44.393 (393052580)|CONSTRUCTOR_ENTRY|[1]|01po0000003noZB|<init>()
07:29:44.393 (393083981)|CONSTRUCTOR_EXIT|[1]|01po0000003noZB|<init>()
07:29:44.393 (393528024)|SOQL_EXECUTE_BEGIN|[4]|Aggregations:0|SELECT Id, Total_Raised__c, Fundraising_Goal__c, Registration_Date__c, Extra_Gift__c FROM TeamRaiser_Registration__c WHERE Id = 'a0jo0000001I2NT'
07:29:44.396 (396257799)|SOQL_EXECUTE_END|[4]|Rows:1
07:29:44.396 (396494195)|METHOD_ENTRY|[9]|01po0000003noZB|TeamRaiserProgressWidgetController.generateData()
07:29:44.396 (396528402)|METHOD_ENTRY|[65]|01po0000003noZB|TeamRaiserProgressWidgetController.getTotalAmountPerMonth()
07:29:44.396 (396981068)|SOQL_EXECUTE_BEGIN|[86]|Aggregations:0|SELECT SUM(Amount) totalAmount, CALENDAR_MONTH(CloseDate) month, CALENDAR_YEAR(CloseDate) year, StageName stage FROM Opportunity WHERE TeamRaiser_Registration__c = :tmpVar1 GROUP BY CALENDAR_YEAR(CloseDate), CALENDAR_MONTH(CloseDate), StageName ORDER BY CALENDAR_YEAR(CloseDate) ASC NULLS FIRST, CALENDAR_MONTH(CloseDate) ASC NULLS FIRST
07:29:44.427 (427958247)|SOQL_EXECUTE_END|[86]|Rows:0
07:29:44.428 (428045974)|METHOD_EXIT|[65]|01po0000003noZB|TeamRaiserProgressWidgetController.getTotalAmountPerMonth()
07:29:44.428 (428080878)|METHOD_ENTRY|[66]|01po0000003noZB|TeamRaiserProgressWidgetController.convertAggregatesToDates(List<AggregateResult>)
07:29:44.428 (428460557)|METHOD_EXIT|[66]|01po0000003noZB|TeamRaiserProgressWidgetController.convertAggregatesToDates(List<AggregateResult>)
07:29:44.428 (428513266)|METHOD_EXIT|[9]|01po0000003noZB|TeamRaiserProgressWidgetController.generateData()
07:29:45.161 (428583423)|CUMULATIVE_LIMIT_USAGE
07:29:45.161|LIMIT_USAGE_FOR_NS|(default)|
  Number of SOQL queries: 2 out of 100
  Number of query rows: 1 out of 50000
  Number of SOSL queries: 0 out of 20
  Number of DML statements: 0 out of 150
  Number of DML rows: 0 out of 10000
  Maximum CPU time: 0 out of 10000
  Maximum heap size: 0 out of 6000000
  Number of callouts: 0 out of 100
  Number of Email Invocations: 0 out of 10
  Number of future calls: 0 out of 50
  Number of queueable jobs added to the queue: 0 out of 50
  Number of Mobile Apex push calls: 0 out of 10

07:29:45.161|CUMULATIVE_LIMIT_USAGE_END

07:29:44.428 (428634556)|CODE_UNIT_FINISHED|execute_anonymous_apex
07:29:44.430 (430556346)|EXECUTION_FINISHED