Execute Anonymous

================================

TeamRaiserProgressWidgetController controller = new TeamRaiserProgressWidgetController();

System.debug(controller.getMonthsToDisplay(Date.newInstance(2014,12,1)));

================================

31.0 APEX_CODE,DEBUG;APEX_PROFILING,DEBUG;CALLOUT,INFO;DB,INFO;VALIDATION,INFO;WORKFLOW,INFO
Execute Anonymous: TeamRaiserProgressWidgetController controller = new TeamRaiserProgressWidgetController();
Execute Anonymous: 
Execute Anonymous: System.debug(controller.getMonthsToDisplay(Date.newInstance(2014,12,1)));
09:12:01.138 (138518789)|EXECUTION_STARTED
09:12:01.138 (138531422)|CODE_UNIT_STARTED|[EXTERNAL]|execute_anonymous_apex
09:12:01.159 (159269188)|METHOD_ENTRY|[1]|01po0000003noZB|TeamRaiserProgressWidgetController.TeamRaiserProgressWidgetController()
09:12:01.159 (159420617)|METHOD_ENTRY|[6]|01po0000003QZvz|CurrencyFormatter.CurrencyFormatter()
09:12:01.159 (159435336)|METHOD_EXIT|[6]|CurrencyFormatter
09:12:01.159 (159476640)|METHOD_ENTRY|[5]|01po0000003QZvz|CurrencyFormatter.currencyOfUser(Boolean)
09:12:01.160 (160971699)|CONSTRUCTOR_ENTRY|[34]|01po0000003QZvz|<init>(String,String,Boolean)
09:12:01.161 (161097525)|CONSTRUCTOR_ENTRY|[14]|01po0000003QZvz|<init>(Integer,String)
09:12:01.161 (161317678)|CONSTRUCTOR_EXIT|[14]|01po0000003QZvz|<init>(Integer,String)
09:12:01.161 (161341394)|CONSTRUCTOR_ENTRY|[14]|01po0000003QZvz|<init>(Integer,String)
09:12:01.161 (161383672)|CONSTRUCTOR_EXIT|[14]|01po0000003QZvz|<init>(Integer,String)
09:12:01.161 (161401155)|CONSTRUCTOR_ENTRY|[14]|01po0000003QZvz|<init>(Integer,String)
09:12:01.161 (161439596)|CONSTRUCTOR_EXIT|[14]|01po0000003QZvz|<init>(Integer,String)
09:12:01.161 (161456019)|CONSTRUCTOR_ENTRY|[14]|01po0000003QZvz|<init>(Integer,String)
09:12:01.161 (161493419)|CONSTRUCTOR_EXIT|[14]|01po0000003QZvz|<init>(Integer,String)
09:12:01.161 (161548547)|METHOD_ENTRY|[25]|01po0000003QZvz|CurrencyFormatter.getDecimalSeparator()
09:12:01.161 (161744831)|METHOD_EXIT|[25]|01po0000003QZvz|CurrencyFormatter.getDecimalSeparator()
09:12:01.161 (161800865)|CONSTRUCTOR_EXIT|[34]|01po0000003QZvz|<init>(String,String,Boolean)
09:12:01.161 (161815624)|METHOD_EXIT|[5]|01po0000003QZvz|CurrencyFormatter.currencyOfUser(Boolean)
09:12:01.161 (161832140)|METHOD_EXIT|[1]|TeamRaiserProgressWidgetController
09:12:01.162 (162017333)|CONSTRUCTOR_ENTRY|[1]|01po0000003noZB|<init>()
09:12:01.162 (162061186)|CONSTRUCTOR_EXIT|[1]|01po0000003noZB|<init>()
09:12:01.162 (162210552)|METHOD_ENTRY|[3]|01po0000003noZB|TeamRaiserProgressWidgetController.getMonthsToDisplay(Date)
09:12:01.162 (162344101)|METHOD_ENTRY|[87]|01po0000003noZB|TeamRaiserProgressWidgetController.getFormattedDate(Date)
09:12:01.189 (189493837)|METHOD_ENTRY|[1]|01po0000000dllI|Utils.Utils()
09:12:01.190 (190425991)|METHOD_EXIT|[1]|Utils
09:12:01.190 (190461227)|METHOD_ENTRY|[96]|01po0000000dllI|Utils.getMonthStr(Integer)
09:12:01.190 (190486827)|METHOD_EXIT|[96]|01po0000000dllI|Utils.getMonthStr(Integer)
09:12:01.190 (190606810)|METHOD_EXIT|[87]|01po0000003noZB|TeamRaiserProgressWidgetController.getFormattedDate(Date)
09:12:01.190 (190677825)|METHOD_ENTRY|[87]|01po0000003noZB|TeamRaiserProgressWidgetController.getFormattedDate(Date)
09:12:01.190 (190704612)|METHOD_ENTRY|[96]|01po0000000dllI|Utils.getMonthStr(Integer)
09:12:01.190 (190724715)|METHOD_EXIT|[96]|01po0000000dllI|Utils.getMonthStr(Integer)
09:12:01.190 (190790978)|METHOD_EXIT|[87]|01po0000003noZB|TeamRaiserProgressWidgetController.getFormattedDate(Date)
09:12:01.190 (190843606)|METHOD_ENTRY|[87]|01po0000003noZB|TeamRaiserProgressWidgetController.getFormattedDate(Date)
09:12:01.190 (190867769)|METHOD_ENTRY|[96]|01po0000000dllI|Utils.getMonthStr(Integer)
09:12:01.190 (190894019)|METHOD_EXIT|[96]|01po0000000dllI|Utils.getMonthStr(Integer)
09:12:01.190 (190970896)|METHOD_EXIT|[87]|01po0000003noZB|TeamRaiserProgressWidgetController.getFormattedDate(Date)
09:12:01.191 (191024066)|METHOD_ENTRY|[87]|01po0000003noZB|TeamRaiserProgressWidgetController.getFormattedDate(Date)
09:12:01.191 (191048650)|METHOD_ENTRY|[96]|01po0000000dllI|Utils.getMonthStr(Integer)
09:12:01.191 (191065508)|METHOD_EXIT|[96]|01po0000000dllI|Utils.getMonthStr(Integer)
09:12:01.191 (191127130)|METHOD_EXIT|[87]|01po0000003noZB|TeamRaiserProgressWidgetController.getFormattedDate(Date)
09:12:01.191 (191176615)|METHOD_ENTRY|[87]|01po0000003noZB|TeamRaiserProgressWidgetController.getFormattedDate(Date)
09:12:01.191 (191199508)|METHOD_ENTRY|[96]|01po0000000dllI|Utils.getMonthStr(Integer)
09:12:01.191 (191216096)|METHOD_EXIT|[96]|01po0000000dllI|Utils.getMonthStr(Integer)
09:12:01.191 (191277190)|METHOD_EXIT|[87]|01po0000003noZB|TeamRaiserProgressWidgetController.getFormattedDate(Date)
09:12:01.191 (191359267)|METHOD_ENTRY|[89]|01po0000003noZB|TeamRaiserProgressWidgetController.getFormattedDate(Date)
09:12:01.191 (191383915)|METHOD_ENTRY|[96]|01po0000000dllI|Utils.getMonthStr(Integer)
09:12:01.191 (191396990)|METHOD_EXIT|[96]|01po0000000dllI|Utils.getMonthStr(Integer)
09:12:01.191 (191458791)|METHOD_EXIT|[89]|01po0000003noZB|TeamRaiserProgressWidgetController.getFormattedDate(Date)
09:12:01.191 (191486034)|METHOD_EXIT|[3]|01po0000003noZB|TeamRaiserProgressWidgetController.getMonthsToDisplay(Date)
09:12:01.191 (191541880)|USER_DEBUG|[3]|DEBUG|(Aug 2014, Sep 2014, Oct 2014, Nov 2014, Dec 2014, Jan 2015)
09:12:01.538 (191602283)|CUMULATIVE_LIMIT_USAGE
09:12:01.538|LIMIT_USAGE_FOR_NS|(default)|
  Number of SOQL queries: 0 out of 100
  Number of query rows: 0 out of 50000
  Number of SOSL queries: 0 out of 20
  Number of DML statements: 0 out of 150
  Number of DML rows: 0 out of 10000
  Maximum CPU time: 0 out of 10000
  Maximum heap size: 0 out of 6000000
  Number of callouts: 0 out of 100
  Number of Email Invocations: 0 out of 10
  Number of future calls: 0 out of 50
  Number of queueable jobs added to the queue: 0 out of 50
  Number of Mobile Apex push calls: 0 out of 10

09:12:01.538|CUMULATIVE_LIMIT_USAGE_END

09:12:01.191 (191653024)|CODE_UNIT_FINISHED|execute_anonymous_apex
09:12:01.193 (193080133)|EXECUTION_FINISHED