Execute Anonymous

================================

TeamRaiserProgressWidgetController controller = new TeamRaiserProgressWidgetController(null);



================================

31.0 APEX_CODE,DEBUG;APEX_PROFILING,DEBUG;CALLOUT,INFO;DB,INFO;VALIDATION,INFO;WORKFLOW,INFO
Execute Anonymous: TeamRaiserProgressWidgetController controller = new TeamRaiserProgressWidgetController(null);
Execute Anonymous: 
12:46:47.134 (134769384)|EXECUTION_STARTED
12:46:47.134 (134780432)|CODE_UNIT_STARTED|[EXTERNAL]|execute_anonymous_apex
12:46:47.174 (174424407)|METHOD_ENTRY|[1]|01po0000003noZB|TeamRaiserProgressWidgetController.TeamRaiserProgressWidgetController()
12:46:47.174 (174518111)|METHOD_ENTRY|[6]|01po0000003QZvz|CurrencyFormatter.CurrencyFormatter()
12:46:47.174 (174529994)|METHOD_EXIT|[6]|CurrencyFormatter
12:46:47.174 (174562862)|METHOD_ENTRY|[5]|01po0000003QZvz|CurrencyFormatter.currencyOfUser(Boolean)
12:46:47.177 (177167019)|CONSTRUCTOR_ENTRY|[34]|01po0000003QZvz|<init>(String,String,Boolean)
12:46:47.177 (177270772)|CONSTRUCTOR_ENTRY|[14]|01po0000003QZvz|<init>(Integer,String)
12:46:47.177 (177476889)|CONSTRUCTOR_EXIT|[14]|01po0000003QZvz|<init>(Integer,String)
12:46:47.177 (177496562)|CONSTRUCTOR_ENTRY|[14]|01po0000003QZvz|<init>(Integer,String)
12:46:47.177 (177538940)|CONSTRUCTOR_EXIT|[14]|01po0000003QZvz|<init>(Integer,String)
12:46:47.177 (177554400)|CONSTRUCTOR_ENTRY|[14]|01po0000003QZvz|<init>(Integer,String)
12:46:47.177 (177592004)|CONSTRUCTOR_EXIT|[14]|01po0000003QZvz|<init>(Integer,String)
12:46:47.177 (177606466)|CONSTRUCTOR_ENTRY|[14]|01po0000003QZvz|<init>(Integer,String)
12:46:47.177 (177643237)|CONSTRUCTOR_EXIT|[14]|01po0000003QZvz|<init>(Integer,String)
12:46:47.177 (177689726)|METHOD_ENTRY|[25]|01po0000003QZvz|CurrencyFormatter.getDecimalSeparator()
12:46:47.177 (177857368)|METHOD_EXIT|[25]|01po0000003QZvz|CurrencyFormatter.getDecimalSeparator()
12:46:47.177 (177884417)|CONSTRUCTOR_EXIT|[34]|01po0000003QZvz|<init>(String,String,Boolean)
12:46:47.177 (177893666)|METHOD_EXIT|[5]|01po0000003QZvz|CurrencyFormatter.currencyOfUser(Boolean)
12:46:47.177 (177905592)|METHOD_EXIT|[1]|TeamRaiserProgressWidgetController
12:46:47.178 (178054498)|CONSTRUCTOR_ENTRY|[1]|01po0000003noZB|<init>(ApexPages.StandardController)
12:46:47.178 (178439545)|SOQL_EXECUTE_BEGIN|[24]|Aggregations:0|SELECT Id, Total_Raised__c, Fundraising_Goal__c, Registration_Date__c, Extra_Gift__c, CreatedDate FROM TeamRaiser_Registration__c WHERE Id = :tmpVar1
12:46:47.181 (181781308)|SOQL_EXECUTE_END|[24]|Rows:1
12:46:47.182 (182356792)|METHOD_ENTRY|[30]|01po0000003QZvz|CurrencyFormatter.getCurrencySymbol()
12:46:47.182 (182494722)|METHOD_EXIT|[30]|01po0000003QZvz|CurrencyFormatter.getCurrencySymbol()
12:46:47.182 (182798925)|METHOD_ENTRY|[35]|01po0000003noZB|TeamRaiserProgressWidgetController.generateData()
12:46:47.182 (182843797)|METHOD_ENTRY|[78]|01po0000003noZB|TeamRaiserProgressWidgetController.getTotalAmountPerMonth()
12:46:47.183 (183799221)|SOQL_EXECUTE_BEGIN|[103]|Aggregations:0|SELECT SUM(Amount) totalAmount, CALENDAR_MONTH(CloseDate) month, CALENDAR_YEAR(CloseDate) year, StageName stage FROM Opportunity WHERE (TeamRaiser_Registration__c = :tmpVar1 AND StageName IN ('Received', 'Not Received', 'Refunded')) GROUP BY CALENDAR_YEAR(CloseDate), CALENDAR_MONTH(CloseDate), StageName ORDER BY CALENDAR_YEAR(CloseDate) ASC NULLS FIRST, CALENDAR_MONTH(CloseDate) ASC NULLS FIRST, StageName ASC NULLS FIRST
12:46:47.203 (203221143)|SOQL_EXECUTE_END|[103]|Rows:1
12:46:47.203 (203290660)|METHOD_EXIT|[78]|01po0000003noZB|TeamRaiserProgressWidgetController.getTotalAmountPerMonth()
12:46:47.203 (203324472)|METHOD_ENTRY|[79]|01po0000003noZB|TeamRaiserProgressWidgetController.convertAggregatesToDates(List<AggregateResult>)
12:46:47.203 (203668802)|METHOD_ENTRY|[181]|01po0000003noZB|TeamRaiserProgressWidgetController.aggregateResultToDate(AggregateResult)
12:46:47.203 (203839560)|METHOD_EXIT|[181]|01po0000003noZB|TeamRaiserProgressWidgetController.aggregateResultToDate(AggregateResult)
12:46:47.203 (203889560)|METHOD_EXIT|[79]|01po0000003noZB|TeamRaiserProgressWidgetController.convertAggregatesToDates(List<AggregateResult>)
12:46:47.203 (203908267)|METHOD_ENTRY|[80]|01po0000003noZB|TeamRaiserProgressWidgetController.getRefundAggregateResults()
12:46:47.204 (204388421)|SOQL_EXECUTE_BEGIN|[330]|Aggregations:0|SELECT CALENDAR_YEAR(Refund_Date__c) year, CALENDAR_MONTH(Refund_Date__c) month, SUM(Amount) totalAmount, StageName stage FROM Opportunity WHERE (TeamRaiser_Registration__c = :tmpVar1 AND Refund_Date__c != NULL AND StageName = 'Refunded') GROUP BY CALENDAR_YEAR(Refund_Date__c), CALENDAR_MONTH(Refund_Date__c), StageName ORDER BY CALENDAR_YEAR(Refund_Date__c) ASC NULLS FIRST, CALENDAR_MONTH(Refund_Date__c) ASC NULLS FIRST
12:46:47.219 (219319158)|SOQL_EXECUTE_END|[330]|Rows:1
12:46:47.219 (219385578)|METHOD_EXIT|[80]|01po0000003noZB|TeamRaiserProgressWidgetController.getRefundAggregateResults()
12:46:47.219 (219413679)|METHOD_ENTRY|[81]|01po0000003noZB|TeamRaiserProgressWidgetController.convertAggregatesToDates(List<AggregateResult>)
12:46:47.219 (219562059)|METHOD_ENTRY|[181]|01po0000003noZB|TeamRaiserProgressWidgetController.aggregateResultToDate(AggregateResult)
12:46:47.219 (219762444)|METHOD_EXIT|[181]|01po0000003noZB|TeamRaiserProgressWidgetController.aggregateResultToDate(AggregateResult)
12:46:47.219 (219857021)|METHOD_EXIT|[81]|01po0000003noZB|TeamRaiserProgressWidgetController.convertAggregatesToDates(List<AggregateResult>)
12:46:47.219 (219990825)|METHOD_ENTRY|[84]|01po0000003noZB|TeamRaiserProgressWidgetController.getDisplayMonths(List<Date>)
12:46:47.220 (220075898)|METHOD_ENTRY|[201]|01po0000003noZB|TeamRaiserProgressWidgetController.getLastGiftDate(List<Date>)
12:46:47.220 (220219305)|METHOD_EXIT|[201]|01po0000003noZB|TeamRaiserProgressWidgetController.getLastGiftDate(List<Date>)
12:46:47.220 (220897508)|METHOD_EXIT|[84]|01po0000003noZB|TeamRaiserProgressWidgetController.getDisplayMonths(List<Date>)
12:46:47.220 (220934671)|METHOD_ENTRY|[90]|01po0000003noZB|TeamRaiserProgressWidgetController.getFormattedMonths(List<Date>)
12:46:47.221 (221098197)|METHOD_ENTRY|[193]|01po0000003noZB|TeamRaiserProgressWidgetController.getFormattedMonth(Date)
12:46:47.270 (270107095)|METHOD_ENTRY|[1]|01po0000000dllI|Utils.Utils()
12:46:47.274 (274098253)|METHOD_EXIT|[1]|Utils
12:46:47.274 (274129850)|METHOD_ENTRY|[238]|01po0000000dllI|Utils.getMonthStr(Integer)
12:46:47.274 (274159446)|METHOD_EXIT|[238]|01po0000000dllI|Utils.getMonthStr(Integer)
12:46:47.274 (274243117)|METHOD_EXIT|[193]|01po0000003noZB|TeamRaiserProgressWidgetController.getFormattedMonth(Date)
12:46:47.274 (274332321)|METHOD_ENTRY|[193]|01po0000003noZB|TeamRaiserProgressWidgetController.getFormattedMonth(Date)
12:46:47.274 (274366812)|METHOD_ENTRY|[238]|01po0000000dllI|Utils.getMonthStr(Integer)
12:46:47.274 (274381811)|METHOD_EXIT|[238]|01po0000000dllI|Utils.getMonthStr(Integer)
12:46:47.274 (274412453)|METHOD_EXIT|[193]|01po0000003noZB|TeamRaiserProgressWidgetController.getFormattedMonth(Date)
12:46:47.274 (274453419)|METHOD_ENTRY|[193]|01po0000003noZB|TeamRaiserProgressWidgetController.getFormattedMonth(Date)
12:46:47.274 (274478470)|METHOD_ENTRY|[238]|01po0000000dllI|Utils.getMonthStr(Integer)
12:46:47.274 (274491653)|METHOD_EXIT|[238]|01po0000000dllI|Utils.getMonthStr(Integer)
12:46:47.274 (274519799)|METHOD_EXIT|[193]|01po0000003noZB|TeamRaiserProgressWidgetController.getFormattedMonth(Date)
12:46:47.274 (274558440)|METHOD_ENTRY|[193]|01po0000003noZB|TeamRaiserProgressWidgetController.getFormattedMonth(Date)
12:46:47.274 (274582579)|METHOD_ENTRY|[238]|01po0000000dllI|Utils.getMonthStr(Integer)
12:46:47.274 (274598922)|METHOD_EXIT|[238]|01po0000000dllI|Utils.getMonthStr(Integer)
12:46:47.274 (274638266)|METHOD_EXIT|[193]|01po0000003noZB|TeamRaiserProgressWidgetController.getFormattedMonth(Date)
12:46:47.274 (274708124)|METHOD_ENTRY|[193]|01po0000003noZB|TeamRaiserProgressWidgetController.getFormattedMonth(Date)
12:46:47.274 (274753977)|METHOD_ENTRY|[238]|01po0000000dllI|Utils.getMonthStr(Integer)
12:46:47.274 (274779563)|METHOD_EXIT|[238]|01po0000000dllI|Utils.getMonthStr(Integer)
12:46:47.274 (274830927)|METHOD_EXIT|[193]|01po0000003noZB|TeamRaiserProgressWidgetController.getFormattedMonth(Date)
12:46:47.274 (274910330)|METHOD_ENTRY|[193]|01po0000003noZB|TeamRaiserProgressWidgetController.getFormattedMonth(Date)
12:46:47.274 (274954033)|METHOD_ENTRY|[238]|01po0000000dllI|Utils.getMonthStr(Integer)
12:46:47.274 (274979239)|METHOD_EXIT|[238]|01po0000000dllI|Utils.getMonthStr(Integer)
12:46:47.275 (275033566)|METHOD_EXIT|[193]|01po0000003noZB|TeamRaiserProgressWidgetController.getFormattedMonth(Date)
12:46:47.275 (275110597)|METHOD_EXIT|[90]|01po0000003noZB|TeamRaiserProgressWidgetController.getFormattedMonths(List<Date>)
12:46:47.275 (275193092)|METHOD_ENTRY|[91]|01po0000003noZB|TeamRaiserProgressWidgetController.getRefundsPerDisplayMonth(List<AggregateResult>, List<Date>)
12:46:47.275 (275328891)|METHOD_ENTRY|[142]|01po0000003noZB|TeamRaiserProgressWidgetController.aggregateResultToDate(AggregateResult)
12:46:47.275 (275515231)|METHOD_EXIT|[142]|01po0000003noZB|TeamRaiserProgressWidgetController.aggregateResultToDate(AggregateResult)
12:46:47.275 (275665849)|METHOD_ENTRY|[144]|01po0000003noZB|TeamRaiserProgressWidgetController.getAmountRaisedByDisplayMonth(Map<Date,Decimal>, List<Date>)
12:46:47.275 (275893224)|METHOD_ENTRY|[298]|01po0000003noZB|TeamRaiserProgressWidgetController.combineAndSort(Set<Date>, List<Date>)
12:46:47.276 (276202820)|METHOD_EXIT|[298]|01po0000003noZB|TeamRaiserProgressWidgetController.combineAndSort(Set<Date>, List<Date>)
12:46:47.276 (276364808)|USER_DEBUG|[299]|DEBUG|displayMonths: (2015-01-01 00:00:00, 2015-02-01 00:00:00, 2015-03-01 00:00:00, 2015-04-01 00:00:00, 2015-05-01 00:00:00, 2015-06-01 00:00:00)
12:46:47.276 (276486243)|USER_DEBUG|[300]|DEBUG|combinedList: (2015-01-01 00:00:00, 2015-02-01 00:00:00, 2015-03-01 00:00:00, 2015-04-01 00:00:00, 2015-05-01 00:00:00, 2015-06-01 00:00:00)
12:46:47.277 (277823776)|METHOD_EXIT|[144]|01po0000003noZB|TeamRaiserProgressWidgetController.getAmountRaisedByDisplayMonth(Map<Date,Decimal>, List<Date>)
12:46:47.277 (277835271)|METHOD_EXIT|[91]|01po0000003noZB|TeamRaiserProgressWidgetController.getRefundsPerDisplayMonth(List<AggregateResult>, List<Date>)
12:46:47.277 (277927222)|USER_DEBUG|[92]|DEBUG|refunds: (0.00, 0.00, 0.00, 0.00, 100.00, 100.00)
12:46:47.277 (277961101)|METHOD_ENTRY|[93]|01po0000003noZB|TeamRaiserProgressWidgetController.getcommittedAmountsByDisplayMonth(List<AggregateResult>, List<Decimal>)
12:46:47.278 (278027792)|METHOD_ENTRY|[117]|01po0000003noZB|TeamRaiserProgressWidgetController.formMapByStage(String, List<AggregateResult>)
12:46:47.278 (278122879)|METHOD_ENTRY|[164]|01po0000003noZB|TeamRaiserProgressWidgetController.aggregateResultToDate(AggregateResult)
12:46:47.278 (278231288)|METHOD_EXIT|[164]|01po0000003noZB|TeamRaiserProgressWidgetController.aggregateResultToDate(AggregateResult)
12:46:47.278 (278299112)|METHOD_ENTRY|[167]|01po0000003noZB|TeamRaiserProgressWidgetController.sameStage(AggregateResult, String)
12:46:47.278 (278377696)|METHOD_EXIT|[167]|01po0000003noZB|TeamRaiserProgressWidgetController.sameStage(AggregateResult, String)
12:46:47.278 (278387954)|METHOD_ENTRY|[167]|01po0000003noZB|TeamRaiserProgressWidgetController.sameStage(AggregateResult, String)
12:46:47.278 (278434118)|METHOD_EXIT|[167]|01po0000003noZB|TeamRaiserProgressWidgetController.sameStage(AggregateResult, String)
12:46:47.278 (278522982)|METHOD_EXIT|[117]|01po0000003noZB|TeamRaiserProgressWidgetController.formMapByStage(String, List<AggregateResult>)
12:46:47.278 (278543048)|METHOD_ENTRY|[118]|01po0000003noZB|TeamRaiserProgressWidgetController.includeAdditionalGift(List<Date>, Map<Date,Decimal>)
12:46:47.278 (278673336)|METHOD_EXIT|[118]|01po0000003noZB|TeamRaiserProgressWidgetController.includeAdditionalGift(List<Date>, Map<Date,Decimal>)
12:46:47.278 (278684641)|METHOD_ENTRY|[119]|01po0000003noZB|TeamRaiserProgressWidgetController.getAmountRaisedByDisplayMonth(Map<Date,Decimal>, List<Date>)
12:46:47.278 (278770484)|METHOD_ENTRY|[298]|01po0000003noZB|TeamRaiserProgressWidgetController.combineAndSort(Set<Date>, List<Date>)
12:46:47.278 (278957653)|METHOD_EXIT|[298]|01po0000003noZB|TeamRaiserProgressWidgetController.combineAndSort(Set<Date>, List<Date>)
12:46:47.279 (279034684)|USER_DEBUG|[299]|DEBUG|displayMonths: (2015-01-01 00:00:00, 2015-02-01 00:00:00, 2015-03-01 00:00:00, 2015-04-01 00:00:00, 2015-05-01 00:00:00, 2015-06-01 00:00:00)
12:46:47.279 (279128927)|USER_DEBUG|[300]|DEBUG|combinedList: (2015-01-01 00:00:00, 2015-02-01 00:00:00, 2015-03-01 00:00:00, 2015-04-01 00:00:00, 2015-05-01 00:00:00, 2015-06-01 00:00:00)
12:46:47.280 (280503600)|METHOD_EXIT|[119]|01po0000003noZB|TeamRaiserProgressWidgetController.getAmountRaisedByDisplayMonth(Map<Date,Decimal>, List<Date>)
12:46:47.280 (280617362)|USER_DEBUG|[120]|DEBUG|Before subtracting refunds: (0.00, 0.00, 100.00, 100.00, 100.00, 100.00)
12:46:47.280 (280654879)|METHOD_ENTRY|[121]|01po0000003noZB|TeamRaiserProgressWidgetController.subtractRefundsFromList(List<Decimal>, List<Decimal>)
12:46:47.281 (281708008)|METHOD_EXIT|[121]|01po0000003noZB|TeamRaiserProgressWidgetController.subtractRefundsFromList(List<Decimal>, List<Decimal>)
12:46:47.281 (281787758)|METHOD_EXIT|[93]|01po0000003noZB|TeamRaiserProgressWidgetController.getcommittedAmountsByDisplayMonth(List<AggregateResult>, List<Decimal>)
12:46:47.281 (281889050)|USER_DEBUG|[94]|DEBUG|committedAmounts: (0.00, 0.00, 100.00, 100.00, 0.00, 0.00)
12:46:47.281 (281917309)|METHOD_ENTRY|[96]|01po0000003noZB|TeamRaiserProgressWidgetController.getUncommittedAmountsByDisplayMonth(List<AggregateResult>, List<Decimal>)
12:46:47.282 (282056654)|METHOD_ENTRY|[130]|01po0000003noZB|TeamRaiserProgressWidgetController.sameStage(AggregateResult, String)
12:46:47.282 (282128416)|METHOD_EXIT|[130]|01po0000003noZB|TeamRaiserProgressWidgetController.sameStage(AggregateResult, String)
12:46:47.282 (282156383)|METHOD_ENTRY|[134]|01po0000003noZB|TeamRaiserProgressWidgetController.getAmountRaisedByDisplayMonth(Map<Date,Decimal>, List<Date>)
12:46:47.282 (282237605)|METHOD_ENTRY|[298]|01po0000003noZB|TeamRaiserProgressWidgetController.combineAndSort(Set<Date>, List<Date>)
12:46:47.282 (282334179)|METHOD_EXIT|[298]|01po0000003noZB|TeamRaiserProgressWidgetController.combineAndSort(Set<Date>, List<Date>)
12:46:47.282 (282383889)|USER_DEBUG|[299]|DEBUG|displayMonths: (2015-01-01 00:00:00, 2015-02-01 00:00:00, 2015-03-01 00:00:00, 2015-04-01 00:00:00, 2015-05-01 00:00:00, 2015-06-01 00:00:00)
12:46:47.282 (282440037)|USER_DEBUG|[300]|DEBUG|combinedList: (2015-01-01 00:00:00, 2015-02-01 00:00:00, 2015-03-01 00:00:00, 2015-04-01 00:00:00, 2015-05-01 00:00:00, 2015-06-01 00:00:00)
12:46:47.283 (283471851)|METHOD_EXIT|[134]|01po0000003noZB|TeamRaiserProgressWidgetController.getAmountRaisedByDisplayMonth(Map<Date,Decimal>, List<Date>)
12:46:47.283 (283552266)|METHOD_EXIT|[96]|01po0000003noZB|TeamRaiserProgressWidgetController.getUncommittedAmountsByDisplayMonth(List<AggregateResult>, List<Decimal>)
12:46:47.283 (283637860)|METHOD_ENTRY|[97]|01po0000003noZB|TeamRaiserProgressWidgetController.getAllAmountsByDisplayMonth(List<Decimal>, List<Decimal>, List<Decimal>)
12:46:47.284 (284490186)|METHOD_ENTRY|[154]|01po0000003noZB|TeamRaiserProgressWidgetController.subtractRefundsFromList(List<Decimal>, List<Decimal>)
12:46:47.285 (285075644)|METHOD_EXIT|[154]|01po0000003noZB|TeamRaiserProgressWidgetController.subtractRefundsFromList(List<Decimal>, List<Decimal>)
12:46:47.285 (285127921)|METHOD_EXIT|[97]|01po0000003noZB|TeamRaiserProgressWidgetController.getAllAmountsByDisplayMonth(List<Decimal>, List<Decimal>, List<Decimal>)
12:46:47.285 (285153402)|METHOD_EXIT|[35]|01po0000003noZB|TeamRaiserProgressWidgetController.generateData()
12:46:47.285 (285173851)|CONSTRUCTOR_EXIT|[1]|01po0000003noZB|<init>(ApexPages.StandardController)
12:46:47.834 (285237699)|CUMULATIVE_LIMIT_USAGE
12:46:47.834|LIMIT_USAGE_FOR_NS|(default)|
  Number of SOQL queries: 3 out of 100
  Number of query rows: 3 out of 50000
  Number of SOSL queries: 0 out of 20
  Number of DML statements: 0 out of 150
  Number of DML rows: 0 out of 10000
  Maximum CPU time: 0 out of 10000
  Maximum heap size: 0 out of 6000000
  Number of callouts: 0 out of 100
  Number of Email Invocations: 0 out of 10
  Number of future calls: 0 out of 50
  Number of queueable jobs added to the queue: 0 out of 50
  Number of Mobile Apex push calls: 0 out of 10

12:46:47.834|CUMULATIVE_LIMIT_USAGE_END

12:46:47.285 (285266819)|CODE_UNIT_FINISHED|execute_anonymous_apex
12:46:47.287 (287884782)|EXECUTION_FINISHED