Execute Anonymous

================================

System.debug(Volunteer_Job__c.SObjectType.getDescribe().getKeyPrefix());

================================

31.0 APEX_CODE,DEBUG;APEX_PROFILING,DEBUG;CALLOUT,INFO;DB,INFO;VALIDATION,INFO;WORKFLOW,INFO
Execute Anonymous: System.debug(Volunteer_Job__c.SObjectType.getDescribe().getKeyPrefix());
07:21:07.066 (66984802)|EXECUTION_STARTED
07:21:07.066 (66995238)|CODE_UNIT_STARTED|[EXTERNAL]|execute_anonymous_apex
07:21:07.067 (67728105)|USER_DEBUG|[1]|DEBUG|a0r
07:21:07.982 (67759963)|CUMULATIVE_LIMIT_USAGE
07:21:07.982|LIMIT_USAGE_FOR_NS|(default)|
  Number of SOQL queries: 0 out of 100
  Number of query rows: 0 out of 50000
  Number of SOSL queries: 0 out of 20
  Number of DML statements: 0 out of 150
  Number of DML rows: 0 out of 10000
  Maximum CPU time: 0 out of 10000
  Maximum heap size: 0 out of 6000000
  Number of callouts: 0 out of 100
  Number of Email Invocations: 0 out of 10
  Number of future calls: 0 out of 50
  Number of queueable jobs added to the queue: 0 out of 50
  Number of Mobile Apex push calls: 0 out of 10

07:21:07.982|CUMULATIVE_LIMIT_USAGE_END

07:21:07.067 (67780120)|CODE_UNIT_FINISHED|execute_anonymous_apex
07:21:07.068 (68844894)|EXECUTION_FINISHED