Execute Anonymous

================================

System.debug(Pledge__c.SObjectType.getDescribe().getKeyPrefix());

================================

31.0 APEX_CODE,DEBUG;APEX_PROFILING,DEBUG;CALLOUT,INFO;DB,INFO;VALIDATION,INFO;WORKFLOW,INFO
Execute Anonymous: System.debug(Pledge__c.SObjectType.getDescribe().getKeyPrefix());
13:57:48.031 (31281642)|EXECUTION_STARTED
13:57:48.031 (31289576)|CODE_UNIT_STARTED|[EXTERNAL]|execute_anonymous_apex
13:57:48.031 (31909774)|USER_DEBUG|[1]|DEBUG|a0T
13:57:48.286 (31943677)|CUMULATIVE_LIMIT_USAGE
13:57:48.286|LIMIT_USAGE_FOR_NS|(default)|
  Number of SOQL queries: 0 out of 100
  Number of query rows: 0 out of 50000
  Number of SOSL queries: 0 out of 20
  Number of DML statements: 0 out of 150
  Number of DML rows: 0 out of 10000
  Maximum CPU time: 0 out of 10000
  Maximum heap size: 0 out of 6000000
  Number of callouts: 0 out of 100
  Number of Email Invocations: 0 out of 10
  Number of future calls: 0 out of 50
  Number of queueable jobs added to the queue: 0 out of 50
  Number of Mobile Apex push calls: 0 out of 10

13:57:48.286|CUMULATIVE_LIMIT_USAGE_END

13:57:48.031 (31976239)|CODE_UNIT_FINISHED|execute_anonymous_apex
13:57:48.033 (33036566)|EXECUTION_FINISHED