Execute Anonymous

================================

System.debug(Utils.getRecordTypesForObject('Recurring Gift'));

================================

31.0 APEX_CODE,DEBUG;APEX_PROFILING,DEBUG;CALLOUT,INFO;DB,INFO;VALIDATION,INFO;WORKFLOW,INFO
Execute Anonymous: System.debug(Utils.getRecordTypesForObject('Recurring Gift'));
09:27:21.115 (115187598)|EXECUTION_STARTED
09:27:21.115 (115198995)|CODE_UNIT_STARTED|[EXTERNAL]|execute_anonymous_apex
09:27:21.145 (145377698)|METHOD_ENTRY|[1]|01po0000000dllI|Utils.Utils()
09:27:21.146 (146308813)|METHOD_EXIT|[1]|Utils
09:27:21.146 (146341228)|METHOD_ENTRY|[1]|01po0000000dllI|Utils.getRecordTypesForObject(String)
09:27:21.146 (146377648)|METHOD_ENTRY|[516]|01po0000000dllI|Utils.primeRecTypes()
09:27:21.146 (146726688)|SOQL_EXECUTE_BEGIN|[468]|Aggregations:0|SELECT Id, Name, DeveloperName, SobjectType, Description FROM RecordType WHERE IsActive = TRUE
09:27:21.283 (283696994)|SOQL_EXECUTE_END|[468]|Rows:34
09:27:21.287 (287090671)|METHOD_EXIT|[516]|01po0000000dllI|Utils.primeRecTypes()
09:27:21.287 (287677459)|METHOD_EXIT|[1]|01po0000000dllI|Utils.getRecordTypesForObject(String)
09:27:21.287 (287716226)|USER_DEBUG|[1]|DEBUG|()
09:27:22.064 (287765354)|CUMULATIVE_LIMIT_USAGE
09:27:22.064|LIMIT_USAGE_FOR_NS|(default)|
  Number of SOQL queries: 1 out of 100
  Number of query rows: 34 out of 50000
  Number of SOSL queries: 0 out of 20
  Number of DML statements: 0 out of 150
  Number of DML rows: 0 out of 10000
  Maximum CPU time: 0 out of 10000
  Maximum heap size: 0 out of 6000000
  Number of callouts: 0 out of 100
  Number of Email Invocations: 0 out of 10
  Number of future calls: 0 out of 50
  Number of queueable jobs added to the queue: 0 out of 50
  Number of Mobile Apex push calls: 0 out of 10

09:27:22.064|CUMULATIVE_LIMIT_USAGE_END

09:27:21.287 (287788684)|CODE_UNIT_FINISHED|execute_anonymous_apex
09:27:21.290 (290291319)|EXECUTION_FINISHED