Execute Anonymous

================================

System.debug(Utils.getRecordTypeId(Schema.SObjectType.Opportunity, 'Recurring Donation'));

================================

31.0 APEX_CODE,DEBUG;APEX_PROFILING,DEBUG;CALLOUT,INFO;DB,INFO;VALIDATION,INFO;WORKFLOW,INFO
Execute Anonymous: System.debug(Utils.getRecordTypeId(Schema.SObjectType.Opportunity, 'Recurring Donation'));
09:32:13.142 (142716494)|EXECUTION_STARTED
09:32:13.142 (142725212)|CODE_UNIT_STARTED|[EXTERNAL]|execute_anonymous_apex
09:32:13.163 (163784971)|METHOD_ENTRY|[1]|01po0000000dllI|Utils.Utils()
09:32:13.169 (169335019)|METHOD_EXIT|[1]|Utils
09:32:13.169 (169392755)|METHOD_ENTRY|[1]|01po0000000dllI|Utils.getRecordTypeId(Schema.DescribeSObjectResult, String)
09:32:13.178 (178540586)|METHOD_EXIT|[1]|01po0000000dllI|Utils.getRecordTypeId(Schema.DescribeSObjectResult, String)
09:32:13.178 (178575058)|USER_DEBUG|[1]|DEBUG|012o0000000J40NAAS
09:32:13.450 (178609385)|CUMULATIVE_LIMIT_USAGE
09:32:13.450|LIMIT_USAGE_FOR_NS|(default)|
  Number of SOQL queries: 0 out of 100
  Number of query rows: 0 out of 50000
  Number of SOSL queries: 0 out of 20
  Number of DML statements: 0 out of 150
  Number of DML rows: 0 out of 10000
  Maximum CPU time: 0 out of 10000
  Maximum heap size: 0 out of 6000000
  Number of callouts: 0 out of 100
  Number of Email Invocations: 0 out of 10
  Number of future calls: 0 out of 50
  Number of queueable jobs added to the queue: 0 out of 50
  Number of Mobile Apex push calls: 0 out of 10

09:32:13.450|CUMULATIVE_LIMIT_USAGE_END

09:32:13.178 (178631396)|CODE_UNIT_FINISHED|execute_anonymous_apex
09:32:13.180 (180604758)|EXECUTION_FINISHED