Execute Anonymous

================================

System.debug(Math.mod(-2, 12));

================================

31.0 APEX_CODE,DEBUG;APEX_PROFILING,DEBUG;CALLOUT,INFO;DB,INFO;VALIDATION,INFO;WORKFLOW,INFO
Execute Anonymous: System.debug(Math.mod(-2, 12));
08:40:31.034 (34563152)|EXECUTION_STARTED
08:40:31.034 (34574232)|CODE_UNIT_STARTED|[EXTERNAL]|execute_anonymous_apex
08:40:31.035 (35255115)|USER_DEBUG|[1]|DEBUG|-2
08:40:31.562 (35292367)|CUMULATIVE_LIMIT_USAGE
08:40:31.562|LIMIT_USAGE_FOR_NS|(default)|
  Number of SOQL queries: 0 out of 100
  Number of query rows: 0 out of 50000
  Number of SOSL queries: 0 out of 20
  Number of DML statements: 0 out of 150
  Number of DML rows: 0 out of 10000
  Maximum CPU time: 0 out of 10000
  Maximum heap size: 0 out of 6000000
  Number of callouts: 0 out of 100
  Number of Email Invocations: 0 out of 10
  Number of future calls: 0 out of 50
  Number of queueable jobs added to the queue: 0 out of 50
  Number of Mobile Apex push calls: 0 out of 10

08:40:31.562|CUMULATIVE_LIMIT_USAGE_END

08:40:31.035 (35320605)|CODE_UNIT_FINISHED|execute_anonymous_apex
08:40:31.036 (36366717)|EXECUTION_FINISHED