Execute Anonymous

================================

ProtectedSettingsUtils.setLastUpgradeRun('12.10');
VersionUpgrades.doUpgrades();

================================

31.0 APEX_CODE,DEBUG;APEX_PROFILING,DEBUG;CALLOUT,INFO;DB,INFO;VALIDATION,INFO;WORKFLOW,INFO
Execute Anonymous: ProtectedSettingsUtils.setLastUpgradeRun('12.10');
Execute Anonymous: VersionUpgrades.doUpgrades();
15:12:13.599 (599126069)|EXECUTION_STARTED
15:12:13.599 (599135745)|CODE_UNIT_STARTED|[EXTERNAL]|execute_anonymous_apex
15:12:13.604 (604576001)|METHOD_ENTRY|[4]|01po0000001fPRj|ProtectedSettingsUtils.ProtectedSettingsUtils()
15:12:13.604 (604614045)|METHOD_ENTRY|[9]|01po0000001fPRj|ProtectedSettingsUtils.mockProtectedSettingsOrgDefaults()
15:12:13.604 (604895931)|METHOD_EXIT|[9]|01po0000001fPRj|ProtectedSettingsUtils.mockProtectedSettingsOrgDefaults()
15:12:13.604 (604909939)|METHOD_EXIT|[4]|ProtectedSettingsUtils
15:12:13.604 (604924717)|METHOD_ENTRY|[1]|01po0000001fPRj|ProtectedSettingsUtils.setLastUpgradeRun(String)
15:12:13.607 (607979227)|METHOD_ENTRY|[1]|01po0000003QGLN|VersionUpgrades.VersionUpgrades()
15:12:13.608 (608047915)|METHOD_ENTRY|[6]|01po0000001fPRj|ProtectedSettingsUtils.getLastUpgradeRun()
15:12:13.639 (639989895)|METHOD_EXIT|[6]|01po0000001fPRj|ProtectedSettingsUtils.getLastUpgradeRun()
15:12:13.640 (640022168)|METHOD_EXIT|[1]|VersionUpgrades
15:12:13.646 (646709426)|METHOD_ENTRY|[3]|01po0000000dll9|StringUtils.StringUtils()
15:12:13.646 (646893991)|METHOD_EXIT|[3]|StringUtils
15:12:13.646 (646929312)|METHOD_ENTRY|[115]|01po0000000dll9|StringUtils.listContainsString(List<String>, String)
15:12:13.647 (647243588)|METHOD_EXIT|[115]|01po0000000dll9|StringUtils.listContainsString(List<String>, String)
15:12:13.647 (647260657)|METHOD_ENTRY|[119]|01po0000001fPRj|ProtectedSettingsUtils.getProtectedSettingsOrgDefaults()
15:12:13.647 (647416161)|METHOD_EXIT|[119]|01po0000001fPRj|ProtectedSettingsUtils.getProtectedSettingsOrgDefaults()
15:12:13.647 (647474483)|METHOD_ENTRY|[121]|01po0000001fPRj|ProtectedSettingsUtils.updateSettings(Convio_Settings_Protected__c)
15:12:13.647 (647573052)|DML_BEGIN|[49]|Op:Upsert|Type:Convio_Settings_Protected__c|Rows:1
15:12:13.671 (671199389)|DML_END|[49]
15:12:13.671 (671225730)|METHOD_EXIT|[121]|01po0000001fPRj|ProtectedSettingsUtils.updateSettings(Convio_Settings_Protected__c)
15:12:13.671 (671236103)|METHOD_EXIT|[1]|01po0000001fPRj|ProtectedSettingsUtils.setLastUpgradeRun(String)
15:12:13.671 (671312139)|METHOD_ENTRY|[2]|01po0000003QGLN|VersionUpgrades.doUpgrades()
15:12:13.671 (671390823)|USER_DEBUG|[9]|DEBUG|Last upgrade run: 12.11
15:12:13.671 (671408534)|METHOD_ENTRY|[10]|01po0000003QGLN|VersionUpgrades.doUpgrades12_7_2()
15:12:13.671 (671438535)|METHOD_EXIT|[10]|01po0000003QGLN|VersionUpgrades.doUpgrades12_7_2()
15:12:13.671 (671462422)|USER_DEBUG|[11]|DEBUG|Done with 12_7_2
15:12:13.671 (671476115)|METHOD_ENTRY|[12]|01po0000003QGLN|VersionUpgrades.doUpgrades12_9()
15:12:13.671 (671506321)|METHOD_ENTRY|[37]|01po0000003QGLN|VersionUpgrades.getLastUpgradeVersionIndex(String)
15:12:13.671 (671532247)|METHOD_ENTRY|[81]|01po0000000dll9|StringUtils.getStringIndexInList(List<String>, String)
15:12:13.671 (671695159)|METHOD_EXIT|[81]|01po0000000dll9|StringUtils.getStringIndexInList(List<String>, String)
15:12:13.671 (671703504)|METHOD_EXIT|[37]|01po0000003QGLN|VersionUpgrades.getLastUpgradeVersionIndex(String)
15:12:13.671 (671710790)|METHOD_EXIT|[12]|01po0000003QGLN|VersionUpgrades.doUpgrades12_9()
15:12:13.671 (671732840)|USER_DEBUG|[13]|DEBUG|Done with 12_9
15:12:13.671 (671746973)|METHOD_ENTRY|[14]|01po0000003QGLN|VersionUpgrades.doUpgrades12_10()
15:12:13.671 (671771848)|METHOD_ENTRY|[46]|01po0000003QGLN|VersionUpgrades.getLastUpgradeVersionIndex(String)
15:12:13.671 (671785665)|METHOD_ENTRY|[81]|01po0000000dll9|StringUtils.getStringIndexInList(List<String>, String)
15:12:13.671 (671884529)|METHOD_EXIT|[81]|01po0000000dll9|StringUtils.getStringIndexInList(List<String>, String)
15:12:13.671 (671891080)|METHOD_EXIT|[46]|01po0000003QGLN|VersionUpgrades.getLastUpgradeVersionIndex(String)
15:12:13.671 (671897766)|METHOD_EXIT|[14]|01po0000003QGLN|VersionUpgrades.doUpgrades12_10()
15:12:13.671 (671918836)|USER_DEBUG|[15]|DEBUG|Done with 12_10
15:12:13.671 (671931868)|METHOD_ENTRY|[16]|01po0000003QGLN|VersionUpgrades.doUpgrades12_11()
15:12:13.671 (671955308)|METHOD_ENTRY|[56]|01po0000003QGLN|VersionUpgrades.getLastUpgradeVersionIndex(String)
15:12:13.671 (671969129)|METHOD_ENTRY|[81]|01po0000000dll9|StringUtils.getStringIndexInList(List<String>, String)
15:12:13.672 (672066302)|METHOD_EXIT|[81]|01po0000000dll9|StringUtils.getStringIndexInList(List<String>, String)
15:12:13.672 (672073488)|METHOD_EXIT|[56]|01po0000003QGLN|VersionUpgrades.getLastUpgradeVersionIndex(String)
15:12:13.672 (672080369)|METHOD_EXIT|[16]|01po0000003QGLN|VersionUpgrades.doUpgrades12_11()
15:12:13.672 (672101064)|USER_DEBUG|[17]|DEBUG|Done with 12_11
15:12:13.672 (672114533)|METHOD_ENTRY|[18]|01po0000003QGLN|VersionUpgrades.upsertLastUpgradeRun()
15:12:13.672 (672138886)|METHOD_ENTRY|[65]|01po0000001fPRj|ProtectedSettingsUtils.setLastUpgradeRun(String)
15:12:13.672 (672165201)|METHOD_ENTRY|[115]|01po0000000dll9|StringUtils.listContainsString(List<String>, String)
15:12:13.672 (672311318)|METHOD_EXIT|[115]|01po0000000dll9|StringUtils.listContainsString(List<String>, String)
15:12:13.672 (672319465)|METHOD_ENTRY|[119]|01po0000001fPRj|ProtectedSettingsUtils.getProtectedSettingsOrgDefaults()
15:12:13.677 (677893047)|METHOD_EXIT|[119]|01po0000001fPRj|ProtectedSettingsUtils.getProtectedSettingsOrgDefaults()
15:12:13.677 (677952759)|METHOD_ENTRY|[121]|01po0000001fPRj|ProtectedSettingsUtils.updateSettings(Convio_Settings_Protected__c)
15:12:13.678 (678024992)|DML_BEGIN|[49]|Op:Upsert|Type:Convio_Settings_Protected__c|Rows:1
15:12:13.691 (691092976)|DML_END|[49]
15:12:13.691 (691119571)|METHOD_EXIT|[121]|01po0000001fPRj|ProtectedSettingsUtils.updateSettings(Convio_Settings_Protected__c)
15:12:13.691 (691129377)|METHOD_EXIT|[65]|01po0000001fPRj|ProtectedSettingsUtils.setLastUpgradeRun(String)
15:12:13.691 (691136229)|METHOD_EXIT|[18]|01po0000003QGLN|VersionUpgrades.upsertLastUpgradeRun()
15:12:13.691 (691156649)|METHOD_ENTRY|[19]|01po0000003QGLN|VersionUpgrades.getNeedUpgrades()
15:12:13.691 (691188800)|METHOD_ENTRY|[77]|01po0000001fPRj|ProtectedSettingsUtils.getLastUpgradeRun()
15:12:13.706 (706624268)|METHOD_EXIT|[77]|01po0000001fPRj|ProtectedSettingsUtils.getLastUpgradeRun()
15:12:13.706 (706654257)|METHOD_ENTRY|[77]|01po0000003QGLN|VersionUpgrades.getLastUpgradeVersionIndex(String)
15:12:13.706 (706686185)|METHOD_ENTRY|[81]|01po0000000dll9|StringUtils.getStringIndexInList(List<String>, String)
15:12:13.706 (706829920)|METHOD_EXIT|[81]|01po0000000dll9|StringUtils.getStringIndexInList(List<String>, String)
15:12:13.706 (706837112)|METHOD_EXIT|[77]|01po0000003QGLN|VersionUpgrades.getLastUpgradeVersionIndex(String)
15:12:13.706 (706862854)|METHOD_EXIT|[19]|01po0000003QGLN|VersionUpgrades.getNeedUpgrades()
15:12:13.706 (706870178)|METHOD_EXIT|[2]|01po0000003QGLN|VersionUpgrades.doUpgrades()
15:12:14.057 (714050734)|CUMULATIVE_LIMIT_USAGE
15:12:14.057|LIMIT_USAGE_FOR_NS|(default)|
  Number of SOQL queries: 0 out of 100
  Number of query rows: 0 out of 50000
  Number of SOSL queries: 0 out of 20
  Number of DML statements: 2 out of 150
  Number of DML rows: 2 out of 10000
  Maximum CPU time: 0 out of 10000
  Maximum heap size: 0 out of 6000000
  Number of callouts: 0 out of 100
  Number of Email Invocations: 0 out of 10
  Number of future calls: 0 out of 50
  Number of queueable jobs added to the queue: 0 out of 50
  Number of Mobile Apex push calls: 0 out of 10

15:12:14.057|CUMULATIVE_LIMIT_USAGE_END

15:12:13.714 (714080682)|CODE_UNIT_FINISHED|execute_anonymous_apex
15:12:13.715 (715271773)|EXECUTION_FINISHED