Execute Anonymous

================================

VersionUpgrades.doUpgrades12_11();

================================

31.0 APEX_CODE,DEBUG;APEX_PROFILING,DEBUG;CALLOUT,INFO;DB,INFO;VALIDATION,INFO;WORKFLOW,INFO
Execute Anonymous: VersionUpgrades.doUpgrades12_11();
10:50:27.469 (1469260453)|EXECUTION_STARTED
10:50:27.469 (1469279096)|CODE_UNIT_STARTED|[EXTERNAL]|execute_anonymous_apex
10:50:27.486 (1486324764)|METHOD_ENTRY|[1]|01po0000003QGLN|VersionUpgrades.VersionUpgrades()
10:50:27.499 (1499964397)|METHOD_ENTRY|[4]|01po0000001fPRj|ProtectedSettingsUtils.ProtectedSettingsUtils()
10:50:27.500 (1500010300)|METHOD_ENTRY|[9]|01po0000001fPRj|ProtectedSettingsUtils.mockProtectedSettingsOrgDefaults()
10:50:27.500 (1500261859)|METHOD_EXIT|[9]|01po0000001fPRj|ProtectedSettingsUtils.mockProtectedSettingsOrgDefaults()
10:50:27.500 (1500279525)|METHOD_EXIT|[4]|ProtectedSettingsUtils
10:50:27.500 (1500292545)|METHOD_ENTRY|[6]|01po0000001fPRj|ProtectedSettingsUtils.getLastUpgradeRun()
10:50:27.520 (1520345251)|METHOD_EXIT|[6]|01po0000001fPRj|ProtectedSettingsUtils.getLastUpgradeRun()
10:50:27.520 (1520380773)|METHOD_EXIT|[1]|VersionUpgrades
10:50:27.520 (1520422817)|METHOD_ENTRY|[1]|01po0000003QGLN|VersionUpgrades.doUpgrades12_11()
10:50:27.520 (1520495631)|METHOD_ENTRY|[46]|01po0000003QGLN|VersionUpgrades.getLastUpgradeVersionIndex(String)
10:50:27.542 (1542810998)|METHOD_ENTRY|[3]|01po0000000dll9|StringUtils.StringUtils()
10:50:27.543 (1543004856)|METHOD_EXIT|[3]|StringUtils
10:50:27.543 (1543046327)|METHOD_ENTRY|[65]|01po0000000dll9|StringUtils.getStringIndexInList(List<String>, String)
10:50:27.543 (1543255312)|METHOD_EXIT|[65]|01po0000000dll9|StringUtils.getStringIndexInList(List<String>, String)
10:50:27.543 (1543264414)|METHOD_EXIT|[46]|01po0000003QGLN|VersionUpgrades.getLastUpgradeVersionIndex(String)
10:50:27.543 (1543274232)|METHOD_EXIT|[1]|01po0000003QGLN|VersionUpgrades.doUpgrades12_11()
10:50:27.934 (1543317788)|CUMULATIVE_LIMIT_USAGE
10:50:27.934|LIMIT_USAGE_FOR_NS|(default)|
  Number of SOQL queries: 0 out of 100
  Number of query rows: 0 out of 50000
  Number of SOSL queries: 0 out of 20
  Number of DML statements: 0 out of 150
  Number of DML rows: 0 out of 10000
  Maximum CPU time: 0 out of 10000
  Maximum heap size: 0 out of 6000000
  Number of callouts: 0 out of 100
  Number of Email Invocations: 0 out of 10
  Number of future calls: 0 out of 50
  Number of queueable jobs added to the queue: 0 out of 50
  Number of Mobile Apex push calls: 0 out of 10

10:50:27.934|CUMULATIVE_LIMIT_USAGE_END

10:50:27.543 (1543342774)|CODE_UNIT_FINISHED|execute_anonymous_apex
10:50:27.545 (1545584588)|EXECUTION_FINISHED