Execute Anonymous

================================

TeamRaiserProgressWidgetController controller = new TeamRaiserProgressWidgetController(null);



================================

31.0 APEX_CODE,DEBUG;APEX_PROFILING,DEBUG;CALLOUT,INFO;DB,INFO;VALIDATION,INFO;WORKFLOW,INFO
Execute Anonymous: TeamRaiserProgressWidgetController controller = new TeamRaiserProgressWidgetController(null);
Execute Anonymous: 
12:41:51.183 (183141667)|EXECUTION_STARTED
12:41:51.183 (183151795)|CODE_UNIT_STARTED|[EXTERNAL]|execute_anonymous_apex
12:41:51.201 (201545822)|METHOD_ENTRY|[1]|01po0000003noZB|TeamRaiserProgressWidgetController.TeamRaiserProgressWidgetController()
12:41:51.201 (201656180)|METHOD_ENTRY|[6]|01po0000003QZvz|CurrencyFormatter.CurrencyFormatter()
12:41:51.201 (201669809)|METHOD_EXIT|[6]|CurrencyFormatter
12:41:51.201 (201707182)|METHOD_ENTRY|[5]|01po0000003QZvz|CurrencyFormatter.currencyOfUser(Boolean)
12:41:51.202 (202722051)|CONSTRUCTOR_ENTRY|[34]|01po0000003QZvz|<init>(String,String,Boolean)
12:41:51.202 (202817911)|CONSTRUCTOR_ENTRY|[14]|01po0000003QZvz|<init>(Integer,String)
12:41:51.203 (203014754)|CONSTRUCTOR_EXIT|[14]|01po0000003QZvz|<init>(Integer,String)
12:41:51.203 (203034452)|CONSTRUCTOR_ENTRY|[14]|01po0000003QZvz|<init>(Integer,String)
12:41:51.203 (203075148)|CONSTRUCTOR_EXIT|[14]|01po0000003QZvz|<init>(Integer,String)
12:41:51.203 (203089453)|CONSTRUCTOR_ENTRY|[14]|01po0000003QZvz|<init>(Integer,String)
12:41:51.203 (203125268)|CONSTRUCTOR_EXIT|[14]|01po0000003QZvz|<init>(Integer,String)
12:41:51.203 (203138457)|CONSTRUCTOR_ENTRY|[14]|01po0000003QZvz|<init>(Integer,String)
12:41:51.203 (203173175)|CONSTRUCTOR_EXIT|[14]|01po0000003QZvz|<init>(Integer,String)
12:41:51.203 (203215599)|METHOD_ENTRY|[25]|01po0000003QZvz|CurrencyFormatter.getDecimalSeparator()
12:41:51.203 (203364296)|METHOD_EXIT|[25]|01po0000003QZvz|CurrencyFormatter.getDecimalSeparator()
12:41:51.203 (203395606)|CONSTRUCTOR_EXIT|[34]|01po0000003QZvz|<init>(String,String,Boolean)
12:41:51.203 (203404128)|METHOD_EXIT|[5]|01po0000003QZvz|CurrencyFormatter.currencyOfUser(Boolean)
12:41:51.203 (203418425)|METHOD_EXIT|[1]|TeamRaiserProgressWidgetController
12:41:51.203 (203567261)|CONSTRUCTOR_ENTRY|[1]|01po0000003noZB|<init>(ApexPages.StandardController)
12:41:51.203 (203980486)|SOQL_EXECUTE_BEGIN|[24]|Aggregations:0|SELECT Id, Total_Raised__c, Fundraising_Goal__c, Registration_Date__c, Extra_Gift__c, CreatedDate FROM TeamRaiser_Registration__c WHERE Id = :tmpVar1
12:41:51.207 (207000921)|SOQL_EXECUTE_END|[24]|Rows:1
12:41:51.207 (207354953)|METHOD_ENTRY|[30]|01po0000003QZvz|CurrencyFormatter.getCurrencySymbol()
12:41:51.207 (207434411)|METHOD_EXIT|[30]|01po0000003QZvz|CurrencyFormatter.getCurrencySymbol()
12:41:51.207 (207609050)|METHOD_ENTRY|[35]|01po0000003noZB|TeamRaiserProgressWidgetController.generateData()
12:41:51.207 (207636094)|METHOD_ENTRY|[78]|01po0000003noZB|TeamRaiserProgressWidgetController.getTotalAmountPerMonth()
12:41:51.208 (208192393)|SOQL_EXECUTE_BEGIN|[103]|Aggregations:0|SELECT SUM(Amount) totalAmount, CALENDAR_MONTH(CloseDate) month, CALENDAR_YEAR(CloseDate) year, StageName stage FROM Opportunity WHERE (TeamRaiser_Registration__c = :tmpVar1 AND StageName IN ('Received', 'Not Received', 'Refunded')) GROUP BY CALENDAR_YEAR(CloseDate), CALENDAR_MONTH(CloseDate), StageName ORDER BY CALENDAR_YEAR(CloseDate) ASC NULLS FIRST, CALENDAR_MONTH(CloseDate) ASC NULLS FIRST, StageName ASC NULLS FIRST
12:41:51.217 (217240412)|SOQL_EXECUTE_END|[103]|Rows:1
12:41:51.217 (217299299)|METHOD_EXIT|[78]|01po0000003noZB|TeamRaiserProgressWidgetController.getTotalAmountPerMonth()
12:41:51.217 (217325494)|METHOD_ENTRY|[79]|01po0000003noZB|TeamRaiserProgressWidgetController.convertAggregatesToDates(List<AggregateResult>)
12:41:51.217 (217641564)|METHOD_ENTRY|[180]|01po0000003noZB|TeamRaiserProgressWidgetController.aggregateResultToDate(AggregateResult)
12:41:51.217 (217790948)|METHOD_EXIT|[180]|01po0000003noZB|TeamRaiserProgressWidgetController.aggregateResultToDate(AggregateResult)
12:41:51.217 (217837404)|METHOD_EXIT|[79]|01po0000003noZB|TeamRaiserProgressWidgetController.convertAggregatesToDates(List<AggregateResult>)
12:41:51.217 (217852368)|METHOD_ENTRY|[80]|01po0000003noZB|TeamRaiserProgressWidgetController.getRefundAggregateResults()
12:41:51.218 (218302630)|SOQL_EXECUTE_BEGIN|[326]|Aggregations:0|SELECT CALENDAR_YEAR(Refund_Date__c) year, CALENDAR_MONTH(Refund_Date__c) month, SUM(Amount) totalAmount, StageName stage FROM Opportunity WHERE (TeamRaiser_Registration__c = :tmpVar1 AND Refund_Date__c != NULL AND StageName = 'Refunded') GROUP BY CALENDAR_YEAR(Refund_Date__c), CALENDAR_MONTH(Refund_Date__c), StageName ORDER BY CALENDAR_YEAR(Refund_Date__c) ASC NULLS FIRST, CALENDAR_MONTH(Refund_Date__c) ASC NULLS FIRST
12:41:51.222 (222855443)|SOQL_EXECUTE_END|[326]|Rows:1
12:41:51.222 (222889547)|METHOD_EXIT|[80]|01po0000003noZB|TeamRaiserProgressWidgetController.getRefundAggregateResults()
12:41:51.222 (222901891)|METHOD_ENTRY|[81]|01po0000003noZB|TeamRaiserProgressWidgetController.convertAggregatesToDates(List<AggregateResult>)
12:41:51.222 (222975120)|METHOD_ENTRY|[180]|01po0000003noZB|TeamRaiserProgressWidgetController.aggregateResultToDate(AggregateResult)
12:41:51.223 (223060935)|METHOD_EXIT|[180]|01po0000003noZB|TeamRaiserProgressWidgetController.aggregateResultToDate(AggregateResult)
12:41:51.223 (223103937)|METHOD_EXIT|[81]|01po0000003noZB|TeamRaiserProgressWidgetController.convertAggregatesToDates(List<AggregateResult>)
12:41:51.223 (223169879)|METHOD_ENTRY|[84]|01po0000003noZB|TeamRaiserProgressWidgetController.getDisplayMonths(List<Date>)
12:41:51.223 (223195514)|METHOD_ENTRY|[200]|01po0000003noZB|TeamRaiserProgressWidgetController.getLastGiftDate(List<Date>)
12:41:51.223 (223266911)|METHOD_EXIT|[200]|01po0000003noZB|TeamRaiserProgressWidgetController.getLastGiftDate(List<Date>)
12:41:51.223 (223685523)|METHOD_EXIT|[84]|01po0000003noZB|TeamRaiserProgressWidgetController.getDisplayMonths(List<Date>)
12:41:51.223 (223705563)|METHOD_ENTRY|[90]|01po0000003noZB|TeamRaiserProgressWidgetController.getFormattedMonths(List<Date>)
12:41:51.223 (223795860)|METHOD_ENTRY|[192]|01po0000003noZB|TeamRaiserProgressWidgetController.getFormattedMonth(Date)
12:41:51.244 (244677688)|METHOD_ENTRY|[1]|01po0000000dllI|Utils.Utils()
12:41:51.245 (245719078)|METHOD_EXIT|[1]|Utils
12:41:51.245 (245773534)|METHOD_ENTRY|[237]|01po0000000dllI|Utils.getMonthStr(Integer)
12:41:51.245 (245806706)|METHOD_EXIT|[237]|01po0000000dllI|Utils.getMonthStr(Integer)
12:41:51.245 (245860187)|METHOD_EXIT|[192]|01po0000003noZB|TeamRaiserProgressWidgetController.getFormattedMonth(Date)
12:41:51.245 (245914923)|METHOD_ENTRY|[192]|01po0000003noZB|TeamRaiserProgressWidgetController.getFormattedMonth(Date)
12:41:51.245 (245943819)|METHOD_ENTRY|[237]|01po0000000dllI|Utils.getMonthStr(Integer)
12:41:51.245 (245957113)|METHOD_EXIT|[237]|01po0000000dllI|Utils.getMonthStr(Integer)
12:41:51.245 (245985184)|METHOD_EXIT|[192]|01po0000003noZB|TeamRaiserProgressWidgetController.getFormattedMonth(Date)
12:41:51.246 (246025587)|METHOD_ENTRY|[192]|01po0000003noZB|TeamRaiserProgressWidgetController.getFormattedMonth(Date)
12:41:51.246 (246065361)|METHOD_ENTRY|[237]|01po0000000dllI|Utils.getMonthStr(Integer)
12:41:51.246 (246088806)|METHOD_EXIT|[237]|01po0000000dllI|Utils.getMonthStr(Integer)
12:41:51.246 (246129301)|METHOD_EXIT|[192]|01po0000003noZB|TeamRaiserProgressWidgetController.getFormattedMonth(Date)
12:41:51.246 (246172519)|METHOD_ENTRY|[192]|01po0000003noZB|TeamRaiserProgressWidgetController.getFormattedMonth(Date)
12:41:51.246 (246197793)|METHOD_ENTRY|[237]|01po0000000dllI|Utils.getMonthStr(Integer)
12:41:51.246 (246211076)|METHOD_EXIT|[237]|01po0000000dllI|Utils.getMonthStr(Integer)
12:41:51.246 (246237962)|METHOD_EXIT|[192]|01po0000003noZB|TeamRaiserProgressWidgetController.getFormattedMonth(Date)
12:41:51.246 (246276470)|METHOD_ENTRY|[192]|01po0000003noZB|TeamRaiserProgressWidgetController.getFormattedMonth(Date)
12:41:51.246 (246300030)|METHOD_ENTRY|[237]|01po0000000dllI|Utils.getMonthStr(Integer)
12:41:51.246 (246313717)|METHOD_EXIT|[237]|01po0000000dllI|Utils.getMonthStr(Integer)
12:41:51.246 (246340073)|METHOD_EXIT|[192]|01po0000003noZB|TeamRaiserProgressWidgetController.getFormattedMonth(Date)
12:41:51.246 (246378446)|METHOD_ENTRY|[192]|01po0000003noZB|TeamRaiserProgressWidgetController.getFormattedMonth(Date)
12:41:51.246 (246401515)|METHOD_ENTRY|[237]|01po0000000dllI|Utils.getMonthStr(Integer)
12:41:51.246 (246415191)|METHOD_EXIT|[237]|01po0000000dllI|Utils.getMonthStr(Integer)
12:41:51.246 (246441901)|METHOD_EXIT|[192]|01po0000003noZB|TeamRaiserProgressWidgetController.getFormattedMonth(Date)
12:41:51.246 (246479630)|METHOD_EXIT|[90]|01po0000003noZB|TeamRaiserProgressWidgetController.getFormattedMonths(List<Date>)
12:41:51.246 (246522775)|METHOD_ENTRY|[91]|01po0000003noZB|TeamRaiserProgressWidgetController.getRefundsPerDisplayMonth(List<AggregateResult>, List<Date>)
12:41:51.246 (246605793)|METHOD_ENTRY|[141]|01po0000003noZB|TeamRaiserProgressWidgetController.aggregateResultToDate(AggregateResult)
12:41:51.246 (246700795)|METHOD_EXIT|[141]|01po0000003noZB|TeamRaiserProgressWidgetController.aggregateResultToDate(AggregateResult)
12:41:51.246 (246795779)|METHOD_ENTRY|[143]|01po0000003noZB|TeamRaiserProgressWidgetController.getAmountRaisedByDisplayMonth(Map<Date,Decimal>, List<Date>)
12:41:51.246 (246952180)|METHOD_ENTRY|[297]|01po0000003noZB|TeamRaiserProgressWidgetController.combineAndSort(Set<Date>, List<Date>)
12:41:51.247 (247119546)|METHOD_EXIT|[297]|01po0000003noZB|TeamRaiserProgressWidgetController.combineAndSort(Set<Date>, List<Date>)
12:41:51.247 (247919571)|METHOD_EXIT|[143]|01po0000003noZB|TeamRaiserProgressWidgetController.getAmountRaisedByDisplayMonth(Map<Date,Decimal>, List<Date>)
12:41:51.247 (247928866)|METHOD_EXIT|[91]|01po0000003noZB|TeamRaiserProgressWidgetController.getRefundsPerDisplayMonth(List<AggregateResult>, List<Date>)
12:41:51.248 (248028724)|USER_DEBUG|[92]|DEBUG|refunds: (0.00, 0.00, 0.00, 0.00, 100.00, 100.00)
12:41:51.248 (248052165)|METHOD_ENTRY|[93]|01po0000003noZB|TeamRaiserProgressWidgetController.getcommittedAmountsByDisplayMonth(List<AggregateResult>, List<Decimal>)
12:41:51.248 (248099922)|METHOD_ENTRY|[117]|01po0000003noZB|TeamRaiserProgressWidgetController.formMapByStage(String, List<AggregateResult>)
12:41:51.248 (248164273)|METHOD_ENTRY|[163]|01po0000003noZB|TeamRaiserProgressWidgetController.aggregateResultToDate(AggregateResult)
12:41:51.248 (248252687)|METHOD_EXIT|[163]|01po0000003noZB|TeamRaiserProgressWidgetController.aggregateResultToDate(AggregateResult)
12:41:51.248 (248314633)|METHOD_ENTRY|[166]|01po0000003noZB|TeamRaiserProgressWidgetController.sameStage(AggregateResult, String)
12:41:51.248 (248392068)|METHOD_EXIT|[166]|01po0000003noZB|TeamRaiserProgressWidgetController.sameStage(AggregateResult, String)
12:41:51.248 (248402035)|METHOD_ENTRY|[166]|01po0000003noZB|TeamRaiserProgressWidgetController.sameStage(AggregateResult, String)
12:41:51.248 (248446288)|METHOD_EXIT|[166]|01po0000003noZB|TeamRaiserProgressWidgetController.sameStage(AggregateResult, String)
12:41:51.248 (248538683)|METHOD_EXIT|[117]|01po0000003noZB|TeamRaiserProgressWidgetController.formMapByStage(String, List<AggregateResult>)
12:41:51.248 (248556491)|METHOD_ENTRY|[118]|01po0000003noZB|TeamRaiserProgressWidgetController.includeAdditionalGift(List<Date>, Map<Date,Decimal>)
12:41:51.248 (248683666)|METHOD_EXIT|[118]|01po0000003noZB|TeamRaiserProgressWidgetController.includeAdditionalGift(List<Date>, Map<Date,Decimal>)
12:41:51.248 (248694785)|METHOD_ENTRY|[119]|01po0000003noZB|TeamRaiserProgressWidgetController.getAmountRaisedByDisplayMonth(Map<Date,Decimal>, List<Date>)
12:41:51.248 (248773218)|METHOD_ENTRY|[297]|01po0000003noZB|TeamRaiserProgressWidgetController.combineAndSort(Set<Date>, List<Date>)
12:41:51.248 (248865291)|METHOD_EXIT|[297]|01po0000003noZB|TeamRaiserProgressWidgetController.combineAndSort(Set<Date>, List<Date>)
12:41:51.249 (249604980)|METHOD_EXIT|[119]|01po0000003noZB|TeamRaiserProgressWidgetController.getAmountRaisedByDisplayMonth(Map<Date,Decimal>, List<Date>)
12:41:51.249 (249623696)|METHOD_ENTRY|[120]|01po0000003noZB|TeamRaiserProgressWidgetController.subtractRefundsFromList(List<Decimal>, List<Decimal>)
12:41:51.250 (250191994)|METHOD_EXIT|[120]|01po0000003noZB|TeamRaiserProgressWidgetController.subtractRefundsFromList(List<Decimal>, List<Decimal>)
12:41:51.250 (250265746)|METHOD_EXIT|[93]|01po0000003noZB|TeamRaiserProgressWidgetController.getcommittedAmountsByDisplayMonth(List<AggregateResult>, List<Decimal>)
12:41:51.250 (250415738)|USER_DEBUG|[94]|DEBUG|committedAmounts: (0.00, 0.00, 100.00, 100.00, 0.00, 0.00)
12:41:51.250 (250450778)|METHOD_ENTRY|[96]|01po0000003noZB|TeamRaiserProgressWidgetController.getUncommittedAmountsByDisplayMonth(List<AggregateResult>, List<Decimal>)
12:41:51.250 (250587760)|METHOD_ENTRY|[129]|01po0000003noZB|TeamRaiserProgressWidgetController.sameStage(AggregateResult, String)
12:41:51.250 (250685941)|METHOD_EXIT|[129]|01po0000003noZB|TeamRaiserProgressWidgetController.sameStage(AggregateResult, String)
12:41:51.250 (250732388)|METHOD_ENTRY|[133]|01po0000003noZB|TeamRaiserProgressWidgetController.getAmountRaisedByDisplayMonth(Map<Date,Decimal>, List<Date>)
12:41:51.250 (250854489)|METHOD_ENTRY|[297]|01po0000003noZB|TeamRaiserProgressWidgetController.combineAndSort(Set<Date>, List<Date>)
12:41:51.251 (251020309)|METHOD_EXIT|[297]|01po0000003noZB|TeamRaiserProgressWidgetController.combineAndSort(Set<Date>, List<Date>)
12:41:51.252 (252289389)|METHOD_EXIT|[133]|01po0000003noZB|TeamRaiserProgressWidgetController.getAmountRaisedByDisplayMonth(Map<Date,Decimal>, List<Date>)
12:41:51.252 (252387874)|METHOD_EXIT|[96]|01po0000003noZB|TeamRaiserProgressWidgetController.getUncommittedAmountsByDisplayMonth(List<AggregateResult>, List<Decimal>)
12:41:51.252 (252483088)|METHOD_ENTRY|[97]|01po0000003noZB|TeamRaiserProgressWidgetController.getAllAmountsByDisplayMonth(List<Decimal>, List<Decimal>, List<Decimal>)
12:41:51.253 (253380118)|METHOD_ENTRY|[153]|01po0000003noZB|TeamRaiserProgressWidgetController.subtractRefundsFromList(List<Decimal>, List<Decimal>)
12:41:51.254 (254010391)|METHOD_EXIT|[153]|01po0000003noZB|TeamRaiserProgressWidgetController.subtractRefundsFromList(List<Decimal>, List<Decimal>)
12:41:51.254 (254062033)|METHOD_EXIT|[97]|01po0000003noZB|TeamRaiserProgressWidgetController.getAllAmountsByDisplayMonth(List<Decimal>, List<Decimal>, List<Decimal>)
12:41:51.254 (254078923)|METHOD_EXIT|[35]|01po0000003noZB|TeamRaiserProgressWidgetController.generateData()
12:41:51.254 (254089600)|CONSTRUCTOR_EXIT|[1]|01po0000003noZB|<init>(ApexPages.StandardController)
12:41:51.914 (254136273)|CUMULATIVE_LIMIT_USAGE
12:41:51.914|LIMIT_USAGE_FOR_NS|(default)|
  Number of SOQL queries: 3 out of 100
  Number of query rows: 3 out of 50000
  Number of SOSL queries: 0 out of 20
  Number of DML statements: 0 out of 150
  Number of DML rows: 0 out of 10000
  Maximum CPU time: 0 out of 10000
  Maximum heap size: 0 out of 6000000
  Number of callouts: 0 out of 100
  Number of Email Invocations: 0 out of 10
  Number of future calls: 0 out of 50
  Number of queueable jobs added to the queue: 0 out of 50
  Number of Mobile Apex push calls: 0 out of 10

12:41:51.914|CUMULATIVE_LIMIT_USAGE_END

12:41:51.254 (254159511)|CODE_UNIT_FINISHED|execute_anonymous_apex
12:41:51.256 (256309206)|EXECUTION_FINISHED