Execute Anonymous

================================

System.debug(ProtectedSettingsUtils.getLastUpgradeRun());

================================

31.0 APEX_CODE,DEBUG;APEX_PROFILING,DEBUG;CALLOUT,INFO;DB,INFO;VALIDATION,INFO;WORKFLOW,INFO
Execute Anonymous: System.debug(ProtectedSettingsUtils.getLastUpgradeRun());
14:48:44.551 (551205394)|EXECUTION_STARTED
14:48:44.551 (551216524)|CODE_UNIT_STARTED|[EXTERNAL]|execute_anonymous_apex
14:48:44.557 (557492615)|METHOD_ENTRY|[4]|01po0000001fPRj|ProtectedSettingsUtils.ProtectedSettingsUtils()
14:48:44.557 (557549992)|METHOD_ENTRY|[9]|01po0000001fPRj|ProtectedSettingsUtils.mockProtectedSettingsOrgDefaults()
14:48:44.557 (557867644)|METHOD_EXIT|[9]|01po0000001fPRj|ProtectedSettingsUtils.mockProtectedSettingsOrgDefaults()
14:48:44.557 (557891194)|METHOD_EXIT|[4]|ProtectedSettingsUtils
14:48:44.557 (557905237)|METHOD_ENTRY|[1]|01po0000001fPRj|ProtectedSettingsUtils.getLastUpgradeRun()
14:48:44.578 (578554754)|METHOD_EXIT|[1]|01po0000001fPRj|ProtectedSettingsUtils.getLastUpgradeRun()
14:48:44.578 (578630059)|USER_DEBUG|[1]|DEBUG|12.9
14:48:44.609 (578694788)|CUMULATIVE_LIMIT_USAGE
14:48:44.609|LIMIT_USAGE_FOR_NS|(default)|
  Number of SOQL queries: 0 out of 100
  Number of query rows: 0 out of 50000
  Number of SOSL queries: 0 out of 20
  Number of DML statements: 0 out of 150
  Number of DML rows: 0 out of 10000
  Maximum CPU time: 0 out of 10000
  Maximum heap size: 0 out of 6000000
  Number of callouts: 0 out of 100
  Number of Email Invocations: 0 out of 10
  Number of future calls: 0 out of 50
  Number of queueable jobs added to the queue: 0 out of 50
  Number of Mobile Apex push calls: 0 out of 10

14:48:44.609|CUMULATIVE_LIMIT_USAGE_END

14:48:44.578 (578745791)|CODE_UNIT_FINISHED|execute_anonymous_apex
14:48:44.580 (580784435)|EXECUTION_FINISHED