Execute Anonymous

================================


TeamRaiser_Registration__c trReg = [SELECT Id FROM TeamRaiser_Registration__c WHERE Id='a0jo0000001I18l'];
Opportunity[] allDonationsForTrReg = [SELECT Id, TeamRaiser_Registration__c, Amount, CloseDate FROM Opportunity WHERE TeamRaiser_Registration__c = :trReg.Id];
                                    
System.debug('all donations: ' + allDonationsForTrReg);
                                  

================================

31.0 APEX_CODE,DEBUG;APEX_PROFILING,DEBUG;CALLOUT,INFO;DB,INFO;VALIDATION,INFO;WORKFLOW,INFO
Execute Anonymous: 
Execute Anonymous: TeamRaiser_Registration__c trReg = [SELECT Id FROM TeamRaiser_Registration__c WHERE Id='a0jo0000001I18l'];
Execute Anonymous: Opportunity[] allDonationsForTrReg = [SELECT Id, TeamRaiser_Registration__c, Amount, CloseDate FROM Opportunity WHERE TeamRaiser_Registration__c = :trReg.Id];
Execute Anonymous:                                     
Execute Anonymous: System.debug('all donations: ' + allDonationsForTrReg);
Execute Anonymous:                                   
11:35:17.069 (69409599)|EXECUTION_STARTED
11:35:17.069 (69419923)|CODE_UNIT_STARTED|[EXTERNAL]|execute_anonymous_apex
11:35:17.070 (70172492)|SOQL_EXECUTE_BEGIN|[2]|Aggregations:0|SELECT Id FROM TeamRaiser_Registration__c WHERE Id = 'a0jo0000001I18l'
11:35:17.078 (78130064)|SOQL_EXECUTE_END|[2]|Rows:1
11:35:17.079 (79139907)|SOQL_EXECUTE_BEGIN|[3]|Aggregations:0|SELECT Id, TeamRaiser_Registration__c, Amount, CloseDate FROM Opportunity WHERE TeamRaiser_Registration__c = :tmpVar1
11:35:17.099 (99890830)|SOQL_EXECUTE_END|[3]|Rows:5
11:35:17.100 (100396582)|USER_DEBUG|[5]|DEBUG|all donations: (Opportunity:{Amount=555.00, Id=006o0000008SOsmAAG, TeamRaiser_Registration__c=a0jo0000001I18lAAC, CloseDate=2015-03-10 00:00:00}, Opportunity:{Amount=855.00, Id=006o0000008SOzPAAW, TeamRaiser_Registration__c=a0jo0000001I18lAAC, CloseDate=2015-03-10 00:00:00}, Opportunity:{Amount=8956.00, Id=006o0000008SP0UAAW, TeamRaiser_Registration__c=a0jo0000001I18lAAC, CloseDate=2014-01-10 00:00:00}, Opportunity:{Amount=86.00, Id=006o0000008SP0ZAAW, TeamRaiser_Registration__c=a0jo0000001I18lAAC, CloseDate=2014-12-10 00:00:00}, Opportunity:{Amount=123.00, Id=006o0000008SP3wAAG, TeamRaiser_Registration__c=a0jo0000001I18lAAC, CloseDate=2014-08-13 00:00:00})
11:35:17.914 (100455196)|CUMULATIVE_LIMIT_USAGE
11:35:17.914|LIMIT_USAGE_FOR_NS|(default)|
  Number of SOQL queries: 2 out of 100
  Number of query rows: 6 out of 50000
  Number of SOSL queries: 0 out of 20
  Number of DML statements: 0 out of 150
  Number of DML rows: 0 out of 10000
  Maximum CPU time: 0 out of 10000
  Maximum heap size: 0 out of 6000000
  Number of callouts: 0 out of 100
  Number of Email Invocations: 0 out of 10
  Number of future calls: 0 out of 50
  Number of queueable jobs added to the queue: 0 out of 50
  Number of Mobile Apex push calls: 0 out of 10

11:35:17.914|CUMULATIVE_LIMIT_USAGE_END

11:35:17.100 (100483320)|CODE_UNIT_FINISHED|execute_anonymous_apex
11:35:17.101 (101858624)|EXECUTION_FINISHED