Execute Anonymous

================================

VersionUpgrades.doUpgrades12_11();

================================

31.0 APEX_CODE,DEBUG;APEX_PROFILING,DEBUG;CALLOUT,INFO;DB,INFO;VALIDATION,INFO;WORKFLOW,INFO
Execute Anonymous: VersionUpgrades.doUpgrades12_11();
15:04:36.541 (541137698)|EXECUTION_STARTED
15:04:36.541 (541149986)|CODE_UNIT_STARTED|[EXTERNAL]|execute_anonymous_apex
15:04:36.545 (545532706)|METHOD_ENTRY|[1]|01po0000003QGLN|VersionUpgrades.VersionUpgrades()
15:04:36.548 (548728958)|METHOD_ENTRY|[4]|01po0000001fPRj|ProtectedSettingsUtils.ProtectedSettingsUtils()
15:04:36.548 (548770210)|METHOD_ENTRY|[9]|01po0000001fPRj|ProtectedSettingsUtils.mockProtectedSettingsOrgDefaults()
15:04:36.549 (549025482)|METHOD_EXIT|[9]|01po0000001fPRj|ProtectedSettingsUtils.mockProtectedSettingsOrgDefaults()
15:04:36.549 (549044400)|METHOD_EXIT|[4]|ProtectedSettingsUtils
15:04:36.549 (549057289)|METHOD_ENTRY|[6]|01po0000001fPRj|ProtectedSettingsUtils.getLastUpgradeRun()
15:04:36.573 (573541528)|METHOD_EXIT|[6]|01po0000001fPRj|ProtectedSettingsUtils.getLastUpgradeRun()
15:04:36.573 (573578467)|METHOD_EXIT|[1]|VersionUpgrades
15:04:36.573 (573628021)|METHOD_ENTRY|[1]|01po0000003QGLN|VersionUpgrades.doUpgrades12_11()
15:04:36.573 (573701454)|METHOD_ENTRY|[56]|01po0000003QGLN|VersionUpgrades.getLastUpgradeVersionIndex(String)
15:04:36.580 (580347163)|METHOD_ENTRY|[3]|01po0000000dll9|StringUtils.StringUtils()
15:04:36.580 (580568266)|METHOD_EXIT|[3]|StringUtils
15:04:36.580 (580609386)|METHOD_ENTRY|[81]|01po0000000dll9|StringUtils.getStringIndexInList(List<String>, String)
15:04:36.580 (580820500)|METHOD_EXIT|[81]|01po0000000dll9|StringUtils.getStringIndexInList(List<String>, String)
15:04:36.580 (580832748)|METHOD_EXIT|[56]|01po0000003QGLN|VersionUpgrades.getLastUpgradeVersionIndex(String)
15:04:36.580 (580843425)|METHOD_EXIT|[1]|01po0000003QGLN|VersionUpgrades.doUpgrades12_11()
15:04:37.416 (580898944)|CUMULATIVE_LIMIT_USAGE
15:04:37.416|LIMIT_USAGE_FOR_NS|(default)|
  Number of SOQL queries: 0 out of 100
  Number of query rows: 0 out of 50000
  Number of SOSL queries: 0 out of 20
  Number of DML statements: 0 out of 150
  Number of DML rows: 0 out of 10000
  Maximum CPU time: 0 out of 10000
  Maximum heap size: 0 out of 6000000
  Number of callouts: 0 out of 100
  Number of Email Invocations: 0 out of 10
  Number of future calls: 0 out of 50
  Number of queueable jobs added to the queue: 0 out of 50
  Number of Mobile Apex push calls: 0 out of 10

15:04:37.416|CUMULATIVE_LIMIT_USAGE_END

15:04:36.580 (580947226)|CODE_UNIT_FINISHED|execute_anonymous_apex
15:04:36.582 (582948659)|EXECUTION_FINISHED