Execute Anonymous

================================

TeamRaiserProgressWidgetController controller = new TeamRaiserProgressWidgetController();

controller.trRegId = 'a0jo0000001I2NT';				
controller.init();

================================

31.0 APEX_CODE,DEBUG;APEX_PROFILING,DEBUG;CALLOUT,INFO;DB,INFO;VALIDATION,INFO;WORKFLOW,INFO
Execute Anonymous: TeamRaiserProgressWidgetController controller = new TeamRaiserProgressWidgetController();
Execute Anonymous: 
Execute Anonymous: controller.trRegId = 'a0jo0000001I2NT';				
Execute Anonymous: controller.init();
07:04:26.241 (241378039)|EXECUTION_STARTED
07:04:26.241 (241386048)|CODE_UNIT_STARTED|[EXTERNAL]|execute_anonymous_apex
07:04:26.264 (264025308)|METHOD_ENTRY|[1]|01po0000003noZB|TeamRaiserProgressWidgetController.TeamRaiserProgressWidgetController()
07:04:26.264 (264128225)|METHOD_ENTRY|[6]|01po0000003QZvz|CurrencyFormatter.CurrencyFormatter()
07:04:26.264 (264138852)|METHOD_EXIT|[6]|CurrencyFormatter
07:04:26.264 (264177577)|METHOD_ENTRY|[5]|01po0000003QZvz|CurrencyFormatter.currencyOfUser(Boolean)
07:04:26.265 (265925761)|CONSTRUCTOR_ENTRY|[34]|01po0000003QZvz|<init>(String,String,Boolean)
07:04:26.266 (266040423)|CONSTRUCTOR_ENTRY|[14]|01po0000003QZvz|<init>(Integer,String)
07:04:26.266 (266222712)|CONSTRUCTOR_EXIT|[14]|01po0000003QZvz|<init>(Integer,String)
07:04:26.266 (266243879)|CONSTRUCTOR_ENTRY|[14]|01po0000003QZvz|<init>(Integer,String)
07:04:26.266 (266282497)|CONSTRUCTOR_EXIT|[14]|01po0000003QZvz|<init>(Integer,String)
07:04:26.266 (266298676)|CONSTRUCTOR_ENTRY|[14]|01po0000003QZvz|<init>(Integer,String)
07:04:26.266 (266333920)|CONSTRUCTOR_EXIT|[14]|01po0000003QZvz|<init>(Integer,String)
07:04:26.266 (266349260)|CONSTRUCTOR_ENTRY|[14]|01po0000003QZvz|<init>(Integer,String)
07:04:26.266 (266383838)|CONSTRUCTOR_EXIT|[14]|01po0000003QZvz|<init>(Integer,String)
07:04:26.266 (266430451)|METHOD_ENTRY|[25]|01po0000003QZvz|CurrencyFormatter.getDecimalSeparator()
07:04:26.266 (266598050)|METHOD_EXIT|[25]|01po0000003QZvz|CurrencyFormatter.getDecimalSeparator()
07:04:26.266 (266624805)|CONSTRUCTOR_EXIT|[34]|01po0000003QZvz|<init>(String,String,Boolean)
07:04:26.266 (266633376)|METHOD_EXIT|[5]|01po0000003QZvz|CurrencyFormatter.currencyOfUser(Boolean)
07:04:26.266 (266645069)|METHOD_EXIT|[1]|TeamRaiserProgressWidgetController
07:04:26.266 (266784467)|CONSTRUCTOR_ENTRY|[1]|01po0000003noZB|<init>()
07:04:26.266 (266816641)|CONSTRUCTOR_EXIT|[1]|01po0000003noZB|<init>()
07:04:26.266 (266967589)|METHOD_ENTRY|[4]|01po0000003noZB|TeamRaiserProgressWidgetController.init()
07:04:26.267 (267295998)|SOQL_EXECUTE_BEGIN|[40]|Aggregations:0|SELECT Id, Total_Raised__c, Fundraising_Goal__c, Registration_Date__c, Extra_Gift__c FROM TeamRaiser_Registration__c WHERE Id = :tmpVar1
07:04:26.270 (270825103)|SOQL_EXECUTE_END|[40]|Rows:1
07:04:26.271 (271295484)|METHOD_ENTRY|[46]|01po0000003QZvz|CurrencyFormatter.getCurrencySymbol()
07:04:26.271 (271392935)|METHOD_EXIT|[46]|01po0000003QZvz|CurrencyFormatter.getCurrencySymbol()
07:04:26.271 (271498963)|METHOD_ENTRY|[50]|01po0000003noZB|TeamRaiserProgressWidgetController.generateData()
07:04:26.271 (271526009)|METHOD_ENTRY|[96]|01po0000003noZB|TeamRaiserProgressWidgetController.getTotalAmountPerMonth()
07:04:26.272 (272022024)|SOQL_EXECUTE_BEGIN|[123]|Aggregations:0|SELECT SUM(Amount) totalAmount, CALENDAR_MONTH(CloseDate) month, CALENDAR_YEAR(CloseDate) year, StageName stage FROM Opportunity WHERE (TeamRaiser_Registration__c = :tmpVar1 AND StageName IN ('Received', 'Not Received', 'Refunded')) GROUP BY CALENDAR_YEAR(CloseDate), CALENDAR_MONTH(CloseDate), StageName ORDER BY CALENDAR_YEAR(CloseDate) ASC NULLS FIRST, CALENDAR_MONTH(CloseDate) ASC NULLS FIRST, StageName ASC NULLS FIRST
07:04:26.279 (279475546)|SOQL_EXECUTE_END|[123]|Rows:1
07:04:26.279 (279547950)|METHOD_EXIT|[96]|01po0000003noZB|TeamRaiserProgressWidgetController.getTotalAmountPerMonth()
07:04:26.279 (279586800)|METHOD_ENTRY|[97]|01po0000003noZB|TeamRaiserProgressWidgetController.convertAggregatesToDates(List<AggregateResult>)
07:04:26.279 (279908810)|METHOD_ENTRY|[159]|01po0000003noZB|TeamRaiserProgressWidgetController.aggregateResultToDate(AggregateResult)
07:04:26.280 (280070236)|METHOD_EXIT|[159]|01po0000003noZB|TeamRaiserProgressWidgetController.aggregateResultToDate(AggregateResult)
07:04:26.280 (280117453)|METHOD_EXIT|[97]|01po0000003noZB|TeamRaiserProgressWidgetController.convertAggregatesToDates(List<AggregateResult>)
07:04:26.280 (280182850)|METHOD_ENTRY|[102]|01po0000003noZB|TeamRaiserProgressWidgetController.getDisplayMonths(Date)
07:04:26.280 (280501288)|METHOD_EXIT|[102]|01po0000003noZB|TeamRaiserProgressWidgetController.getDisplayMonths(Date)
07:04:26.280 (280516758)|METHOD_ENTRY|[103]|01po0000003noZB|TeamRaiserProgressWidgetController.getFormattedMonths(List<Date>)
07:04:26.280 (280607363)|METHOD_ENTRY|[171]|01po0000003noZB|TeamRaiserProgressWidgetController.getFormattedMonth(Date)
07:04:26.317 (317767332)|METHOD_ENTRY|[1]|01po0000000dllI|Utils.Utils()
07:04:26.318 (318604426)|METHOD_EXIT|[1]|Utils
07:04:26.318 (318635884)|METHOD_ENTRY|[189]|01po0000000dllI|Utils.getMonthStr(Integer)
07:04:26.318 (318661836)|METHOD_EXIT|[189]|01po0000000dllI|Utils.getMonthStr(Integer)
07:04:26.318 (318716587)|METHOD_EXIT|[171]|01po0000003noZB|TeamRaiserProgressWidgetController.getFormattedMonth(Date)
07:04:26.318 (318777145)|METHOD_ENTRY|[171]|01po0000003noZB|TeamRaiserProgressWidgetController.getFormattedMonth(Date)
07:04:26.318 (318806753)|METHOD_ENTRY|[189]|01po0000000dllI|Utils.getMonthStr(Integer)
07:04:26.318 (318820483)|METHOD_EXIT|[189]|01po0000000dllI|Utils.getMonthStr(Integer)
07:04:26.318 (318849722)|METHOD_EXIT|[171]|01po0000003noZB|TeamRaiserProgressWidgetController.getFormattedMonth(Date)
07:04:26.318 (318918799)|METHOD_ENTRY|[171]|01po0000003noZB|TeamRaiserProgressWidgetController.getFormattedMonth(Date)
07:04:26.318 (318964641)|METHOD_ENTRY|[189]|01po0000000dllI|Utils.getMonthStr(Integer)
07:04:26.318 (318990408)|METHOD_EXIT|[189]|01po0000000dllI|Utils.getMonthStr(Integer)
07:04:26.319 (319043643)|METHOD_EXIT|[171]|01po0000003noZB|TeamRaiserProgressWidgetController.getFormattedMonth(Date)
07:04:26.319 (319120008)|METHOD_ENTRY|[171]|01po0000003noZB|TeamRaiserProgressWidgetController.getFormattedMonth(Date)
07:04:26.319 (319167034)|METHOD_ENTRY|[189]|01po0000000dllI|Utils.getMonthStr(Integer)
07:04:26.319 (319194574)|METHOD_EXIT|[189]|01po0000000dllI|Utils.getMonthStr(Integer)
07:04:26.319 (319248318)|METHOD_EXIT|[171]|01po0000003noZB|TeamRaiserProgressWidgetController.getFormattedMonth(Date)
07:04:26.319 (319325808)|METHOD_ENTRY|[171]|01po0000003noZB|TeamRaiserProgressWidgetController.getFormattedMonth(Date)
07:04:26.319 (319375299)|METHOD_ENTRY|[189]|01po0000000dllI|Utils.getMonthStr(Integer)
07:04:26.319 (319403577)|METHOD_EXIT|[189]|01po0000000dllI|Utils.getMonthStr(Integer)
07:04:26.319 (319456404)|METHOD_EXIT|[171]|01po0000003noZB|TeamRaiserProgressWidgetController.getFormattedMonth(Date)
07:04:26.319 (319531899)|METHOD_ENTRY|[171]|01po0000003noZB|TeamRaiserProgressWidgetController.getFormattedMonth(Date)
07:04:26.319 (319577033)|METHOD_ENTRY|[189]|01po0000000dllI|Utils.getMonthStr(Integer)
07:04:26.319 (319604848)|METHOD_EXIT|[189]|01po0000000dllI|Utils.getMonthStr(Integer)
07:04:26.319 (319651383)|METHOD_EXIT|[171]|01po0000003noZB|TeamRaiserProgressWidgetController.getFormattedMonth(Date)
07:04:26.319 (319694895)|METHOD_EXIT|[103]|01po0000003noZB|TeamRaiserProgressWidgetController.getFormattedMonths(List<Date>)
07:04:26.319 (319741466)|METHOD_ENTRY|[104]|01po0000003noZB|TeamRaiserProgressWidgetController.formMapByStage(String, List<AggregateResult>)
07:04:26.319 (319828654)|METHOD_ENTRY|[140]|01po0000003noZB|TeamRaiserProgressWidgetController.aggregateResultToDate(AggregateResult)
07:04:26.319 (319935119)|METHOD_EXIT|[140]|01po0000003noZB|TeamRaiserProgressWidgetController.aggregateResultToDate(AggregateResult)
07:04:26.320 (320024835)|METHOD_ENTRY|[143]|01po0000003noZB|TeamRaiserProgressWidgetController.sameStage(AggregateResult, String)
07:04:26.320 (320152367)|METHOD_EXIT|[143]|01po0000003noZB|TeamRaiserProgressWidgetController.sameStage(AggregateResult, String)
07:04:26.320 (320298647)|METHOD_EXIT|[104]|01po0000003noZB|TeamRaiserProgressWidgetController.formMapByStage(String, List<AggregateResult>)
07:04:26.320 (320335930)|METHOD_ENTRY|[105]|01po0000003noZB|TeamRaiserProgressWidgetController.formMapByStage(String, List<AggregateResult>)
07:04:26.320 (320417322)|METHOD_ENTRY|[140]|01po0000003noZB|TeamRaiserProgressWidgetController.aggregateResultToDate(AggregateResult)
07:04:26.320 (320544637)|METHOD_EXIT|[140]|01po0000003noZB|TeamRaiserProgressWidgetController.aggregateResultToDate(AggregateResult)
07:04:26.320 (320614440)|METHOD_ENTRY|[143]|01po0000003noZB|TeamRaiserProgressWidgetController.sameStage(AggregateResult, String)
07:04:26.320 (320696322)|METHOD_EXIT|[143]|01po0000003noZB|TeamRaiserProgressWidgetController.sameStage(AggregateResult, String)
07:04:26.320 (320733043)|METHOD_EXIT|[105]|01po0000003noZB|TeamRaiserProgressWidgetController.formMapByStage(String, List<AggregateResult>)
07:04:26.320 (320807762)|METHOD_ENTRY|[107]|01po0000003noZB|TeamRaiserProgressWidgetController.getAmountRaisedByDisplayMonth(Map<Date,Decimal>, List<Date>)
07:04:26.320 (320984906)|METHOD_ENTRY|[223]|01po0000003noZB|TeamRaiserProgressWidgetController.combineAndSort(Set<Date>, List<Date>)
07:04:26.321 (321145695)|METHOD_EXIT|[223]|01po0000003noZB|TeamRaiserProgressWidgetController.combineAndSort(Set<Date>, List<Date>)
07:04:26.321 (321856727)|USER_DEBUG|[232]|DEBUG|amountRaisedByDisplayMonth (0, 0, 0, 0, 100.0, 100.0)
07:04:26.321 (321871678)|METHOD_EXIT|[107]|01po0000003noZB|TeamRaiserProgressWidgetController.getAmountRaisedByDisplayMonth(Map<Date,Decimal>, List<Date>)
07:04:26.321 (321986574)|USER_DEBUG|[108]|DEBUG|confirmedAmounts: (0, 0, 0, 0, 100.0, 100.0)
07:04:26.322 (322025769)|METHOD_ENTRY|[109]|01po0000003noZB|TeamRaiserProgressWidgetController.getAmountRaisedByDisplayMonth(Map<Date,Decimal>, List<Date>)
07:04:26.322 (322100705)|METHOD_ENTRY|[223]|01po0000003noZB|TeamRaiserProgressWidgetController.combineAndSort(Set<Date>, List<Date>)
07:04:26.322 (322187731)|METHOD_EXIT|[223]|01po0000003noZB|TeamRaiserProgressWidgetController.combineAndSort(Set<Date>, List<Date>)
07:04:26.322 (322777990)|USER_DEBUG|[232]|DEBUG|amountRaisedByDisplayMonth (0, 0, 0, 0, 0, 0)
07:04:26.322 (322792862)|METHOD_EXIT|[109]|01po0000003noZB|TeamRaiserProgressWidgetController.getAmountRaisedByDisplayMonth(Map<Date,Decimal>, List<Date>)
07:04:26.322 (322848873)|METHOD_ENTRY|[110]|01po0000003noZB|TeamRaiserProgressWidgetController.getAllAmounts(List<Decimal>, List<Decimal>)
07:04:26.323 (323852175)|METHOD_EXIT|[110]|01po0000003noZB|TeamRaiserProgressWidgetController.getAllAmounts(List<Decimal>, List<Decimal>)
07:04:26.323 (323892840)|METHOD_ENTRY|[112]|01po0000003noZB|TeamRaiserProgressWidgetController.getRefundsPerDisplayMonth(List<Date>)
07:04:26.324 (324753773)|SOQL_EXECUTE_BEGIN|[261]|Aggregations:0|SELECT CALENDAR_YEAR(Refund_Date__c) year, CALENDAR_MONTH(Refund_Date__c) month, SUM(Amount) totalAmount, StageName stage FROM Opportunity WHERE (TeamRaiser_Registration__c = :tmpVar1 AND Refund_Date__c != NULL AND StageName = 'Refunded') GROUP BY CALENDAR_YEAR(Refund_Date__c), CALENDAR_MONTH(Refund_Date__c), StageName ORDER BY CALENDAR_YEAR(Refund_Date__c) ASC NULLS FIRST, CALENDAR_MONTH(Refund_Date__c) ASC NULLS FIRST
07:04:26.330 (330176956)|SOQL_EXECUTE_END|[261]|Rows:0
07:04:26.330 (330318639)|METHOD_ENTRY|[278]|01po0000003noZB|TeamRaiserProgressWidgetController.getAmountRaisedByDisplayMonth(Map<Date,Decimal>, List<Date>)
07:04:26.330 (330445422)|METHOD_ENTRY|[223]|01po0000003noZB|TeamRaiserProgressWidgetController.combineAndSort(Set<Date>, List<Date>)
07:04:26.330 (330546483)|METHOD_EXIT|[223]|01po0000003noZB|TeamRaiserProgressWidgetController.combineAndSort(Set<Date>, List<Date>)
07:04:26.331 (331114806)|USER_DEBUG|[232]|DEBUG|amountRaisedByDisplayMonth (0, 0, 0, 0, 0, 0)
07:04:26.331 (331141315)|METHOD_EXIT|[278]|01po0000003noZB|TeamRaiserProgressWidgetController.getAmountRaisedByDisplayMonth(Map<Date,Decimal>, List<Date>)
07:04:26.331 (331149930)|METHOD_EXIT|[112]|01po0000003noZB|TeamRaiserProgressWidgetController.getRefundsPerDisplayMonth(List<Date>)
07:04:26.331 (331191103)|METHOD_ENTRY|[114]|01po0000003noZB|TeamRaiserProgressWidgetController.subtractRefundsFromList(List<Decimal>, List<Decimal>)
07:04:26.331 (331729364)|METHOD_EXIT|[114]|01po0000003noZB|TeamRaiserProgressWidgetController.subtractRefundsFromList(List<Decimal>, List<Decimal>)
07:04:26.331 (331761676)|METHOD_ENTRY|[115]|01po0000003noZB|TeamRaiserProgressWidgetController.subtractRefundsFromList(List<Decimal>, List<Decimal>)
07:04:26.332 (332217595)|METHOD_EXIT|[115]|01po0000003noZB|TeamRaiserProgressWidgetController.subtractRefundsFromList(List<Decimal>, List<Decimal>)
07:04:26.332 (332259976)|METHOD_ENTRY|[116]|01po0000003noZB|TeamRaiserProgressWidgetController.subtractRefundsFromList(List<Decimal>, List<Decimal>)
07:04:26.332 (332702104)|METHOD_EXIT|[116]|01po0000003noZB|TeamRaiserProgressWidgetController.subtractRefundsFromList(List<Decimal>, List<Decimal>)
07:04:26.332 (332732649)|METHOD_ENTRY|[117]|01po0000003noZB|TeamRaiserProgressWidgetController.includeAdditionalGift(List<Date>, List<Decimal>)
07:04:26.332 (332994261)|METHOD_EXIT|[117]|01po0000003noZB|TeamRaiserProgressWidgetController.includeAdditionalGift(List<Date>, List<Decimal>)
07:04:26.333 (333002136)|METHOD_EXIT|[50]|01po0000003noZB|TeamRaiserProgressWidgetController.generateData()
07:04:26.333 (333010440)|METHOD_EXIT|[4]|01po0000003noZB|TeamRaiserProgressWidgetController.init()
07:04:26.969 (333052172)|CUMULATIVE_LIMIT_USAGE
07:04:26.969|LIMIT_USAGE_FOR_NS|(default)|
  Number of SOQL queries: 3 out of 100
  Number of query rows: 2 out of 50000
  Number of SOSL queries: 0 out of 20
  Number of DML statements: 0 out of 150
  Number of DML rows: 0 out of 10000
  Maximum CPU time: 0 out of 10000
  Maximum heap size: 0 out of 6000000
  Number of callouts: 0 out of 100
  Number of Email Invocations: 0 out of 10
  Number of future calls: 0 out of 50
  Number of queueable jobs added to the queue: 0 out of 50
  Number of Mobile Apex push calls: 0 out of 10

07:04:26.969|CUMULATIVE_LIMIT_USAGE_END

07:04:26.333 (333078665)|CODE_UNIT_FINISHED|execute_anonymous_apex
07:04:26.334 (334951628)|EXECUTION_FINISHED