Execute Anonymous

================================

MetadataService.MetadataPort service = MetadataUtils.createService();

List<String> layoutNames = new List<String>{
	MetadataUtils.addNamespaceToCustomObjectLayout('TeamRaiser_Registration__c-TeamRaiser Registration Layout')
};

List<MetadataService.Layout>requestedLayouts = (List<MetadataService.Layout>) service.readMetadata('Layout', layoutNames).getRecords();
MetadataService.Layout layout = requestedLayouts[0];

MetadataService.LayoutColumn col = MetadataUtils.getColumnContainingField(layout, 'Fundraising_Goal__c');
Integer layoutItemsIndex = MetadataUtils.getFieldIndex('Fundraising_Goal__c', col);
col.layoutItems.remove(layoutItemsIndex);

service.updateMetadata(requestedLayouts);

================================

31.0 APEX_CODE,DEBUG;APEX_PROFILING,DEBUG;CALLOUT,INFO;DB,INFO;VALIDATION,INFO;WORKFLOW,INFO
Execute Anonymous: MetadataService.MetadataPort service = MetadataUtils.createService();
Execute Anonymous: 
Execute Anonymous: List<String> layoutNames = new List<String>{
Execute Anonymous: 	MetadataUtils.addNamespaceToCustomObjectLayout('TeamRaiser_Registration__c-TeamRaiser Registration Layout')
Execute Anonymous: };
Execute Anonymous: 
Execute Anonymous: List<MetadataService.Layout>requestedLayouts = (List<MetadataService.Layout>) service.readMetadata('Layout', layoutNames).getRecords();
Execute Anonymous: MetadataService.Layout layout = requestedLayouts[0];
Execute Anonymous: 
Execute Anonymous: MetadataService.LayoutColumn col = MetadataUtils.getColumnContainingField(layout, 'Fundraising_Goal__c');
Execute Anonymous: Integer layoutItemsIndex = MetadataUtils.getFieldIndex('Fundraising_Goal__c', col);
Execute Anonymous: col.layoutItems.remove(layoutItemsIndex);
Execute Anonymous: 
Execute Anonymous: service.updateMetadata(requestedLayouts);
11:49:12.725 (725470313)|EXECUTION_STARTED
11:49:12.725 (725485866)|CODE_UNIT_STARTED|[EXTERNAL]|execute_anonymous_apex
11:49:12.892 (892284405)|METHOD_ENTRY|[2]|01po0000003Oh7F|MetadataUtils.MetadataUtils()
11:49:12.892 (892365768)|METHOD_EXIT|[2]|MetadataUtils
11:49:12.892 (892405528)|METHOD_ENTRY|[1]|01po0000003Oh7F|MetadataUtils.createService()
11:49:12.900 (900549884)|CONSTRUCTOR_ENTRY|[9]|01po0000003Oh7D|<init>()
11:49:12.901 (901102273)|CONSTRUCTOR_EXIT|[9]|01po0000003Oh7D|<init>()
11:49:12.901 (901140928)|CONSTRUCTOR_ENTRY|[11]|01po0000003Oh7D|<init>()
11:49:12.901 (901240351)|CONSTRUCTOR_EXIT|[11]|01po0000003Oh7D|<init>()
11:49:12.907 (907116309)|METHOD_EXIT|[1]|01po0000003Oh7F|MetadataUtils.createService()
11:49:12.907 (907261862)|METHOD_ENTRY|[3]|01po0000003Oh7F|MetadataUtils.addNamespaceToCustomObjectLayout(String)
11:49:12.948 (948585683)|METHOD_ENTRY|[1]|01po0000000dllI|Utils.Utils()
11:49:12.949 (949673039)|METHOD_EXIT|[1]|Utils
11:49:12.949 (949719045)|METHOD_ENTRY|[597]|01po0000000dllI|Utils.addNamespace(String)
11:49:12.955 (955502262)|METHOD_ENTRY|[1]|01po0000000dlkU|Constants.Constants()
11:49:13.008 (1008552931)|METHOD_EXIT|[1]|Constants
11:49:13.008 (1008599961)|METHOD_EXIT|[597]|01po0000000dllI|Utils.addNamespace(String)
11:49:13.008 (1008631360)|METHOD_ENTRY|[597]|01po0000000dllI|Utils.addNamespace(String)
11:49:13.008 (1008663058)|METHOD_EXIT|[597]|01po0000000dllI|Utils.addNamespace(String)
11:49:13.008 (1008688122)|METHOD_EXIT|[3]|01po0000003Oh7F|MetadataUtils.addNamespaceToCustomObjectLayout(String)
11:49:13.008 (1008849519)|METHOD_ENTRY|[7]|01po0000003Oh7D|MetadataService.MetadataPort.readMetadata(String, List<String>)
11:49:13.013 (1013534336)|CONSTRUCTOR_ENTRY|[8870]|01po0000003Oh7D|<init>()
11:49:13.013 (1013798818)|CONSTRUCTOR_EXIT|[8870]|01po0000003Oh7D|<init>()
11:49:13.019 (1019311854)|CALLOUT_REQUEST|[8876]|<?xml version="1.0" encoding="UTF-8"?><env:Envelope xmlns:env="http://schemas.xmlsoap.org/soap/envelope/" xmlns:xsd="http://www.w3.org/2001/XMLSchema" xmlns:xsi="http://www.w3.org/2001/XMLSchema-instance"><env:Header><SessionHeader xmlns="http://soap.sforce.com/2006/04/metadata"><sessionId>00Do0000000HyRH!AQYAQN8haRiIUPIy8IqJdQuuONXpAnNLoOdGuf7fuC3RKyMySkJ3eqSwsblo8.B5_Fi3Y0VDRwn5grPbtgdnJOZulbPGd23U</sessionId></SessionHeader></env:Header><env:Body><readMetadata xmlns="http://soap.sforce.com/2006/04/metadata"><type>Layout</type><fullNames>TeamRaiser_Registration__c-TeamRaiser Registration Layout</fullNames></readMetadata></env:Body></env:Envelope>
11:49:13.019 (1019367072)|CALLOUT_REQUEST|[8876]|readMetadata_element:[apex_schema_type_info=(http://soap.sforce.com/2006/04/metadata, true, false), field_order_type_info=(type_x, fullNames), fullNames=(TeamRaiser_Registration__c-TeamRaiser Registration Layout), fullNames_type_info=(fullNames, http://soap.sforce.com/2006/04/metadata, null, 0, -1, false), type_x=Layout, type_x_type_info=(type, http://soap.sforce.com/2006/04/metadata, null, 1, 1, false)]::SFDC_STACK_DEPTH=1 SOAPAction="" User-Agent=SFDC-Callout/33.0 Accept=text/xml Content-Type=text/xml; charset=UTF-8 
11:49:13.233 (1233897075)|CALLOUT_RESPONSE|[8876]|<?xml version="1.0" encoding="UTF-8"?><soapenv:Envelope xmlns:soapenv="http://schemas.xmlsoap.org/soap/envelope/" xmlns="http://soap.sforce.com/2006/04/metadata" xmlns:xsi="http://www.w3.org/2001/XMLSchema-instance"><soapenv:Body><readMetadataResponse><result><records xsi:type="Layout"><fullName>TeamRaiser_Registration__c-TeamRaiser Registration Layout</fullName><excludeButtons>Submit</excludeButtons><layoutSections><customLabel>true</customLabel><detailHeading>true</detailHeading><editHeading>true</editHeading><label>TeamRaiser Progress</label><layoutColumns><layoutItems><height>420</height><page>TeamRaiserProgressWidget</page><showLabel>false</showLabel><showScrollbars>false</showScrollbars><width>100%</width></layoutItems></layoutColumns><style>OneColumn</style></layoutSections><layoutSections><customLabel>false</customLabel><detailHeading>false</detailHeading><editHeading>true</editHeading><label>Information</label><layoutColumns><layoutItems><behavior>Required</behavior><field>Name</field></layoutItems><layoutItems><behavior>Required</behavior><field>Contact__c</field></layoutItems><layoutItems><behavior>Edit</behavior><field>Participation_Type__c</field></layoutItems><layoutItems><behavior>Edit</behavior><field>Participant_s_Home_Page__c</field></layoutItems><layoutItems><behavior>Edit</behavior><field>Registration_Date__c</field></layoutItems><layoutItems><behavior>Edit</behavior><field>Opportunity__c</field></layoutItems><layoutItems><behavior>Required</behavior><field>TeamRaiser_Participation_Type__c</field></layoutItems></layoutColumns><layoutColumns><layoutItems><behavior>Required</behavior><field>Campaign__c</field></layoutItems><layoutItems><behavior>Edit</behavior><field>Team_Captain__c</field></layoutItems><layoutItems><behavior>Edit</behavior><field>Team__c</field></layoutItems><layoutItems><behavior>Edit</behavior><field>Fundraising_Goal__c</field></layoutItems></layoutColumns><style>TwoColumnsTopToBottom</style></layoutSections><layoutSections><customLabel>true</customLabel><detailHeading>false</detailHeading><editHeading>false</editHeading><label>Separator</label><layoutColumns><layoutItems><behavior>Required</behavior><field>Registration_Fee__c</field></layoutItems><layoutItems><behavior>Edit</behavior><field>Total_Raised__c</field></layoutItems></layoutColumns><layoutColumns><layoutItems><behavior>Required</behavior><field>Extra_Gift__c</field></layoutItems><layoutItems><behavior>Edit</behavior><field>Upsell_Amount__c</field></layoutItems></layoutColumns><style>TwoColumnsLeftToRight</style></layoutSections><layoutSections><customLabel>false</customLabel><detailHeading>true</detailHeading><editHeading>true</editHeading><label>System Information</label><layoutColumns><layoutItems><behavior>Readonly</behavior><field>CreatedById</field></layoutItems></layoutColumns><layoutColumns><layoutItems><behavior>Readonly</behavior><field>LastModifiedById</field></layoutItems></layoutColumns><style>TwoColumnsTopToBottom</style></layoutSections><layoutSections><customLabel>true</customLabel><detailHeading>false</detailHeading><editHeading>false</editHeading><label>Custom Links</label><layoutColumns/><layoutColumns/><layoutColumns/><style>CustomLinks</style></layoutSections><relatedLists><fields>OPPORTUNITY.NAME</fields><fields>ACCOUNT.NAME</fields><fields>OPPORTUNITY.CLOSE_DATE</fields><fields>OPPORTUNITY.AMOUNT</fields><relatedList>Opportunity.TeamRaiser_Registration__c</relatedList></relatedLists><relatedLists><fields>NAME</fields><fields>Upsell_Item__c</fields><fields>Item_Price__c</fields><fields>Item_Quantity__c</fields><fields>Total_Amount__c</fields><fields>Date_Fulfilled__c</fields><relatedList>TeamRaiser_Registration_Upsell__c.TeamRaiser_Registration__c</relatedList></relatedLists><showEmailCheckbox>false</showEmailCheckbox><showHighlightsPanel>false</showHighlightsPanel><showInteractionLogPanel>false</showInteractionLogPanel><showRunAssignmentRulesCheckbox>false</showRunAssignmentRulesCheckbox><showSubmitAndAttachButton>false</showSubmitAndAttachButton><summaryLayout><masterLabel>00hE0000001CHzf</masterLabel><sizeX>4</sizeX><sizeY>0</sizeY><summaryLayoutStyle>Default</summaryLayoutStyle></summaryLayout></records></result></readMetadataResponse></soapenv:Body></soapenv:Envelope>
11:49:13.250 (1250904181)|CONSTRUCTOR_ENTRY|[4077]|01po0000003Oh7D|<init>()
11:49:13.251 (1251039000)|CONSTRUCTOR_EXIT|[4077]|01po0000003Oh7D|<init>()
11:49:13.263 (1263959396)|CALLOUT_RESPONSE|[8876]|
11:49:13.264 (1264112837)|METHOD_ENTRY|[8889]|01po0000003Oh7D|MetadataService.readLayoutResponse_element.getResult()
11:49:13.264 (1264139209)|METHOD_EXIT|[8889]|01po0000003Oh7D|MetadataService.readLayoutResponse_element.getResult()
11:49:13.264 (1264148723)|METHOD_EXIT|[7]|01po0000003Oh7D|MetadataService.MetadataPort.readMetadata(String, List<String>)
11:49:13.264 (1264219198)|METHOD_ENTRY|[7]|01po0000003Oh7D|MetadataService.ReadLayoutResult.getRecords()
11:49:13.264 (1264232295)|METHOD_EXIT|[7]|01po0000003Oh7D|MetadataService.ReadLayoutResult.getRecords()
11:49:13.264 (1264330773)|METHOD_ENTRY|[10]|01po0000003Oh7F|MetadataUtils.getColumnContainingField(MetadataService.Layout, String)
11:49:13.267 (1267471163)|METHOD_EXIT|[10]|01po0000003Oh7F|MetadataUtils.getColumnContainingField(MetadataService.Layout, String)
11:49:13.267 (1267528481)|METHOD_ENTRY|[11]|01po0000003Oh7F|MetadataUtils.getFieldIndex(String, MetadataService.LayoutColumn)
11:49:13.267 (1267709340)|METHOD_EXIT|[11]|01po0000003Oh7F|MetadataUtils.getFieldIndex(String, MetadataService.LayoutColumn)
11:49:13.267 (1267812569)|METHOD_ENTRY|[14]|01po0000003Oh7D|MetadataService.MetadataPort.updateMetadata(List<MetadataService.Metadata>)
11:49:13.270 (1270694978)|CONSTRUCTOR_ENTRY|[8655]|01po0000003Oh7D|<init>()
11:49:13.270 (1270804341)|CONSTRUCTOR_EXIT|[8655]|01po0000003Oh7D|<init>()
11:49:13.275 (1275702845)|CALLOUT_REQUEST|[8660]|<?xml version="1.0" encoding="UTF-8"?><env:Envelope xmlns:env="http://schemas.xmlsoap.org/soap/envelope/" xmlns:xsd="http://www.w3.org/2001/XMLSchema" xmlns:xsi="http://www.w3.org/2001/XMLSchema-instance"><env:Header><SessionHeader xmlns="http://soap.sforce.com/2006/04/metadata"><sessionId>00Do0000000HyRH!AQYAQN8haRiIUPIy8IqJdQuuONXpAnNLoOdGuf7fuC3RKyMySkJ3eqSwsblo8.B5_Fi3Y0VDRwn5grPbtgdnJOZulbPGd23U</sessionId></SessionHeader></env:Header><env:Body><updateMetadata xmlns="http://soap.sforce.com/2006/04/metadata"><metadata xsi:type="Layout"><fullName>TeamRaiser_Registration__c-TeamRaiser Registration Layout</fullName><excludeButtons>Submit</excludeButtons><layoutSections><customLabel>true</customLabel><detailHeading>true</detailHeading><editHeading>true</editHeading><label>TeamRaiser Progress</label><layoutColumns><layoutItems><height>420</height><page>TeamRaiserProgressWidget</page><showLabel>false</showLabel><showScrollbars>false</showScrollbars><width>100%</width></layoutItems></layoutColumns><style>OneColumn</style></layoutSections><layoutSections><customLabel>false</customLabel><detailHeading>false</detailHeading><editHeading>true</editHeading><label>Information</label><layoutColumns><layoutItems><behavior>Required</behavior><field>Name</field></layoutItems><layoutItems><behavior>Required</behavior><field>Contact__c</field></layoutItems><layoutItems><behavior>Edit</behavior><field>Participation_Type__c</field></layoutItems><layoutItems><behavior>Edit</behavior><field>Participant_s_Home_Page__c</field></layoutItems><layoutItems><behavior>Edit</behavior><field>Registration_Date__c</field></layoutItems><layoutItems><behavior>Edit</behavior><field>Opportunity__c</field></layoutItems><layoutItems><behavior>Required</behavior><field>TeamRaiser_Participation_Type__c</field></layoutItems></layoutColumns><layoutColumns><layoutItems><behavior>Required</behavior><field>Campaign__c</field></layoutItems><layoutItems><behavior>Edit</behavior><field>Team_Captain__c</field></layoutItems><layoutItems><behavior>Edit</behavior><field>Team__c</field></layoutItems></layoutColumns><style>TwoColumnsTopToBottom</style></layoutSections><layoutSections><customLabel>true</customLabel><detailHeading>false</detailHeading><editHeading>false</editHeading><label>Separator</label><layoutColumns><layoutItems><behavior>Required</behavior><field>Registration_Fee__c</field></layoutItems><layoutItems><behavior>Edit</behavior><field>Total_Raised__c</field></layoutItems></layoutColumns><layoutColumns><layoutItems><behavior>Required</behavior><field>Extra_Gift__c</field></layoutItems><layoutItems><behavior>Edit</behavior><field>Upsell_Amount__c</field></layoutItems></layoutColumns><style>TwoColumnsLeftToRight</style></layoutSections><layoutSections><customLabel>false</customLabel><detailHeading>true</detailHeading><editHeading>true</editHeading><label>System Information</label><layoutColumns><layoutItems><behavior>Readonly</behavior><field>CreatedById</field></layoutItems></layoutColumns><layoutColumns><layoutItems><behavior>Readonly</behavior><field>LastModifiedById</field></layoutItems></layoutColumns><style>TwoColumnsTopToBottom</style></layoutSections><layoutSections><customLabel>true</customLabel><detailHeading>false</detailHeading><editHeading>false</editHeading><label>Custom Links</label><layoutColumns /><layoutColumns /><layoutColumns /><style>CustomLinks</style></layoutSections><relatedLists><fields>OPPORTUNITY.NAME</fields><fields>ACCOUNT.NAME</fields><fields>OPPORTUNITY.CLOSE_DATE</fields><fields>OPPORTUNITY.AMOUNT</fields><relatedList>Opportunity.TeamRaiser_Registration__c</relatedList></relatedLists><relatedLists><fields>NAME</fields><fields>Upsell_Item__c</fields><fields>Item_Price__c</fields><fields>Item_Quantity__c</fields><fields>Total_Amount__c</fields><fields>Date_Fulfilled__c</fields><relatedList>TeamRaiser_Registration_Upsell__c.TeamRaiser_Registration__c</relatedList></relatedLists><showEmailCheckbox>false</showEmailCheckbox><showHighlightsPanel>false</showHighlightsPanel><showInteractionLogPanel>false</showInteractionLogPanel><showRunAssignmentRulesCheckbox>false</showRunAssignmentRulesCheckbox><showSubmitAndAttachButton>false</showSubmitAndAttachButton><summaryLayout><masterLabel>00hE0000001CHzf</masterLabel><sizeX>4</sizeX><sizeY>0</sizeY><summaryLayoutStyle>Default</summaryLayoutStyle></summaryLayout></metadata></updateMetadata></env:Body></env:Envelope>
11:49:13.277 (1277201959)|CALLOUT_REQUEST|[8660]|updateMetadata_element:[apex_schema_type_info=(http://soap.sforce.com/2006/04/metadata, true, false), field_order_type_info=(metadata), metadata=(FullName: TeamRaiser_Registration__c-TeamRaiser Registration Layout
customButtons: null
headers: null
Sections: (LayoutSection: customLabel: true &#124; label: TeamRaiser Progress &#124; detailHeading: true &#124; style: OneColumn &#124; layoutColumns: (LayoutItems: (
LayoutItem: page_x: TeamRaiserProgressWidget scontrol: null field: null)) 
 , LayoutSection: customLabel: false &#124; label: Information &#124; detailHeading: false &#124; style: TwoColumnsTopToBottom &#124; layoutColumns: (LayoutItems: (
LayoutItem: page_x: null scontrol: null field: Name, 
LayoutItem: page_x: null scontrol: null field: Contact__c, 
LayoutItem: page_x: null scontrol: null field: Participation_Type__c, 
LayoutItem: page_x: null scontrol: null field: Participant_s_Home_Page__c, 
LayoutItem: page_x: null scontrol: null field: Registration_Date__c, 
LayoutItem: page_x: null scontrol: null field: Opportunity__c, 
LayoutItem: page_x: null scontrol: null field: TeamRaiser_Participation_Type__c), LayoutItems: (
LayoutItem: page_x: null scontrol: null field: Campaign__c, 
LayoutItem: page_x: null scontrol: null field: Team_Captain__c, 
LayoutItem: page_x: null scontrol: null field: Team__c)) 
 , LayoutSection: customLabel: true &#124; label: Separator &#124; detailHeading: false &#124; style: TwoColumnsLeftToRight &#124; layoutColumns: (LayoutItems: (
LayoutItem: page_x: null scontrol: null field: Registration_Fee__c, 
LayoutItem: page_x: null scontrol: null field: Total_Raised__c), LayoutItems: (
LayoutItem: page_x: null scontrol: null field: Extra_Gift__c, 
LayoutItem: page_x: null scontrol: null field: Upsell_Amount__c)) 
 , LayoutSection: customLabel: false &#124; label: System Information &#124; detailHeading: true &#124; style: TwoColumnsTopToBottom &#124; layoutColumns: (LayoutItems: (
LayoutItem: page_x: null scontrol: null field: CreatedById), LayoutItems: (
LayoutItem: page_x: null scontrol: null field: LastModifiedById)) 
 , LayoutSection: customLabel: true &#124; label: Custom Links &#124; detailHeading: false &#124; style: CustomLinks &#124; layoutColumns: (LayoutItems: null, LayoutItems: null, LayoutItems: null) 
 )
relatedObjects: null
relatedLists: (RelatedListItem:[apex_schema_type_info=(http://soap.sforce.com/2006/04/metadata, true, false), customButtons=null, customButtons_type_info=(customButtons, http://soap.sforce.com/2006/04/metadata, null, 0, -1, false), excludeButtons=null, excludeButtons_type_info=(excludeButtons, http://soap.sforce.com/2006/04/metadata, null, 0, -1, false), field_order_type_info=(customButtons, excludeButtons, fields, relatedList, sortField, sortOrder), fields=(OPPORTUNITY.NAME, ACCOUNT.NAME, OPPORTUNITY.CLOSE_DATE, OPPORTUNITY.AMOUNT), fields_type_info=(fields, http://soap.sforce.com/2006/04/metadata, null, 0, -1, false), relatedList=Opportunity.TeamRaiser_Registration__c, relatedList_type_info=(relatedList, http://soap.sforce.com/2006/04/metadata, null, 1, 1, false), sortField=null, sortField_type_info=(sortField, http://soap.sforce.com/2006/04/metadata, null, 0, 1, false), sortOrder=null, sortOrder_type_info=(sortOrder, http://soap.sforce.com/2006/04/metadata, null, 0, 1, false)], RelatedListItem:[apex_schema_type_info=(http://soap.sforce.com/2006/04/metadata, true, false), customButtons=null, customButtons_type_info=(customButtons, http://soap.sforce.com/2006/04/metadata, null, 0, -1, false), excludeButtons=null, excludeButtons_type_info=(excludeButtons, http://soap.sforce.com/2006/04/metadata, null, 0, -1, false), field_order_type_info=(customButtons, excludeButtons, fields, relatedList, sortField, sortOrder), fields=(NAME, Upsell_Item__c, Item_Price__c, Item_Quantity__c, Total_Amount__c, Date_Fulfilled__c), fields_type_info=(fields, http://soap.sforce.com/2006/04/metadata, null, 0, -1, false), relatedList=TeamRaiser_Registration_Upsell__c.TeamRaiser_Registration__c, relatedList_type_info=(relatedList, http://soap.sforce.com/2006/04/metadata, null, 1, 1, false), sortField=null, sortField_type_info=(sortField, http://soap.sforce.com/2006/04/metadata, null, 0, 1, false), sortOrder=null, sortOrder_type_info=(sortOrder, http://soap.sforce.com/2006/04/metadata, null, 0, 1, false)])
miniLayout null
), metadata_type_info=(metadata, http://soap.sforce.com/2006/04/metadata, null, 0, -1, false)]::SFDC_STACK_DEPTH=1 SOAPAction="" User-Agent=SFDC-Callout/33.0 Accept=text/xml Content-Type=text/xml; charset=UTF-8 
11:49:13.746 (1746420809)|CALLOUT_RESPONSE|[8660]|<?xml version="1.0" encoding="UTF-8"?><soapenv:Envelope xmlns:soapenv="http://schemas.xmlsoap.org/soap/envelope/" xmlns="http://soap.sforce.com/2006/04/metadata"><soapenv:Body><updateMetadataResponse><result><fullName>TeamRaiser_Registration__c-TeamRaiser Registration Layout</fullName><success>true</success></result></updateMetadataResponse></soapenv:Body></soapenv:Envelope>
11:49:13.752 (1752255064)|CALLOUT_RESPONSE|[8660]|
11:49:13.752 (1752430087)|METHOD_EXIT|[14]|01po0000003Oh7D|MetadataService.MetadataPort.updateMetadata(List<MetadataService.Metadata>)
11:49:13.819 (1752483077)|CUMULATIVE_LIMIT_USAGE
11:49:13.819|LIMIT_USAGE_FOR_NS|(default)|
  Number of SOQL queries: 0 out of 100
  Number of query rows: 0 out of 50000
  Number of SOSL queries: 0 out of 20
  Number of DML statements: 0 out of 150
  Number of DML rows: 0 out of 10000
  Maximum CPU time: 30 out of 10000
  Maximum heap size: 0 out of 6000000
  Number of callouts: 2 out of 100
  Number of Email Invocations: 0 out of 10
  Number of future calls: 0 out of 50
  Number of queueable jobs added to the queue: 0 out of 50
  Number of Mobile Apex push calls: 0 out of 10

11:49:13.819|CUMULATIVE_LIMIT_USAGE_END

11:49:13.752 (1752518415)|CODE_UNIT_FINISHED|execute_anonymous_apex
11:49:13.754 (1754495981)|EXECUTION_FINISHED