Execute Anonymous

================================

VersionUpgrades.doUpgrades12_10();

================================

31.0 APEX_CODE,DEBUG;APEX_PROFILING,DEBUG;CALLOUT,INFO;DB,INFO;VALIDATION,INFO;WORKFLOW,INFO
Execute Anonymous: VersionUpgrades.doUpgrades12_10();
15:04:56.561 (561065936)|EXECUTION_STARTED
15:04:56.561 (561079156)|CODE_UNIT_STARTED|[EXTERNAL]|execute_anonymous_apex
15:04:56.573 (573081429)|METHOD_ENTRY|[1]|01po0000003QGLN|VersionUpgrades.VersionUpgrades()
15:04:56.575 (575319207)|METHOD_ENTRY|[4]|01po0000001fPRj|ProtectedSettingsUtils.ProtectedSettingsUtils()
15:04:56.575 (575360072)|METHOD_ENTRY|[9]|01po0000001fPRj|ProtectedSettingsUtils.mockProtectedSettingsOrgDefaults()
15:04:56.575 (575668191)|METHOD_EXIT|[9]|01po0000001fPRj|ProtectedSettingsUtils.mockProtectedSettingsOrgDefaults()
15:04:56.575 (575686582)|METHOD_EXIT|[4]|ProtectedSettingsUtils
15:04:56.575 (575699334)|METHOD_ENTRY|[6]|01po0000001fPRj|ProtectedSettingsUtils.getLastUpgradeRun()
15:04:56.576 (576710202)|METHOD_EXIT|[6]|01po0000001fPRj|ProtectedSettingsUtils.getLastUpgradeRun()
15:04:56.576 (576729032)|METHOD_EXIT|[1]|VersionUpgrades
15:04:56.576 (576749571)|METHOD_ENTRY|[1]|01po0000003QGLN|VersionUpgrades.doUpgrades12_10()
15:04:56.576 (576790324)|METHOD_ENTRY|[46]|01po0000003QGLN|VersionUpgrades.getLastUpgradeVersionIndex(String)
15:04:56.582 (582718405)|METHOD_ENTRY|[3]|01po0000000dll9|StringUtils.StringUtils()
15:04:56.582 (582909019)|METHOD_EXIT|[3]|StringUtils
15:04:56.582 (582950216)|METHOD_ENTRY|[81]|01po0000000dll9|StringUtils.getStringIndexInList(List<String>, String)
15:04:56.583 (583179423)|METHOD_EXIT|[81]|01po0000000dll9|StringUtils.getStringIndexInList(List<String>, String)
15:04:56.583 (583193549)|METHOD_EXIT|[46]|01po0000003QGLN|VersionUpgrades.getLastUpgradeVersionIndex(String)
15:04:56.583 (583203830)|METHOD_EXIT|[1]|01po0000003QGLN|VersionUpgrades.doUpgrades12_10()
15:04:57.269 (583259781)|CUMULATIVE_LIMIT_USAGE
15:04:57.269|LIMIT_USAGE_FOR_NS|(default)|
  Number of SOQL queries: 0 out of 100
  Number of query rows: 0 out of 50000
  Number of SOSL queries: 0 out of 20
  Number of DML statements: 0 out of 150
  Number of DML rows: 0 out of 10000
  Maximum CPU time: 0 out of 10000
  Maximum heap size: 0 out of 6000000
  Number of callouts: 0 out of 100
  Number of Email Invocations: 0 out of 10
  Number of future calls: 0 out of 50
  Number of queueable jobs added to the queue: 0 out of 50
  Number of Mobile Apex push calls: 0 out of 10

15:04:57.269|CUMULATIVE_LIMIT_USAGE_END

15:04:56.583 (583308122)|CODE_UNIT_FINISHED|execute_anonymous_apex
15:04:56.585 (585027803)|EXECUTION_FINISHED