testIndividualTrProgressWidget.cls

================================

TeamRaiserProgressWidgetController controller = new TeamRaiserProgressWidgetController();

controller.trRegId = 'a0jo0000001I2NT';				
controller.init();

================================

31.0 APEX_CODE,DEBUG;APEX_PROFILING,DEBUG;CALLOUT,INFO;DB,INFO;VALIDATION,INFO;WORKFLOW,INFO
Execute Anonymous: TeamRaiserProgressWidgetController controller = new TeamRaiserProgressWidgetController();
Execute Anonymous: 
Execute Anonymous: controller.trRegId = 'a0jo0000001I2NT';				
Execute Anonymous: controller.init();
07:02:44.175 (175602687)|EXECUTION_STARTED
07:02:44.175 (175613126)|CODE_UNIT_STARTED|[EXTERNAL]|execute_anonymous_apex
07:02:44.194 (194018752)|METHOD_ENTRY|[1]|01po0000003noZB|TeamRaiserProgressWidgetController.TeamRaiserProgressWidgetController()
07:02:44.194 (194136630)|METHOD_ENTRY|[6]|01po0000003QZvz|CurrencyFormatter.CurrencyFormatter()
07:02:44.194 (194151375)|METHOD_EXIT|[6]|CurrencyFormatter
07:02:44.194 (194188110)|METHOD_ENTRY|[5]|01po0000003QZvz|CurrencyFormatter.currencyOfUser(Boolean)
07:02:44.195 (195443449)|CONSTRUCTOR_ENTRY|[34]|01po0000003QZvz|<init>(String,String,Boolean)
07:02:44.195 (195572007)|CONSTRUCTOR_ENTRY|[14]|01po0000003QZvz|<init>(Integer,String)
07:02:44.195 (195806542)|CONSTRUCTOR_EXIT|[14]|01po0000003QZvz|<init>(Integer,String)
07:02:44.195 (195828616)|CONSTRUCTOR_ENTRY|[14]|01po0000003QZvz|<init>(Integer,String)
07:02:44.195 (195864610)|CONSTRUCTOR_EXIT|[14]|01po0000003QZvz|<init>(Integer,String)
07:02:44.195 (195878732)|CONSTRUCTOR_ENTRY|[14]|01po0000003QZvz|<init>(Integer,String)
07:02:44.195 (195915021)|CONSTRUCTOR_EXIT|[14]|01po0000003QZvz|<init>(Integer,String)
07:02:44.195 (195932790)|CONSTRUCTOR_ENTRY|[14]|01po0000003QZvz|<init>(Integer,String)
07:02:44.195 (195994843)|CONSTRUCTOR_EXIT|[14]|01po0000003QZvz|<init>(Integer,String)
07:02:44.196 (196054875)|METHOD_ENTRY|[25]|01po0000003QZvz|CurrencyFormatter.getDecimalSeparator()
07:02:44.196 (196291570)|METHOD_EXIT|[25]|01po0000003QZvz|CurrencyFormatter.getDecimalSeparator()
07:02:44.196 (196320567)|CONSTRUCTOR_EXIT|[34]|01po0000003QZvz|<init>(String,String,Boolean)
07:02:44.196 (196333703)|METHOD_EXIT|[5]|01po0000003QZvz|CurrencyFormatter.currencyOfUser(Boolean)
07:02:44.196 (196356717)|METHOD_EXIT|[1]|TeamRaiserProgressWidgetController
07:02:44.196 (196534964)|CONSTRUCTOR_ENTRY|[1]|01po0000003noZB|<init>()
07:02:44.196 (196577877)|CONSTRUCTOR_EXIT|[1]|01po0000003noZB|<init>()
07:02:44.196 (196721243)|METHOD_ENTRY|[4]|01po0000003noZB|TeamRaiserProgressWidgetController.init()
07:02:44.197 (197079149)|SOQL_EXECUTE_BEGIN|[40]|Aggregations:0|SELECT Id, Total_Raised__c, Fundraising_Goal__c, Registration_Date__c, Extra_Gift__c FROM TeamRaiser_Registration__c WHERE Id = :tmpVar1
07:02:44.200 (200750308)|SOQL_EXECUTE_END|[40]|Rows:1
07:02:44.201 (201114438)|METHOD_ENTRY|[46]|01po0000003QZvz|CurrencyFormatter.getCurrencySymbol()
07:02:44.201 (201186686)|METHOD_EXIT|[46]|01po0000003QZvz|CurrencyFormatter.getCurrencySymbol()
07:02:44.201 (201279319)|METHOD_ENTRY|[50]|01po0000003noZB|TeamRaiserProgressWidgetController.generateData()
07:02:44.201 (201303520)|METHOD_ENTRY|[96]|01po0000003noZB|TeamRaiserProgressWidgetController.getTotalAmountPerMonth()
07:02:44.201 (201778113)|SOQL_EXECUTE_BEGIN|[123]|Aggregations:0|SELECT SUM(Amount) totalAmount, CALENDAR_MONTH(CloseDate) month, CALENDAR_YEAR(CloseDate) year, StageName stage FROM Opportunity WHERE (TeamRaiser_Registration__c = :tmpVar1 AND StageName IN ('Received', 'Not Received', 'Refunded')) GROUP BY CALENDAR_YEAR(CloseDate), CALENDAR_MONTH(CloseDate), StageName ORDER BY CALENDAR_YEAR(CloseDate) ASC NULLS FIRST, CALENDAR_MONTH(CloseDate) ASC NULLS FIRST, StageName ASC NULLS FIRST
07:02:44.210 (210998437)|SOQL_EXECUTE_END|[123]|Rows:1
07:02:44.211 (211056383)|METHOD_EXIT|[96]|01po0000003noZB|TeamRaiserProgressWidgetController.getTotalAmountPerMonth()
07:02:44.211 (211083350)|METHOD_ENTRY|[97]|01po0000003noZB|TeamRaiserProgressWidgetController.convertAggregatesToDates(List<AggregateResult>)
07:02:44.211 (211404586)|METHOD_ENTRY|[159]|01po0000003noZB|TeamRaiserProgressWidgetController.aggregateResultToDate(AggregateResult)
07:02:44.211 (211567875)|METHOD_EXIT|[159]|01po0000003noZB|TeamRaiserProgressWidgetController.aggregateResultToDate(AggregateResult)
07:02:44.211 (211617559)|METHOD_EXIT|[97]|01po0000003noZB|TeamRaiserProgressWidgetController.convertAggregatesToDates(List<AggregateResult>)
07:02:44.211 (211703180)|METHOD_ENTRY|[102]|01po0000003noZB|TeamRaiserProgressWidgetController.getDisplayMonths(Date)
07:02:44.212 (212037576)|METHOD_EXIT|[102]|01po0000003noZB|TeamRaiserProgressWidgetController.getDisplayMonths(Date)
07:02:44.212 (212053130)|METHOD_ENTRY|[103]|01po0000003noZB|TeamRaiserProgressWidgetController.getFormattedMonths(List<Date>)
07:02:44.212 (212143931)|METHOD_ENTRY|[171]|01po0000003noZB|TeamRaiserProgressWidgetController.getFormattedMonth(Date)
07:02:44.239 (239470946)|METHOD_ENTRY|[1]|01po0000000dllI|Utils.Utils()
07:02:44.240 (240341100)|METHOD_EXIT|[1]|Utils
07:02:44.240 (240374306)|METHOD_ENTRY|[189]|01po0000000dllI|Utils.getMonthStr(Integer)
07:02:44.240 (240400127)|METHOD_EXIT|[189]|01po0000000dllI|Utils.getMonthStr(Integer)
07:02:44.240 (240457248)|METHOD_EXIT|[171]|01po0000003noZB|TeamRaiserProgressWidgetController.getFormattedMonth(Date)
07:02:44.240 (240520732)|METHOD_ENTRY|[171]|01po0000003noZB|TeamRaiserProgressWidgetController.getFormattedMonth(Date)
07:02:44.240 (240550040)|METHOD_ENTRY|[189]|01po0000000dllI|Utils.getMonthStr(Integer)
07:02:44.240 (240563690)|METHOD_EXIT|[189]|01po0000000dllI|Utils.getMonthStr(Integer)
07:02:44.240 (240591083)|METHOD_EXIT|[171]|01po0000003noZB|TeamRaiserProgressWidgetController.getFormattedMonth(Date)
07:02:44.240 (240637601)|METHOD_ENTRY|[171]|01po0000003noZB|TeamRaiserProgressWidgetController.getFormattedMonth(Date)
07:02:44.240 (240683084)|METHOD_ENTRY|[189]|01po0000000dllI|Utils.getMonthStr(Integer)
07:02:44.240 (240702107)|METHOD_EXIT|[189]|01po0000000dllI|Utils.getMonthStr(Integer)
07:02:44.240 (240730941)|METHOD_EXIT|[171]|01po0000003noZB|TeamRaiserProgressWidgetController.getFormattedMonth(Date)
07:02:44.240 (240771303)|METHOD_ENTRY|[171]|01po0000003noZB|TeamRaiserProgressWidgetController.getFormattedMonth(Date)
07:02:44.240 (240794735)|METHOD_ENTRY|[189]|01po0000000dllI|Utils.getMonthStr(Integer)
07:02:44.240 (240816287)|METHOD_EXIT|[189]|01po0000000dllI|Utils.getMonthStr(Integer)
07:02:44.240 (240868325)|METHOD_EXIT|[171]|01po0000003noZB|TeamRaiserProgressWidgetController.getFormattedMonth(Date)
07:02:44.240 (240942438)|METHOD_ENTRY|[171]|01po0000003noZB|TeamRaiserProgressWidgetController.getFormattedMonth(Date)
07:02:44.240 (240968431)|METHOD_ENTRY|[189]|01po0000000dllI|Utils.getMonthStr(Integer)
07:02:44.240 (240982836)|METHOD_EXIT|[189]|01po0000000dllI|Utils.getMonthStr(Integer)
07:02:44.241 (241010205)|METHOD_EXIT|[171]|01po0000003noZB|TeamRaiserProgressWidgetController.getFormattedMonth(Date)
07:02:44.241 (241049821)|METHOD_ENTRY|[171]|01po0000003noZB|TeamRaiserProgressWidgetController.getFormattedMonth(Date)
07:02:44.241 (241072887)|METHOD_ENTRY|[189]|01po0000000dllI|Utils.getMonthStr(Integer)
07:02:44.241 (241086605)|METHOD_EXIT|[189]|01po0000000dllI|Utils.getMonthStr(Integer)
07:02:44.241 (241112369)|METHOD_EXIT|[171]|01po0000003noZB|TeamRaiserProgressWidgetController.getFormattedMonth(Date)
07:02:44.241 (241152095)|METHOD_EXIT|[103]|01po0000003noZB|TeamRaiserProgressWidgetController.getFormattedMonths(List<Date>)
07:02:44.241 (241196850)|METHOD_ENTRY|[104]|01po0000003noZB|TeamRaiserProgressWidgetController.formMapByStage(String, List<AggregateResult>)
07:02:44.241 (241282389)|METHOD_ENTRY|[140]|01po0000003noZB|TeamRaiserProgressWidgetController.aggregateResultToDate(AggregateResult)
07:02:44.241 (241390756)|METHOD_EXIT|[140]|01po0000003noZB|TeamRaiserProgressWidgetController.aggregateResultToDate(AggregateResult)
07:02:44.241 (241479338)|METHOD_ENTRY|[143]|01po0000003noZB|TeamRaiserProgressWidgetController.sameStage(AggregateResult, String)
07:02:44.241 (241562679)|METHOD_EXIT|[143]|01po0000003noZB|TeamRaiserProgressWidgetController.sameStage(AggregateResult, String)
07:02:44.241 (241663316)|METHOD_EXIT|[104]|01po0000003noZB|TeamRaiserProgressWidgetController.formMapByStage(String, List<AggregateResult>)
07:02:44.241 (241688308)|METHOD_ENTRY|[105]|01po0000003noZB|TeamRaiserProgressWidgetController.formMapByStage(String, List<AggregateResult>)
07:02:44.241 (241734733)|METHOD_ENTRY|[140]|01po0000003noZB|TeamRaiserProgressWidgetController.aggregateResultToDate(AggregateResult)
07:02:44.241 (241821870)|METHOD_EXIT|[140]|01po0000003noZB|TeamRaiserProgressWidgetController.aggregateResultToDate(AggregateResult)
07:02:44.241 (241875351)|METHOD_ENTRY|[143]|01po0000003noZB|TeamRaiserProgressWidgetController.sameStage(AggregateResult, String)
07:02:44.241 (241938346)|METHOD_EXIT|[143]|01po0000003noZB|TeamRaiserProgressWidgetController.sameStage(AggregateResult, String)
07:02:44.241 (241979412)|METHOD_EXIT|[105]|01po0000003noZB|TeamRaiserProgressWidgetController.formMapByStage(String, List<AggregateResult>)
07:02:44.242 (242052781)|METHOD_ENTRY|[107]|01po0000003noZB|TeamRaiserProgressWidgetController.getAmountRaisedByDisplayMonth(Map<Date,Decimal>, List<Date>)
07:02:44.242 (242190267)|METHOD_ENTRY|[223]|01po0000003noZB|TeamRaiserProgressWidgetController.combineAndSort(Set<Date>, List<Date>)
07:02:44.242 (242351478)|METHOD_EXIT|[223]|01po0000003noZB|TeamRaiserProgressWidgetController.combineAndSort(Set<Date>, List<Date>)
07:02:44.243 (243041038)|USER_DEBUG|[232]|DEBUG|amountRaisedByDisplayMonth (0, 0, 0, 0, 100.0, 100.0)
07:02:44.243 (243057321)|METHOD_EXIT|[107]|01po0000003noZB|TeamRaiserProgressWidgetController.getAmountRaisedByDisplayMonth(Map<Date,Decimal>, List<Date>)
07:02:44.243 (243132762)|USER_DEBUG|[108]|DEBUG|confirmedAmounts: (0, 0, 0, 0, 100.0, 100.0)
07:02:44.243 (243167647)|METHOD_ENTRY|[109]|01po0000003noZB|TeamRaiserProgressWidgetController.getAmountRaisedByDisplayMonth(Map<Date,Decimal>, List<Date>)
07:02:44.243 (243236385)|METHOD_ENTRY|[223]|01po0000003noZB|TeamRaiserProgressWidgetController.combineAndSort(Set<Date>, List<Date>)
07:02:44.243 (243333068)|METHOD_EXIT|[223]|01po0000003noZB|TeamRaiserProgressWidgetController.combineAndSort(Set<Date>, List<Date>)
07:02:44.243 (243936613)|USER_DEBUG|[232]|DEBUG|amountRaisedByDisplayMonth (0, 0, 0, 0, 0, 0)
07:02:44.243 (243950855)|METHOD_EXIT|[109]|01po0000003noZB|TeamRaiserProgressWidgetController.getAmountRaisedByDisplayMonth(Map<Date,Decimal>, List<Date>)
07:02:44.244 (244003839)|METHOD_ENTRY|[110]|01po0000003noZB|TeamRaiserProgressWidgetController.getAllAmounts(List<Decimal>, List<Decimal>)
07:02:44.244 (244464518)|METHOD_EXIT|[110]|01po0000003noZB|TeamRaiserProgressWidgetController.getAllAmounts(List<Decimal>, List<Decimal>)
07:02:44.244 (244490242)|METHOD_ENTRY|[112]|01po0000003noZB|TeamRaiserProgressWidgetController.getRefundsPerDisplayMonth(List<Date>)
07:02:44.244 (244940605)|SOQL_EXECUTE_BEGIN|[261]|Aggregations:0|SELECT CALENDAR_YEAR(Refund_Date__c) year, CALENDAR_MONTH(Refund_Date__c) month, SUM(Amount) totalAmount, StageName stage FROM Opportunity WHERE (TeamRaiser_Registration__c = :tmpVar1 AND Refund_Date__c != NULL AND StageName = 'Refunded') GROUP BY CALENDAR_YEAR(Refund_Date__c), CALENDAR_MONTH(Refund_Date__c), StageName ORDER BY CALENDAR_YEAR(Refund_Date__c) ASC NULLS FIRST, CALENDAR_MONTH(Refund_Date__c) ASC NULLS FIRST
07:02:44.250 (250269538)|SOQL_EXECUTE_END|[261]|Rows:0
07:02:44.250 (250358049)|METHOD_ENTRY|[278]|01po0000003noZB|TeamRaiserProgressWidgetController.getAmountRaisedByDisplayMonth(Map<Date,Decimal>, List<Date>)
07:02:44.250 (250446240)|METHOD_ENTRY|[223]|01po0000003noZB|TeamRaiserProgressWidgetController.combineAndSort(Set<Date>, List<Date>)
07:02:44.250 (250535347)|METHOD_EXIT|[223]|01po0000003noZB|TeamRaiserProgressWidgetController.combineAndSort(Set<Date>, List<Date>)
07:02:44.251 (251045918)|USER_DEBUG|[232]|DEBUG|amountRaisedByDisplayMonth (0, 0, 0, 0, 0, 0)
07:02:44.251 (251061508)|METHOD_EXIT|[278]|01po0000003noZB|TeamRaiserProgressWidgetController.getAmountRaisedByDisplayMonth(Map<Date,Decimal>, List<Date>)
07:02:44.251 (251069133)|METHOD_EXIT|[112]|01po0000003noZB|TeamRaiserProgressWidgetController.getRefundsPerDisplayMonth(List<Date>)
07:02:44.251 (251101134)|METHOD_ENTRY|[114]|01po0000003noZB|TeamRaiserProgressWidgetController.subtractRefundsFromList(List<Decimal>, List<Decimal>)
07:02:44.251 (251636619)|METHOD_EXIT|[114]|01po0000003noZB|TeamRaiserProgressWidgetController.subtractRefundsFromList(List<Decimal>, List<Decimal>)
07:02:44.251 (251671081)|METHOD_ENTRY|[115]|01po0000003noZB|TeamRaiserProgressWidgetController.subtractRefundsFromList(List<Decimal>, List<Decimal>)
07:02:44.252 (252120143)|METHOD_EXIT|[115]|01po0000003noZB|TeamRaiserProgressWidgetController.subtractRefundsFromList(List<Decimal>, List<Decimal>)
07:02:44.252 (252157578)|METHOD_ENTRY|[116]|01po0000003noZB|TeamRaiserProgressWidgetController.subtractRefundsFromList(List<Decimal>, List<Decimal>)
07:02:44.252 (252584929)|METHOD_EXIT|[116]|01po0000003noZB|TeamRaiserProgressWidgetController.subtractRefundsFromList(List<Decimal>, List<Decimal>)
07:02:44.252 (252615133)|METHOD_ENTRY|[117]|01po0000003noZB|TeamRaiserProgressWidgetController.includeAdditionalGift(List<Date>, List<Decimal>)
07:02:44.252 (252906631)|METHOD_EXIT|[117]|01po0000003noZB|TeamRaiserProgressWidgetController.includeAdditionalGift(List<Date>, List<Decimal>)
07:02:44.252 (252915117)|METHOD_EXIT|[50]|01po0000003noZB|TeamRaiserProgressWidgetController.generateData()
07:02:44.252 (252922128)|METHOD_EXIT|[4]|01po0000003noZB|TeamRaiserProgressWidgetController.init()
07:02:44.247 (252967762)|CUMULATIVE_LIMIT_USAGE
07:02:44.247|LIMIT_USAGE_FOR_NS|(default)|
  Number of SOQL queries: 3 out of 100
  Number of query rows: 2 out of 50000
  Number of SOSL queries: 0 out of 20
  Number of DML statements: 0 out of 150
  Number of DML rows: 0 out of 10000
  Maximum CPU time: 0 out of 10000
  Maximum heap size: 0 out of 6000000
  Number of callouts: 0 out of 100
  Number of Email Invocations: 0 out of 10
  Number of future calls: 0 out of 50
  Number of queueable jobs added to the queue: 0 out of 50
  Number of Mobile Apex push calls: 0 out of 10

07:02:44.247|CUMULATIVE_LIMIT_USAGE_END

07:02:44.253 (253006607)|CODE_UNIT_FINISHED|execute_anonymous_apex
07:02:44.255 (255043762)|EXECUTION_FINISHED