Execute Anonymous

================================

TeamRaiserProgressWidgetController controller = new TeamRaiserProgressWidgetController();

controller.trRegId = 'a0jo0000001I2Qm'; 
controller.trReg = [SELECT Id, Total_Raised__c, Fundraising_Goal__c, Registration_Date__c, Extra_Gift__c
				FROM TeamRaiser_Registration__c 
				WHERE Id = 'a0jo0000001I2Qm'];
				
controller.generateData();
System.debug(controller.confirmedAmounts);

================================

31.0 APEX_CODE,DEBUG;APEX_PROFILING,DEBUG;CALLOUT,INFO;DB,INFO;VALIDATION,INFO;WORKFLOW,INFO
Execute Anonymous: TeamRaiserProgressWidgetController controller = new TeamRaiserProgressWidgetController();
Execute Anonymous: 
Execute Anonymous: controller.trRegId = 'a0jo0000001I2Qm'; 
Execute Anonymous: controller.trReg = [SELECT Id, Total_Raised__c, Fundraising_Goal__c, Registration_Date__c, Extra_Gift__c
Execute Anonymous: 				FROM TeamRaiser_Registration__c 
Execute Anonymous: 				WHERE Id = 'a0jo0000001I2Qm'];
Execute Anonymous: 				
Execute Anonymous: controller.generateData();
Execute Anonymous: System.debug(controller.confirmedAmounts);
07:39:17.389 (389745301)|EXECUTION_STARTED
07:39:17.389 (389754456)|CODE_UNIT_STARTED|[EXTERNAL]|execute_anonymous_apex
07:39:17.408 (408562625)|METHOD_ENTRY|[1]|01po0000003noZB|TeamRaiserProgressWidgetController.TeamRaiserProgressWidgetController()
07:39:17.408 (408711076)|METHOD_ENTRY|[6]|01po0000003QZvz|CurrencyFormatter.CurrencyFormatter()
07:39:17.408 (408724137)|METHOD_EXIT|[6]|CurrencyFormatter
07:39:17.408 (408766208)|METHOD_ENTRY|[5]|01po0000003QZvz|CurrencyFormatter.currencyOfUser(Boolean)
07:39:17.409 (409994013)|CONSTRUCTOR_ENTRY|[34]|01po0000003QZvz|<init>(String,String,Boolean)
07:39:17.410 (410109513)|CONSTRUCTOR_ENTRY|[14]|01po0000003QZvz|<init>(Integer,String)
07:39:17.410 (410308973)|CONSTRUCTOR_EXIT|[14]|01po0000003QZvz|<init>(Integer,String)
07:39:17.410 (410329458)|CONSTRUCTOR_ENTRY|[14]|01po0000003QZvz|<init>(Integer,String)
07:39:17.410 (410370102)|CONSTRUCTOR_EXIT|[14]|01po0000003QZvz|<init>(Integer,String)
07:39:17.410 (410384371)|CONSTRUCTOR_ENTRY|[14]|01po0000003QZvz|<init>(Integer,String)
07:39:17.410 (410420617)|CONSTRUCTOR_EXIT|[14]|01po0000003QZvz|<init>(Integer,String)
07:39:17.410 (410434048)|CONSTRUCTOR_ENTRY|[14]|01po0000003QZvz|<init>(Integer,String)
07:39:17.410 (410469106)|CONSTRUCTOR_EXIT|[14]|01po0000003QZvz|<init>(Integer,String)
07:39:17.410 (410521290)|METHOD_ENTRY|[25]|01po0000003QZvz|CurrencyFormatter.getDecimalSeparator()
07:39:17.410 (410695441)|METHOD_EXIT|[25]|01po0000003QZvz|CurrencyFormatter.getDecimalSeparator()
07:39:17.410 (410732056)|CONSTRUCTOR_EXIT|[34]|01po0000003QZvz|<init>(String,String,Boolean)
07:39:17.410 (410740669)|METHOD_EXIT|[5]|01po0000003QZvz|CurrencyFormatter.currencyOfUser(Boolean)
07:39:17.410 (410752443)|METHOD_EXIT|[1]|TeamRaiserProgressWidgetController
07:39:17.410 (410867780)|CONSTRUCTOR_ENTRY|[1]|01po0000003noZB|<init>()
07:39:17.410 (410899131)|CONSTRUCTOR_EXIT|[1]|01po0000003noZB|<init>()
07:39:17.411 (411362037)|SOQL_EXECUTE_BEGIN|[4]|Aggregations:0|SELECT Id, Total_Raised__c, Fundraising_Goal__c, Registration_Date__c, Extra_Gift__c FROM TeamRaiser_Registration__c WHERE Id = 'a0jo0000001I2Qm'
07:39:17.413 (413734965)|SOQL_EXECUTE_END|[4]|Rows:1
07:39:17.413 (413974592)|METHOD_ENTRY|[8]|01po0000003noZB|TeamRaiserProgressWidgetController.generateData()
07:39:17.414 (414009727)|METHOD_ENTRY|[65]|01po0000003noZB|TeamRaiserProgressWidgetController.getTotalAmountPerMonth()
07:39:17.414 (414582410)|SOQL_EXECUTE_BEGIN|[87]|Aggregations:0|SELECT SUM(Amount) totalAmount, CALENDAR_MONTH(CloseDate) month, CALENDAR_YEAR(CloseDate) year, StageName stage FROM Opportunity WHERE (TeamRaiser_Registration__c = :tmpVar1 AND (StageName = 'Received' OR StageName = 'Not Received')) GROUP BY CALENDAR_YEAR(CloseDate), CALENDAR_MONTH(CloseDate), StageName ORDER BY CALENDAR_YEAR(CloseDate) ASC NULLS FIRST, CALENDAR_MONTH(CloseDate) ASC NULLS FIRST
07:39:17.426 (426729584)|SOQL_EXECUTE_END|[87]|Rows:1
07:39:17.426 (426799913)|METHOD_EXIT|[65]|01po0000003noZB|TeamRaiserProgressWidgetController.getTotalAmountPerMonth()
07:39:17.426 (426832802)|METHOD_ENTRY|[66]|01po0000003noZB|TeamRaiserProgressWidgetController.convertAggregatesToDates(List<AggregateResult>)
07:39:17.427 (427264232)|METHOD_ENTRY|[101]|01po0000003noZB|TeamRaiserProgressWidgetController.aggregateResultToDate(AggregateResult)
07:39:17.427 (427505803)|METHOD_EXIT|[101]|01po0000003noZB|TeamRaiserProgressWidgetController.aggregateResultToDate(AggregateResult)
07:39:17.427 (427592087)|METHOD_EXIT|[66]|01po0000003noZB|TeamRaiserProgressWidgetController.convertAggregatesToDates(List<AggregateResult>)
07:39:17.427 (427715314)|METHOD_ENTRY|[71]|01po0000003noZB|TeamRaiserProgressWidgetController.getDisplayMonths(Date)
07:39:17.428 (428327683)|METHOD_EXIT|[71]|01po0000003noZB|TeamRaiserProgressWidgetController.getDisplayMonths(Date)
07:39:17.428 (428353526)|METHOD_ENTRY|[72]|01po0000003noZB|TeamRaiserProgressWidgetController.getFormattedMonths(List<Date>)
07:39:17.428 (428510646)|METHOD_ENTRY|[111]|01po0000003noZB|TeamRaiserProgressWidgetController.getFormattedDate(Date)
07:39:17.459 (459243040)|METHOD_ENTRY|[1]|01po0000000dllI|Utils.Utils()
07:39:17.460 (460041921)|METHOD_EXIT|[1]|Utils
07:39:17.460 (460079431)|METHOD_ENTRY|[127]|01po0000000dllI|Utils.getMonthStr(Integer)
07:39:17.460 (460103905)|METHOD_EXIT|[127]|01po0000000dllI|Utils.getMonthStr(Integer)
07:39:17.460 (460217641)|METHOD_EXIT|[111]|01po0000003noZB|TeamRaiserProgressWidgetController.getFormattedDate(Date)
07:39:17.460 (460275728)|METHOD_ENTRY|[111]|01po0000003noZB|TeamRaiserProgressWidgetController.getFormattedDate(Date)
07:39:17.460 (460303359)|METHOD_ENTRY|[127]|01po0000000dllI|Utils.getMonthStr(Integer)
07:39:17.460 (460319316)|METHOD_EXIT|[127]|01po0000000dllI|Utils.getMonthStr(Integer)
07:39:17.460 (460385816)|METHOD_EXIT|[111]|01po0000003noZB|TeamRaiserProgressWidgetController.getFormattedDate(Date)
07:39:17.460 (460427095)|METHOD_ENTRY|[111]|01po0000003noZB|TeamRaiserProgressWidgetController.getFormattedDate(Date)
07:39:17.460 (460451067)|METHOD_ENTRY|[127]|01po0000000dllI|Utils.getMonthStr(Integer)
07:39:17.460 (460462990)|METHOD_EXIT|[127]|01po0000000dllI|Utils.getMonthStr(Integer)
07:39:17.460 (460527499)|METHOD_EXIT|[111]|01po0000003noZB|TeamRaiserProgressWidgetController.getFormattedDate(Date)
07:39:17.460 (460567057)|METHOD_ENTRY|[111]|01po0000003noZB|TeamRaiserProgressWidgetController.getFormattedDate(Date)
07:39:17.460 (460590015)|METHOD_ENTRY|[127]|01po0000000dllI|Utils.getMonthStr(Integer)
07:39:17.460 (460602125)|METHOD_EXIT|[127]|01po0000000dllI|Utils.getMonthStr(Integer)
07:39:17.460 (460669044)|METHOD_EXIT|[111]|01po0000003noZB|TeamRaiserProgressWidgetController.getFormattedDate(Date)
07:39:17.460 (460708483)|METHOD_ENTRY|[111]|01po0000003noZB|TeamRaiserProgressWidgetController.getFormattedDate(Date)
07:39:17.460 (460730973)|METHOD_ENTRY|[127]|01po0000000dllI|Utils.getMonthStr(Integer)
07:39:17.460 (460742970)|METHOD_EXIT|[127]|01po0000000dllI|Utils.getMonthStr(Integer)
07:39:17.460 (460805916)|METHOD_EXIT|[111]|01po0000003noZB|TeamRaiserProgressWidgetController.getFormattedDate(Date)
07:39:17.460 (460844488)|METHOD_ENTRY|[111]|01po0000003noZB|TeamRaiserProgressWidgetController.getFormattedDate(Date)
07:39:17.460 (460866680)|METHOD_ENTRY|[127]|01po0000000dllI|Utils.getMonthStr(Integer)
07:39:17.460 (460885809)|METHOD_EXIT|[127]|01po0000000dllI|Utils.getMonthStr(Integer)
07:39:17.460 (460948054)|METHOD_EXIT|[111]|01po0000003noZB|TeamRaiserProgressWidgetController.getFormattedDate(Date)
07:39:17.460 (460988257)|METHOD_EXIT|[72]|01po0000003noZB|TeamRaiserProgressWidgetController.getFormattedMonths(List<Date>)
07:39:17.461 (461031967)|METHOD_ENTRY|[73]|01po0000003noZB|TeamRaiserProgressWidgetController.getRefundsPerDisplayMonth(List<Date>)
07:39:17.461 (461561374)|SOQL_EXECUTE_BEGIN|[208]|Aggregations:0|SELECT CALENDAR_YEAR(Refund_Date__c) year, CALENDAR_MONTH(Refund_Date__c) month, SUM(Amount) totalAmount, StageName stage FROM Opportunity WHERE (TeamRaiser_Registration__c = :tmpVar1 AND Refund_Date__c != NULL AND StageName = 'Refunded') GROUP BY CALENDAR_YEAR(Refund_Date__c), CALENDAR_MONTH(Refund_Date__c), StageName ORDER BY CALENDAR_YEAR(Refund_Date__c) ASC NULLS FIRST, CALENDAR_MONTH(Refund_Date__c) ASC NULLS FIRST
07:39:17.466 (466185986)|SOQL_EXECUTE_END|[208]|Rows:1
07:39:17.466 (466270949)|METHOD_ENTRY|[221]|01po0000003noZB|TeamRaiserProgressWidgetController.getAmountRaisedByDisplayMonth(List<AggregateResult>, List<Date>, String)
07:39:17.466 (466629288)|USER_DEBUG|[163]|DEBUG|Result: 200.0 Refunded
07:39:17.466 (466670085)|METHOD_ENTRY|[164]|01po0000003noZB|TeamRaiserProgressWidgetController.aggregateResultToDate(AggregateResult)
07:39:17.466 (466834673)|METHOD_EXIT|[164]|01po0000003noZB|TeamRaiserProgressWidgetController.aggregateResultToDate(AggregateResult)
07:39:17.467 (467237932)|USER_DEBUG|[163]|DEBUG|Result: 200.0 Refunded
07:39:17.467 (467252994)|METHOD_ENTRY|[164]|01po0000003noZB|TeamRaiserProgressWidgetController.aggregateResultToDate(AggregateResult)
07:39:17.467 (467332113)|METHOD_EXIT|[164]|01po0000003noZB|TeamRaiserProgressWidgetController.aggregateResultToDate(AggregateResult)
07:39:17.467 (467537023)|USER_DEBUG|[163]|DEBUG|Result: 200.0 Refunded
07:39:17.467 (467550011)|METHOD_ENTRY|[164]|01po0000003noZB|TeamRaiserProgressWidgetController.aggregateResultToDate(AggregateResult)
07:39:17.467 (467629769)|METHOD_EXIT|[164]|01po0000003noZB|TeamRaiserProgressWidgetController.aggregateResultToDate(AggregateResult)
07:39:17.467 (467830778)|USER_DEBUG|[163]|DEBUG|Result: 200.0 Refunded
07:39:17.467 (467843105)|METHOD_ENTRY|[164]|01po0000003noZB|TeamRaiserProgressWidgetController.aggregateResultToDate(AggregateResult)
07:39:17.467 (467916456)|METHOD_EXIT|[164]|01po0000003noZB|TeamRaiserProgressWidgetController.aggregateResultToDate(AggregateResult)
07:39:17.468 (468114746)|USER_DEBUG|[163]|DEBUG|Result: 200.0 Refunded
07:39:17.468 (468127757)|METHOD_ENTRY|[164]|01po0000003noZB|TeamRaiserProgressWidgetController.aggregateResultToDate(AggregateResult)
07:39:17.468 (468199967)|METHOD_EXIT|[164]|01po0000003noZB|TeamRaiserProgressWidgetController.aggregateResultToDate(AggregateResult)
07:39:17.468 (468278311)|METHOD_ENTRY|[176]|01po0000003noZB|TeamRaiserProgressWidgetController.sameStage(AggregateResult, String)
07:39:17.468 (468356517)|METHOD_EXIT|[176]|01po0000003noZB|TeamRaiserProgressWidgetController.sameStage(AggregateResult, String)
07:39:17.468 (468652807)|USER_DEBUG|[163]|DEBUG|Result: 200.0 Refunded
07:39:17.468 (468665965)|METHOD_ENTRY|[164]|01po0000003noZB|TeamRaiserProgressWidgetController.aggregateResultToDate(AggregateResult)
07:39:17.468 (468740954)|METHOD_EXIT|[164]|01po0000003noZB|TeamRaiserProgressWidgetController.aggregateResultToDate(AggregateResult)
07:39:17.468 (468830197)|METHOD_EXIT|[221]|01po0000003noZB|TeamRaiserProgressWidgetController.getAmountRaisedByDisplayMonth(List<AggregateResult>, List<Date>, String)
07:39:17.468 (468838360)|METHOD_EXIT|[73]|01po0000003noZB|TeamRaiserProgressWidgetController.getRefundsPerDisplayMonth(List<Date>)
07:39:17.468 (468849862)|METHOD_ENTRY|[75]|01po0000003noZB|TeamRaiserProgressWidgetController.getAmountRaisedByDisplayMonth(List<AggregateResult>, List<Date>, String)
07:39:17.469 (469033879)|USER_DEBUG|[163]|DEBUG|Result: 20.0 Received
07:39:17.469 (469047527)|METHOD_ENTRY|[164]|01po0000003noZB|TeamRaiserProgressWidgetController.aggregateResultToDate(AggregateResult)
07:39:17.469 (469121760)|METHOD_EXIT|[164]|01po0000003noZB|TeamRaiserProgressWidgetController.aggregateResultToDate(AggregateResult)
07:39:17.469 (469439037)|USER_DEBUG|[163]|DEBUG|Result: 20.0 Received
07:39:17.469 (469452574)|METHOD_ENTRY|[164]|01po0000003noZB|TeamRaiserProgressWidgetController.aggregateResultToDate(AggregateResult)
07:39:17.469 (469580045)|METHOD_EXIT|[164]|01po0000003noZB|TeamRaiserProgressWidgetController.aggregateResultToDate(AggregateResult)
07:39:17.469 (469957542)|USER_DEBUG|[163]|DEBUG|Result: 20.0 Received
07:39:17.470 (470009719)|METHOD_ENTRY|[164]|01po0000003noZB|TeamRaiserProgressWidgetController.aggregateResultToDate(AggregateResult)
07:39:17.470 (470089692)|METHOD_EXIT|[164]|01po0000003noZB|TeamRaiserProgressWidgetController.aggregateResultToDate(AggregateResult)
07:39:17.470 (470330329)|USER_DEBUG|[163]|DEBUG|Result: 20.0 Received
07:39:17.470 (470343331)|METHOD_ENTRY|[164]|01po0000003noZB|TeamRaiserProgressWidgetController.aggregateResultToDate(AggregateResult)
07:39:17.470 (470468648)|METHOD_EXIT|[164]|01po0000003noZB|TeamRaiserProgressWidgetController.aggregateResultToDate(AggregateResult)
07:39:17.470 (470745215)|USER_DEBUG|[163]|DEBUG|Result: 20.0 Received
07:39:17.470 (470769098)|METHOD_ENTRY|[164]|01po0000003noZB|TeamRaiserProgressWidgetController.aggregateResultToDate(AggregateResult)
07:39:17.470 (470897928)|METHOD_EXIT|[164]|01po0000003noZB|TeamRaiserProgressWidgetController.aggregateResultToDate(AggregateResult)
07:39:17.471 (471030427)|METHOD_ENTRY|[176]|01po0000003noZB|TeamRaiserProgressWidgetController.sameStage(AggregateResult, String)
07:39:17.471 (471116542)|METHOD_EXIT|[176]|01po0000003noZB|TeamRaiserProgressWidgetController.sameStage(AggregateResult, String)
07:39:17.471 (471443689)|USER_DEBUG|[163]|DEBUG|Result: 20.0 Received
07:39:17.471 (471464551)|METHOD_ENTRY|[164]|01po0000003noZB|TeamRaiserProgressWidgetController.aggregateResultToDate(AggregateResult)
07:39:17.471 (471604288)|METHOD_EXIT|[164]|01po0000003noZB|TeamRaiserProgressWidgetController.aggregateResultToDate(AggregateResult)
07:39:17.471 (471727516)|METHOD_EXIT|[75]|01po0000003noZB|TeamRaiserProgressWidgetController.getAmountRaisedByDisplayMonth(List<AggregateResult>, List<Date>, String)
07:39:17.471 (471780449)|METHOD_EXIT|[8]|01po0000003noZB|TeamRaiserProgressWidgetController.generateData()
07:39:17.471 (471972089)|USER_DEBUG|[9]|DEBUG|(0, 0, 0, 0, 20.0, 20.0)
07:39:18.056 (472039069)|CUMULATIVE_LIMIT_USAGE
07:39:18.056|LIMIT_USAGE_FOR_NS|(default)|
  Number of SOQL queries: 3 out of 100
  Number of query rows: 5 out of 50000
  Number of SOSL queries: 0 out of 20
  Number of DML statements: 0 out of 150
  Number of DML rows: 0 out of 10000
  Maximum CPU time: 0 out of 10000
  Maximum heap size: 0 out of 6000000
  Number of callouts: 0 out of 100
  Number of Email Invocations: 0 out of 10
  Number of future calls: 0 out of 50
  Number of queueable jobs added to the queue: 0 out of 50
  Number of Mobile Apex push calls: 0 out of 10

07:39:18.056|CUMULATIVE_LIMIT_USAGE_END

07:39:17.472 (472085252)|CODE_UNIT_FINISHED|execute_anonymous_apex
07:39:17.474 (474176474)|EXECUTION_FINISHED