Execute Anonymous

================================

TeamRaiser_Registration__c[] regs = [SELECT Id,Name, Fundraising_Goal__c FROM TeamRaiser_Registration__c];
regs[0].Fundraising_Goal__c = 1.00;
update regs[0];
System.debug('regs: ' + regs);


================================

31.0 APEX_CODE,DEBUG;APEX_PROFILING,DEBUG;CALLOUT,INFO;DB,INFO;VALIDATION,INFO;WORKFLOW,INFO
Execute Anonymous: TeamRaiser_Registration__c[] regs = [SELECT Id,Name, Fundraising_Goal__c FROM TeamRaiser_Registration__c];
Execute Anonymous: regs[0].Fundraising_Goal__c = 1.00;
Execute Anonymous: update regs[0];
Execute Anonymous: System.debug('regs: ' + regs);
06:56:59.041 (41658078)|EXECUTION_STARTED
06:56:59.041 (41672012)|CODE_UNIT_STARTED|[EXTERNAL]|execute_anonymous_apex
06:56:59.042 (42358264)|SOQL_EXECUTE_BEGIN|[1]|Aggregations:0|SELECT Id, Name, Fundraising_Goal__c FROM TeamRaiser_Registration__c
06:56:59.044 (44406912)|SOQL_EXECUTE_END|[1]|Rows:2
06:56:59.044 (44649752)|DML_BEGIN|[3]|Op:Update|Type:TeamRaiser_Registration__c|Rows:1
06:56:59.657 (657011148)|CODE_UNIT_STARTED|[EXTERNAL]|01qo0000000EAJ1|TeamRaiserRegistrationValidateComDetails on TeamRaiser_Registration trigger event BeforeUpdate for [a0jo0000001I18l]
06:56:59.663 (663587104)|METHOD_ENTRY|[1]|01po0000000dlj9|TeamRaiser_Registration_Service.TeamRaiser_Registration_Service()
06:56:59.663 (663604388)|METHOD_EXIT|[1]|TeamRaiser_Registration_Service
06:56:59.663 (663638345)|CONSTRUCTOR_ENTRY|[2]|01po0000000dlj9|<init>()
06:56:59.663 (663691783)|CONSTRUCTOR_EXIT|[2]|01po0000000dlj9|<init>()
06:56:59.663 (663787231)|USER_DEBUG|[5]|DEBUG|Before upserting registrations ...
06:56:59.680 (680299225)|METHOD_ENTRY|[5]|01po0000000dliz|TeamRaiserRegistrationComValidator.TeamRaiserRegistrationComValidator()
06:56:59.680 (680315501)|METHOD_EXIT|[5]|TeamRaiserRegistrationComValidator
06:56:59.694 (694622820)|CONSTRUCTOR_ENTRY|[6]|01po0000000dliz|<init>()
06:56:59.703 (703197970)|METHOD_ENTRY|[8]|01po0000000dleK|ComValidator.ComValidator()
06:56:59.703 (703763608)|METHOD_ENTRY|[1]|01po0000000dlh5|Log.Log()
06:56:59.703 (703803486)|METHOD_ENTRY|[27]|01po0000000dlh5|Log.isDiagnosticsEnabled()
06:56:59.725 (725614976)|METHOD_EXIT|[27]|01po0000000dlh5|Log.isDiagnosticsEnabled()
06:56:59.725 (725824678)|METHOD_EXIT|[1]|Log
06:56:59.725 (725872736)|CONSTRUCTOR_ENTRY|[10]|01po0000000dlh5|<init>(String)
06:56:59.725 (725945984)|CONSTRUCTOR_EXIT|[10]|01po0000000dlh5|<init>(String)
06:56:59.725 (725961347)|METHOD_EXIT|[8]|ComValidator
06:56:59.725 (725973696)|CONSTRUCTOR_ENTRY|[135]|01po0000000dleK|<init>()
06:56:59.726 (726040452)|CONSTRUCTOR_EXIT|[135]|01po0000000dleK|<init>()
06:56:59.731 (731865950)|METHOD_ENTRY|[2]|01po0000000dleI|ComLinkedObjectCache.ComLinkedObjectCache()
06:56:59.732 (732679731)|CONSTRUCTOR_ENTRY|[6]|01po0000000dleI|<init>()
06:56:59.732 (732766168)|CONSTRUCTOR_EXIT|[6]|01po0000000dleI|<init>()
06:56:59.732 (732856050)|CONSTRUCTOR_ENTRY|[15]|01po0000000dleI|<init>()
06:56:59.733 (733045672)|CONSTRUCTOR_EXIT|[15]|01po0000000dleI|<init>()
06:56:59.733 (733078198)|METHOD_EXIT|[2]|ComLinkedObjectCache
06:56:59.733 (733120282)|METHOD_ENTRY|[136]|01po0000000dleI|ComLinkedObjectCache.getInstanceForTransaction()
06:56:59.733 (733196654)|METHOD_EXIT|[136]|01po0000000dleI|ComLinkedObjectCache.getInstanceForTransaction()
06:56:59.733 (733227366)|CONSTRUCTOR_EXIT|[6]|01po0000000dliz|<init>()
06:56:59.733 (733312641)|METHOD_ENTRY|[6]|01po0000000dliz|TeamRaiserRegistrationComValidator.validateForCom(List<SObject>, Map<Id,SObject>)
06:56:59.733 (733347415)|METHOD_ENTRY|[22]|01po0000000dliz|TeamRaiserRegistrationComValidator.prep(List<SObject>, Map<Id,SObject>)
06:56:59.749 (749097049)|METHOD_ENTRY|[1]|01po0000000dlj5|TeamRaiserUtils.TeamRaiserUtils()
06:56:59.749 (749150154)|CONSTRUCTOR_ENTRY|[3]|01po0000000dlh5|<init>(String)
06:56:59.749 (749223996)|CONSTRUCTOR_EXIT|[3]|01po0000000dlh5|<init>(String)
06:56:59.749 (749279567)|METHOD_EXIT|[1]|TeamRaiserUtils
06:56:59.749 (749321551)|METHOD_ENTRY|[43]|01po0000000dlj5|TeamRaiserUtils.toRegistration(SObject)
06:56:59.749 (749573805)|METHOD_EXIT|[43]|01po0000000dlj5|TeamRaiserUtils.toRegistration(SObject)
06:56:59.750 (750399148)|USER_DEBUG|[85]|DEBUG|*** Adding 1000 to set.
06:56:59.750 (750771162)|SOQL_EXECUTE_BEGIN|[95]|Aggregations:0|SELECT Id, Name, Campaign__c FROM TeamRaiser_Participation_Type__c WHERE Campaign__c IN :tmpVar1
06:56:59.780 (780101853)|SOQL_EXECUTE_END|[95]|Rows:1
06:56:59.781 (781098555)|SOQL_EXECUTE_BEGIN|[112]|Aggregations:0|SELECT Id, Campaign__c, Contact__c FROM TeamRaiser_Registration__c WHERE (Campaign__c IN :tmpVar1 AND Contact__c IN :tmpVar2 AND Id NOT IN :tmpVar3)
06:56:59.790 (790979921)|SOQL_EXECUTE_END|[112]|Rows:0
06:56:59.791 (791294338)|SOQL_EXECUTE_BEGIN|[126]|Aggregations:0|SELECT Id, Campaign__c, Name FROM TeamRaiser_Team__c WHERE Id IN :tmpVar1
06:56:59.797 (797028798)|SOQL_EXECUTE_END|[126]|Rows:1
06:56:59.823 (823363242)|METHOD_ENTRY|[1]|01po0000000dllI|Utils.Utils()
06:56:59.827 (827689530)|METHOD_EXIT|[1]|Utils
06:56:59.827 (827729228)|METHOD_ENTRY|[127]|01po0000000dllI|Utils.shouldIncrementRevision()
06:56:59.827 (827779083)|METHOD_EXIT|[127]|01po0000000dllI|Utils.shouldIncrementRevision()
06:56:59.828 (828050827)|SOQL_EXECUTE_BEGIN|[128]|Aggregations:0|SELECT Id, Amount, Payment_Type__c FROM Opportunity WHERE Id IN :tmpVar1
06:56:59.835 (835029023)|SOQL_EXECUTE_END|[128]|Rows:0
06:56:59.835 (835135351)|METHOD_EXIT|[22]|01po0000000dliz|TeamRaiserRegistrationComValidator.prep(List<SObject>, Map<Id,SObject>)
06:56:59.835 (835309003)|METHOD_ENTRY|[26]|01po0000000dleK|ComValidator.validateForCom(SObject, SObject)
06:56:59.835 (835342831)|METHOD_ENTRY|[42]|01po0000000dleK|ComValidator.isLinkedToComObject(SObject)
06:56:59.835 (835371526)|METHOD_ENTRY|[72]|01po0000000dliz|TeamRaiserRegistrationComValidator.getLinkedComObjectId(SObject)
06:56:59.838 (838949539)|METHOD_ENTRY|[4]|01po0000000dlk0|ValidationUtils.ValidationUtils()
06:56:59.838 (838967594)|METHOD_EXIT|[4]|ValidationUtils
06:56:59.839 (839004055)|METHOD_ENTRY|[141]|01po0000000dlk0|ValidationUtils.validateArgumentNotNull(SObject, String)
06:56:59.839 (839047882)|METHOD_EXIT|[141]|01po0000000dlk0|ValidationUtils.validateArgumentNotNull(SObject, String)
06:56:59.839 (839061829)|METHOD_ENTRY|[144]|01po0000000dlj5|TeamRaiserUtils.toRegistration(SObject)
06:56:59.839 (839189857)|METHOD_EXIT|[144]|01po0000000dlj5|TeamRaiserUtils.toRegistration(SObject)
06:56:59.839 (839229139)|METHOD_ENTRY|[146]|01po0000000dleI|ComLinkedObjectCache.getComIdForTeamRaiserRegistration(TeamRaiser_Registration__c)
06:56:59.839 (839873308)|METHOD_ENTRY|[45]|01po0000000dlk0|ValidationUtils.validateArgumentNotNull(SObject, String)
06:56:59.839 (839941715)|METHOD_EXIT|[45]|01po0000000dlk0|ValidationUtils.validateArgumentNotNull(SObject, String)
06:56:59.839 (839965197)|METHOD_ENTRY|[47]|01po0000000dleI|ComLinkedObjectCache.getComIdForCampaignId(Id)
06:56:59.839 (839996872)|METHOD_ENTRY|[61]|01po0000000dleI|ComLinkedObjectCache.containsCachedComId(Id)
06:56:59.840 (840065956)|METHOD_EXIT|[61]|01po0000000dleI|ComLinkedObjectCache.containsCachedComId(Id)
06:56:59.840 (840225799)|METHOD_ENTRY|[65]|01po0000000dllI|Utils.getSObjectWithAllFields(SObject, Id)
06:56:59.840 (840719399)|METHOD_ENTRY|[970]|01po0000000dllI|Utils.getSObjectWithAllFields(String, Id)
06:56:59.840 (840782434)|METHOD_ENTRY|[974]|01po0000000dllI|Utils.getSObjectsWithAllFields(String, List<Id>)
06:56:59.840 (840994466)|METHOD_ENTRY|[965]|01po0000000dllI|Utils.buildSelectAllQuery(String)
06:56:59.864 (864359287)|METHOD_ENTRY|[946]|01po0000000dllI|Utils.makeSoqlSafe(String)
06:56:59.864 (864410387)|METHOD_ENTRY|[635]|01po0000000dllI|Utils.hasValue(Object)
06:56:59.864 (864578258)|METHOD_EXIT|[635]|01po0000000dllI|Utils.hasValue(Object)
06:56:59.864 (864707641)|METHOD_EXIT|[946]|01po0000000dllI|Utils.makeSoqlSafe(String)
06:56:59.864 (864734122)|METHOD_EXIT|[965]|01po0000000dllI|Utils.buildSelectAllQuery(String)
06:56:59.866 (866244750)|SOQL_EXECUTE_BEGIN|[965]|Aggregations:0|select hierarchybudgetedcost,expected_responses__c,fiscal_year__c,parentid,teamraiser_id__c,type,event__c,campaign_type__c,createdbyid,lastactivitydate,hierarchynumberofwonopportunities,largest_gift__c,lock_segments__c,description,campaignmemberrecordtypeid,isdeleted,systemmodstamp,numbersent,hierarchynumberofopportunities,status,hierarchynumberofleads,budgetedcost,createddate,ownerid,expected_response_rate__c,response_rate__c,startdate,average_gift_amount__c,hierarchynumbersent,amountwonopportunities,total_responses__c,campaign_contacts__c,enddate,campaign_budgeted_cost__c,hierarchyamountallopportunities,lastmodifiedbyid,campaign_cost__c,last_recalculation_date__c,expectedresponse,campaign_category__c,multichannel_campaign__c,cost_per_response__c,expectedrevenue,channel__c,online_default__c,numberofconvertedleads,lastmodifieddate,id,hierarchynumberofresponses,isactive,name,actualcost,campaign_duration__c,numberofopportunities,numberofresponses,amountallopportunities,cost_per_piece__c,isappeal__c,cost_per_dollar_raised__c,default_designation__c,hierarchynumberofcontacts,hierarchyexpectedrevenue,numberofwonopportunities,hierarchynumberofconvertedleads,hierarchyamountwonopportunities,expected_average_gift__c,numberofleads,numberofcontacts,total_pieces__c,campaign_expected_revenue__c,strategic_program__c,hierarchyactualcost from Campaign WHERE Id IN('701o0000000a6PTAAY')
06:56:59.999 (999613690)|SOQL_EXECUTE_END|[965]|Rows:1
06:56:59.999 (999779297)|METHOD_EXIT|[974]|01po0000000dllI|Utils.getSObjectsWithAllFields(String, List<Id>)
06:56:59.999 (999947813)|METHOD_EXIT|[970]|01po0000000dllI|Utils.getSObjectWithAllFields(String, Id)
06:56:59.999 (999962620)|METHOD_EXIT|[65]|01po0000000dllI|Utils.getSObjectWithAllFields(SObject, Id)
06:57:00.000 (1000129489)|METHOD_ENTRY|[71]|01po0000000dleI|ComLinkedObjectCache.putCachedComId(Id, Integer)
06:57:00.000 (1000174959)|METHOD_ENTRY|[138]|01po0000000dleI|ComLinkedObjectCache.containsCachedComId(Id)
06:57:00.000 (1000225417)|METHOD_EXIT|[138]|01po0000000dleI|ComLinkedObjectCache.containsCachedComId(Id)
06:57:00.000 (1000289955)|METHOD_EXIT|[71]|01po0000000dleI|ComLinkedObjectCache.putCachedComId(Id, Integer)
06:57:00.000 (1000307234)|METHOD_ENTRY|[73]|01po0000000dleI|ComLinkedObjectCache.getCachedComId(Id)
06:57:00.000 (1000333824)|METHOD_ENTRY|[131]|01po0000000dleI|ComLinkedObjectCache.containsCachedComId(Id)
06:57:00.000 (1000374957)|METHOD_EXIT|[131]|01po0000000dleI|ComLinkedObjectCache.containsCachedComId(Id)
06:57:00.000 (1000427085)|METHOD_EXIT|[73]|01po0000000dleI|ComLinkedObjectCache.getCachedComId(Id)
06:57:00.000 (1000438024)|METHOD_EXIT|[47]|01po0000000dleI|ComLinkedObjectCache.getComIdForCampaignId(Id)
06:57:00.000 (1000455398)|METHOD_EXIT|[146]|01po0000000dleI|ComLinkedObjectCache.getComIdForTeamRaiserRegistration(TeamRaiser_Registration__c)
06:57:00.000 (1000465589)|METHOD_EXIT|[72]|01po0000000dliz|TeamRaiserRegistrationComValidator.getLinkedComObjectId(SObject)
06:57:00.000 (1000476925)|METHOD_EXIT|[42]|01po0000000dleK|ComValidator.isLinkedToComObject(SObject)
06:57:00.000 (1000496433)|METHOD_ENTRY|[45]|01po0000000dleK|ComValidator.buildComValidationErrors(SObject, SObject)
06:57:00.002 (1002615206)|METHOD_ENTRY|[100]|01po0000000dliz|TeamRaiserRegistrationComValidator.getLinkedComObjectId(SObject)
06:57:00.002 (1002644835)|METHOD_ENTRY|[141]|01po0000000dlk0|ValidationUtils.validateArgumentNotNull(SObject, String)
06:57:00.002 (1002657902)|METHOD_EXIT|[141]|01po0000000dlk0|ValidationUtils.validateArgumentNotNull(SObject, String)
06:57:00.002 (1002669069)|METHOD_ENTRY|[144]|01po0000000dlj5|TeamRaiserUtils.toRegistration(SObject)
06:57:00.002 (1002783942)|METHOD_EXIT|[144]|01po0000000dlj5|TeamRaiserUtils.toRegistration(SObject)
06:57:00.002 (1002796968)|METHOD_ENTRY|[146]|01po0000000dleI|ComLinkedObjectCache.getComIdForTeamRaiserRegistration(TeamRaiser_Registration__c)
06:57:00.002 (1002815483)|METHOD_ENTRY|[45]|01po0000000dlk0|ValidationUtils.validateArgumentNotNull(SObject, String)
06:57:00.002 (1002825477)|METHOD_EXIT|[45]|01po0000000dlk0|ValidationUtils.validateArgumentNotNull(SObject, String)
06:57:00.002 (1002841057)|METHOD_ENTRY|[47]|01po0000000dleI|ComLinkedObjectCache.getComIdForCampaignId(Id)
06:57:00.002 (1002852227)|METHOD_ENTRY|[61]|01po0000000dleI|ComLinkedObjectCache.containsCachedComId(Id)
06:57:00.002 (1002881786)|METHOD_EXIT|[61]|01po0000000dleI|ComLinkedObjectCache.containsCachedComId(Id)
06:57:00.002 (1002892602)|METHOD_ENTRY|[73]|01po0000000dleI|ComLinkedObjectCache.getCachedComId(Id)
06:57:00.002 (1002901542)|METHOD_ENTRY|[131]|01po0000000dleI|ComLinkedObjectCache.containsCachedComId(Id)
06:57:00.002 (1002932588)|METHOD_EXIT|[131]|01po0000000dleI|ComLinkedObjectCache.containsCachedComId(Id)
06:57:00.002 (1002960189)|METHOD_EXIT|[73]|01po0000000dleI|ComLinkedObjectCache.getCachedComId(Id)
06:57:00.002 (1002968459)|METHOD_EXIT|[47]|01po0000000dleI|ComLinkedObjectCache.getComIdForCampaignId(Id)
06:57:00.002 (1002980006)|METHOD_EXIT|[146]|01po0000000dleI|ComLinkedObjectCache.getComIdForTeamRaiserRegistration(TeamRaiser_Registration__c)
06:57:00.002 (1002987351)|METHOD_EXIT|[100]|01po0000000dliz|TeamRaiserRegistrationComValidator.getLinkedComObjectId(SObject)
06:57:00.002 (1002998101)|METHOD_ENTRY|[101]|01po0000000dliz|TeamRaiserRegistrationComValidator.getLinkedComObjectId(SObject)
06:57:00.003 (1003019383)|METHOD_ENTRY|[141]|01po0000000dlk0|ValidationUtils.validateArgumentNotNull(SObject, String)
06:57:00.003 (1003031460)|METHOD_EXIT|[141]|01po0000000dlk0|ValidationUtils.validateArgumentNotNull(SObject, String)
06:57:00.003 (1003039494)|METHOD_ENTRY|[144]|01po0000000dlj5|TeamRaiserUtils.toRegistration(SObject)
06:57:00.003 (1003115459)|METHOD_EXIT|[144]|01po0000000dlj5|TeamRaiserUtils.toRegistration(SObject)
06:57:00.003 (1003127459)|METHOD_ENTRY|[146]|01po0000000dleI|ComLinkedObjectCache.getComIdForTeamRaiserRegistration(TeamRaiser_Registration__c)
06:57:00.003 (1003143710)|METHOD_ENTRY|[45]|01po0000000dlk0|ValidationUtils.validateArgumentNotNull(SObject, String)
06:57:00.003 (1003153392)|METHOD_EXIT|[45]|01po0000000dlk0|ValidationUtils.validateArgumentNotNull(SObject, String)
06:57:00.003 (1003198086)|METHOD_ENTRY|[47]|01po0000000dleI|ComLinkedObjectCache.getComIdForCampaignId(Id)
06:57:00.003 (1003211505)|METHOD_ENTRY|[61]|01po0000000dleI|ComLinkedObjectCache.containsCachedComId(Id)
06:57:00.003 (1003241556)|METHOD_EXIT|[61]|01po0000000dleI|ComLinkedObjectCache.containsCachedComId(Id)
06:57:00.003 (1003252026)|METHOD_ENTRY|[73]|01po0000000dleI|ComLinkedObjectCache.getCachedComId(Id)
06:57:00.003 (1003261020)|METHOD_ENTRY|[131]|01po0000000dleI|ComLinkedObjectCache.containsCachedComId(Id)
06:57:00.003 (1003287009)|METHOD_EXIT|[131]|01po0000000dleI|ComLinkedObjectCache.containsCachedComId(Id)
06:57:00.003 (1003313971)|METHOD_EXIT|[73]|01po0000000dleI|ComLinkedObjectCache.getCachedComId(Id)
06:57:00.003 (1003322225)|METHOD_EXIT|[47]|01po0000000dleI|ComLinkedObjectCache.getComIdForCampaignId(Id)
06:57:00.003 (1003333623)|METHOD_EXIT|[146]|01po0000000dleI|ComLinkedObjectCache.getComIdForTeamRaiserRegistration(TeamRaiser_Registration__c)
06:57:00.003 (1003340687)|METHOD_EXIT|[101]|01po0000000dliz|TeamRaiserRegistrationComValidator.getLinkedComObjectId(SObject)
06:57:00.003 (1003462915)|METHOD_ENTRY|[103]|01po0000000dlh5|Log.debug(String)
06:57:00.003 (1003611038)|METHOD_ENTRY|[196]|01po0000000dlh5|Log.applyPrefix(String)
06:57:00.003 (1003652190)|METHOD_EXIT|[196]|01po0000000dlh5|Log.applyPrefix(String)
06:57:00.003 (1003690680)|USER_DEBUG|[196]|DEBUG|Convio.ComValidator: Validating related CLO ids.  New CLO id: 1000.  Previous CLO id: 1000.
06:57:00.003 (1003705350)|METHOD_EXIT|[103]|01po0000000dlh5|Log.debug(String)
06:57:00.003 (1003725149)|METHOD_ENTRY|[112]|01po0000000dliz|TeamRaiserRegistrationComValidator.buildDomainSpecificComValidationErrors(SObject, SObject)
06:57:00.003 (1003764703)|METHOD_ENTRY|[151]|01po0000000dlk0|ValidationUtils.validateArgumentNotNull(SObject, String)
06:57:00.003 (1003787348)|METHOD_EXIT|[151]|01po0000000dlk0|ValidationUtils.validateArgumentNotNull(SObject, String)
06:57:00.003 (1003797330)|METHOD_ENTRY|[154]|01po0000000dlj5|TeamRaiserUtils.toRegistration(SObject)
06:57:00.003 (1003889652)|METHOD_EXIT|[154]|01po0000000dlj5|TeamRaiserUtils.toRegistration(SObject)
06:57:00.003 (1003902144)|METHOD_ENTRY|[155]|01po0000000dlj5|TeamRaiserUtils.toRegistration(SObject)
06:57:00.003 (1003991924)|METHOD_EXIT|[155]|01po0000000dlj5|TeamRaiserUtils.toRegistration(SObject)
06:57:00.004 (1004031646)|METHOD_ENTRY|[159]|01po0000000dleK|ComValidator.isLinkedToComObject(SObject)
06:57:00.004 (1004053732)|METHOD_ENTRY|[72]|01po0000000dliz|TeamRaiserRegistrationComValidator.getLinkedComObjectId(SObject)
06:57:00.004 (1004064466)|METHOD_ENTRY|[141]|01po0000000dlk0|ValidationUtils.validateArgumentNotNull(SObject, String)
06:57:00.004 (1004073705)|METHOD_EXIT|[141]|01po0000000dlk0|ValidationUtils.validateArgumentNotNull(SObject, String)
06:57:00.004 (1004081008)|METHOD_ENTRY|[144]|01po0000000dlj5|TeamRaiserUtils.toRegistration(SObject)
06:57:00.004 (1004154668)|METHOD_EXIT|[144]|01po0000000dlj5|TeamRaiserUtils.toRegistration(SObject)
06:57:00.004 (1004166871)|METHOD_ENTRY|[146]|01po0000000dleI|ComLinkedObjectCache.getComIdForTeamRaiserRegistration(TeamRaiser_Registration__c)
06:57:00.004 (1004183435)|METHOD_ENTRY|[45]|01po0000000dlk0|ValidationUtils.validateArgumentNotNull(SObject, String)
06:57:00.004 (1004193219)|METHOD_EXIT|[45]|01po0000000dlk0|ValidationUtils.validateArgumentNotNull(SObject, String)
06:57:00.004 (1004204948)|METHOD_ENTRY|[47]|01po0000000dleI|ComLinkedObjectCache.getComIdForCampaignId(Id)
06:57:00.004 (1004215559)|METHOD_ENTRY|[61]|01po0000000dleI|ComLinkedObjectCache.containsCachedComId(Id)
06:57:00.004 (1004244354)|METHOD_EXIT|[61]|01po0000000dleI|ComLinkedObjectCache.containsCachedComId(Id)
06:57:00.004 (1004255205)|METHOD_ENTRY|[73]|01po0000000dleI|ComLinkedObjectCache.getCachedComId(Id)
06:57:00.004 (1004264235)|METHOD_ENTRY|[131]|01po0000000dleI|ComLinkedObjectCache.containsCachedComId(Id)
06:57:00.004 (1004289647)|METHOD_EXIT|[131]|01po0000000dleI|ComLinkedObjectCache.containsCachedComId(Id)
06:57:00.004 (1004316632)|METHOD_EXIT|[73]|01po0000000dleI|ComLinkedObjectCache.getCachedComId(Id)
06:57:00.004 (1004324795)|METHOD_EXIT|[47]|01po0000000dleI|ComLinkedObjectCache.getComIdForCampaignId(Id)
06:57:00.004 (1004336203)|METHOD_EXIT|[146]|01po0000000dleI|ComLinkedObjectCache.getComIdForTeamRaiserRegistration(TeamRaiser_Registration__c)
06:57:00.004 (1004343121)|METHOD_EXIT|[72]|01po0000000dliz|TeamRaiserRegistrationComValidator.getLinkedComObjectId(SObject)
06:57:00.004 (1004350957)|METHOD_EXIT|[159]|01po0000000dleK|ComValidator.isLinkedToComObject(SObject)
06:57:00.014 (1014606875)|METHOD_ENTRY|[6]|01po0000003QZvz|CurrencyFormatter.CurrencyFormatter()
06:57:00.014 (1014640903)|METHOD_EXIT|[6]|CurrencyFormatter
06:57:00.014 (1014680478)|METHOD_ENTRY|[216]|01po0000003QZvz|CurrencyFormatter.currencyOfUser()
06:57:00.015 (1015568246)|CONSTRUCTOR_ENTRY|[30]|01po0000003QZvz|<init>(String,String,Boolean)
06:57:00.015 (1015709688)|CONSTRUCTOR_ENTRY|[14]|01po0000003QZvz|<init>(Integer,String)
06:57:00.015 (1015947056)|CONSTRUCTOR_EXIT|[14]|01po0000003QZvz|<init>(Integer,String)
06:57:00.015 (1015971902)|CONSTRUCTOR_ENTRY|[14]|01po0000003QZvz|<init>(Integer,String)
06:57:00.016 (1016020380)|CONSTRUCTOR_EXIT|[14]|01po0000003QZvz|<init>(Integer,String)
06:57:00.016 (1016040947)|CONSTRUCTOR_ENTRY|[14]|01po0000003QZvz|<init>(Integer,String)
06:57:00.016 (1016085379)|CONSTRUCTOR_EXIT|[14]|01po0000003QZvz|<init>(Integer,String)
06:57:00.016 (1016103180)|CONSTRUCTOR_ENTRY|[14]|01po0000003QZvz|<init>(Integer,String)
06:57:00.016 (1016146988)|CONSTRUCTOR_EXIT|[14]|01po0000003QZvz|<init>(Integer,String)
06:57:00.016 (1016192399)|METHOD_ENTRY|[25]|01po0000003QZvz|CurrencyFormatter.getDecimalSeparator()
06:57:00.016 (1016358657)|METHOD_EXIT|[25]|01po0000003QZvz|CurrencyFormatter.getDecimalSeparator()
06:57:00.016 (1016390983)|CONSTRUCTOR_EXIT|[30]|01po0000003QZvz|<init>(String,String,Boolean)
06:57:00.016 (1016404834)|METHOD_EXIT|[216]|01po0000003QZvz|CurrencyFormatter.currencyOfUser()
06:57:00.016 (1016416461)|METHOD_ENTRY|[217]|01po0000003QZvz|CurrencyFormatter.getDecimalSeparator()
06:57:00.016 (1016516794)|METHOD_EXIT|[217]|01po0000003QZvz|CurrencyFormatter.getDecimalSeparator()
06:57:00.016 (1016531831)|METHOD_ENTRY|[218]|01po0000003QZvz|CurrencyFormatter.hasFractionalDenomination()
06:57:00.016 (1016587623)|METHOD_EXIT|[218]|01po0000003QZvz|CurrencyFormatter.hasFractionalDenomination()
06:57:00.016 (1016812311)|METHOD_EXIT|[112]|01po0000000dliz|TeamRaiserRegistrationComValidator.buildDomainSpecificComValidationErrors(SObject, SObject)
06:57:00.016 (1016850971)|METHOD_EXIT|[45]|01po0000000dleK|ComValidator.buildComValidationErrors(SObject, SObject)
06:57:00.016 (1016901269)|METHOD_ENTRY|[49]|01po0000000dlh5|Log.debug(String)
06:57:00.016 (1016949038)|METHOD_ENTRY|[196]|01po0000000dlh5|Log.applyPrefix(String)
06:57:00.016 (1016968567)|METHOD_EXIT|[196]|01po0000000dlh5|Log.applyPrefix(String)
06:57:00.016 (1016996037)|USER_DEBUG|[196]|DEBUG|Convio.ComValidator: LCRM object is valid with regard to linked CLO object
06:57:00.017 (1017010093)|METHOD_EXIT|[49]|01po0000000dlh5|Log.debug(String)
06:57:00.017 (1017021599)|METHOD_EXIT|[26]|01po0000000dleK|ComValidator.validateForCom(SObject, SObject)
06:57:00.017 (1017135579)|USER_DEBUG|[27]|INFO|Object 1 of 1 was valid.
06:57:00.017 (1017164697)|METHOD_EXIT|[6]|01po0000000dliz|TeamRaiserRegistrationComValidator.validateForCom(List<SObject>, Map<Id,SObject>)
06:57:00.017 (1017208095)|METHOD_ENTRY|[8]|01po0000000dlj9|TeamRaiser_Registration_Service.incrementRevision(List<TeamRaiser_Registration__c>)
06:57:00.017 (1017241199)|METHOD_ENTRY|[81]|01po0000000dllI|Utils.shouldIncrementRevision()
06:57:00.017 (1017283797)|METHOD_EXIT|[81]|01po0000000dllI|Utils.shouldIncrementRevision()
06:57:00.017 (1017449521)|METHOD_EXIT|[8]|01po0000000dlj9|TeamRaiser_Registration_Service.incrementRevision(List<TeamRaiser_Registration__c>)
06:57:00.155 (1017479902)|CUMULATIVE_LIMIT_USAGE
06:57:00.155|LIMIT_USAGE_FOR_NS|(default)|
  Number of SOQL queries: 6 out of 100
  Number of query rows: 5 out of 50000
  Number of SOSL queries: 0 out of 20
  Number of DML statements: 1 out of 150
  Number of DML rows: 1 out of 10000
  Maximum CPU time: 60 out of 10000
  Maximum heap size: 0 out of 6000000
  Number of callouts: 0 out of 100
  Number of Email Invocations: 0 out of 10
  Number of future calls: 0 out of 50
  Number of queueable jobs added to the queue: 0 out of 50
  Number of Mobile Apex push calls: 0 out of 10

06:57:00.155|CUMULATIVE_LIMIT_USAGE_END

06:57:00.017 (1017611027)|CODE_UNIT_FINISHED|TeamRaiserRegistrationValidateComDetails on TeamRaiser_Registration trigger event BeforeUpdate for [a0jo0000001I18l]
06:57:00.048 (1048233265)|CODE_UNIT_STARTED|[EXTERNAL]|01qo0000000EAIw|TeamRaiserRegistration on TeamRaiser_Registration trigger event BeforeUpdate for [a0jo0000001I18l]
06:57:00.186 (1048906345)|CUMULATIVE_LIMIT_USAGE
06:57:00.186|LIMIT_USAGE_FOR_NS|(default)|
  Number of SOQL queries: 6 out of 100
  Number of query rows: 5 out of 50000
  Number of SOSL queries: 0 out of 20
  Number of DML statements: 1 out of 150
  Number of DML rows: 1 out of 10000
  Maximum CPU time: 60 out of 10000
  Maximum heap size: 0 out of 6000000
  Number of callouts: 0 out of 100
  Number of Email Invocations: 0 out of 10
  Number of future calls: 0 out of 50
  Number of queueable jobs added to the queue: 0 out of 50
  Number of Mobile Apex push calls: 0 out of 10

06:57:00.186|CUMULATIVE_LIMIT_USAGE_END

06:57:00.048 (1048985696)|CODE_UNIT_FINISHED|TeamRaiserRegistration on TeamRaiser_Registration trigger event BeforeUpdate for [a0jo0000001I18l]
06:57:00.237 (1237905161)|CODE_UNIT_STARTED|[EXTERNAL]|01qo0000000EAIw|TeamRaiserRegistration on TeamRaiser_Registration trigger event AfterUpdate for [a0jo0000001I18l]
06:57:00.238 (1238603419)|SOQL_EXECUTE_BEGIN|[36]|Aggregations:0|SELECT Id, Last_TeamRaiser_Registration_Date__c FROM Contact WHERE Id = :tmpVar1
06:57:00.267 (1267855708)|SOQL_EXECUTE_END|[36]|Rows:1
06:57:00.268 (1268231894)|SOQL_EXECUTE_BEGIN|[37]|Aggregations:0|SELECT Contact__c, MAX(Registration_Date__c) maxRegistrationDate FROM TeamRaiser_Registration__c WHERE Contact__c = :tmpVar1 GROUP BY Contact__c
06:57:00.275 (1275018396)|SOQL_EXECUTE_END|[37]|Rows:1
06:57:00.279 (1279122274)|METHOD_ENTRY|[1]|01po0000000dlkU|Constants.Constants()
06:57:00.303 (1303343535)|METHOD_EXIT|[1]|Constants
06:57:00.441 (1303970730)|CUMULATIVE_LIMIT_USAGE
06:57:00.441|LIMIT_USAGE_FOR_NS|(default)|
  Number of SOQL queries: 8 out of 100
  Number of query rows: 7 out of 50000
  Number of SOSL queries: 0 out of 20
  Number of DML statements: 1 out of 150
  Number of DML rows: 1 out of 10000
  Maximum CPU time: 60 out of 10000
  Maximum heap size: 0 out of 6000000
  Number of callouts: 0 out of 100
  Number of Email Invocations: 0 out of 10
  Number of future calls: 0 out of 50
  Number of queueable jobs added to the queue: 0 out of 50
  Number of Mobile Apex push calls: 0 out of 10

06:57:00.441|CUMULATIVE_LIMIT_USAGE_END

06:57:00.304 (1304056670)|CODE_UNIT_FINISHED|TeamRaiserRegistration on TeamRaiser_Registration trigger event AfterUpdate for [a0jo0000001I18l]
06:57:00.305 (1305024187)|CODE_UNIT_STARTED|[EXTERNAL]|Workflow:01Io0000000K7HD
06:57:00.346 (1346626104)|WF_RULE_EVAL_BEGIN|Workflow
06:57:00.346 (1346663596)|WF_CRITERIA_BEGIN|[TeamRaiser Registration: Aaron Brooks Registration for: DiTest a0jo0000001I18l]|TeamRaiser Registration Sync|01Qo0000000bM4O|ON_ALL_CHANGES|0
06:57:00.349 (1349836697)|WF_FORMULA|Formula:ENCODED:[treatNullAsNull]AND( CONTAINS( {!ID:$User.Username} , 'di.huynh+servicebus@convio.com') == false, OR( ISCHANGED( {!ID:00No0000001b7Cr} ), ISNEW() ), {!ID:00No0000001b7Cg.00No0000001b70X} > 0 )|Values:Revision_ID__c=0, $User.Username=di.huynh@convio.com, Campaign__r.Teamraiser_ID__c=1000
06:57:00.349 (1349852549)|WF_CRITERIA_END|true
06:57:00.363 (1363420775)|WF_SPOOL_ACTION_BEGIN|Workflow
06:57:00.363 (1363465044)|WF_RULE_INVOCATION|[TeamRaiser Registration: Aaron Brooks Registration for: DiTest a0jo0000001I18l]
06:57:00.363 (1363483495)|WF_OUTBOUND_MSG|[TeamRaiser Registration: Aaron Brooks Registration for: DiTest a0jo0000001I18l]|Id=04ko0000000LDEJ|CurrentRule:TeamRaiser Registration Sync (Id=01Qo0000000bM4O)
06:57:00.363 (1363502257)|WF_ACTION| Outbound Message: 1;
06:57:00.363 (1363507362)|WF_RULE_EVAL_END
06:57:00.368 (1368517484)|WF_ACTIONS_END| Outbound Message: 1;
06:57:00.368 (1368531238)|CODE_UNIT_FINISHED|Workflow:01Io0000000K7HD
06:57:00.371 (1371797464)|DML_END|[3]
06:57:00.372 (1372033171)|USER_DEBUG|[4]|DEBUG|regs: (TeamRaiser_Registration__c:{Name=Aaron Brooks Registration for: DiTest, Fundraising_Goal__c=1.00, Id=a0jo0000001I18lAAC}, TeamRaiser_Registration__c:{Name=Patrick Beverley Registration for: DiTest, Id=a0jo0000001I1DCAA0})
06:57:00.512 (1374480226)|CUMULATIVE_LIMIT_USAGE
06:57:00.512|LIMIT_USAGE_FOR_NS|(default)|
  Number of SOQL queries: 8 out of 100
  Number of query rows: 7 out of 50000
  Number of SOSL queries: 0 out of 20
  Number of DML statements: 1 out of 150
  Number of DML rows: 1 out of 10000
  Maximum CPU time: 82 out of 10000
  Maximum heap size: 0 out of 6000000
  Number of callouts: 0 out of 100
  Number of Email Invocations: 0 out of 10
  Number of future calls: 0 out of 50
  Number of queueable jobs added to the queue: 0 out of 50
  Number of Mobile Apex push calls: 0 out of 10

06:57:00.512|CUMULATIVE_LIMIT_USAGE_END

06:57:00.374 (1374525947)|CODE_UNIT_FINISHED|execute_anonymous_apex
06:57:00.376 (1376229445)|EXECUTION_FINISHED