Execute Anonymous

================================

System.debug(Test.isRunningTest());

//System.debug(VersionUpgrades.doUpgrades());

================================

31.0 APEX_CODE,DEBUG;APEX_PROFILING,DEBUG;CALLOUT,INFO;DB,INFO;VALIDATION,INFO;WORKFLOW,INFO
Execute Anonymous: System.debug(Test.isRunningTest());
Execute Anonymous: 
Execute Anonymous: //System.debug(VersionUpgrades.doUpgrades());
14:40:37.025 (25742266)|EXECUTION_STARTED
14:40:37.025 (25754186)|CODE_UNIT_STARTED|[EXTERNAL]|execute_anonymous_apex
14:40:37.026 (26337535)|USER_DEBUG|[1]|DEBUG|false
14:40:37.814 (26377264)|CUMULATIVE_LIMIT_USAGE
14:40:37.814|LIMIT_USAGE_FOR_NS|(default)|
  Number of SOQL queries: 0 out of 100
  Number of query rows: 0 out of 50000
  Number of SOSL queries: 0 out of 20
  Number of DML statements: 0 out of 150
  Number of DML rows: 0 out of 10000
  Maximum CPU time: 0 out of 10000
  Maximum heap size: 0 out of 6000000
  Number of callouts: 0 out of 100
  Number of Email Invocations: 0 out of 10
  Number of future calls: 0 out of 50
  Number of queueable jobs added to the queue: 0 out of 50
  Number of Mobile Apex push calls: 0 out of 10

14:40:37.814|CUMULATIVE_LIMIT_USAGE_END

14:40:37.026 (26421333)|CODE_UNIT_FINISHED|execute_anonymous_apex
14:40:37.027 (27442495)|EXECUTION_FINISHED